Dec 11, 2012 6:24:41 PM org.apache.catalina.core.AprLifecycleListener init
INFO: Loaded APR based Apache Tomcat Native library 1.1.24 using APR version 1.4.6.
Dec 11, 2012 6:24:41 PM org.apache.catalina.core.AprLifecycleListener init
INFO: APR capabilities: IPv6 [true], sendfile [true], accept filters [false], random [true].
Dec 11, 2012 6:24:42 PM org.apache.catalina.core.AprLifecycleListener initializeSSL
INFO: OpenSSL successfully initialized (OpenSSL 1.0.1c 10 May 2012)
Dec 11, 2012 6:24:42 PM org.apache.coyote.AbstractProtocol init
INFO: Initializing ProtocolHandler ["http-apr-8080"]
Dec 11, 2012 6:24:43 PM org.apache.coyote.AbstractProtocol init
INFO: Initializing ProtocolHandler ["ajp-apr-8009"]
Dec 11, 2012 6:24:43 PM org.apache.catalina.startup.Catalina load
INFO: Initialization processed in 2499 ms
Dec 11, 2012 6:24:43 PM org.apache.catalina.users.MemoryUserDatabase createRole
WARNING: Null or zero length role name specified. The role will be ignored.
Dec 11, 2012 6:24:43 PM org.apache.tomcat.util.digester.FactoryCreateRule begin
INFO: [FactoryCreateRule] Create exception ignored: Null or zero length role name specified. The role will be ignored.
Dec 11, 2012 6:24:43 PM org.apache.catalina.core.StandardService startInternal
INFO: Starting service Catalina
Dec 11, 2012 6:24:43 PM org.apache.catalina.core.StandardEngine startInternal
INFO: Starting Servlet Engine: Apache Tomcat/7.0.33
Dec 11, 2012 6:24:43 PM org.apache.catalina.startup.HostConfig deployDescriptor
INFO: Deploying configuration descriptor F:\apache-tomcat-7.0.33\conf\Catalina\localhost\jsp_2.xml
Dec 11, 2012 6:24:43 PM org.apache.catalina.startup.HostConfig deployDescriptor
INFO: Deploying configuration descriptor F:\apache-tomcat-7.0.33\conf\Catalina\localhost\jsp_3.xml
Dec 11, 2012 6:24:44 PM org.apache.catalina.startup.HostConfig deployDescriptor
INFO: Deploying configuration descriptor F:\apache-tomcat-7.0.33\conf\Catalina\localhost\jsp_4.xml
Dec 11, 2012 6:24:44 PM org.apache.catalina.startup.HostConfig deployDirectory
INFO: Deploying web application directory F:\apache-tomcat-7.0.33\webapps\docs
Dec 11, 2012 6:24:44 PM org.apache.catalina.startup.HostConfig deployDirectory
INFO: Deploying web application directory F:\apache-tomcat-7.0.33\webapps\examples
Dec 11, 2012 6:24:45 PM org.apache.catalina.startup.HostConfig deployDirectory
INFO: Deploying web application directory F:\apache-tomcat-7.0.33\webapps\host-manager
Dec 11, 2012 6:24:45 PM org.apache.catalina.startup.HostConfig deployDirectory
INFO: Deploying web application directory F:\apache-tomcat-7.0.33\webapps\manager
Dec 11, 2012 6:24:45 PM org.apache.catalina.startup.HostConfig deployDirectory
INFO: Deploying web application directory F:\apache-tomcat-7.0.33\webapps\ROOT
Dec 11, 2012 6:24:45 PM org.apache.coyote.AbstractProtocol start
INFO: Starting ProtocolHandler ["http-apr-8080"]
Dec 11, 2012 6:24:45 PM org.apache.coyote.AbstractProtocol start
INFO: Starting ProtocolHandler ["ajp-apr-8009"]
Dec 11, 2012 6:24:45 PM org.apache.catalina.startup.Catalina start
INFO: Server startup in 2254 ms
Dec 11, 2012 6:36:24 PM org.apache.catalina.loader.WebappClassLoader clearReferencesJdbc
SEVERE: The web application [/jsp_4] registered the JDBC driver [com.microsoft.sqlserver.jdbc.SQLServerDriver] but failed to unregister it when the web application was stopped. To prevent a memory leak, the JDBC Driver has been forcibly unregistered.
Dec 11, 2012 6:36:25 PM org.apache.catalina.core.StandardContext reload
INFO: Reloading Context with name [/jsp_4] has started
Dec 11, 2012 6:36:25 PM org.apache.catalina.startup.HostConfig checkResources
INFO: Reloading context [/jsp_4]
Dec 11, 2012 6:36:25 PM org.apache.catalina.core.StandardContext reload
INFO: Reloading Context with name [/jsp_4] is completed
Dec 11, 2012 6:36:25 PM org.apache.catalina.util.LifecycleBase start
INFO: The start() method was called on component [StandardEngine[Catalina].StandardHost[localhost].StandardContext[/jsp_4]] after start() had already been called. The second call will be ignored.
Dec 11, 2012 6:40:27 PM org.apache.catalina.core.StandardContext reload
INFO: Reloading Context with name [/jsp_4] has started
Dec 11, 2012 6:40:27 PM org.apache.catalina.loader.WebappClassLoader clearReferencesJdbc
SEVERE: The web application [/jsp_4] registered the JDBC driver [com.microsoft.sqlserver.jdbc.SQLServerDriver] but failed to unregister it when the web application was stopped. To prevent a memory leak, the JDBC Driver has been forcibly unregistered.
Dec 11, 2012 6:40:28 PM org.apache.catalina.core.StandardContext reload
INFO: Reloading Context with name [/jsp_4] is completed
Dec 11, 2012 6:40:28 PM org.apache.catalina.core.StandardContext reload
INFO: Reloading Context with name [/jsp_4] has started
Dec 11, 2012 6:40:28 PM org.apache.catalina.core.StandardContext reload
INFO: Reloading Context with name [/jsp_4] is completed
Dec 11, 2012 6:40:56 PM org.apache.catalina.core.StandardContext reload
INFO: Reloading Context with name [/jsp_4] has started
Dec 11, 2012 6:40:56 PM org.apache.catalina.core.StandardContext reload
INFO: Reloading Context with name [/jsp_4] is completed
Dec 11, 2012 6:41:00 PM org.apache.catalina.core.StandardContext reload
INFO: Reloading Context with name [/jsp_4] has started
Dec 11, 2012 6:41:01 PM org.apache.catalina.core.StandardContext reload
INFO: Reloading Context with name [/jsp_4] is completed
Dec 11, 2012 6:51:09 PM org.apache.catalina.core.StandardContext reload
INFO: Reloading Context with name [/jsp_4] has started
Dec 11, 2012 6:51:09 PM org.apache.catalina.loader.WebappClassLoader clearReferencesJdbc
SEVERE: The web application [/jsp_4] registered the JDBC driver [com.microsoft.sqlserver.jdbc.SQLServerDriver] but failed to unregister it when the web application was stopped. To prevent a memory leak, the JDBC Driver has been forcibly unregistered.
Dec 11, 2012 6:51:09 PM org.apache.catalina.core.StandardContext reload
INFO: Reloading Context with name [/jsp_4] is completed
Dec 11, 2012 6:51:09 PM org.apache.catalina.core.StandardContext reload
INFO: Reloading Context with name [/jsp_4] has started
Dec 11, 2012 6:51:10 PM org.apache.catalina.core.StandardContext reload
INFO: Reloading Context with name [/jsp_4] is completed
Dec 11, 2012 6:57:07 PM org.apache.catalina.core.StandardContext reload
INFO: Reloading Context with name [/jsp_4] has started
Dec 11, 2012 6:57:07 PM org.apache.catalina.core.StandardContext reload
INFO: Reloading Context with name [/jsp_4] is completed
Dec 11, 2012 7:00:39 PM org.apache.catalina.core.StandardContext reload
INFO: Reloading Context with name [/jsp_4] has started
Dec 11, 2012 7:00:39 PM org.apache.catalina.core.StandardContext reload
INFO: Reloading Context with name [/jsp_4] is completed
Dec 11, 2012 7:05:40 PM org.apache.catalina.core.StandardContext reload
INFO: Reloading Context with name [/jsp_4] has started
Dec 11, 2012 7:05:40 PM org.apache.catalina.core.StandardContext reload
INFO: Reloading Context with name [/jsp_4] is completed
Dec 11, 2012 7:06:57 PM org.apache.catalina.core.StandardContext reload
INFO: Reloading Context with name [/jsp_4] has started
Dec 11, 2012 7:06:57 PM org.apache.catalina.loader.WebappClassLoader clearReferencesJdbc
SEVERE: The web application [/jsp_4] registered the JDBC driver [com.microsoft.sqlserver.jdbc.SQLServerDriver] but failed to unregister it when the web application was stopped. To prevent a memory leak, the JDBC Driver has been forcibly unregistered.
Dec 11, 2012 7:06:57 PM org.apache.catalina.core.StandardContext reload
INFO: Reloading Context with name [/jsp_4] is completed
Dec 11, 2012 7:07:04 PM org.apache.catalina.core.StandardContext reload
INFO: Reloading Context with name [/jsp_4] has started
Dec 11, 2012 7:07:04 PM org.apache.catalina.core.StandardContext reload
INFO: Reloading Context with name [/jsp_4] is completed
Dec 11, 2012 7:08:57 PM org.apache.catalina.loader.WebappClassLoader clearReferencesJdbc
SEVERE: The web application [/jsp_4] registered the JDBC driver [com.microsoft.sqlserver.jdbc.SQLServerDriver] but failed to unregister it when the web application was stopped. To prevent a memory leak, the JDBC Driver has been forcibly unregistered.
Dec 11, 2012 7:08:58 PM org.apache.catalina.core.StandardContext reload
INFO: Reloading Context with name [/jsp_4] has started
Dec 11, 2012 7:08:58 PM org.apache.catalina.core.StandardContext reload
INFO: Reloading Context with name [/jsp_4] is completed
Dec 11, 2012 7:09:06 PM org.apache.catalina.startup.HostConfig checkResources
INFO: Reloading context [/jsp_4]
Dec 11, 2012 7:09:06 PM org.apache.catalina.core.StandardContext reload
INFO: Reloading Context with name [/jsp_4] has started
Dec 11, 2012 7:09:06 PM org.apache.catalina.core.StandardContext reload
INFO: Reloading Context with name [/jsp_4] is completed
Dec 11, 2012 7:09:51 PM org.apache.catalina.core.StandardContext reload
INFO: Reloading Context with name [/jsp_4] has started
Dec 11, 2012 7:09:51 PM org.apache.catalina.core.StandardContext reload
INFO: Reloading Context with name [/jsp_4] is completed
Dec 11, 2012 7:10:49 PM org.apache.catalina.core.StandardContext reload
INFO: Reloading Context with name [/jsp_4] has started
Dec 11, 2012 7:10:49 PM org.apache.catalina.loader.WebappClassLoader clearReferencesJdbc
SEVERE: The web application [/jsp_4] registered the JDBC driver [com.microsoft.sqlserver.jdbc.SQLServerDriver] but failed to unregister it when the web application was stopped. To prevent a memory leak, the JDBC Driver has been forcibly unregistered.
Dec 11, 2012 7:10:49 PM org.apache.catalina.core.StandardContext reload
INFO: Reloading Context with name [/jsp_4] is completed
Dec 11, 2012 7:11:01 PM org.apache.catalina.core.StandardContext reload
INFO: Reloading Context with name [/jsp_4] has started
Dec 11, 2012 7:11:01 PM org.apache.catalina.core.StandardContext reload
INFO: Reloading Context with name [/jsp_4] is completed
Dec 11, 2012 7:11:09 PM org.apache.catalina.core.StandardContext reload
INFO: Reloading Context with name [/jsp_4] has started
Dec 11, 2012 7:11:09 PM org.apache.catalina.core.StandardContext reload
INFO: Reloading Context with name [/jsp_4] is completed
Dec 11, 2012 7:17:03 PM org.apache.catalina.core.StandardContext reload
INFO: Reloading Context with name [/jsp_4] has started
Dec 11, 2012 7:17:03 PM org.apache.catalina.loader.WebappClassLoader clearReferencesJdbc
SEVERE: The web application [/jsp_4] registered the JDBC driver [com.microsoft.sqlserver.jdbc.SQLServerDriver] but failed to unregister it when the web application was stopped. To prevent a memory leak, the JDBC Driver has been forcibly unregistered.
Dec 11, 2012 7:17:03 PM org.apache.catalina.core.StandardContext reload
INFO: Reloading Context with name [/jsp_4] is completed
Dec 11, 2012 7:18:46 PM org.apache.catalina.core.StandardServer await
INFO: A valid shutdown command was received via the shutdown port. Stopping the Server instance.
Dec 11, 2012 7:18:46 PM org.apache.coyote.AbstractProtocol pause
INFO: Pausing ProtocolHandler ["http-apr-8080"]
Dec 11, 2012 7:18:46 PM org.apache.coyote.AbstractProtocol pause
INFO: Pausing ProtocolHandler ["ajp-apr-8009"]
Dec 11, 2012 7:18:46 PM org.apache.catalina.core.StandardService stopInternal
INFO: Stopping service Catalina
Dec 11, 2012 7:18:46 PM org.apache.catalina.loader.WebappClassLoader clearReferencesJdbc
SEVERE: The web application [/jsp_4] registered the JDBC driver [com.microsoft.sqlserver.jdbc.SQLServerDriver] but failed to unregister it when the web application was stopped. To prevent a memory leak, the JDBC Driver has been forcibly unregistered.
Dec 11, 2012 7:18:46 PM org.apache.coyote.AbstractProtocol stop
INFO: Stopping ProtocolHandler ["http-apr-8080"]
Dec 11, 2012 7:18:46 PM org.apache.coyote.AbstractProtocol stop
INFO: Stopping ProtocolHandler ["ajp-apr-8009"]
Dec 11, 2012 7:18:46 PM org.apache.coyote.AbstractProtocol destroy
INFO: Destroying ProtocolHandler ["http-apr-8080"]
Dec 11, 2012 7:18:46 PM org.apache.coyote.AbstractProtocol destroy
INFO: Destroying ProtocolHandler ["ajp-apr-8009"]
Dec 11, 2012 7:18:49 PM org.apache.catalina.core.AprLifecycleListener init
INFO: Loaded APR based Apache Tomcat Native library 1.1.24 using APR version 1.4.6.
Dec 11, 2012 7:18:49 PM org.apache.catalina.core.AprLifecycleListener init
INFO: APR capabilities: IPv6 [true], sendfile [true], accept filters [false], random [true].
Dec 11, 2012 7:18:50 PM org.apache.catalina.core.AprLifecycleListener initializeSSL
INFO: OpenSSL successfully initialized (OpenSSL 1.0.1c 10 May 2012)
Dec 11, 2012 7:18:50 PM org.apache.coyote.AbstractProtocol init
INFO: Initializing ProtocolHandler ["http-apr-8080"]
Dec 11, 2012 7:18:51 PM org.apache.coyote.AbstractProtocol init
INFO: Initializing ProtocolHandler ["ajp-apr-8009"]
Dec 11, 2012 7:18:51 PM org.apache.catalina.startup.Catalina load
INFO: Initialization processed in 1548 ms
Dec 11, 2012 7:18:51 PM org.apache.catalina.users.MemoryUserDatabase createRole
WARNING: Null or zero length role name specified. The role will be ignored.
Dec 11, 2012 7:18:51 PM org.apache.tomcat.util.digester.FactoryCreateRule begin
INFO: [FactoryCreateRule] Create exception ignored: Null or zero length role name specified. The role will be ignored.
Dec 11, 2012 7:18:51 PM org.apache.catalina.core.StandardService startInternal
INFO: Starting service Catalina
Dec 11, 2012 7:18:51 PM org.apache.catalina.core.StandardEngine startInternal
INFO: Starting Servlet Engine: Apache Tomcat/7.0.33
Dec 11, 2012 7:18:51 PM org.apache.catalina.startup.HostConfig deployDescriptor
INFO: Deploying configuration descriptor F:\apache-tomcat-7.0.33\conf\Catalina\localhost\jsp_2.xml
Dec 11, 2012 7:18:51 PM org.apache.catalina.startup.HostConfig deployDescriptor
INFO: Deploying configuration descriptor F:\apache-tomcat-7.0.33\conf\Catalina\localhost\jsp_3.xml
Dec 11, 2012 7:18:51 PM org.apache.catalina.startup.HostConfig deployDescriptor
INFO: Deploying configuration descriptor F:\apache-tomcat-7.0.33\conf\Catalina\localhost\jsp_4.xml
Dec 11, 2012 7:18:51 PM org.apache.catalina.session.StandardManager doLoad
SEVERE: IOException while loading persisted sessions: java.io.WriteAbortedException: writing aborted; java.io.NotSerializableException: com.bean.Product
java.io.WriteAbortedException: writing aborted; java.io.NotSerializableException: com.bean.Product
	at java.io.ObjectInputStream.readObject0(ObjectInputStream.java:1351)
	at java.io.ObjectInputStream.readObject(ObjectInputStream.java:369)
	at java.util.ArrayList.readObject(ArrayList.java:733)
	at sun.reflect.NativeMethodAccessorImpl.invoke0(Native Method)
	at sun.reflect.NativeMethodAccessorImpl.invoke(NativeMethodAccessorImpl.java:57)
	at sun.reflect.DelegatingMethodAccessorImpl.invoke(DelegatingMethodAccessorImpl.java:43)
	at java.lang.reflect.Method.invoke(Method.java:601)
	at java.io.ObjectStreamClass.invokeReadObject(ObjectStreamClass.java:1004)
	at java.io.ObjectInputStream.readSerialData(ObjectInputStream.java:1866)
	at java.io.ObjectInputStream.readOrdinaryObject(ObjectInputStream.java:1771)
	at java.io.ObjectInputStream.readObject0(ObjectInputStream.java:1347)
	at java.io.ObjectInputStream.readObject(ObjectInputStream.java:369)
	at org.apache.catalina.session.StandardSession.readObject(StandardSession.java:1595)
	at org.apache.catalina.session.StandardSession.readObjectData(StandardSession.java:1060)
	at org.apache.catalina.session.StandardManager.doLoad(StandardManager.java:284)
	at org.apache.catalina.session.StandardManager.load(StandardManager.java:204)
	at org.apache.catalina.session.StandardManager.startInternal(StandardManager.java:491)
	at org.apache.catalina.util.LifecycleBase.start(LifecycleBase.java:150)
	at org.apache.catalina.core.StandardContext.startInternal(StandardContext.java:5294)
	at org.apache.catalina.util.LifecycleBase.start(LifecycleBase.java:150)
	at org.apache.catalina.core.ContainerBase.addChildInternal(ContainerBase.java:901)
	at org.apache.catalina.core.ContainerBase.addChild(ContainerBase.java:877)
	at org.apache.catalina.core.StandardHost.addChild(StandardHost.java:633)
	at org.apache.catalina.startup.HostConfig.deployDescriptor(HostConfig.java:657)
	at org.apache.catalina.startup.HostConfig$DeployDescriptor.run(HostConfig.java:1637)
	at java.util.concurrent.Executors$RunnableAdapter.call(Executors.java:471)
	at java.util.concurrent.FutureTask$Sync.innerRun(FutureTask.java:334)
	at java.util.concurrent.FutureTask.run(FutureTask.java:166)
	at java.util.concurrent.ThreadPoolExecutor.runWorker(ThreadPoolExecutor.java:1110)
	at java.util.concurrent.ThreadPoolExecutor$Worker.run(ThreadPoolExecutor.java:603)
	at java.lang.Thread.run(Thread.java:722)
Caused by: java.io.NotSerializableException: com.bean.Product
	at java.io.ObjectOutputStream.writeObject0(ObjectOutputStream.java:1180)
	at java.io.ObjectOutputStream.writeObject(ObjectOutputStream.java:346)
	at java.util.ArrayList.writeObject(ArrayList.java:710)
	at sun.reflect.NativeMethodAccessorImpl.invoke0(Native Method)
	at sun.reflect.NativeMethodAccessorImpl.invoke(NativeMethodAccessorImpl.java:57)
	at sun.reflect.DelegatingMethodAccessorImpl.invoke(DelegatingMethodAccessorImpl.java:43)
	at java.lang.reflect.Method.invoke(Method.java:601)
	at java.io.ObjectStreamClass.invokeWriteObject(ObjectStreamClass.java:975)
	at java.io.ObjectOutputStream.writeSerialData(ObjectOutputStream.java:1480)
	at java.io.ObjectOutputStream.writeOrdinaryObject(ObjectOutputStream.java:1416)
	at java.io.ObjectOutputStream.writeObject0(ObjectOutputStream.java:1174)
	at java.io.ObjectOutputStream.writeObject(ObjectOutputStream.java:346)
	at org.apache.catalina.session.StandardSession.writeObject(StandardSession.java:1671)
	at org.apache.catalina.session.StandardSession.writeObjectData(StandardSession.java:1077)
	at org.apache.catalina.session.StandardManager.doUnload(StandardManager.java:432)
	at org.apache.catalina.session.StandardManager.unload(StandardManager.java:353)
	at org.apache.catalina.session.StandardManager.stopInternal(StandardManager.java:518)
	at org.apache.catalina.util.LifecycleBase.stop(LifecycleBase.java:232)
	at org.apache.catalina.core.StandardContext.stopInternal(StandardContext.java:5474)
	at org.apache.catalina.util.LifecycleBase.stop(LifecycleBase.java:232)
	at org.apache.catalina.core.ContainerBase$StopChild.call(ContainerBase.java:1575)
	at org.apache.catalina.core.ContainerBase$StopChild.call(ContainerBase.java:1564)
	... 5 more

Dec 11, 2012 7:18:51 PM org.apache.catalina.session.StandardManager startInternal
SEVERE: Exception loading sessions from persistent storage
java.io.WriteAbortedException: writing aborted; java.io.NotSerializableException: com.bean.Product
	at java.io.ObjectInputStream.readObject0(ObjectInputStream.java:1351)
	at java.io.ObjectInputStream.readObject(ObjectInputStream.java:369)
	at java.util.ArrayList.readObject(ArrayList.java:733)
	at sun.reflect.NativeMethodAccessorImpl.invoke0(Native Method)
	at sun.reflect.NativeMethodAccessorImpl.invoke(NativeMethodAccessorImpl.java:57)
	at sun.reflect.DelegatingMethodAccessorImpl.invoke(DelegatingMethodAccessorImpl.java:43)
	at java.lang.reflect.Method.invoke(Method.java:601)
	at java.io.ObjectStreamClass.invokeReadObject(ObjectStreamClass.java:1004)
	at java.io.ObjectInputStream.readSerialData(ObjectInputStream.java:1866)
	at java.io.ObjectInputStream.readOrdinaryObject(ObjectInputStream.java:1771)
	at java.io.ObjectInputStream.readObject0(ObjectInputStream.java:1347)
	at java.io.ObjectInputStream.readObject(ObjectInputStream.java:369)
	at org.apache.catalina.session.StandardSession.readObject(StandardSession.java:1595)
	at org.apache.catalina.session.StandardSession.readObjectData(StandardSession.java:1060)
	at org.apache.catalina.session.StandardManager.doLoad(StandardManager.java:284)
	at org.apache.catalina.session.StandardManager.load(StandardManager.java:204)
	at org.apache.catalina.session.StandardManager.startInternal(StandardManager.java:491)
	at org.apache.catalina.util.LifecycleBase.start(LifecycleBase.java:150)
	at org.apache.catalina.core.StandardContext.startInternal(StandardContext.java:5294)
	at org.apache.catalina.util.LifecycleBase.start(LifecycleBase.java:150)
	at org.apache.catalina.core.ContainerBase.addChildInternal(ContainerBase.java:901)
	at org.apache.catalina.core.ContainerBase.addChild(ContainerBase.java:877)
	at org.apache.catalina.core.StandardHost.addChild(StandardHost.java:633)
	at org.apache.catalina.startup.HostConfig.deployDescriptor(HostConfig.java:657)
	at org.apache.catalina.startup.HostConfig$DeployDescriptor.run(HostConfig.java:1637)
	at java.util.concurrent.Executors$RunnableAdapter.call(Executors.java:471)
	at java.util.concurrent.FutureTask$Sync.innerRun(FutureTask.java:334)
	at java.util.concurrent.FutureTask.run(FutureTask.java:166)
	at java.util.concurrent.ThreadPoolExecutor.runWorker(ThreadPoolExecutor.java:1110)
	at java.util.concurrent.ThreadPoolExecutor$Worker.run(ThreadPoolExecutor.java:603)
	at java.lang.Thread.run(Thread.java:722)
Caused by: java.io.NotSerializableException: com.bean.Product
	at java.io.ObjectOutputStream.writeObject0(ObjectOutputStream.java:1180)
	at java.io.ObjectOutputStream.writeObject(ObjectOutputStream.java:346)
	at java.util.ArrayList.writeObject(ArrayList.java:710)
	at sun.reflect.NativeMethodAccessorImpl.invoke0(Native Method)
	at sun.reflect.NativeMethodAccessorImpl.invoke(NativeMethodAccessorImpl.java:57)
	at sun.reflect.DelegatingMethodAccessorImpl.invoke(DelegatingMethodAccessorImpl.java:43)
	at java.lang.reflect.Method.invoke(Method.java:601)
	at java.io.ObjectStreamClass.invokeWriteObject(ObjectStreamClass.java:975)
	at java.io.ObjectOutputStream.writeSerialData(ObjectOutputStream.java:1480)
	at java.io.ObjectOutputStream.writeOrdinaryObject(ObjectOutputStream.java:1416)
	at java.io.ObjectOutputStream.writeObject0(ObjectOutputStream.java:1174)
	at java.io.ObjectOutputStream.writeObject(ObjectOutputStream.java:346)
	at org.apache.catalina.session.StandardSession.writeObject(StandardSession.java:1671)
	at org.apache.catalina.session.StandardSession.writeObjectData(StandardSession.java:1077)
	at org.apache.catalina.session.StandardManager.doUnload(StandardManager.java:432)
	at org.apache.catalina.session.StandardManager.unload(StandardManager.java:353)
	at org.apache.catalina.session.StandardManager.stopInternal(StandardManager.java:518)
	at org.apache.catalina.util.LifecycleBase.stop(LifecycleBase.java:232)
	at org.apache.catalina.core.StandardContext.stopInternal(StandardContext.java:5474)
	at org.apache.catalina.util.LifecycleBase.stop(LifecycleBase.java:232)
	at org.apache.catalina.core.ContainerBase$StopChild.call(ContainerBase.java:1575)
	at org.apache.catalina.core.ContainerBase$StopChild.call(ContainerBase.java:1564)
	... 5 more

Dec 11, 2012 7:18:51 PM org.apache.catalina.startup.HostConfig deployDirectory
INFO: Deploying web application directory F:\apache-tomcat-7.0.33\webapps\docs
Dec 11, 2012 7:18:51 PM org.apache.catalina.startup.HostConfig deployDirectory
INFO: Deploying web application directory F:\apache-tomcat-7.0.33\webapps\examples
Dec 11, 2012 7:18:52 PM org.apache.catalina.startup.HostConfig deployDirectory
INFO: Deploying web application directory F:\apache-tomcat-7.0.33\webapps\host-manager
Dec 11, 2012 7:18:52 PM org.apache.catalina.startup.HostConfig deployDirectory
INFO: Deploying web application directory F:\apache-tomcat-7.0.33\webapps\manager
Dec 11, 2012 7:18:52 PM org.apache.catalina.startup.HostConfig deployDirectory
INFO: Deploying web application directory F:\apache-tomcat-7.0.33\webapps\ROOT
Dec 11, 2012 7:18:52 PM org.apache.coyote.AbstractProtocol start
INFO: Starting ProtocolHandler ["http-apr-8080"]
Dec 11, 2012 7:18:52 PM org.apache.coyote.AbstractProtocol start
INFO: Starting ProtocolHandler ["ajp-apr-8009"]
Dec 11, 2012 7:18:52 PM org.apache.catalina.startup.Catalina start
INFO: Server startup in 1150 ms
Dec 11, 2012 7:18:55 PM org.apache.catalina.startup.HostConfig deleteRedeployResources
INFO: Undeploying context [/jsp_4]
Dec 11, 2012 7:18:55 PM org.apache.catalina.startup.HostConfig deployDescriptor
INFO: Deploying configuration descriptor F:\apache-tomcat-7.0.33\conf\Catalina\localhost\jsp_4.xml
Dec 11, 2012 7:18:55 PM org.apache.catalina.util.LifecycleBase start
INFO: The start() method was called on component [StandardEngine[Catalina].StandardHost[localhost].StandardContext[/jsp_4]] after start() had already been called. The second call will be ignored.
Dec 11, 2012 7:26:10 PM org.apache.catalina.core.StandardContext reload
INFO: Reloading Context with name [/jsp_4] has started
Dec 11, 2012 7:26:10 PM org.apache.catalina.loader.WebappClassLoader clearReferencesJdbc
SEVERE: The web application [/jsp_4] registered the JDBC driver [com.microsoft.sqlserver.jdbc.SQLServerDriver] but failed to unregister it when the web application was stopped. To prevent a memory leak, the JDBC Driver has been forcibly unregistered.
Dec 11, 2012 7:26:11 PM org.apache.catalina.core.StandardContext reload
INFO: Reloading Context with name [/jsp_4] is completed
Dec 11, 2012 7:26:11 PM org.apache.catalina.core.StandardContext reload
INFO: Reloading Context with name [/jsp_4] has started
Dec 11, 2012 7:26:11 PM org.apache.catalina.core.StandardContext reload
INFO: Reloading Context with name [/jsp_4] is completed
Dec 11, 2012 7:26:24 PM org.apache.catalina.core.StandardContext reload
INFO: Reloading Context with name [/jsp_4] has started
Dec 11, 2012 7:26:25 PM org.apache.catalina.core.StandardContext reload
INFO: Reloading Context with name [/jsp_4] is completed
Dec 11, 2012 7:26:32 PM org.apache.catalina.startup.HostConfig deleteRedeployResources
INFO: Undeploying context [/jsp_4]
Dec 11, 2012 7:26:32 PM org.apache.catalina.startup.HostConfig deployDescriptor
INFO: Deploying configuration descriptor F:\apache-tomcat-7.0.33\conf\Catalina\localhost\jsp_4.xml
Dec 11, 2012 7:26:33 PM org.apache.catalina.util.LifecycleBase start
INFO: The start() method was called on component [StandardEngine[Catalina].StandardHost[localhost].StandardContext[/jsp_4]] after start() had already been called. The second call will be ignored.
Dec 11, 2012 7:29:28 PM org.apache.catalina.core.StandardContext reload
INFO: Reloading Context with name [/jsp_4] has started
Dec 11, 2012 7:29:28 PM org.apache.catalina.loader.WebappClassLoader clearReferencesJdbc
SEVERE: The web application [/jsp_4] registered the JDBC driver [com.microsoft.sqlserver.jdbc.SQLServerDriver] but failed to unregister it when the web application was stopped. To prevent a memory leak, the JDBC Driver has been forcibly unregistered.
Dec 11, 2012 7:29:28 PM org.apache.catalina.core.StandardContext reload
INFO: Reloading Context with name [/jsp_4] is completed
Dec 11, 2012 7:29:42 PM org.apache.catalina.core.StandardContext reload
INFO: Reloading Context with name [/jsp_4] has started
Dec 11, 2012 7:29:43 PM org.apache.catalina.core.StandardContext reload
INFO: Reloading Context with name [/jsp_4] is completed
Dec 11, 2012 7:29:43 PM org.apache.catalina.core.StandardContext reload
INFO: Reloading Context with name [/jsp_4] has started
Dec 11, 2012 7:29:43 PM org.apache.catalina.core.StandardContext reload
INFO: Reloading Context with name [/jsp_4] is completed
Dec 11, 2012 7:29:49 PM org.apache.catalina.startup.HostConfig deleteRedeployResources
INFO: Undeploying context [/jsp_4]
Dec 11, 2012 7:29:49 PM org.apache.catalina.startup.HostConfig deployDescriptor
INFO: Deploying configuration descriptor F:\apache-tomcat-7.0.33\conf\Catalina\localhost\jsp_4.xml
Dec 11, 2012 7:29:50 PM org.apache.catalina.util.LifecycleBase start
INFO: The start() method was called on component [StandardEngine[Catalina].StandardHost[localhost].StandardContext[/jsp_4]] after start() had already been called. The second call will be ignored.
Dec 11, 2012 7:33:54 PM org.apache.catalina.core.StandardContext reload
INFO: Reloading Context with name [/jsp_4] has started
Dec 11, 2012 7:33:54 PM org.apache.catalina.loader.WebappClassLoader clearReferencesJdbc
SEVERE: The web application [/jsp_4] registered the JDBC driver [com.microsoft.sqlserver.jdbc.SQLServerDriver] but failed to unregister it when the web application was stopped. To prevent a memory leak, the JDBC Driver has been forcibly unregistered.
Dec 11, 2012 7:33:55 PM org.apache.catalina.core.StandardContext reload
INFO: Reloading Context with name [/jsp_4] is completed
Dec 11, 2012 7:33:55 PM org.apache.catalina.core.StandardContext reload
INFO: Reloading Context with name [/jsp_4] has started
Dec 11, 2012 7:33:55 PM org.apache.catalina.core.StandardContext reload
INFO: Reloading Context with name [/jsp_4] is completed
Dec 11, 2012 7:34:01 PM org.apache.catalina.core.StandardContext reload
INFO: Reloading Context with name [/jsp_4] has started
Dec 11, 2012 7:34:02 PM org.apache.catalina.core.StandardContext reload
INFO: Reloading Context with name [/jsp_4] is completed
Dec 11, 2012 7:35:38 PM org.apache.catalina.core.StandardContext reload
INFO: Reloading Context with name [/jsp_4] has started
Dec 11, 2012 7:35:38 PM org.apache.catalina.loader.WebappClassLoader clearReferencesJdbc
SEVERE: The web application [/jsp_4] registered the JDBC driver [com.microsoft.sqlserver.jdbc.SQLServerDriver] but failed to unregister it when the web application was stopped. To prevent a memory leak, the JDBC Driver has been forcibly unregistered.
Dec 11, 2012 7:35:39 PM org.apache.catalina.core.StandardContext reload
INFO: Reloading Context with name [/jsp_4] is completed
Dec 11, 2012 7:35:39 PM org.apache.catalina.core.StandardContext reload
INFO: Reloading Context with name [/jsp_4] has started
Dec 11, 2012 7:35:39 PM org.apache.catalina.core.StandardContext reload
INFO: Reloading Context with name [/jsp_4] is completed
Dec 11, 2012 7:35:42 PM org.apache.catalina.core.StandardContext reload
INFO: Reloading Context with name [/jsp_4] has started
Dec 11, 2012 7:35:42 PM org.apache.catalina.core.StandardContext reload
INFO: Reloading Context with name [/jsp_4] is completed
Dec 11, 2012 7:36:32 PM org.apache.catalina.core.StandardServer await
INFO: A valid shutdown command was received via the shutdown port. Stopping the Server instance.
Dec 11, 2012 7:36:32 PM org.apache.coyote.AbstractProtocol pause
INFO: Pausing ProtocolHandler ["http-apr-8080"]
Dec 11, 2012 7:36:32 PM org.apache.coyote.AbstractProtocol pause
INFO: Pausing ProtocolHandler ["ajp-apr-8009"]
Dec 11, 2012 7:36:32 PM org.apache.catalina.core.StandardService stopInternal
INFO: Stopping service Catalina
Dec 11, 2012 7:36:32 PM org.apache.catalina.loader.WebappClassLoader clearReferencesJdbc
SEVERE: The web application [/jsp_4] registered the JDBC driver [com.microsoft.sqlserver.jdbc.SQLServerDriver] but failed to unregister it when the web application was stopped. To prevent a memory leak, the JDBC Driver has been forcibly unregistered.
Dec 11, 2012 7:36:32 PM org.apache.coyote.AbstractProtocol stop
INFO: Stopping ProtocolHandler ["http-apr-8080"]
Dec 11, 2012 7:36:32 PM org.apache.coyote.AbstractProtocol stop
INFO: Stopping ProtocolHandler ["ajp-apr-8009"]
Dec 11, 2012 7:36:32 PM org.apache.coyote.AbstractProtocol destroy
INFO: Destroying ProtocolHandler ["http-apr-8080"]
Dec 11, 2012 7:36:32 PM org.apache.coyote.AbstractProtocol destroy
INFO: Destroying ProtocolHandler ["ajp-apr-8009"]
