Feb 26, 2013 6:05:30 PM org.apache.catalina.core.AprLifecycleListener init
INFO: Loaded APR based Apache Tomcat Native library 1.1.24 using APR version 1.4.6.
Feb 26, 2013 6:05:30 PM org.apache.catalina.core.AprLifecycleListener init
INFO: APR capabilities: IPv6 [true], sendfile [true], accept filters [false], random [true].
Feb 26, 2013 6:05:31 PM org.apache.catalina.core.AprLifecycleListener initializeSSL
INFO: OpenSSL successfully initialized (OpenSSL 1.0.1c 10 May 2012)
Feb 26, 2013 6:05:32 PM org.apache.coyote.AbstractProtocol init
INFO: Initializing ProtocolHandler ["http-apr-8080"]
Feb 26, 2013 6:05:32 PM org.apache.coyote.AbstractProtocol init
INFO: Initializing ProtocolHandler ["ajp-apr-8009"]
Feb 26, 2013 6:05:32 PM org.apache.catalina.startup.Catalina load
INFO: Initialization processed in 2837 ms
Feb 26, 2013 6:05:32 PM org.apache.catalina.users.MemoryUserDatabase createRole
WARNING: Null or zero length role name specified. The role will be ignored.
Feb 26, 2013 6:05:32 PM org.apache.tomcat.util.digester.FactoryCreateRule begin
INFO: [FactoryCreateRule] Create exception ignored: Null or zero length role name specified. The role will be ignored.
Feb 26, 2013 6:05:32 PM org.apache.catalina.core.StandardService startInternal
INFO: Starting service Catalina
Feb 26, 2013 6:05:32 PM org.apache.catalina.core.StandardEngine startInternal
INFO: Starting Servlet Engine: Apache Tomcat/7.0.33
Feb 26, 2013 6:05:32 PM org.apache.catalina.startup.HostConfig deployDescriptor
INFO: Deploying configuration descriptor F:\apache-tomcat-7.0.33\conf\Catalina\localhost\jsp_2.xml
Feb 26, 2013 6:05:33 PM org.apache.catalina.startup.HostConfig deployDescriptor
INFO: Deploying configuration descriptor F:\apache-tomcat-7.0.33\conf\Catalina\localhost\jsp_3.xml
Feb 26, 2013 6:05:34 PM org.apache.catalina.startup.HostConfig deployDescriptor
INFO: Deploying configuration descriptor F:\apache-tomcat-7.0.33\conf\Catalina\localhost\jsp_4.xml
Feb 26, 2013 6:05:34 PM org.apache.catalina.startup.HostConfig deployDescriptor
INFO: Deploying configuration descriptor F:\apache-tomcat-7.0.33\conf\Catalina\localhost\jsp_7.xml
Feb 26, 2013 6:05:35 PM org.apache.catalina.startup.HostConfig deployDescriptor
INFO: Deploying configuration descriptor F:\apache-tomcat-7.0.33\conf\Catalina\localhost\struts_5.xml
Feb 26, 2013 6:05:37 PM org.apache.struts.action.ActionServlet initChain
INFO: Loading chain catalog from jar:file:/C:/Users/tavan_000/Documents/NetBeansProjects/struts_5/build/web/WEB-INF/lib/struts-core-1.3.10.jar!/org/apache/struts/chain/chain-config.xml
Feb 26, 2013 6:05:37 PM org.apache.struts.tiles.TilesPlugin initDefinitionsFactory
INFO: Tiles definition factory loaded for module ''.
Feb 26, 2013 6:05:37 PM org.apache.struts.validator.ValidatorPlugIn initResources
INFO: Loading validation rules file from '/WEB-INF/validator-rules.xml'
Feb 26, 2013 6:05:37 PM org.apache.struts.validator.ValidatorPlugIn initResources
INFO: Loading validation rules file from '/WEB-INF/validation.xml'
Feb 26, 2013 6:05:37 PM org.apache.catalina.startup.HostConfig deployDescriptor
INFO: Deploying configuration descriptor F:\apache-tomcat-7.0.33\conf\Catalina\localhost\TestJdbcHomeland.xml
Feb 26, 2013 6:05:38 PM org.apache.catalina.startup.HostConfig deployDirectory
INFO: Deploying web application directory F:\apache-tomcat-7.0.33\webapps\docs
Feb 26, 2013 6:05:38 PM org.apache.catalina.startup.HostConfig deployDirectory
INFO: Deploying web application directory F:\apache-tomcat-7.0.33\webapps\examples
Feb 26, 2013 6:05:38 PM org.apache.catalina.startup.HostConfig deployDirectory
INFO: Deploying web application directory F:\apache-tomcat-7.0.33\webapps\host-manager
Feb 26, 2013 6:05:39 PM org.apache.catalina.startup.HostConfig deployDirectory
INFO: Deploying web application directory F:\apache-tomcat-7.0.33\webapps\manager
Feb 26, 2013 6:05:39 PM org.apache.catalina.startup.HostConfig deployDirectory
INFO: Deploying web application directory F:\apache-tomcat-7.0.33\webapps\ROOT
Feb 26, 2013 6:05:39 PM org.apache.coyote.AbstractProtocol start
INFO: Starting ProtocolHandler ["http-apr-8080"]
Feb 26, 2013 6:05:39 PM org.apache.coyote.AbstractProtocol start
INFO: Starting ProtocolHandler ["ajp-apr-8009"]
Feb 26, 2013 6:05:39 PM org.apache.catalina.startup.Catalina start
INFO: Server startup in 6890 ms
Feb 26, 2013 6:05:40 PM org.apache.catalina.startup.HostConfig deployDescriptor
INFO: Deploying configuration descriptor F:\apache-tomcat-7.0.33\conf\Catalina\localhost\JSF_A6.xml
Feb 26, 2013 6:05:42 PM com.sun.faces.config.ConfigureListener contextInitialized
INFO: Initializing Mojarra 2.1.1 (FCS 20110408) for context '/JSF_A6'
Feb 26, 2013 6:05:43 PM com.sun.faces.spi.InjectionProviderFactory createInstance
INFO: JSF1048: PostConstruct/PreDestroy annotations present.  ManagedBeans methods marked with these annotations will have said annotations processed.
Feb 26, 2013 6:05:44 PM org.apache.catalina.util.LifecycleBase start
INFO: The start() method was called on component [StandardEngine[Catalina].StandardHost[localhost].StandardContext[/JSF_A6]] after start() had already been called. The second call will be ignored.
Feb 26, 2013 6:08:03 PM org.apache.catalina.loader.WebappClassLoader checkThreadLocalMapForLeaks
SEVERE: The web application [/JSF_A6] created a ThreadLocal with key of type [javax.faces.context.FacesContext$1] (value [javax.faces.context.FacesContext$1@72af4b81]) and a value of type [com.sun.faces.config.InitFacesContext] (value [com.sun.faces.config.InitFacesContext@52863cf9]) but failed to remove it when the web application was stopped. Threads are going to be renewed over time to try and avoid a probable memory leak.
Feb 26, 2013 6:08:05 PM com.sun.faces.config.ConfigureListener contextInitialized
INFO: Initializing Mojarra 2.1.1 (FCS 20110408) for context '/JSF_A6'
Feb 26, 2013 6:08:06 PM com.sun.faces.spi.InjectionProviderFactory createInstance
INFO: JSF1048: PostConstruct/PreDestroy annotations present.  ManagedBeans methods marked with these annotations will have said annotations processed.
Feb 26, 2013 6:08:06 PM com.sun.faces.config.ConfigureListener$WebConfigResourceMonitor$Monitor <init>
INFO: Monitoring jndi:/localhost/JSF_A6/WEB-INF/faces-config.xml for modifications
Feb 26, 2013 6:10:01 PM org.apache.catalina.core.StandardContext reload
INFO: Reloading Context with name [/JSF_A6] has started
Feb 26, 2013 6:10:03 PM com.sun.faces.config.ConfigureListener contextInitialized
INFO: Initializing Mojarra 2.1.1 (FCS 20110408) for context '/JSF_A6'
Feb 26, 2013 6:10:03 PM com.sun.faces.spi.InjectionProviderFactory createInstance
INFO: JSF1048: PostConstruct/PreDestroy annotations present.  ManagedBeans methods marked with these annotations will have said annotations processed.
Feb 26, 2013 6:10:04 PM com.sun.faces.config.ConfigureListener$WebConfigResourceMonitor$Monitor <init>
INFO: Monitoring jndi:/localhost/JSF_A6/WEB-INF/faces-config.xml for modifications
Feb 26, 2013 6:10:04 PM org.apache.catalina.core.StandardContext reload
INFO: Reloading Context with name [/JSF_A6] is completed
Feb 26, 2013 6:10:04 PM org.apache.catalina.core.StandardContext reload
INFO: Reloading Context with name [/JSF_A6] has started
Feb 26, 2013 6:10:06 PM com.sun.faces.config.ConfigureListener contextInitialized
INFO: Initializing Mojarra 2.1.1 (FCS 20110408) for context '/JSF_A6'
Feb 26, 2013 6:10:07 PM com.sun.faces.spi.InjectionProviderFactory createInstance
INFO: JSF1048: PostConstruct/PreDestroy annotations present.  ManagedBeans methods marked with these annotations will have said annotations processed.
Feb 26, 2013 6:10:07 PM com.sun.faces.config.ConfigureListener$WebConfigResourceMonitor$Monitor <init>
INFO: Monitoring jndi:/localhost/JSF_A6/WEB-INF/faces-config.xml for modifications
Feb 26, 2013 6:10:07 PM org.apache.catalina.core.StandardContext reload
INFO: Reloading Context with name [/JSF_A6] is completed
Feb 26, 2013 6:10:52 PM org.apache.catalina.core.StandardContext reload
INFO: Reloading Context with name [/JSF_A6] has started
Feb 26, 2013 6:10:53 PM com.sun.faces.config.ConfigureListener contextInitialized
INFO: Initializing Mojarra 2.1.1 (FCS 20110408) for context '/JSF_A6'
Feb 26, 2013 6:10:54 PM com.sun.faces.spi.InjectionProviderFactory createInstance
INFO: JSF1048: PostConstruct/PreDestroy annotations present.  ManagedBeans methods marked with these annotations will have said annotations processed.
Feb 26, 2013 6:10:54 PM com.sun.faces.config.ConfigureListener$WebConfigResourceMonitor$Monitor <init>
INFO: Monitoring jndi:/localhost/JSF_A6/WEB-INF/faces-config.xml for modifications
Feb 26, 2013 6:10:54 PM org.apache.catalina.core.StandardContext reload
INFO: Reloading Context with name [/JSF_A6] is completed
Feb 26, 2013 6:11:52 PM com.sun.faces.config.ConfigureListener contextInitialized
INFO: Initializing Mojarra 2.1.1 (FCS 20110408) for context '/JSF_A6'
Feb 26, 2013 6:11:52 PM com.sun.faces.spi.InjectionProviderFactory createInstance
INFO: JSF1048: PostConstruct/PreDestroy annotations present.  ManagedBeans methods marked with these annotations will have said annotations processed.
Feb 26, 2013 6:11:52 PM com.sun.faces.config.ConfigureListener$WebConfigResourceMonitor$Monitor <init>
INFO: Monitoring jndi:/localhost/JSF_A6/WEB-INF/faces-config.xml for modifications
Feb 26, 2013 6:11:53 PM org.apache.catalina.core.StandardContext reload
INFO: Reloading Context with name [/JSF_A6] has started
Feb 26, 2013 6:11:54 PM com.sun.faces.config.ConfigureListener contextInitialized
INFO: Initializing Mojarra 2.1.1 (FCS 20110408) for context '/JSF_A6'
Feb 26, 2013 6:11:55 PM com.sun.faces.spi.InjectionProviderFactory createInstance
INFO: JSF1048: PostConstruct/PreDestroy annotations present.  ManagedBeans methods marked with these annotations will have said annotations processed.
Feb 26, 2013 6:11:55 PM com.sun.faces.config.ConfigureListener$WebConfigResourceMonitor$Monitor <init>
INFO: Monitoring jndi:/localhost/JSF_A6/WEB-INF/faces-config.xml for modifications
Feb 26, 2013 6:11:55 PM org.apache.catalina.core.StandardContext reload
INFO: Reloading Context with name [/JSF_A6] is completed
Feb 26, 2013 6:12:40 PM org.apache.catalina.core.StandardContext reload
INFO: Reloading Context with name [/JSF_A6] has started
Feb 26, 2013 6:12:42 PM com.sun.faces.config.ConfigureListener contextInitialized
INFO: Initializing Mojarra 2.1.1 (FCS 20110408) for context '/JSF_A6'
Feb 26, 2013 6:12:42 PM com.sun.faces.spi.InjectionProviderFactory createInstance
INFO: JSF1048: PostConstruct/PreDestroy annotations present.  ManagedBeans methods marked with these annotations will have said annotations processed.
Feb 26, 2013 6:12:43 PM com.sun.faces.config.ConfigureListener$WebConfigResourceMonitor$Monitor <init>
INFO: Monitoring jndi:/localhost/JSF_A6/WEB-INF/faces-config.xml for modifications
Feb 26, 2013 6:12:43 PM org.apache.catalina.core.StandardContext reload
INFO: Reloading Context with name [/JSF_A6] is completed
Feb 26, 2013 6:18:14 PM com.sun.faces.config.ConfigureListener contextInitialized
INFO: Initializing Mojarra 2.1.1 (FCS 20110408) for context '/JSF_A6'
Feb 26, 2013 6:18:14 PM com.sun.faces.spi.InjectionProviderFactory createInstance
INFO: JSF1048: PostConstruct/PreDestroy annotations present.  ManagedBeans methods marked with these annotations will have said annotations processed.
Feb 26, 2013 6:18:15 PM com.sun.faces.config.ConfigureListener$WebConfigResourceMonitor$Monitor <init>
INFO: Monitoring jndi:/localhost/JSF_A6/WEB-INF/faces-config.xml for modifications
Feb 26, 2013 6:22:16 PM org.apache.catalina.core.StandardContext reload
INFO: Reloading Context with name [/JSF_A6] has started
Feb 26, 2013 6:22:18 PM com.sun.faces.config.ConfigureListener contextInitialized
INFO: Initializing Mojarra 2.1.1 (FCS 20110408) for context '/JSF_A6'
Feb 26, 2013 6:22:18 PM com.sun.faces.spi.InjectionProviderFactory createInstance
INFO: JSF1048: PostConstruct/PreDestroy annotations present.  ManagedBeans methods marked with these annotations will have said annotations processed.
Feb 26, 2013 6:22:19 PM com.sun.faces.config.ConfigureListener$WebConfigResourceMonitor$Monitor <init>
INFO: Monitoring jndi:/localhost/JSF_A6/WEB-INF/faces-config.xml for modifications
Feb 26, 2013 6:22:19 PM org.apache.catalina.core.StandardContext reload
INFO: Reloading Context with name [/JSF_A6] is completed
Feb 26, 2013 6:22:57 PM org.apache.catalina.startup.HostConfig deleteRedeployResources
INFO: Undeploying context [/JSF_A6]
Feb 26, 2013 6:22:57 PM org.apache.catalina.startup.HostConfig deployDescriptor
INFO: Deploying configuration descriptor F:\apache-tomcat-7.0.33\conf\Catalina\localhost\JSF_A6.xml
Feb 26, 2013 6:22:58 PM com.sun.faces.config.ConfigureListener contextInitialized
INFO: Initializing Mojarra 2.1.1 (FCS 20110408) for context '/JSF_A6'
Feb 26, 2013 6:22:58 PM com.sun.faces.spi.InjectionProviderFactory createInstance
INFO: JSF1048: PostConstruct/PreDestroy annotations present.  ManagedBeans methods marked with these annotations will have said annotations processed.
Feb 26, 2013 6:22:59 PM com.sun.faces.config.ConfigureListener$WebConfigResourceMonitor$Monitor <init>
INFO: Monitoring jndi:/localhost/JSF_A6/WEB-INF/faces-config.xml for modifications
Feb 26, 2013 6:22:59 PM org.apache.catalina.util.LifecycleBase start
INFO: The start() method was called on component [StandardEngine[Catalina].StandardHost[localhost].StandardContext[/JSF_A6]] after start() had already been called. The second call will be ignored.
Feb 26, 2013 6:24:56 PM org.apache.jasper.compiler.TldLocationsCache tldScanJar
INFO: At least one JAR was scanned for TLDs yet contained no TLDs. Enable debug logging for this logger for a complete list of JARs that were scanned but no TLDs were found in them. Skipping unneeded JARs during scanning can improve startup time and JSP compilation time.
Feb 26, 2013 6:26:07 PM com.sun.faces.config.ConfigureListener contextInitialized
INFO: Initializing Mojarra 2.1.1 (FCS 20110408) for context '/JSF_A6'
Feb 26, 2013 6:26:07 PM com.sun.faces.spi.InjectionProviderFactory createInstance
INFO: JSF1048: PostConstruct/PreDestroy annotations present.  ManagedBeans methods marked with these annotations will have said annotations processed.
Feb 26, 2013 6:26:08 PM com.sun.faces.config.ConfigureListener$WebConfigResourceMonitor$Monitor <init>
INFO: Monitoring jndi:/localhost/JSF_A6/WEB-INF/faces-config.xml for modifications
Feb 26, 2013 6:26:40 PM com.sun.faces.config.ConfigureListener contextInitialized
INFO: Initializing Mojarra 2.1.1 (FCS 20110408) for context '/JSF_A6'
Feb 26, 2013 6:26:40 PM com.sun.faces.spi.InjectionProviderFactory createInstance
INFO: JSF1048: PostConstruct/PreDestroy annotations present.  ManagedBeans methods marked with these annotations will have said annotations processed.
Feb 26, 2013 6:26:41 PM com.sun.faces.config.ConfigureListener$WebConfigResourceMonitor$Monitor <init>
INFO: Monitoring jndi:/localhost/JSF_A6/WEB-INF/faces-config.xml for modifications
Feb 26, 2013 6:27:44 PM com.sun.faces.config.ConfigureListener contextInitialized
INFO: Initializing Mojarra 2.1.1 (FCS 20110408) for context '/JSF_A6'
Feb 26, 2013 6:27:44 PM com.sun.faces.spi.InjectionProviderFactory createInstance
INFO: JSF1048: PostConstruct/PreDestroy annotations present.  ManagedBeans methods marked with these annotations will have said annotations processed.
Feb 26, 2013 6:27:45 PM com.sun.faces.config.ConfigureListener$WebConfigResourceMonitor$Monitor <init>
INFO: Monitoring jndi:/localhost/JSF_A6/WEB-INF/faces-config.xml for modifications
Feb 26, 2013 6:28:00 PM com.sun.faces.config.ConfigureListener contextInitialized
INFO: Initializing Mojarra 2.1.1 (FCS 20110408) for context '/JSF_A6'
Feb 26, 2013 6:28:01 PM com.sun.faces.spi.InjectionProviderFactory createInstance
INFO: JSF1048: PostConstruct/PreDestroy annotations present.  ManagedBeans methods marked with these annotations will have said annotations processed.
Feb 26, 2013 6:28:01 PM com.sun.faces.config.ConfigureListener$WebConfigResourceMonitor$Monitor <init>
INFO: Monitoring jndi:/localhost/JSF_A6/WEB-INF/faces-config.xml for modifications
Feb 26, 2013 6:28:36 PM com.sun.faces.lifecycle.ProcessValidationsPhase execute
WARNING: /form.jsp(23,18) '#{resultManagedBean.user.name}' Target Unreachable, 'user' returned null
org.apache.jasper.el.JspPropertyNotFoundException: /form.jsp(23,18) '#{resultManagedBean.user.name}' Target Unreachable, 'user' returned null
	at org.apache.jasper.el.JspValueExpression.getType(JspValueExpression.java:63)
	at com.sun.faces.renderkit.html_basic.HtmlBasicInputRenderer.getConvertedValue(HtmlBasicInputRenderer.java:95)
	at javax.faces.component.UIInput.getConvertedValue(UIInput.java:1030)
	at javax.faces.component.UIInput.validate(UIInput.java:960)
	at javax.faces.component.UIInput.executeValidate(UIInput.java:1233)
	at javax.faces.component.UIInput.processValidators(UIInput.java:698)
	at javax.faces.component.UIForm.processValidators(UIForm.java:253)
	at javax.faces.component.UIComponentBase.processValidators(UIComponentBase.java:1214)
	at javax.faces.component.UIViewRoot.processValidators(UIViewRoot.java:1172)
	at com.sun.faces.lifecycle.ProcessValidationsPhase.execute(ProcessValidationsPhase.java:76)
	at com.sun.faces.lifecycle.Phase.doPhase(Phase.java:101)
	at com.sun.faces.lifecycle.LifecycleImpl.execute(LifecycleImpl.java:118)
	at javax.faces.webapp.FacesServlet.service(FacesServlet.java:409)
	at org.apache.catalina.core.ApplicationFilterChain.internalDoFilter(ApplicationFilterChain.java:305)
	at org.apache.catalina.core.ApplicationFilterChain.doFilter(ApplicationFilterChain.java:210)
	at org.apache.catalina.core.StandardWrapperValve.invoke(StandardWrapperValve.java:222)
	at org.apache.catalina.core.StandardContextValve.invoke(StandardContextValve.java:123)
	at org.apache.catalina.authenticator.AuthenticatorBase.invoke(AuthenticatorBase.java:472)
	at org.apache.catalina.core.StandardHostValve.invoke(StandardHostValve.java:171)
	at org.apache.catalina.valves.ErrorReportValve.invoke(ErrorReportValve.java:99)
	at org.apache.catalina.valves.AccessLogValve.invoke(AccessLogValve.java:931)
	at org.apache.catalina.core.StandardEngineValve.invoke(StandardEngineValve.java:118)
	at org.apache.catalina.connector.CoyoteAdapter.service(CoyoteAdapter.java:407)
	at org.apache.coyote.http11.AbstractHttp11Processor.process(AbstractHttp11Processor.java:1004)
	at org.apache.coyote.AbstractProtocol$AbstractConnectionHandler.process(AbstractProtocol.java:589)
	at org.apache.tomcat.util.net.AprEndpoint$SocketProcessor.run(AprEndpoint.java:1822)
	at java.util.concurrent.ThreadPoolExecutor.runWorker(ThreadPoolExecutor.java:1110)
	at java.util.concurrent.ThreadPoolExecutor$Worker.run(ThreadPoolExecutor.java:603)
	at java.lang.Thread.run(Thread.java:722)

Feb 26, 2013 6:29:05 PM org.apache.catalina.core.StandardContext reload
INFO: Reloading Context with name [/JSF_A6] has started
Feb 26, 2013 6:29:07 PM com.sun.faces.config.ConfigureListener contextInitialized
INFO: Initializing Mojarra 2.1.1 (FCS 20110408) for context '/JSF_A6'
Feb 26, 2013 6:29:08 PM com.sun.faces.spi.InjectionProviderFactory createInstance
INFO: JSF1048: PostConstruct/PreDestroy annotations present.  ManagedBeans methods marked with these annotations will have said annotations processed.
Feb 26, 2013 6:29:08 PM com.sun.faces.config.ConfigureListener$WebConfigResourceMonitor$Monitor <init>
INFO: Monitoring jndi:/localhost/JSF_A6/WEB-INF/faces-config.xml for modifications
Feb 26, 2013 6:29:08 PM org.apache.catalina.core.StandardContext reload
INFO: Reloading Context with name [/JSF_A6] is completed
Feb 26, 2013 6:29:20 PM com.sun.faces.lifecycle.InvokeApplicationPhase execute
WARNING: #{resultManagedBean.result}: org.apache.jasper.el.JspMethodNotFoundException: /form.jsp(26,12) '#{resultManagedBean.result}' Method not found: myapp.jsf.manager.ResultManagedBean@303ef82b.result()
javax.faces.FacesException: #{resultManagedBean.result}: org.apache.jasper.el.JspMethodNotFoundException: /form.jsp(26,12) '#{resultManagedBean.result}' Method not found: myapp.jsf.manager.ResultManagedBean@303ef82b.result()
	at com.sun.faces.application.ActionListenerImpl.processAction(ActionListenerImpl.java:110)
	at javax.faces.component.UICommand.broadcast(UICommand.java:315)
	at javax.faces.component.UIViewRoot.broadcastEvents(UIViewRoot.java:794)
	at javax.faces.component.UIViewRoot.processApplication(UIViewRoot.java:1259)
	at com.sun.faces.lifecycle.InvokeApplicationPhase.execute(InvokeApplicationPhase.java:81)
	at com.sun.faces.lifecycle.Phase.doPhase(Phase.java:101)
	at com.sun.faces.lifecycle.LifecycleImpl.execute(LifecycleImpl.java:118)
	at javax.faces.webapp.FacesServlet.service(FacesServlet.java:409)
	at org.apache.catalina.core.ApplicationFilterChain.internalDoFilter(ApplicationFilterChain.java:305)
	at org.apache.catalina.core.ApplicationFilterChain.doFilter(ApplicationFilterChain.java:210)
	at org.apache.catalina.core.StandardWrapperValve.invoke(StandardWrapperValve.java:222)
	at org.apache.catalina.core.StandardContextValve.invoke(StandardContextValve.java:123)
	at org.apache.catalina.authenticator.AuthenticatorBase.invoke(AuthenticatorBase.java:472)
	at org.apache.catalina.core.StandardHostValve.invoke(StandardHostValve.java:171)
	at org.apache.catalina.valves.ErrorReportValve.invoke(ErrorReportValve.java:99)
	at org.apache.catalina.valves.AccessLogValve.invoke(AccessLogValve.java:931)
	at org.apache.catalina.core.StandardEngineValve.invoke(StandardEngineValve.java:118)
	at org.apache.catalina.connector.CoyoteAdapter.service(CoyoteAdapter.java:407)
	at org.apache.coyote.http11.AbstractHttp11Processor.process(AbstractHttp11Processor.java:1004)
	at org.apache.coyote.AbstractProtocol$AbstractConnectionHandler.process(AbstractProtocol.java:589)
	at org.apache.tomcat.util.net.AprEndpoint$SocketProcessor.run(AprEndpoint.java:1822)
	at java.util.concurrent.ThreadPoolExecutor.runWorker(ThreadPoolExecutor.java:1110)
	at java.util.concurrent.ThreadPoolExecutor$Worker.run(ThreadPoolExecutor.java:603)
	at java.lang.Thread.run(Thread.java:722)
Caused by: javax.faces.el.MethodNotFoundException: org.apache.jasper.el.JspMethodNotFoundException: /form.jsp(26,12) '#{resultManagedBean.result}' Method not found: myapp.jsf.manager.ResultManagedBean@303ef82b.result()
	at javax.faces.component.MethodBindingMethodExpressionAdapter.invoke(MethodBindingMethodExpressionAdapter.java:92)
	at com.sun.faces.application.ActionListenerImpl.processAction(ActionListenerImpl.java:102)
	... 23 more
Caused by: org.apache.jasper.el.JspMethodNotFoundException: /form.jsp(26,12) '#{resultManagedBean.result}' Method not found: myapp.jsf.manager.ResultManagedBean@303ef82b.result()
	at org.apache.jasper.el.JspMethodExpression.invoke(JspMethodExpression.java:73)
	at javax.faces.component.MethodBindingMethodExpressionAdapter.invoke(MethodBindingMethodExpressionAdapter.java:88)
	... 24 more

Feb 26, 2013 6:29:49 PM com.sun.faces.config.ConfigureListener contextInitialized
INFO: Initializing Mojarra 2.1.1 (FCS 20110408) for context '/JSF_A6'
Feb 26, 2013 6:29:49 PM com.sun.faces.spi.InjectionProviderFactory createInstance
INFO: JSF1048: PostConstruct/PreDestroy annotations present.  ManagedBeans methods marked with these annotations will have said annotations processed.
Feb 26, 2013 6:29:49 PM com.sun.faces.config.ConfigureListener$WebConfigResourceMonitor$Monitor <init>
INFO: Monitoring jndi:/localhost/JSF_A6/WEB-INF/faces-config.xml for modifications
Feb 26, 2013 6:30:02 PM com.sun.faces.config.ConfigureListener contextInitialized
INFO: Initializing Mojarra 2.1.1 (FCS 20110408) for context '/JSF_A6'
Feb 26, 2013 6:30:02 PM com.sun.faces.spi.InjectionProviderFactory createInstance
INFO: JSF1048: PostConstruct/PreDestroy annotations present.  ManagedBeans methods marked with these annotations will have said annotations processed.
Feb 26, 2013 6:30:02 PM com.sun.faces.config.ConfigureListener$WebConfigResourceMonitor$Monitor <init>
INFO: Monitoring jndi:/localhost/JSF_A6/WEB-INF/faces-config.xml for modifications
Feb 26, 2013 6:30:06 PM com.sun.faces.lifecycle.InvokeApplicationPhase execute
WARNING: #{resultManagedBean.result}: org.apache.jasper.el.JspMethodNotFoundException: /form.jsp(26,12) '#{resultManagedBean.result}' Method not found: myapp.jsf.manager.ResultManagedBean@5bc865f.result()
javax.faces.FacesException: #{resultManagedBean.result}: org.apache.jasper.el.JspMethodNotFoundException: /form.jsp(26,12) '#{resultManagedBean.result}' Method not found: myapp.jsf.manager.ResultManagedBean@5bc865f.result()
	at com.sun.faces.application.ActionListenerImpl.processAction(ActionListenerImpl.java:110)
	at javax.faces.component.UICommand.broadcast(UICommand.java:315)
	at javax.faces.component.UIViewRoot.broadcastEvents(UIViewRoot.java:794)
	at javax.faces.component.UIViewRoot.processApplication(UIViewRoot.java:1259)
	at com.sun.faces.lifecycle.InvokeApplicationPhase.execute(InvokeApplicationPhase.java:81)
	at com.sun.faces.lifecycle.Phase.doPhase(Phase.java:101)
	at com.sun.faces.lifecycle.LifecycleImpl.execute(LifecycleImpl.java:118)
	at javax.faces.webapp.FacesServlet.service(FacesServlet.java:409)
	at org.apache.catalina.core.ApplicationFilterChain.internalDoFilter(ApplicationFilterChain.java:305)
	at org.apache.catalina.core.ApplicationFilterChain.doFilter(ApplicationFilterChain.java:210)
	at org.apache.catalina.core.StandardWrapperValve.invoke(StandardWrapperValve.java:222)
	at org.apache.catalina.core.StandardContextValve.invoke(StandardContextValve.java:123)
	at org.apache.catalina.authenticator.AuthenticatorBase.invoke(AuthenticatorBase.java:472)
	at org.apache.catalina.core.StandardHostValve.invoke(StandardHostValve.java:171)
	at org.apache.catalina.valves.ErrorReportValve.invoke(ErrorReportValve.java:99)
	at org.apache.catalina.valves.AccessLogValve.invoke(AccessLogValve.java:931)
	at org.apache.catalina.core.StandardEngineValve.invoke(StandardEngineValve.java:118)
	at org.apache.catalina.connector.CoyoteAdapter.service(CoyoteAdapter.java:407)
	at org.apache.coyote.http11.AbstractHttp11Processor.process(AbstractHttp11Processor.java:1004)
	at org.apache.coyote.AbstractProtocol$AbstractConnectionHandler.process(AbstractProtocol.java:589)
	at org.apache.tomcat.util.net.AprEndpoint$SocketProcessor.run(AprEndpoint.java:1822)
	at java.util.concurrent.ThreadPoolExecutor.runWorker(ThreadPoolExecutor.java:1110)
	at java.util.concurrent.ThreadPoolExecutor$Worker.run(ThreadPoolExecutor.java:603)
	at java.lang.Thread.run(Thread.java:722)
Caused by: javax.faces.el.MethodNotFoundException: org.apache.jasper.el.JspMethodNotFoundException: /form.jsp(26,12) '#{resultManagedBean.result}' Method not found: myapp.jsf.manager.ResultManagedBean@5bc865f.result()
	at javax.faces.component.MethodBindingMethodExpressionAdapter.invoke(MethodBindingMethodExpressionAdapter.java:92)
	at com.sun.faces.application.ActionListenerImpl.processAction(ActionListenerImpl.java:102)
	... 23 more
Caused by: org.apache.jasper.el.JspMethodNotFoundException: /form.jsp(26,12) '#{resultManagedBean.result}' Method not found: myapp.jsf.manager.ResultManagedBean@5bc865f.result()
	at org.apache.jasper.el.JspMethodExpression.invoke(JspMethodExpression.java:73)
	at javax.faces.component.MethodBindingMethodExpressionAdapter.invoke(MethodBindingMethodExpressionAdapter.java:88)
	... 24 more

Feb 26, 2013 6:30:11 PM com.sun.faces.lifecycle.InvokeApplicationPhase execute
WARNING: #{resultManagedBean.result}: org.apache.jasper.el.JspMethodNotFoundException: /form.jsp(26,12) '#{resultManagedBean.result}' Method not found: myapp.jsf.manager.ResultManagedBean@3b767e5b.result()
javax.faces.FacesException: #{resultManagedBean.result}: org.apache.jasper.el.JspMethodNotFoundException: /form.jsp(26,12) '#{resultManagedBean.result}' Method not found: myapp.jsf.manager.ResultManagedBean@3b767e5b.result()
	at com.sun.faces.application.ActionListenerImpl.processAction(ActionListenerImpl.java:110)
	at javax.faces.component.UICommand.broadcast(UICommand.java:315)
	at javax.faces.component.UIViewRoot.broadcastEvents(UIViewRoot.java:794)
	at javax.faces.component.UIViewRoot.processApplication(UIViewRoot.java:1259)
	at com.sun.faces.lifecycle.InvokeApplicationPhase.execute(InvokeApplicationPhase.java:81)
	at com.sun.faces.lifecycle.Phase.doPhase(Phase.java:101)
	at com.sun.faces.lifecycle.LifecycleImpl.execute(LifecycleImpl.java:118)
	at javax.faces.webapp.FacesServlet.service(FacesServlet.java:409)
	at org.apache.catalina.core.ApplicationFilterChain.internalDoFilter(ApplicationFilterChain.java:305)
	at org.apache.catalina.core.ApplicationFilterChain.doFilter(ApplicationFilterChain.java:210)
	at org.apache.catalina.core.StandardWrapperValve.invoke(StandardWrapperValve.java:222)
	at org.apache.catalina.core.StandardContextValve.invoke(StandardContextValve.java:123)
	at org.apache.catalina.authenticator.AuthenticatorBase.invoke(AuthenticatorBase.java:472)
	at org.apache.catalina.core.StandardHostValve.invoke(StandardHostValve.java:171)
	at org.apache.catalina.valves.ErrorReportValve.invoke(ErrorReportValve.java:99)
	at org.apache.catalina.valves.AccessLogValve.invoke(AccessLogValve.java:931)
	at org.apache.catalina.core.StandardEngineValve.invoke(StandardEngineValve.java:118)
	at org.apache.catalina.connector.CoyoteAdapter.service(CoyoteAdapter.java:407)
	at org.apache.coyote.http11.AbstractHttp11Processor.process(AbstractHttp11Processor.java:1004)
	at org.apache.coyote.AbstractProtocol$AbstractConnectionHandler.process(AbstractProtocol.java:589)
	at org.apache.tomcat.util.net.AprEndpoint$SocketProcessor.run(AprEndpoint.java:1822)
	at java.util.concurrent.ThreadPoolExecutor.runWorker(ThreadPoolExecutor.java:1110)
	at java.util.concurrent.ThreadPoolExecutor$Worker.run(ThreadPoolExecutor.java:603)
	at java.lang.Thread.run(Thread.java:722)
Caused by: javax.faces.el.MethodNotFoundException: org.apache.jasper.el.JspMethodNotFoundException: /form.jsp(26,12) '#{resultManagedBean.result}' Method not found: myapp.jsf.manager.ResultManagedBean@3b767e5b.result()
	at javax.faces.component.MethodBindingMethodExpressionAdapter.invoke(MethodBindingMethodExpressionAdapter.java:92)
	at com.sun.faces.application.ActionListenerImpl.processAction(ActionListenerImpl.java:102)
	... 23 more
Caused by: org.apache.jasper.el.JspMethodNotFoundException: /form.jsp(26,12) '#{resultManagedBean.result}' Method not found: myapp.jsf.manager.ResultManagedBean@3b767e5b.result()
	at org.apache.jasper.el.JspMethodExpression.invoke(JspMethodExpression.java:73)
	at javax.faces.component.MethodBindingMethodExpressionAdapter.invoke(MethodBindingMethodExpressionAdapter.java:88)
	... 24 more

Feb 26, 2013 6:30:17 PM com.sun.faces.lifecycle.InvokeApplicationPhase execute
WARNING: #{resultManagedBean.result}: org.apache.jasper.el.JspMethodNotFoundException: /form.jsp(26,12) '#{resultManagedBean.result}' Method not found: myapp.jsf.manager.ResultManagedBean@5050b84b.result()
javax.faces.FacesException: #{resultManagedBean.result}: org.apache.jasper.el.JspMethodNotFoundException: /form.jsp(26,12) '#{resultManagedBean.result}' Method not found: myapp.jsf.manager.ResultManagedBean@5050b84b.result()
	at com.sun.faces.application.ActionListenerImpl.processAction(ActionListenerImpl.java:110)
	at javax.faces.component.UICommand.broadcast(UICommand.java:315)
	at javax.faces.component.UIViewRoot.broadcastEvents(UIViewRoot.java:794)
	at javax.faces.component.UIViewRoot.processApplication(UIViewRoot.java:1259)
	at com.sun.faces.lifecycle.InvokeApplicationPhase.execute(InvokeApplicationPhase.java:81)
	at com.sun.faces.lifecycle.Phase.doPhase(Phase.java:101)
	at com.sun.faces.lifecycle.LifecycleImpl.execute(LifecycleImpl.java:118)
	at javax.faces.webapp.FacesServlet.service(FacesServlet.java:409)
	at org.apache.catalina.core.ApplicationFilterChain.internalDoFilter(ApplicationFilterChain.java:305)
	at org.apache.catalina.core.ApplicationFilterChain.doFilter(ApplicationFilterChain.java:210)
	at org.apache.catalina.core.StandardWrapperValve.invoke(StandardWrapperValve.java:222)
	at org.apache.catalina.core.StandardContextValve.invoke(StandardContextValve.java:123)
	at org.apache.catalina.authenticator.AuthenticatorBase.invoke(AuthenticatorBase.java:472)
	at org.apache.catalina.core.StandardHostValve.invoke(StandardHostValve.java:171)
	at org.apache.catalina.valves.ErrorReportValve.invoke(ErrorReportValve.java:99)
	at org.apache.catalina.valves.AccessLogValve.invoke(AccessLogValve.java:931)
	at org.apache.catalina.core.StandardEngineValve.invoke(StandardEngineValve.java:118)
	at org.apache.catalina.connector.CoyoteAdapter.service(CoyoteAdapter.java:407)
	at org.apache.coyote.http11.AbstractHttp11Processor.process(AbstractHttp11Processor.java:1004)
	at org.apache.coyote.AbstractProtocol$AbstractConnectionHandler.process(AbstractProtocol.java:589)
	at org.apache.tomcat.util.net.AprEndpoint$SocketProcessor.run(AprEndpoint.java:1822)
	at java.util.concurrent.ThreadPoolExecutor.runWorker(ThreadPoolExecutor.java:1110)
	at java.util.concurrent.ThreadPoolExecutor$Worker.run(ThreadPoolExecutor.java:603)
	at java.lang.Thread.run(Thread.java:722)
Caused by: javax.faces.el.MethodNotFoundException: org.apache.jasper.el.JspMethodNotFoundException: /form.jsp(26,12) '#{resultManagedBean.result}' Method not found: myapp.jsf.manager.ResultManagedBean@5050b84b.result()
	at javax.faces.component.MethodBindingMethodExpressionAdapter.invoke(MethodBindingMethodExpressionAdapter.java:92)
	at com.sun.faces.application.ActionListenerImpl.processAction(ActionListenerImpl.java:102)
	... 23 more
Caused by: org.apache.jasper.el.JspMethodNotFoundException: /form.jsp(26,12) '#{resultManagedBean.result}' Method not found: myapp.jsf.manager.ResultManagedBean@5050b84b.result()
	at org.apache.jasper.el.JspMethodExpression.invoke(JspMethodExpression.java:73)
	at javax.faces.component.MethodBindingMethodExpressionAdapter.invoke(MethodBindingMethodExpressionAdapter.java:88)
	... 24 more

Feb 26, 2013 6:31:00 PM com.sun.faces.config.ConfigureListener contextInitialized
INFO: Initializing Mojarra 2.1.1 (FCS 20110408) for context '/JSF_A6'
Feb 26, 2013 6:31:00 PM com.sun.faces.spi.InjectionProviderFactory createInstance
INFO: JSF1048: PostConstruct/PreDestroy annotations present.  ManagedBeans methods marked with these annotations will have said annotations processed.
Feb 26, 2013 6:31:01 PM com.sun.faces.config.ConfigureListener$WebConfigResourceMonitor$Monitor <init>
INFO: Monitoring jndi:/localhost/JSF_A6/WEB-INF/faces-config.xml for modifications
Feb 26, 2013 6:31:42 PM com.sun.faces.config.ConfigureListener contextInitialized
INFO: Initializing Mojarra 2.1.1 (FCS 20110408) for context '/JSF_A6'
Feb 26, 2013 6:31:42 PM com.sun.faces.spi.InjectionProviderFactory createInstance
INFO: JSF1048: PostConstruct/PreDestroy annotations present.  ManagedBeans methods marked with these annotations will have said annotations processed.
Feb 26, 2013 6:31:42 PM com.sun.faces.config.ConfigureListener$WebConfigResourceMonitor$Monitor <init>
INFO: Monitoring jndi:/localhost/JSF_A6/WEB-INF/faces-config.xml for modifications
Feb 26, 2013 6:32:10 PM org.apache.catalina.core.StandardContext reload
INFO: Reloading Context with name [/JSF_A6] has started
Feb 26, 2013 6:32:12 PM com.sun.faces.config.ConfigureListener contextInitialized
INFO: Initializing Mojarra 2.1.1 (FCS 20110408) for context '/JSF_A6'
Feb 26, 2013 6:32:12 PM com.sun.faces.spi.InjectionProviderFactory createInstance
INFO: JSF1048: PostConstruct/PreDestroy annotations present.  ManagedBeans methods marked with these annotations will have said annotations processed.
Feb 26, 2013 6:32:12 PM com.sun.faces.config.ConfigureListener$WebConfigResourceMonitor$Monitor <init>
INFO: Monitoring jndi:/localhost/JSF_A6/WEB-INF/faces-config.xml for modifications
Feb 26, 2013 6:32:12 PM org.apache.catalina.core.StandardContext reload
INFO: Reloading Context with name [/JSF_A6] is completed
Feb 26, 2013 6:32:19 PM org.apache.catalina.core.StandardContext reload
INFO: Reloading Context with name [/JSF_A6] has started
Feb 26, 2013 6:32:22 PM com.sun.faces.config.ConfigureListener contextInitialized
INFO: Initializing Mojarra 2.1.1 (FCS 20110408) for context '/JSF_A6'
Feb 26, 2013 6:32:22 PM com.sun.faces.spi.InjectionProviderFactory createInstance
INFO: JSF1048: PostConstruct/PreDestroy annotations present.  ManagedBeans methods marked with these annotations will have said annotations processed.
Feb 26, 2013 6:32:22 PM com.sun.faces.config.ConfigureListener$WebConfigResourceMonitor$Monitor <init>
INFO: Monitoring jndi:/localhost/JSF_A6/WEB-INF/faces-config.xml for modifications
Feb 26, 2013 6:32:22 PM org.apache.catalina.core.StandardContext reload
INFO: Reloading Context with name [/JSF_A6] is completed
Feb 26, 2013 6:33:07 PM com.sun.faces.lifecycle.InvokeApplicationPhase execute
WARNING: #{resultManagedBean.result}: org.apache.jasper.el.JspMethodNotFoundException: /form.jsp(26,16) '#{resultManagedBean.result}' Method not found: myapp.jsf.manager.ResultManagedBean@7adf7623.result()
javax.faces.FacesException: #{resultManagedBean.result}: org.apache.jasper.el.JspMethodNotFoundException: /form.jsp(26,16) '#{resultManagedBean.result}' Method not found: myapp.jsf.manager.ResultManagedBean@7adf7623.result()
	at com.sun.faces.application.ActionListenerImpl.processAction(ActionListenerImpl.java:110)
	at javax.faces.component.UICommand.broadcast(UICommand.java:315)
	at javax.faces.component.UIViewRoot.broadcastEvents(UIViewRoot.java:794)
	at javax.faces.component.UIViewRoot.processApplication(UIViewRoot.java:1259)
	at com.sun.faces.lifecycle.InvokeApplicationPhase.execute(InvokeApplicationPhase.java:81)
	at com.sun.faces.lifecycle.Phase.doPhase(Phase.java:101)
	at com.sun.faces.lifecycle.LifecycleImpl.execute(LifecycleImpl.java:118)
	at javax.faces.webapp.FacesServlet.service(FacesServlet.java:409)
	at org.apache.catalina.core.ApplicationFilterChain.internalDoFilter(ApplicationFilterChain.java:305)
	at org.apache.catalina.core.ApplicationFilterChain.doFilter(ApplicationFilterChain.java:210)
	at org.apache.catalina.core.StandardWrapperValve.invoke(StandardWrapperValve.java:222)
	at org.apache.catalina.core.StandardContextValve.invoke(StandardContextValve.java:123)
	at org.apache.catalina.authenticator.AuthenticatorBase.invoke(AuthenticatorBase.java:472)
	at org.apache.catalina.core.StandardHostValve.invoke(StandardHostValve.java:171)
	at org.apache.catalina.valves.ErrorReportValve.invoke(ErrorReportValve.java:99)
	at org.apache.catalina.valves.AccessLogValve.invoke(AccessLogValve.java:931)
	at org.apache.catalina.core.StandardEngineValve.invoke(StandardEngineValve.java:118)
	at org.apache.catalina.connector.CoyoteAdapter.service(CoyoteAdapter.java:407)
	at org.apache.coyote.http11.AbstractHttp11Processor.process(AbstractHttp11Processor.java:1004)
	at org.apache.coyote.AbstractProtocol$AbstractConnectionHandler.process(AbstractProtocol.java:589)
	at org.apache.tomcat.util.net.AprEndpoint$SocketProcessor.run(AprEndpoint.java:1822)
	at java.util.concurrent.ThreadPoolExecutor.runWorker(ThreadPoolExecutor.java:1110)
	at java.util.concurrent.ThreadPoolExecutor$Worker.run(ThreadPoolExecutor.java:603)
	at java.lang.Thread.run(Thread.java:722)
Caused by: javax.faces.el.MethodNotFoundException: org.apache.jasper.el.JspMethodNotFoundException: /form.jsp(26,16) '#{resultManagedBean.result}' Method not found: myapp.jsf.manager.ResultManagedBean@7adf7623.result()
	at javax.faces.component.MethodBindingMethodExpressionAdapter.invoke(MethodBindingMethodExpressionAdapter.java:92)
	at com.sun.faces.application.ActionListenerImpl.processAction(ActionListenerImpl.java:102)
	... 23 more
Caused by: org.apache.jasper.el.JspMethodNotFoundException: /form.jsp(26,16) '#{resultManagedBean.result}' Method not found: myapp.jsf.manager.ResultManagedBean@7adf7623.result()
	at org.apache.jasper.el.JspMethodExpression.invoke(JspMethodExpression.java:73)
	at javax.faces.component.MethodBindingMethodExpressionAdapter.invoke(MethodBindingMethodExpressionAdapter.java:88)
	... 24 more

Feb 26, 2013 6:33:07 PM com.sun.faces.lifecycle.InvokeApplicationPhase execute
WARNING: #{resultManagedBean.result}: org.apache.jasper.el.JspMethodNotFoundException: /form.jsp(26,16) '#{resultManagedBean.result}' Method not found: myapp.jsf.manager.ResultManagedBean@64c532da.result()
javax.faces.FacesException: #{resultManagedBean.result}: org.apache.jasper.el.JspMethodNotFoundException: /form.jsp(26,16) '#{resultManagedBean.result}' Method not found: myapp.jsf.manager.ResultManagedBean@64c532da.result()
	at com.sun.faces.application.ActionListenerImpl.processAction(ActionListenerImpl.java:110)
	at javax.faces.component.UICommand.broadcast(UICommand.java:315)
	at javax.faces.component.UIViewRoot.broadcastEvents(UIViewRoot.java:794)
	at javax.faces.component.UIViewRoot.processApplication(UIViewRoot.java:1259)
	at com.sun.faces.lifecycle.InvokeApplicationPhase.execute(InvokeApplicationPhase.java:81)
	at com.sun.faces.lifecycle.Phase.doPhase(Phase.java:101)
	at com.sun.faces.lifecycle.LifecycleImpl.execute(LifecycleImpl.java:118)
	at javax.faces.webapp.FacesServlet.service(FacesServlet.java:409)
	at org.apache.catalina.core.ApplicationFilterChain.internalDoFilter(ApplicationFilterChain.java:305)
	at org.apache.catalina.core.ApplicationFilterChain.doFilter(ApplicationFilterChain.java:210)
	at org.apache.catalina.core.StandardWrapperValve.invoke(StandardWrapperValve.java:222)
	at org.apache.catalina.core.StandardContextValve.invoke(StandardContextValve.java:123)
	at org.apache.catalina.authenticator.AuthenticatorBase.invoke(AuthenticatorBase.java:472)
	at org.apache.catalina.core.StandardHostValve.invoke(StandardHostValve.java:171)
	at org.apache.catalina.valves.ErrorReportValve.invoke(ErrorReportValve.java:99)
	at org.apache.catalina.valves.AccessLogValve.invoke(AccessLogValve.java:931)
	at org.apache.catalina.core.StandardEngineValve.invoke(StandardEngineValve.java:118)
	at org.apache.catalina.connector.CoyoteAdapter.service(CoyoteAdapter.java:407)
	at org.apache.coyote.http11.AbstractHttp11Processor.process(AbstractHttp11Processor.java:1004)
	at org.apache.coyote.AbstractProtocol$AbstractConnectionHandler.process(AbstractProtocol.java:589)
	at org.apache.tomcat.util.net.AprEndpoint$SocketProcessor.run(AprEndpoint.java:1822)
	at java.util.concurrent.ThreadPoolExecutor.runWorker(ThreadPoolExecutor.java:1110)
	at java.util.concurrent.ThreadPoolExecutor$Worker.run(ThreadPoolExecutor.java:603)
	at java.lang.Thread.run(Thread.java:722)
Caused by: javax.faces.el.MethodNotFoundException: org.apache.jasper.el.JspMethodNotFoundException: /form.jsp(26,16) '#{resultManagedBean.result}' Method not found: myapp.jsf.manager.ResultManagedBean@64c532da.result()
	at javax.faces.component.MethodBindingMethodExpressionAdapter.invoke(MethodBindingMethodExpressionAdapter.java:92)
	at com.sun.faces.application.ActionListenerImpl.processAction(ActionListenerImpl.java:102)
	... 23 more
Caused by: org.apache.jasper.el.JspMethodNotFoundException: /form.jsp(26,16) '#{resultManagedBean.result}' Method not found: myapp.jsf.manager.ResultManagedBean@64c532da.result()
	at org.apache.jasper.el.JspMethodExpression.invoke(JspMethodExpression.java:73)
	at javax.faces.component.MethodBindingMethodExpressionAdapter.invoke(MethodBindingMethodExpressionAdapter.java:88)
	... 24 more

Feb 26, 2013 6:34:40 PM com.sun.faces.lifecycle.InvokeApplicationPhase execute
WARNING: #{resultManagedBean.result}: org.apache.jasper.el.JspMethodNotFoundException: /form.jsp(26,16) '#{resultManagedBean.result}' Method not found: myapp.jsf.manager.ResultManagedBean@5b729180.result()
javax.faces.FacesException: #{resultManagedBean.result}: org.apache.jasper.el.JspMethodNotFoundException: /form.jsp(26,16) '#{resultManagedBean.result}' Method not found: myapp.jsf.manager.ResultManagedBean@5b729180.result()
	at com.sun.faces.application.ActionListenerImpl.processAction(ActionListenerImpl.java:110)
	at javax.faces.component.UICommand.broadcast(UICommand.java:315)
	at javax.faces.component.UIViewRoot.broadcastEvents(UIViewRoot.java:794)
	at javax.faces.component.UIViewRoot.processApplication(UIViewRoot.java:1259)
	at com.sun.faces.lifecycle.InvokeApplicationPhase.execute(InvokeApplicationPhase.java:81)
	at com.sun.faces.lifecycle.Phase.doPhase(Phase.java:101)
	at com.sun.faces.lifecycle.LifecycleImpl.execute(LifecycleImpl.java:118)
	at javax.faces.webapp.FacesServlet.service(FacesServlet.java:409)
	at org.apache.catalina.core.ApplicationFilterChain.internalDoFilter(ApplicationFilterChain.java:305)
	at org.apache.catalina.core.ApplicationFilterChain.doFilter(ApplicationFilterChain.java:210)
	at org.apache.catalina.core.StandardWrapperValve.invoke(StandardWrapperValve.java:222)
	at org.apache.catalina.core.StandardContextValve.invoke(StandardContextValve.java:123)
	at org.apache.catalina.authenticator.AuthenticatorBase.invoke(AuthenticatorBase.java:472)
	at org.apache.catalina.core.StandardHostValve.invoke(StandardHostValve.java:171)
	at org.apache.catalina.valves.ErrorReportValve.invoke(ErrorReportValve.java:99)
	at org.apache.catalina.valves.AccessLogValve.invoke(AccessLogValve.java:931)
	at org.apache.catalina.core.StandardEngineValve.invoke(StandardEngineValve.java:118)
	at org.apache.catalina.connector.CoyoteAdapter.service(CoyoteAdapter.java:407)
	at org.apache.coyote.http11.AbstractHttp11Processor.process(AbstractHttp11Processor.java:1004)
	at org.apache.coyote.AbstractProtocol$AbstractConnectionHandler.process(AbstractProtocol.java:589)
	at org.apache.tomcat.util.net.AprEndpoint$SocketProcessor.run(AprEndpoint.java:1822)
	at java.util.concurrent.ThreadPoolExecutor.runWorker(ThreadPoolExecutor.java:1110)
	at java.util.concurrent.ThreadPoolExecutor$Worker.run(ThreadPoolExecutor.java:603)
	at java.lang.Thread.run(Thread.java:722)
Caused by: javax.faces.el.MethodNotFoundException: org.apache.jasper.el.JspMethodNotFoundException: /form.jsp(26,16) '#{resultManagedBean.result}' Method not found: myapp.jsf.manager.ResultManagedBean@5b729180.result()
	at javax.faces.component.MethodBindingMethodExpressionAdapter.invoke(MethodBindingMethodExpressionAdapter.java:92)
	at com.sun.faces.application.ActionListenerImpl.processAction(ActionListenerImpl.java:102)
	... 23 more
Caused by: org.apache.jasper.el.JspMethodNotFoundException: /form.jsp(26,16) '#{resultManagedBean.result}' Method not found: myapp.jsf.manager.ResultManagedBean@5b729180.result()
	at org.apache.jasper.el.JspMethodExpression.invoke(JspMethodExpression.java:73)
	at javax.faces.component.MethodBindingMethodExpressionAdapter.invoke(MethodBindingMethodExpressionAdapter.java:88)
	... 24 more

Feb 26, 2013 6:35:04 PM org.apache.catalina.core.StandardContext reload
INFO: Reloading Context with name [/JSF_A6] has started
Feb 26, 2013 6:35:06 PM com.sun.faces.config.ConfigureListener contextInitialized
INFO: Initializing Mojarra 2.1.1 (FCS 20110408) for context '/JSF_A6'
Feb 26, 2013 6:35:06 PM com.sun.faces.spi.InjectionProviderFactory createInstance
INFO: JSF1048: PostConstruct/PreDestroy annotations present.  ManagedBeans methods marked with these annotations will have said annotations processed.
Feb 26, 2013 6:35:06 PM com.sun.faces.config.ConfigureListener$WebConfigResourceMonitor$Monitor <init>
INFO: Monitoring jndi:/localhost/JSF_A6/WEB-INF/faces-config.xml for modifications
Feb 26, 2013 6:35:06 PM org.apache.catalina.core.StandardContext reload
INFO: Reloading Context with name [/JSF_A6] is completed
Feb 26, 2013 6:36:08 PM com.sun.faces.config.ConfigureListener contextInitialized
INFO: Initializing Mojarra 2.1.1 (FCS 20110408) for context '/JSF_A6'
Feb 26, 2013 6:36:08 PM com.sun.faces.spi.InjectionProviderFactory createInstance
INFO: JSF1048: PostConstruct/PreDestroy annotations present.  ManagedBeans methods marked with these annotations will have said annotations processed.
Feb 26, 2013 6:36:08 PM com.sun.faces.config.ConfigureListener$WebConfigResourceMonitor$Monitor <init>
INFO: Monitoring jndi:/localhost/JSF_A6/WEB-INF/faces-config.xml for modifications
Feb 26, 2013 6:42:21 PM org.apache.catalina.core.StandardContext reload
INFO: Reloading Context with name [/JSF_A6] has started
Feb 26, 2013 6:42:23 PM com.sun.faces.config.ConfigureListener contextInitialized
INFO: Initializing Mojarra 2.1.1 (FCS 20110408) for context '/JSF_A6'
Feb 26, 2013 6:42:23 PM com.sun.faces.spi.InjectionProviderFactory createInstance
INFO: JSF1048: PostConstruct/PreDestroy annotations present.  ManagedBeans methods marked with these annotations will have said annotations processed.
Feb 26, 2013 6:42:24 PM com.sun.faces.config.ConfigureListener$WebConfigResourceMonitor$Monitor <init>
INFO: Monitoring jndi:/localhost/JSF_A6/WEB-INF/faces-config.xml for modifications
Feb 26, 2013 6:42:24 PM org.apache.catalina.core.StandardContext reload
INFO: Reloading Context with name [/JSF_A6] is completed
Feb 26, 2013 6:45:55 PM org.apache.catalina.core.StandardContext reload
INFO: Reloading Context with name [/JSF_A6] has started
Feb 26, 2013 6:45:58 PM com.sun.faces.config.ConfigureListener contextInitialized
INFO: Initializing Mojarra 2.1.1 (FCS 20110408) for context '/JSF_A6'
Feb 26, 2013 6:45:58 PM com.sun.faces.spi.InjectionProviderFactory createInstance
INFO: JSF1048: PostConstruct/PreDestroy annotations present.  ManagedBeans methods marked with these annotations will have said annotations processed.
Feb 26, 2013 6:45:58 PM com.sun.faces.config.ConfigureListener$WebConfigResourceMonitor$Monitor <init>
INFO: Monitoring jndi:/localhost/JSF_A6/WEB-INF/faces-config.xml for modifications
Feb 26, 2013 6:45:59 PM org.apache.catalina.core.StandardContext reload
INFO: Reloading Context with name [/JSF_A6] is completed
Feb 26, 2013 6:45:59 PM org.apache.catalina.core.StandardContext reload
INFO: Reloading Context with name [/JSF_A6] has started
Feb 26, 2013 6:46:00 PM com.sun.faces.config.ConfigureListener contextInitialized
INFO: Initializing Mojarra 2.1.1 (FCS 20110408) for context '/JSF_A6'
Feb 26, 2013 6:46:01 PM com.sun.faces.spi.InjectionProviderFactory createInstance
INFO: JSF1048: PostConstruct/PreDestroy annotations present.  ManagedBeans methods marked with these annotations will have said annotations processed.
Feb 26, 2013 6:46:01 PM com.sun.faces.config.ConfigureListener$WebConfigResourceMonitor$Monitor <init>
INFO: Monitoring jndi:/localhost/JSF_A6/WEB-INF/faces-config.xml for modifications
Feb 26, 2013 6:46:01 PM org.apache.catalina.core.StandardContext reload
INFO: Reloading Context with name [/JSF_A6] is completed
Feb 26, 2013 6:46:25 PM com.sun.faces.config.ConfigureListener contextInitialized
INFO: Initializing Mojarra 2.1.1 (FCS 20110408) for context '/JSF_A6'
Feb 26, 2013 6:46:25 PM com.sun.faces.spi.InjectionProviderFactory createInstance
INFO: JSF1048: PostConstruct/PreDestroy annotations present.  ManagedBeans methods marked with these annotations will have said annotations processed.
Feb 26, 2013 6:46:26 PM com.sun.faces.config.ConfigureListener$WebConfigResourceMonitor$Monitor <init>
INFO: Monitoring jndi:/localhost/JSF_A6/WEB-INF/faces-config.xml for modifications
Feb 26, 2013 7:10:07 PM org.apache.catalina.core.StandardServer await
INFO: A valid shutdown command was received via the shutdown port. Stopping the Server instance.
Feb 26, 2013 7:10:07 PM org.apache.coyote.AbstractProtocol pause
INFO: Pausing ProtocolHandler ["http-apr-8080"]
Feb 26, 2013 7:10:07 PM org.apache.coyote.AbstractProtocol pause
INFO: Pausing ProtocolHandler ["ajp-apr-8009"]
Feb 26, 2013 7:10:07 PM org.apache.catalina.core.StandardService stopInternal
INFO: Stopping service Catalina
Feb 26, 2013 7:10:08 PM org.apache.coyote.AbstractProtocol stop
INFO: Stopping ProtocolHandler ["http-apr-8080"]
Feb 26, 2013 7:10:08 PM org.apache.coyote.AbstractProtocol stop
INFO: Stopping ProtocolHandler ["ajp-apr-8009"]
Feb 26, 2013 7:10:08 PM org.apache.coyote.AbstractProtocol destroy
INFO: Destroying ProtocolHandler ["http-apr-8080"]
Feb 26, 2013 7:10:08 PM org.apache.coyote.AbstractProtocol destroy
INFO: Destroying ProtocolHandler ["ajp-apr-8009"]
