Dec 14, 2012 6:11:30 PM org.apache.catalina.core.AprLifecycleListener init
INFO: Loaded APR based Apache Tomcat Native library 1.1.24 using APR version 1.4.6.
Dec 14, 2012 6:11:30 PM org.apache.catalina.core.AprLifecycleListener init
INFO: APR capabilities: IPv6 [true], sendfile [true], accept filters [false], random [true].
Dec 14, 2012 6:11:32 PM org.apache.catalina.core.AprLifecycleListener initializeSSL
INFO: OpenSSL successfully initialized (OpenSSL 1.0.1c 10 May 2012)
Dec 14, 2012 6:11:32 PM org.apache.coyote.AbstractProtocol init
INFO: Initializing ProtocolHandler ["http-apr-8080"]
Dec 14, 2012 6:11:32 PM org.apache.coyote.AbstractProtocol init
INFO: Initializing ProtocolHandler ["ajp-apr-8009"]
Dec 14, 2012 6:11:32 PM org.apache.catalina.startup.Catalina load
INFO: Initialization processed in 2458 ms
Dec 14, 2012 6:11:32 PM org.apache.catalina.users.MemoryUserDatabase createRole
WARNING: Null or zero length role name specified. The role will be ignored.
Dec 14, 2012 6:11:32 PM org.apache.tomcat.util.digester.FactoryCreateRule begin
INFO: [FactoryCreateRule] Create exception ignored: Null or zero length role name specified. The role will be ignored.
Dec 14, 2012 6:11:32 PM org.apache.catalina.core.StandardService startInternal
INFO: Starting service Catalina
Dec 14, 2012 6:11:32 PM org.apache.catalina.core.StandardEngine startInternal
INFO: Starting Servlet Engine: Apache Tomcat/7.0.33
Dec 14, 2012 6:11:32 PM org.apache.catalina.startup.HostConfig deployDescriptor
INFO: Deploying configuration descriptor F:\apache-tomcat-7.0.33\conf\Catalina\localhost\jsp_2.xml
Dec 14, 2012 6:11:33 PM org.apache.catalina.startup.HostConfig deployDescriptor
INFO: Deploying configuration descriptor F:\apache-tomcat-7.0.33\conf\Catalina\localhost\jsp_3.xml
Dec 14, 2012 6:11:33 PM org.apache.catalina.startup.HostConfig deployDescriptor
INFO: Deploying configuration descriptor F:\apache-tomcat-7.0.33\conf\Catalina\localhost\jsp_4.xml
Dec 14, 2012 6:11:34 PM org.apache.catalina.startup.HostConfig deployDirectory
INFO: Deploying web application directory F:\apache-tomcat-7.0.33\webapps\docs
Dec 14, 2012 6:11:34 PM org.apache.catalina.startup.HostConfig deployDirectory
INFO: Deploying web application directory F:\apache-tomcat-7.0.33\webapps\examples
Dec 14, 2012 6:11:34 PM org.apache.catalina.startup.HostConfig deployDirectory
INFO: Deploying web application directory F:\apache-tomcat-7.0.33\webapps\host-manager
Dec 14, 2012 6:11:34 PM org.apache.catalina.startup.HostConfig deployDirectory
INFO: Deploying web application directory F:\apache-tomcat-7.0.33\webapps\manager
Dec 14, 2012 6:11:35 PM org.apache.catalina.startup.HostConfig deployDirectory
INFO: Deploying web application directory F:\apache-tomcat-7.0.33\webapps\ROOT
Dec 14, 2012 6:11:35 PM org.apache.coyote.AbstractProtocol start
INFO: Starting ProtocolHandler ["http-apr-8080"]
Dec 14, 2012 6:11:35 PM org.apache.coyote.AbstractProtocol start
INFO: Starting ProtocolHandler ["ajp-apr-8009"]
Dec 14, 2012 6:11:35 PM org.apache.catalina.startup.Catalina start
INFO: Server startup in 2278 ms
Dec 14, 2012 6:11:35 PM org.apache.catalina.core.StandardContext reload
INFO: Reloading Context with name [/jsp_4] has started
Dec 14, 2012 6:11:36 PM org.apache.catalina.core.StandardContext reload
INFO: Reloading Context with name [/jsp_4] is completed
Dec 14, 2012 6:13:20 PM org.apache.jasper.compiler.TldLocationsCache tldScanJar
INFO: At least one JAR was scanned for TLDs yet contained no TLDs. Enable debug logging for this logger for a complete list of JARs that were scanned but no TLDs were found in them. Skipping unneeded JARs during scanning can improve startup time and JSP compilation time.
Dec 14, 2012 6:17:05 PM org.apache.catalina.core.StandardContext reload
INFO: Reloading Context with name [/jsp_4] has started
Dec 14, 2012 6:17:05 PM org.apache.catalina.loader.WebappClassLoader clearReferencesJdbc
SEVERE: The web application [/jsp_4] registered the JDBC driver [com.microsoft.sqlserver.jdbc.SQLServerDriver] but failed to unregister it when the web application was stopped. To prevent a memory leak, the JDBC Driver has been forcibly unregistered.
Dec 14, 2012 6:17:06 PM org.apache.catalina.core.StandardContext reload
INFO: Reloading Context with name [/jsp_4] is completed
Dec 14, 2012 6:22:58 PM org.apache.catalina.core.StandardContext reload
INFO: Reloading Context with name [/jsp_4] has started
Dec 14, 2012 6:22:58 PM org.apache.catalina.core.StandardContext reload
INFO: Reloading Context with name [/jsp_4] is completed
Dec 14, 2012 6:22:59 PM org.apache.catalina.core.StandardContext reload
INFO: Reloading Context with name [/jsp_4] has started
Dec 14, 2012 6:22:59 PM org.apache.catalina.core.StandardContext reload
INFO: Reloading Context with name [/jsp_4] is completed
Dec 14, 2012 6:23:55 PM org.apache.catalina.startup.HostConfig checkResources
INFO: Reloading context [/jsp_4]
Dec 14, 2012 6:23:55 PM org.apache.catalina.core.StandardContext reload
INFO: Reloading Context with name [/jsp_4] has started
Dec 14, 2012 6:23:55 PM org.apache.catalina.core.StandardContext reload
INFO: Reloading Context with name [/jsp_4] is completed
Dec 14, 2012 6:23:56 PM org.apache.catalina.core.StandardContext reload
INFO: Reloading Context with name [/jsp_4] has started
Dec 14, 2012 6:23:57 PM org.apache.catalina.core.StandardContext reload
INFO: Reloading Context with name [/jsp_4] is completed
Dec 14, 2012 6:25:09 PM org.apache.catalina.core.StandardContext reload
INFO: Reloading Context with name [/jsp_4] has started
Dec 14, 2012 6:25:10 PM org.apache.catalina.core.StandardContext reload
INFO: Reloading Context with name [/jsp_4] is completed
Dec 14, 2012 6:37:20 PM org.apache.catalina.core.StandardContext reload
INFO: Reloading Context with name [/jsp_4] has started
Dec 14, 2012 6:37:20 PM org.apache.catalina.loader.WebappClassLoader clearReferencesJdbc
SEVERE: The web application [/jsp_4] registered the JDBC driver [com.microsoft.sqlserver.jdbc.SQLServerDriver] but failed to unregister it when the web application was stopped. To prevent a memory leak, the JDBC Driver has been forcibly unregistered.
Dec 14, 2012 6:37:20 PM org.apache.catalina.core.StandardContext reload
INFO: Reloading Context with name [/jsp_4] is completed
Dec 14, 2012 6:42:33 PM org.apache.catalina.core.StandardContext reload
INFO: Reloading Context with name [/jsp_4] has started
Dec 14, 2012 6:42:34 PM org.apache.catalina.core.StandardContext reload
INFO: Reloading Context with name [/jsp_4] is completed
Dec 14, 2012 7:20:45 PM org.apache.catalina.core.AprLifecycleListener init
INFO: Loaded APR based Apache Tomcat Native library 1.1.24 using APR version 1.4.6.
Dec 14, 2012 7:20:45 PM org.apache.catalina.core.AprLifecycleListener init
INFO: APR capabilities: IPv6 [true], sendfile [true], accept filters [false], random [true].
Dec 14, 2012 7:20:46 PM org.apache.catalina.core.AprLifecycleListener initializeSSL
INFO: OpenSSL successfully initialized (OpenSSL 1.0.1c 10 May 2012)
Dec 14, 2012 7:20:46 PM org.apache.coyote.AbstractProtocol init
INFO: Initializing ProtocolHandler ["http-apr-8080"]
Dec 14, 2012 7:20:46 PM org.apache.coyote.AbstractProtocol init
INFO: Initializing ProtocolHandler ["ajp-apr-8009"]
Dec 14, 2012 7:20:46 PM org.apache.catalina.startup.Catalina load
INFO: Initialization processed in 1559 ms
Dec 14, 2012 7:20:46 PM org.apache.catalina.users.MemoryUserDatabase createRole
WARNING: Null or zero length role name specified. The role will be ignored.
Dec 14, 2012 7:20:46 PM org.apache.tomcat.util.digester.FactoryCreateRule begin
INFO: [FactoryCreateRule] Create exception ignored: Null or zero length role name specified. The role will be ignored.
Dec 14, 2012 7:20:46 PM org.apache.catalina.core.StandardService startInternal
INFO: Starting service Catalina
Dec 14, 2012 7:20:46 PM org.apache.catalina.core.StandardEngine startInternal
INFO: Starting Servlet Engine: Apache Tomcat/7.0.33
Dec 14, 2012 7:20:46 PM org.apache.catalina.startup.HostConfig deployDescriptor
INFO: Deploying configuration descriptor F:\apache-tomcat-7.0.33\conf\Catalina\localhost\jsp_2.xml
Dec 14, 2012 7:20:47 PM org.apache.catalina.startup.HostConfig deployDescriptor
INFO: Deploying configuration descriptor F:\apache-tomcat-7.0.33\conf\Catalina\localhost\jsp_3.xml
Dec 14, 2012 7:20:47 PM org.apache.catalina.startup.HostConfig deployDescriptor
INFO: Deploying configuration descriptor F:\apache-tomcat-7.0.33\conf\Catalina\localhost\jsp_4.xml
Dec 14, 2012 7:20:47 PM org.apache.catalina.startup.HostConfig deployDirectory
INFO: Deploying web application directory F:\apache-tomcat-7.0.33\webapps\docs
Dec 14, 2012 7:20:47 PM org.apache.catalina.startup.HostConfig deployDirectory
INFO: Deploying web application directory F:\apache-tomcat-7.0.33\webapps\examples
Dec 14, 2012 7:20:47 PM org.apache.catalina.startup.HostConfig deployDirectory
INFO: Deploying web application directory F:\apache-tomcat-7.0.33\webapps\host-manager
Dec 14, 2012 7:20:47 PM org.apache.catalina.startup.HostConfig deployDirectory
INFO: Deploying web application directory F:\apache-tomcat-7.0.33\webapps\manager
Dec 14, 2012 7:20:47 PM org.apache.catalina.startup.HostConfig deployDirectory
INFO: Deploying web application directory F:\apache-tomcat-7.0.33\webapps\ROOT
Dec 14, 2012 7:20:47 PM org.apache.coyote.AbstractProtocol start
INFO: Starting ProtocolHandler ["http-apr-8080"]
Dec 14, 2012 7:20:47 PM org.apache.coyote.AbstractProtocol start
INFO: Starting ProtocolHandler ["ajp-apr-8009"]
Dec 14, 2012 7:20:47 PM org.apache.catalina.startup.Catalina start
INFO: Server startup in 1079 ms
Dec 14, 2012 7:20:59 PM org.apache.jasper.compiler.TldLocationsCache tldScanJar
INFO: At least one JAR was scanned for TLDs yet contained no TLDs. Enable debug logging for this logger for a complete list of JARs that were scanned but no TLDs were found in them. Skipping unneeded JARs during scanning can improve startup time and JSP compilation time.
Dec 14, 2012 7:21:43 PM org.apache.catalina.core.StandardServer await
INFO: A valid shutdown command was received via the shutdown port. Stopping the Server instance.
Dec 14, 2012 7:21:43 PM org.apache.coyote.AbstractProtocol pause
INFO: Pausing ProtocolHandler ["http-apr-8080"]
Dec 14, 2012 7:21:43 PM org.apache.coyote.AbstractProtocol pause
INFO: Pausing ProtocolHandler ["ajp-apr-8009"]
Dec 14, 2012 7:21:44 PM org.apache.catalina.core.StandardService stopInternal
INFO: Stopping service Catalina
Dec 14, 2012 7:21:44 PM org.apache.catalina.loader.WebappClassLoader clearReferencesJdbc
SEVERE: The web application [/jsp_4] registered the JDBC driver [com.microsoft.sqlserver.jdbc.SQLServerDriver] but failed to unregister it when the web application was stopped. To prevent a memory leak, the JDBC Driver has been forcibly unregistered.
Dec 14, 2012 7:21:44 PM org.apache.coyote.AbstractProtocol stop
INFO: Stopping ProtocolHandler ["http-apr-8080"]
Dec 14, 2012 7:21:44 PM org.apache.coyote.AbstractProtocol stop
INFO: Stopping ProtocolHandler ["ajp-apr-8009"]
Dec 14, 2012 7:21:44 PM org.apache.coyote.AbstractProtocol destroy
INFO: Destroying ProtocolHandler ["http-apr-8080"]
Dec 14, 2012 7:21:44 PM org.apache.coyote.AbstractProtocol destroy
INFO: Destroying ProtocolHandler ["ajp-apr-8009"]
