Dec 14, 2012 6:11:35 PM org.apache.catalina.core.ApplicationContext log
INFO: Manager: init: Associated with Deployer 'Catalina:type=Deployer,host=localhost'
Dec 14, 2012 6:11:35 PM org.apache.catalina.core.ApplicationContext log
INFO: Manager: init: Global resources are available
Dec 14, 2012 6:11:35 PM org.apache.catalina.core.ApplicationContext log
INFO: Manager: list: Listing contexts for virtual host 'localhost'
Dec 14, 2012 6:11:35 PM org.apache.catalina.core.ApplicationContext log
INFO: Manager: list: Listing contexts for virtual host 'localhost'
Dec 14, 2012 6:11:35 PM org.apache.catalina.core.ApplicationContext log
INFO: Manager: restart: Reloading web application '/jsp_4'
Dec 14, 2012 6:13:09 PM org.apache.catalina.core.ApplicationContext log
INFO: Manager: list: Listing contexts for virtual host 'localhost'
Dec 14, 2012 6:13:48 PM org.apache.catalina.core.ApplicationContext log
INFO: Manager: list: Listing contexts for virtual host 'localhost'
Dec 14, 2012 6:14:45 PM org.apache.catalina.core.ApplicationContext log
INFO: Manager: list: Listing contexts for virtual host 'localhost'
Dec 14, 2012 6:15:01 PM org.apache.catalina.core.ApplicationContext log
INFO: Manager: list: Listing contexts for virtual host 'localhost'
Dec 14, 2012 6:17:05 PM org.apache.catalina.core.ApplicationContext log
INFO: Manager: list: Listing contexts for virtual host 'localhost'
Dec 14, 2012 6:17:05 PM org.apache.catalina.core.ApplicationContext log
INFO: Manager: restart: Reloading web application '/jsp_4'
Dec 14, 2012 6:22:58 PM org.apache.catalina.core.ApplicationContext log
INFO: Manager: list: Listing contexts for virtual host 'localhost'
Dec 14, 2012 6:22:58 PM org.apache.catalina.core.ApplicationContext log
INFO: Manager: restart: Reloading web application '/jsp_4'
Dec 14, 2012 6:22:59 PM org.apache.catalina.core.ApplicationContext log
INFO: Manager: list: Listing contexts for virtual host 'localhost'
Dec 14, 2012 6:22:59 PM org.apache.catalina.core.ApplicationContext log
INFO: Manager: restart: Reloading web application '/jsp_4'
Dec 14, 2012 6:23:55 PM org.apache.catalina.core.ApplicationContext log
INFO: Manager: list: Listing contexts for virtual host 'localhost'
Dec 14, 2012 6:23:55 PM org.apache.catalina.core.ApplicationContext log
INFO: Manager: stop: Stopping web application '/jsp_4'
Dec 14, 2012 6:23:56 PM org.apache.catalina.core.ApplicationContext log
INFO: Manager: start: Starting web application '/jsp_4'
Dec 14, 2012 6:23:56 PM org.apache.catalina.core.ApplicationContext log
INFO: Manager: list: Listing contexts for virtual host 'localhost'
Dec 14, 2012 6:23:56 PM org.apache.catalina.core.ApplicationContext log
INFO: Manager: restart: Reloading web application '/jsp_4'
Dec 14, 2012 6:25:09 PM org.apache.catalina.core.ApplicationContext log
INFO: Manager: list: Listing contexts for virtual host 'localhost'
Dec 14, 2012 6:25:09 PM org.apache.catalina.core.ApplicationContext log
INFO: Manager: restart: Reloading web application '/jsp_4'
Dec 14, 2012 6:25:14 PM org.apache.catalina.core.ApplicationContext log
INFO: Manager: list: Listing contexts for virtual host 'localhost'
Dec 14, 2012 6:25:14 PM org.apache.catalina.core.ApplicationContext log
INFO: Manager: list: Listing contexts for virtual host 'localhost'
Dec 14, 2012 6:25:14 PM org.apache.catalina.core.ApplicationContext log
INFO: Manager: stop: Stopping web application '/jsp_4'
Dec 14, 2012 6:25:15 PM org.apache.catalina.core.ApplicationContext log
INFO: Manager: start: Starting web application '/jsp_4'
Dec 14, 2012 6:25:53 PM org.apache.catalina.core.ApplicationContext log
INFO: Manager: list: Listing contexts for virtual host 'localhost'
Dec 14, 2012 6:26:05 PM org.apache.catalina.core.ApplicationContext log
INFO: Manager: list: Listing contexts for virtual host 'localhost'
Dec 14, 2012 6:26:52 PM org.apache.catalina.core.ApplicationContext log
INFO: Manager: list: Listing contexts for virtual host 'localhost'
Dec 14, 2012 6:28:14 PM org.apache.catalina.core.ApplicationContext log
INFO: Manager: list: Listing contexts for virtual host 'localhost'
Dec 14, 2012 6:28:42 PM org.apache.catalina.core.ApplicationContext log
INFO: Manager: list: Listing contexts for virtual host 'localhost'
Dec 14, 2012 6:29:06 PM org.apache.catalina.core.ApplicationContext log
INFO: Manager: list: Listing contexts for virtual host 'localhost'
Dec 14, 2012 6:37:20 PM org.apache.catalina.core.ApplicationContext log
INFO: Manager: list: Listing contexts for virtual host 'localhost'
Dec 14, 2012 6:37:20 PM org.apache.catalina.core.ApplicationContext log
INFO: Manager: restart: Reloading web application '/jsp_4'
Dec 14, 2012 6:38:22 PM org.apache.catalina.core.ApplicationContext log
INFO: Manager: list: Listing contexts for virtual host 'localhost'
Dec 14, 2012 6:40:34 PM org.apache.catalina.core.ApplicationContext log
INFO: Manager: list: Listing contexts for virtual host 'localhost'
Dec 14, 2012 6:42:28 PM org.apache.catalina.core.ApplicationContext log
INFO: Manager: list: Listing contexts for virtual host 'localhost'
Dec 14, 2012 6:42:33 PM org.apache.catalina.core.ApplicationContext log
INFO: Manager: list: Listing contexts for virtual host 'localhost'
Dec 14, 2012 6:42:33 PM org.apache.catalina.core.ApplicationContext log
INFO: Manager: list: Listing contexts for virtual host 'localhost'
Dec 14, 2012 6:42:33 PM org.apache.catalina.core.ApplicationContext log
INFO: Manager: restart: Reloading web application '/jsp_4'
Dec 14, 2012 6:43:33 PM org.apache.catalina.core.ApplicationContext log
INFO: Manager: list: Listing contexts for virtual host 'localhost'
Dec 14, 2012 6:44:04 PM org.apache.catalina.core.ApplicationContext log
INFO: Manager: list: Listing contexts for virtual host 'localhost'
Dec 14, 2012 6:44:04 PM org.apache.catalina.core.ApplicationContext log
INFO: Manager: list: Listing contexts for virtual host 'localhost'
Dec 14, 2012 6:45:39 PM org.apache.catalina.core.ApplicationContext log
INFO: Manager: list: Listing contexts for virtual host 'localhost'
Dec 14, 2012 6:45:44 PM org.apache.catalina.core.ApplicationContext log
INFO: Manager: list: Listing contexts for virtual host 'localhost'
Dec 14, 2012 6:45:44 PM org.apache.catalina.core.ApplicationContext log
INFO: Manager: list: Listing contexts for virtual host 'localhost'
Dec 14, 2012 6:46:52 PM org.apache.catalina.core.ApplicationContext log
INFO: Manager: list: Listing contexts for virtual host 'localhost'
Dec 14, 2012 6:47:32 PM org.apache.catalina.core.ApplicationContext log
INFO: Manager: list: Listing contexts for virtual host 'localhost'
Dec 14, 2012 6:47:32 PM org.apache.catalina.core.ApplicationContext log
INFO: Manager: list: Listing contexts for virtual host 'localhost'
Dec 14, 2012 6:48:21 PM org.apache.catalina.core.ApplicationContext log
INFO: Manager: list: Listing contexts for virtual host 'localhost'
Dec 14, 2012 6:48:36 PM org.apache.catalina.core.ApplicationContext log
INFO: Manager: list: Listing contexts for virtual host 'localhost'
Dec 14, 2012 6:48:36 PM org.apache.catalina.core.ApplicationContext log
INFO: Manager: list: Listing contexts for virtual host 'localhost'
Dec 14, 2012 6:48:58 PM org.apache.catalina.core.ApplicationContext log
INFO: Manager: list: Listing contexts for virtual host 'localhost'
Dec 14, 2012 6:48:58 PM org.apache.catalina.core.ApplicationContext log
INFO: Manager: list: Listing contexts for virtual host 'localhost'
Dec 14, 2012 6:50:21 PM org.apache.catalina.core.ApplicationContext log
INFO: Manager: list: Listing contexts for virtual host 'localhost'
Dec 14, 2012 6:50:47 PM org.apache.catalina.core.ApplicationContext log
INFO: Manager: list: Listing contexts for virtual host 'localhost'
Dec 14, 2012 6:50:52 PM org.apache.catalina.core.ApplicationContext log
INFO: Manager: list: Listing contexts for virtual host 'localhost'
Dec 14, 2012 6:50:52 PM org.apache.catalina.core.ApplicationContext log
INFO: Manager: list: Listing contexts for virtual host 'localhost'
Dec 14, 2012 6:54:01 PM org.apache.catalina.core.ApplicationContext log
INFO: Manager: list: Listing contexts for virtual host 'localhost'
Dec 14, 2012 7:02:53 PM org.apache.catalina.core.ApplicationContext log
INFO: Manager: list: Listing contexts for virtual host 'localhost'
Dec 14, 2012 7:03:04 PM org.apache.catalina.core.ApplicationContext log
INFO: Manager: list: Listing contexts for virtual host 'localhost'
Dec 14, 2012 7:03:52 PM org.apache.catalina.core.ApplicationContext log
INFO: Manager: list: Listing contexts for virtual host 'localhost'
Dec 14, 2012 7:04:42 PM org.apache.catalina.core.ApplicationContext log
INFO: Manager: list: Listing contexts for virtual host 'localhost'
Dec 14, 2012 7:20:48 PM org.apache.catalina.core.ApplicationContext log
INFO: Manager: init: Associated with Deployer 'Catalina:type=Deployer,host=localhost'
Dec 14, 2012 7:20:48 PM org.apache.catalina.core.ApplicationContext log
INFO: Manager: init: Global resources are available
Dec 14, 2012 7:20:48 PM org.apache.catalina.core.ApplicationContext log
INFO: Manager: list: Listing contexts for virtual host 'localhost'
Dec 14, 2012 7:20:48 PM org.apache.catalina.core.ApplicationContext log
INFO: Manager: list: Listing contexts for virtual host 'localhost'
