Dec 04, 2012 6:34:17 PM org.apache.catalina.core.AprLifecycleListener init
INFO: Loaded APR based Apache Tomcat Native library 1.1.24 using APR version 1.4.6.
Dec 04, 2012 6:34:17 PM org.apache.catalina.core.AprLifecycleListener init
INFO: APR capabilities: IPv6 [true], sendfile [true], accept filters [false], random [true].
Dec 04, 2012 6:34:19 PM org.apache.catalina.core.AprLifecycleListener initializeSSL
INFO: OpenSSL successfully initialized (OpenSSL 1.0.1c 10 May 2012)
Dec 04, 2012 6:34:19 PM org.apache.coyote.AbstractProtocol init
INFO: Initializing ProtocolHandler ["http-apr-8080"]
Dec 04, 2012 6:34:19 PM org.apache.coyote.AbstractProtocol init
INFO: Initializing ProtocolHandler ["ajp-apr-8009"]
Dec 04, 2012 6:34:19 PM org.apache.catalina.startup.Catalina load
INFO: Initialization processed in 2527 ms
Dec 04, 2012 6:34:19 PM org.apache.catalina.users.MemoryUserDatabase createRole
WARNING: Null or zero length role name specified. The role will be ignored.
Dec 04, 2012 6:34:19 PM org.apache.tomcat.util.digester.FactoryCreateRule begin
INFO: [FactoryCreateRule] Create exception ignored: Null or zero length role name specified. The role will be ignored.
Dec 04, 2012 6:34:19 PM org.apache.catalina.core.StandardService startInternal
INFO: Starting service Catalina
Dec 04, 2012 6:34:19 PM org.apache.catalina.core.StandardEngine startInternal
INFO: Starting Servlet Engine: Apache Tomcat/7.0.33
Dec 04, 2012 6:34:19 PM org.apache.catalina.startup.HostConfig deployDescriptor
INFO: Deploying configuration descriptor F:\apache-tomcat-7.0.33\conf\Catalina\localhost\jsp_2.xml
Dec 04, 2012 6:34:20 PM org.apache.catalina.startup.HostConfig deployDirectory
INFO: Deploying web application directory F:\apache-tomcat-7.0.33\webapps\docs
Dec 04, 2012 6:34:20 PM org.apache.catalina.startup.HostConfig deployDirectory
INFO: Deploying web application directory F:\apache-tomcat-7.0.33\webapps\examples
Dec 04, 2012 6:34:21 PM org.apache.catalina.startup.HostConfig deployDirectory
INFO: Deploying web application directory F:\apache-tomcat-7.0.33\webapps\host-manager
Dec 04, 2012 6:34:21 PM org.apache.catalina.startup.HostConfig deployDirectory
INFO: Deploying web application directory F:\apache-tomcat-7.0.33\webapps\manager
Dec 04, 2012 6:34:21 PM org.apache.catalina.startup.HostConfig deployDirectory
INFO: Deploying web application directory F:\apache-tomcat-7.0.33\webapps\ROOT
Dec 04, 2012 6:34:21 PM org.apache.coyote.AbstractProtocol start
INFO: Starting ProtocolHandler ["http-apr-8080"]
Dec 04, 2012 6:34:21 PM org.apache.coyote.AbstractProtocol start
INFO: Starting ProtocolHandler ["ajp-apr-8009"]
Dec 04, 2012 6:34:21 PM org.apache.catalina.startup.Catalina start
INFO: Server startup in 1490 ms
Dec 04, 2012 6:34:21 PM org.apache.catalina.startup.HostConfig deployDescriptor
INFO: Deploying configuration descriptor F:\apache-tomcat-7.0.33\conf\Catalina\localhost\jsp_3.xml
Dec 04, 2012 6:34:22 PM org.apache.catalina.util.LifecycleBase start
INFO: The start() method was called on component [StandardEngine[Catalina].StandardHost[localhost].StandardContext[/jsp_3]] after start() had already been called. The second call will be ignored.
Dec 04, 2012 6:44:03 PM org.apache.catalina.core.StandardContext reload
INFO: Reloading Context with name [/jsp_3] has started
Dec 04, 2012 6:44:04 PM org.apache.catalina.core.StandardContext reload
INFO: Reloading Context with name [/jsp_3] is completed
Dec 04, 2012 6:44:58 PM org.apache.catalina.core.StandardContext reload
INFO: Reloading Context with name [/jsp_3] has started
Dec 04, 2012 6:44:58 PM org.apache.catalina.core.StandardContext reload
INFO: Reloading Context with name [/jsp_3] is completed
Dec 04, 2012 6:46:43 PM org.apache.catalina.core.StandardContext reload
INFO: Reloading Context with name [/jsp_3] has started
Dec 04, 2012 6:46:43 PM org.apache.catalina.loader.WebappClassLoader clearReferencesJdbc
SEVERE: The web application [/jsp_3] registered the JDBC driver [com.microsoft.sqlserver.jdbc.SQLServerDriver] but failed to unregister it when the web application was stopped. To prevent a memory leak, the JDBC Driver has been forcibly unregistered.
Dec 04, 2012 6:46:44 PM org.apache.catalina.core.StandardContext reload
INFO: Reloading Context with name [/jsp_3] is completed
Dec 04, 2012 6:47:01 PM org.apache.catalina.core.StandardServer await
INFO: A valid shutdown command was received via the shutdown port. Stopping the Server instance.
Dec 04, 2012 6:47:01 PM org.apache.coyote.AbstractProtocol pause
INFO: Pausing ProtocolHandler ["http-apr-8080"]
Dec 04, 2012 6:47:01 PM org.apache.coyote.AbstractProtocol pause
INFO: Pausing ProtocolHandler ["ajp-apr-8009"]
Dec 04, 2012 6:47:01 PM org.apache.catalina.core.StandardService stopInternal
INFO: Stopping service Catalina
Dec 04, 2012 6:47:01 PM org.apache.coyote.AbstractProtocol stop
INFO: Stopping ProtocolHandler ["http-apr-8080"]
Dec 04, 2012 6:47:01 PM org.apache.coyote.AbstractProtocol stop
INFO: Stopping ProtocolHandler ["ajp-apr-8009"]
Dec 04, 2012 6:47:01 PM org.apache.coyote.AbstractProtocol destroy
INFO: Destroying ProtocolHandler ["http-apr-8080"]
Dec 04, 2012 6:47:01 PM org.apache.coyote.AbstractProtocol destroy
INFO: Destroying ProtocolHandler ["ajp-apr-8009"]
Dec 04, 2012 6:47:04 PM org.apache.catalina.core.AprLifecycleListener init
INFO: Loaded APR based Apache Tomcat Native library 1.1.24 using APR version 1.4.6.
Dec 04, 2012 6:47:04 PM org.apache.catalina.core.AprLifecycleListener init
INFO: APR capabilities: IPv6 [true], sendfile [true], accept filters [false], random [true].
Dec 04, 2012 6:47:05 PM org.apache.catalina.core.AprLifecycleListener initializeSSL
INFO: OpenSSL successfully initialized (OpenSSL 1.0.1c 10 May 2012)
Dec 04, 2012 6:47:05 PM org.apache.coyote.AbstractProtocol init
INFO: Initializing ProtocolHandler ["http-apr-8080"]
Dec 04, 2012 6:47:05 PM org.apache.coyote.AbstractProtocol init
INFO: Initializing ProtocolHandler ["ajp-apr-8009"]
Dec 04, 2012 6:47:05 PM org.apache.catalina.startup.Catalina load
INFO: Initialization processed in 1552 ms
Dec 04, 2012 6:47:05 PM org.apache.catalina.users.MemoryUserDatabase createRole
WARNING: Null or zero length role name specified. The role will be ignored.
Dec 04, 2012 6:47:05 PM org.apache.tomcat.util.digester.FactoryCreateRule begin
INFO: [FactoryCreateRule] Create exception ignored: Null or zero length role name specified. The role will be ignored.
Dec 04, 2012 6:47:05 PM org.apache.catalina.core.StandardService startInternal
INFO: Starting service Catalina
Dec 04, 2012 6:47:05 PM org.apache.catalina.core.StandardEngine startInternal
INFO: Starting Servlet Engine: Apache Tomcat/7.0.33
Dec 04, 2012 6:47:05 PM org.apache.catalina.startup.HostConfig deployDescriptor
INFO: Deploying configuration descriptor F:\apache-tomcat-7.0.33\conf\Catalina\localhost\jsp_2.xml
Dec 04, 2012 6:47:06 PM org.apache.catalina.startup.HostConfig deployDescriptor
INFO: Deploying configuration descriptor F:\apache-tomcat-7.0.33\conf\Catalina\localhost\jsp_3.xml
Dec 04, 2012 6:47:06 PM org.apache.catalina.startup.HostConfig deployDirectory
INFO: Deploying web application directory F:\apache-tomcat-7.0.33\webapps\docs
Dec 04, 2012 6:47:06 PM org.apache.catalina.startup.HostConfig deployDirectory
INFO: Deploying web application directory F:\apache-tomcat-7.0.33\webapps\examples
Dec 04, 2012 6:47:06 PM org.apache.catalina.startup.HostConfig deployDirectory
INFO: Deploying web application directory F:\apache-tomcat-7.0.33\webapps\host-manager
Dec 04, 2012 6:47:06 PM org.apache.catalina.startup.HostConfig deployDirectory
INFO: Deploying web application directory F:\apache-tomcat-7.0.33\webapps\manager
Dec 04, 2012 6:47:06 PM org.apache.catalina.startup.HostConfig deployDirectory
INFO: Deploying web application directory F:\apache-tomcat-7.0.33\webapps\ROOT
Dec 04, 2012 6:47:06 PM org.apache.coyote.AbstractProtocol start
INFO: Starting ProtocolHandler ["http-apr-8080"]
Dec 04, 2012 6:47:06 PM org.apache.coyote.AbstractProtocol start
INFO: Starting ProtocolHandler ["ajp-apr-8009"]
Dec 04, 2012 6:47:06 PM org.apache.catalina.startup.Catalina start
INFO: Server startup in 888 ms
Dec 04, 2012 6:47:16 PM org.apache.catalina.core.StandardContext reload
INFO: Reloading Context with name [/jsp_3] has started
Dec 04, 2012 6:47:17 PM org.apache.catalina.core.StandardContext reload
INFO: Reloading Context with name [/jsp_3] is completed
Dec 04, 2012 6:48:43 PM org.apache.catalina.core.StandardContext reload
INFO: Reloading Context with name [/jsp_3] has started
Dec 04, 2012 6:48:43 PM org.apache.catalina.loader.WebappClassLoader clearReferencesJdbc
SEVERE: The web application [/jsp_3] registered the JDBC driver [com.microsoft.sqlserver.jdbc.SQLServerDriver] but failed to unregister it when the web application was stopped. To prevent a memory leak, the JDBC Driver has been forcibly unregistered.
Dec 04, 2012 6:48:43 PM org.apache.catalina.core.StandardContext reload
INFO: Reloading Context with name [/jsp_3] is completed
Dec 04, 2012 6:49:46 PM org.apache.catalina.startup.HostConfig checkResources
INFO: Reloading context [/jsp_3]
Dec 04, 2012 6:49:46 PM org.apache.catalina.core.StandardContext reload
INFO: Reloading Context with name [/jsp_3] has started
Dec 04, 2012 6:49:47 PM org.apache.catalina.core.StandardContext reload
INFO: Reloading Context with name [/jsp_3] is completed
Dec 04, 2012 6:50:16 PM org.apache.catalina.core.StandardContext reload
INFO: Reloading Context with name [/jsp_3] has started
Dec 04, 2012 6:50:16 PM org.apache.catalina.loader.WebappClassLoader clearReferencesJdbc
SEVERE: The web application [/jsp_3] registered the JDBC driver [com.microsoft.sqlserver.jdbc.SQLServerDriver] but failed to unregister it when the web application was stopped. To prevent a memory leak, the JDBC Driver has been forcibly unregistered.
Dec 04, 2012 6:50:17 PM org.apache.catalina.core.StandardContext reload
INFO: Reloading Context with name [/jsp_3] is completed
Dec 04, 2012 6:50:37 PM org.apache.catalina.startup.HostConfig checkResources
INFO: Reloading context [/jsp_3]
Dec 04, 2012 6:50:37 PM org.apache.catalina.core.StandardContext reload
INFO: Reloading Context with name [/jsp_3] has started
Dec 04, 2012 6:50:37 PM org.apache.catalina.core.StandardContext reload
INFO: Reloading Context with name [/jsp_3] is completed
Dec 04, 2012 6:50:38 PM org.apache.catalina.core.StandardContext reload
INFO: Reloading Context with name [/jsp_3] has started
Dec 04, 2012 6:50:38 PM org.apache.catalina.core.StandardContext reload
INFO: Reloading Context with name [/jsp_3] is completed
Dec 04, 2012 6:55:03 PM org.apache.catalina.core.StandardContext reload
INFO: Reloading Context with name [/jsp_3] has started
Dec 04, 2012 6:55:03 PM org.apache.catalina.core.StandardContext reload
INFO: Reloading Context with name [/jsp_3] is completed
Dec 04, 2012 6:55:22 PM org.apache.catalina.core.StandardContext reload
INFO: Reloading Context with name [/jsp_3] has started
Dec 04, 2012 6:55:22 PM org.apache.catalina.core.StandardContext reload
INFO: Reloading Context with name [/jsp_3] is completed
Dec 04, 2012 6:55:27 PM org.apache.catalina.startup.HostConfig checkResources
INFO: Reloading context [/jsp_3]
Dec 04, 2012 6:55:27 PM org.apache.catalina.core.StandardContext reload
INFO: Reloading Context with name [/jsp_3] has started
Dec 04, 2012 6:55:28 PM org.apache.catalina.core.StandardContext reload
INFO: Reloading Context with name [/jsp_3] is completed
Dec 04, 2012 6:56:08 PM org.apache.catalina.core.StandardServer await
INFO: A valid shutdown command was received via the shutdown port. Stopping the Server instance.
Dec 04, 2012 6:56:08 PM org.apache.coyote.AbstractProtocol pause
INFO: Pausing ProtocolHandler ["http-apr-8080"]
Dec 04, 2012 6:56:08 PM org.apache.coyote.AbstractProtocol pause
INFO: Pausing ProtocolHandler ["ajp-apr-8009"]
Dec 04, 2012 6:56:08 PM org.apache.catalina.core.StandardService stopInternal
INFO: Stopping service Catalina
Dec 04, 2012 6:56:08 PM org.apache.catalina.loader.WebappClassLoader clearReferencesJdbc
SEVERE: The web application [/jsp_3] registered the JDBC driver [com.microsoft.sqlserver.jdbc.SQLServerDriver] but failed to unregister it when the web application was stopped. To prevent a memory leak, the JDBC Driver has been forcibly unregistered.
Dec 04, 2012 6:56:08 PM org.apache.coyote.AbstractProtocol stop
INFO: Stopping ProtocolHandler ["http-apr-8080"]
Dec 04, 2012 6:56:08 PM org.apache.coyote.AbstractProtocol stop
INFO: Stopping ProtocolHandler ["ajp-apr-8009"]
Dec 04, 2012 6:56:08 PM org.apache.coyote.AbstractProtocol destroy
INFO: Destroying ProtocolHandler ["http-apr-8080"]
Dec 04, 2012 6:56:08 PM org.apache.coyote.AbstractProtocol destroy
INFO: Destroying ProtocolHandler ["ajp-apr-8009"]
Dec 04, 2012 6:56:12 PM org.apache.catalina.core.AprLifecycleListener init
INFO: Loaded APR based Apache Tomcat Native library 1.1.24 using APR version 1.4.6.
Dec 04, 2012 6:56:12 PM org.apache.catalina.core.AprLifecycleListener init
INFO: APR capabilities: IPv6 [true], sendfile [true], accept filters [false], random [true].
Dec 04, 2012 6:56:13 PM org.apache.catalina.core.AprLifecycleListener initializeSSL
INFO: OpenSSL successfully initialized (OpenSSL 1.0.1c 10 May 2012)
Dec 04, 2012 6:56:13 PM org.apache.coyote.AbstractProtocol init
INFO: Initializing ProtocolHandler ["http-apr-8080"]
Dec 04, 2012 6:56:13 PM org.apache.coyote.AbstractProtocol init
INFO: Initializing ProtocolHandler ["ajp-apr-8009"]
Dec 04, 2012 6:56:13 PM org.apache.catalina.startup.Catalina load
INFO: Initialization processed in 1553 ms
Dec 04, 2012 6:56:13 PM org.apache.catalina.users.MemoryUserDatabase createRole
WARNING: Null or zero length role name specified. The role will be ignored.
Dec 04, 2012 6:56:13 PM org.apache.tomcat.util.digester.FactoryCreateRule begin
INFO: [FactoryCreateRule] Create exception ignored: Null or zero length role name specified. The role will be ignored.
Dec 04, 2012 6:56:13 PM org.apache.catalina.core.StandardService startInternal
INFO: Starting service Catalina
Dec 04, 2012 6:56:13 PM org.apache.catalina.core.StandardEngine startInternal
INFO: Starting Servlet Engine: Apache Tomcat/7.0.33
Dec 04, 2012 6:56:13 PM org.apache.catalina.startup.HostConfig deployDescriptor
INFO: Deploying configuration descriptor F:\apache-tomcat-7.0.33\conf\Catalina\localhost\jsp_2.xml
Dec 04, 2012 6:56:13 PM org.apache.catalina.startup.HostConfig deployDescriptor
INFO: Deploying configuration descriptor F:\apache-tomcat-7.0.33\conf\Catalina\localhost\jsp_3.xml
Dec 04, 2012 6:56:14 PM org.apache.catalina.startup.HostConfig deployDirectory
INFO: Deploying web application directory F:\apache-tomcat-7.0.33\webapps\docs
Dec 04, 2012 6:56:14 PM org.apache.catalina.startup.HostConfig deployDirectory
INFO: Deploying web application directory F:\apache-tomcat-7.0.33\webapps\examples
Dec 04, 2012 6:56:14 PM org.apache.catalina.startup.HostConfig deployDirectory
INFO: Deploying web application directory F:\apache-tomcat-7.0.33\webapps\host-manager
Dec 04, 2012 6:56:14 PM org.apache.catalina.startup.HostConfig deployDirectory
INFO: Deploying web application directory F:\apache-tomcat-7.0.33\webapps\manager
Dec 04, 2012 6:56:14 PM org.apache.catalina.startup.HostConfig deployDirectory
INFO: Deploying web application directory F:\apache-tomcat-7.0.33\webapps\ROOT
Dec 04, 2012 6:56:14 PM org.apache.coyote.AbstractProtocol start
INFO: Starting ProtocolHandler ["http-apr-8080"]
Dec 04, 2012 6:56:14 PM org.apache.coyote.AbstractProtocol start
INFO: Starting ProtocolHandler ["ajp-apr-8009"]
Dec 04, 2012 6:56:14 PM org.apache.catalina.startup.Catalina start
INFO: Server startup in 936 ms
Dec 04, 2012 6:56:17 PM org.apache.catalina.startup.HostConfig deleteRedeployResources
INFO: Undeploying context [/jsp_3]
Dec 04, 2012 6:56:17 PM org.apache.catalina.startup.HostConfig deployDescriptor
INFO: Deploying configuration descriptor F:\apache-tomcat-7.0.33\conf\Catalina\localhost\jsp_3.xml
Dec 04, 2012 6:56:17 PM org.apache.catalina.util.LifecycleBase start
INFO: The start() method was called on component [StandardEngine[Catalina].StandardHost[localhost].StandardContext[/jsp_3]] after start() had already been called. The second call will be ignored.
Dec 04, 2012 6:56:59 PM org.apache.catalina.core.StandardContext reload
INFO: Reloading Context with name [/jsp_3] has started
Dec 04, 2012 6:56:59 PM org.apache.catalina.loader.WebappClassLoader clearReferencesJdbc
SEVERE: The web application [/jsp_3] registered the JDBC driver [com.microsoft.sqlserver.jdbc.SQLServerDriver] but failed to unregister it when the web application was stopped. To prevent a memory leak, the JDBC Driver has been forcibly unregistered.
Dec 04, 2012 6:56:59 PM org.apache.catalina.core.StandardContext reload
INFO: Reloading Context with name [/jsp_3] is completed
Dec 04, 2012 6:57:02 PM org.apache.catalina.core.StandardContext reload
INFO: Reloading Context with name [/jsp_3] has started
Dec 04, 2012 6:57:03 PM org.apache.catalina.core.StandardContext reload
INFO: Reloading Context with name [/jsp_3] is completed
Dec 04, 2012 6:58:17 PM org.apache.catalina.core.StandardContext reload
INFO: Reloading Context with name [/jsp_3] has started
Dec 04, 2012 6:58:17 PM org.apache.catalina.loader.WebappClassLoader clearReferencesJdbc
SEVERE: The web application [/jsp_3] registered the JDBC driver [com.microsoft.sqlserver.jdbc.SQLServerDriver] but failed to unregister it when the web application was stopped. To prevent a memory leak, the JDBC Driver has been forcibly unregistered.
Dec 04, 2012 6:58:18 PM org.apache.catalina.core.StandardContext reload
INFO: Reloading Context with name [/jsp_3] is completed
Dec 04, 2012 6:58:24 PM org.apache.catalina.core.StandardContext reload
INFO: Reloading Context with name [/jsp_3] has started
Dec 04, 2012 6:58:25 PM org.apache.catalina.core.StandardContext reload
INFO: Reloading Context with name [/jsp_3] is completed
Dec 04, 2012 7:02:20 PM org.apache.catalina.core.StandardContext reload
INFO: Reloading Context with name [/jsp_3] has started
Dec 04, 2012 7:02:20 PM org.apache.catalina.loader.WebappClassLoader clearReferencesJdbc
SEVERE: The web application [/jsp_3] registered the JDBC driver [com.microsoft.sqlserver.jdbc.SQLServerDriver] but failed to unregister it when the web application was stopped. To prevent a memory leak, the JDBC Driver has been forcibly unregistered.
Dec 04, 2012 7:02:20 PM org.apache.catalina.core.StandardContext reload
INFO: Reloading Context with name [/jsp_3] is completed
Dec 04, 2012 7:02:32 PM org.apache.catalina.core.StandardContext reload
INFO: Reloading Context with name [/jsp_3] has started
Dec 04, 2012 7:02:32 PM org.apache.catalina.core.StandardContext reload
INFO: Reloading Context with name [/jsp_3] is completed
Dec 04, 2012 7:02:55 PM org.apache.catalina.core.StandardContext reload
INFO: Reloading Context with name [/jsp_3] has started
Dec 04, 2012 7:02:56 PM org.apache.catalina.core.StandardContext reload
INFO: Reloading Context with name [/jsp_3] is completed
Dec 04, 2012 7:09:19 PM org.apache.catalina.core.StandardContext reload
INFO: Reloading Context with name [/jsp_3] has started
Dec 04, 2012 7:09:19 PM org.apache.catalina.core.StandardContext reload
INFO: Reloading Context with name [/jsp_3] is completed
Dec 04, 2012 7:09:24 PM org.apache.catalina.startup.HostConfig checkResources
INFO: Reloading context [/jsp_3]
Dec 04, 2012 7:09:24 PM org.apache.catalina.core.StandardContext reload
INFO: Reloading Context with name [/jsp_3] has started
Dec 04, 2012 7:09:25 PM org.apache.catalina.core.StandardContext reload
INFO: Reloading Context with name [/jsp_3] is completed
Dec 04, 2012 7:12:07 PM org.apache.catalina.core.StandardContext reload
INFO: Reloading Context with name [/jsp_3] has started
Dec 04, 2012 7:12:08 PM org.apache.catalina.core.StandardContext reload
INFO: Reloading Context with name [/jsp_3] is completed
Dec 04, 2012 7:16:34 PM org.apache.catalina.loader.WebappClassLoader clearReferencesJdbc
SEVERE: The web application [/jsp_3] registered the JDBC driver [com.microsoft.sqlserver.jdbc.SQLServerDriver] but failed to unregister it when the web application was stopped. To prevent a memory leak, the JDBC Driver has been forcibly unregistered.
Dec 04, 2012 7:16:35 PM org.apache.catalina.startup.HostConfig deleteRedeployResources
INFO: Undeploying context [/jsp_3]
Dec 04, 2012 7:16:35 PM org.apache.catalina.startup.HostConfig deployDescriptor
INFO: Deploying configuration descriptor F:\apache-tomcat-7.0.33\conf\Catalina\localhost\jsp_3.xml
Dec 04, 2012 7:16:35 PM org.apache.catalina.util.LifecycleBase start
INFO: The start() method was called on component [StandardEngine[Catalina].StandardHost[localhost].StandardContext[/jsp_3]] after start() had already been called. The second call will be ignored.
Dec 04, 2012 7:17:51 PM org.apache.catalina.core.StandardContext reload
INFO: Reloading Context with name [/jsp_3] has started
Dec 04, 2012 7:17:51 PM org.apache.catalina.loader.WebappClassLoader clearReferencesJdbc
SEVERE: The web application [/jsp_3] registered the JDBC driver [com.microsoft.sqlserver.jdbc.SQLServerDriver] but failed to unregister it when the web application was stopped. To prevent a memory leak, the JDBC Driver has been forcibly unregistered.
Dec 04, 2012 7:17:52 PM org.apache.catalina.core.StandardContext reload
INFO: Reloading Context with name [/jsp_3] is completed
Dec 04, 2012 7:17:57 PM org.apache.catalina.startup.HostConfig deleteRedeployResources
INFO: Undeploying context [/jsp_3]
Dec 04, 2012 7:17:57 PM org.apache.catalina.startup.HostConfig deployDescriptor
INFO: Deploying configuration descriptor F:\apache-tomcat-7.0.33\conf\Catalina\localhost\jsp_3.xml
Dec 04, 2012 7:17:57 PM org.apache.catalina.util.LifecycleBase start
INFO: The start() method was called on component [StandardEngine[Catalina].StandardHost[localhost].StandardContext[/jsp_3]] after start() had already been called. The second call will be ignored.
Dec 04, 2012 7:21:19 PM org.apache.catalina.loader.WebappClassLoader clearReferencesJdbc
SEVERE: The web application [/jsp_3] registered the JDBC driver [com.microsoft.sqlserver.jdbc.SQLServerDriver] but failed to unregister it when the web application was stopped. To prevent a memory leak, the JDBC Driver has been forcibly unregistered.
Dec 04, 2012 7:21:20 PM org.apache.catalina.startup.HostConfig deleteRedeployResources
INFO: Undeploying context [/jsp_3]
Dec 04, 2012 7:21:20 PM org.apache.catalina.startup.HostConfig deployDescriptor
INFO: Deploying configuration descriptor F:\apache-tomcat-7.0.33\conf\Catalina\localhost\jsp_3.xml
Dec 04, 2012 7:21:20 PM org.apache.catalina.util.LifecycleBase start
INFO: The start() method was called on component [StandardEngine[Catalina].StandardHost[localhost].StandardContext[/jsp_3]] after start() had already been called. The second call will be ignored.
Dec 04, 2012 7:24:24 PM org.apache.catalina.loader.WebappClassLoader clearReferencesJdbc
SEVERE: The web application [/jsp_3] registered the JDBC driver [com.microsoft.sqlserver.jdbc.SQLServerDriver] but failed to unregister it when the web application was stopped. To prevent a memory leak, the JDBC Driver has been forcibly unregistered.
Dec 04, 2012 7:24:25 PM org.apache.catalina.startup.HostConfig deleteRedeployResources
INFO: Undeploying context [/jsp_3]
Dec 04, 2012 7:24:25 PM org.apache.catalina.startup.HostConfig deployDescriptor
INFO: Deploying configuration descriptor F:\apache-tomcat-7.0.33\conf\Catalina\localhost\jsp_3.xml
Dec 04, 2012 7:24:25 PM org.apache.catalina.util.LifecycleBase start
INFO: The start() method was called on component [StandardEngine[Catalina].StandardHost[localhost].StandardContext[/jsp_3]] after start() had already been called. The second call will be ignored.
Dec 04, 2012 7:24:29 PM org.apache.catalina.startup.HostConfig deleteRedeployResources
INFO: Undeploying context [/jsp_3]
Dec 04, 2012 7:24:29 PM org.apache.catalina.startup.HostConfig deployDescriptor
INFO: Deploying configuration descriptor F:\apache-tomcat-7.0.33\conf\Catalina\localhost\jsp_3.xml
Dec 04, 2012 7:24:29 PM org.apache.catalina.util.LifecycleBase start
INFO: The start() method was called on component [StandardEngine[Catalina].StandardHost[localhost].StandardContext[/jsp_3]] after start() had already been called. The second call will be ignored.
Dec 04, 2012 7:26:54 PM org.apache.catalina.core.StandardContext reload
INFO: Reloading Context with name [/jsp_3] has started
Dec 04, 2012 7:26:54 PM org.apache.catalina.loader.WebappClassLoader clearReferencesJdbc
SEVERE: The web application [/jsp_3] registered the JDBC driver [com.microsoft.sqlserver.jdbc.SQLServerDriver] but failed to unregister it when the web application was stopped. To prevent a memory leak, the JDBC Driver has been forcibly unregistered.
Dec 04, 2012 7:26:54 PM org.apache.catalina.core.StandardContext reload
INFO: Reloading Context with name [/jsp_3] is completed
Dec 04, 2012 7:28:13 PM org.apache.catalina.core.StandardContext reload
INFO: Reloading Context with name [/jsp_3] has started
Dec 04, 2012 7:28:13 PM org.apache.catalina.loader.WebappClassLoader clearReferencesJdbc
SEVERE: The web application [/jsp_3] registered the JDBC driver [com.microsoft.sqlserver.jdbc.SQLServerDriver] but failed to unregister it when the web application was stopped. To prevent a memory leak, the JDBC Driver has been forcibly unregistered.
Dec 04, 2012 7:28:14 PM org.apache.catalina.core.StandardContext reload
INFO: Reloading Context with name [/jsp_3] is completed
Dec 04, 2012 7:28:27 PM org.apache.catalina.core.StandardContext reload
INFO: Reloading Context with name [/jsp_3] has started
Dec 04, 2012 7:28:28 PM org.apache.catalina.core.StandardContext reload
INFO: Reloading Context with name [/jsp_3] is completed
Dec 04, 2012 7:28:31 PM org.apache.catalina.core.StandardContext reload
INFO: Reloading Context with name [/jsp_3] has started
Dec 04, 2012 7:28:31 PM org.apache.catalina.core.StandardContext reload
INFO: Reloading Context with name [/jsp_3] is completed
Dec 04, 2012 7:29:27 PM org.apache.catalina.core.StandardContext reload
INFO: Reloading Context with name [/jsp_3] has started
Dec 04, 2012 7:29:27 PM org.apache.catalina.loader.WebappClassLoader clearReferencesJdbc
SEVERE: The web application [/jsp_3] registered the JDBC driver [com.microsoft.sqlserver.jdbc.SQLServerDriver] but failed to unregister it when the web application was stopped. To prevent a memory leak, the JDBC Driver has been forcibly unregistered.
Dec 04, 2012 7:29:27 PM org.apache.catalina.core.StandardContext reload
INFO: Reloading Context with name [/jsp_3] is completed
Dec 04, 2012 7:30:47 PM org.apache.catalina.core.StandardContext reload
INFO: Reloading Context with name [/jsp_3] has started
Dec 04, 2012 7:30:47 PM org.apache.catalina.loader.WebappClassLoader clearReferencesJdbc
SEVERE: The web application [/jsp_3] registered the JDBC driver [com.microsoft.sqlserver.jdbc.SQLServerDriver] but failed to unregister it when the web application was stopped. To prevent a memory leak, the JDBC Driver has been forcibly unregistered.
Dec 04, 2012 7:30:47 PM org.apache.catalina.core.StandardContext reload
INFO: Reloading Context with name [/jsp_3] is completed
Dec 04, 2012 7:31:53 PM org.apache.catalina.core.StandardContext reload
INFO: Reloading Context with name [/jsp_3] has started
Dec 04, 2012 7:31:53 PM org.apache.catalina.loader.WebappClassLoader clearReferencesJdbc
SEVERE: The web application [/jsp_3] registered the JDBC driver [com.microsoft.sqlserver.jdbc.SQLServerDriver] but failed to unregister it when the web application was stopped. To prevent a memory leak, the JDBC Driver has been forcibly unregistered.
Dec 04, 2012 7:31:53 PM org.apache.catalina.core.StandardContext reload
INFO: Reloading Context with name [/jsp_3] is completed
Dec 04, 2012 7:41:43 PM org.apache.catalina.core.StandardServer await
INFO: A valid shutdown command was received via the shutdown port. Stopping the Server instance.
Dec 04, 2012 7:41:43 PM org.apache.coyote.AbstractProtocol pause
INFO: Pausing ProtocolHandler ["http-apr-8080"]
Dec 04, 2012 7:41:43 PM org.apache.coyote.AbstractProtocol pause
INFO: Pausing ProtocolHandler ["ajp-apr-8009"]
Dec 04, 2012 7:41:43 PM org.apache.catalina.core.StandardService stopInternal
INFO: Stopping service Catalina
Dec 04, 2012 7:41:43 PM org.apache.catalina.loader.WebappClassLoader clearReferencesJdbc
SEVERE: The web application [/jsp_3] registered the JDBC driver [com.microsoft.sqlserver.jdbc.SQLServerDriver] but failed to unregister it when the web application was stopped. To prevent a memory leak, the JDBC Driver has been forcibly unregistered.
Dec 04, 2012 7:41:43 PM org.apache.coyote.AbstractProtocol stop
INFO: Stopping ProtocolHandler ["http-apr-8080"]
Dec 04, 2012 7:41:43 PM org.apache.coyote.AbstractProtocol stop
INFO: Stopping ProtocolHandler ["ajp-apr-8009"]
Dec 04, 2012 7:41:43 PM org.apache.coyote.AbstractProtocol destroy
INFO: Destroying ProtocolHandler ["http-apr-8080"]
Dec 04, 2012 7:41:43 PM org.apache.coyote.AbstractProtocol destroy
INFO: Destroying ProtocolHandler ["ajp-apr-8009"]
