Nov 28, 2012 9:48:28 AM org.apache.catalina.core.AprLifecycleListener init
INFO: Loaded APR based Apache Tomcat Native library 1.1.24 using APR version 1.4.6.
Nov 28, 2012 9:48:28 AM org.apache.catalina.core.AprLifecycleListener init
INFO: APR capabilities: IPv6 [true], sendfile [true], accept filters [false], random [true].
Nov 28, 2012 9:48:30 AM org.apache.catalina.core.AprLifecycleListener initializeSSL
INFO: OpenSSL successfully initialized (OpenSSL 1.0.1c 10 May 2012)
Nov 28, 2012 9:48:30 AM org.apache.coyote.AbstractProtocol init
INFO: Initializing ProtocolHandler ["http-apr-8080"]
Nov 28, 2012 9:48:30 AM org.apache.coyote.AbstractProtocol init
INFO: Initializing ProtocolHandler ["ajp-apr-8009"]
Nov 28, 2012 9:48:30 AM org.apache.catalina.startup.Catalina load
INFO: Initialization processed in 1641 ms
Nov 28, 2012 9:48:30 AM org.apache.catalina.users.MemoryUserDatabase createRole
WARNING: Null or zero length role name specified. The role will be ignored.
Nov 28, 2012 9:48:30 AM org.apache.tomcat.util.digester.FactoryCreateRule begin
INFO: [FactoryCreateRule] Create exception ignored: Null or zero length role name specified. The role will be ignored.
Nov 28, 2012 9:48:30 AM org.apache.catalina.core.StandardService startInternal
INFO: Starting service Catalina
Nov 28, 2012 9:48:30 AM org.apache.catalina.core.StandardEngine startInternal
INFO: Starting Servlet Engine: Apache Tomcat/7.0.33
Nov 28, 2012 9:48:30 AM org.apache.catalina.startup.HostConfig deployDirectory
INFO: Deploying web application directory F:\apache-tomcat-7.0.33\webapps\docs
Nov 28, 2012 9:48:30 AM org.apache.catalina.startup.HostConfig deployDirectory
INFO: Deploying web application directory F:\apache-tomcat-7.0.33\webapps\examples
Nov 28, 2012 9:48:30 AM org.apache.catalina.startup.HostConfig deployDirectory
INFO: Deploying web application directory F:\apache-tomcat-7.0.33\webapps\host-manager
Nov 28, 2012 9:48:30 AM org.apache.catalina.startup.HostConfig deployDirectory
INFO: Deploying web application directory F:\apache-tomcat-7.0.33\webapps\manager
Nov 28, 2012 9:48:30 AM org.apache.catalina.startup.HostConfig deployDirectory
INFO: Deploying web application directory F:\apache-tomcat-7.0.33\webapps\ROOT
Nov 28, 2012 9:48:30 AM org.apache.coyote.AbstractProtocol start
INFO: Starting ProtocolHandler ["http-apr-8080"]
Nov 28, 2012 9:48:30 AM org.apache.coyote.AbstractProtocol start
INFO: Starting ProtocolHandler ["ajp-apr-8009"]
Nov 28, 2012 9:48:30 AM org.apache.catalina.startup.Catalina start
INFO: Server startup in 680 ms
Nov 28, 2012 9:52:21 AM org.apache.catalina.realm.LockOutRealm authenticate
WARNING: An attempt was made to authenticate the locked user ""
Nov 28, 2012 9:52:27 AM org.apache.catalina.realm.LockOutRealm authenticate
WARNING: An attempt was made to authenticate the locked user ""
Nov 28, 2012 9:52:32 AM org.apache.catalina.realm.LockOutRealm authenticate
WARNING: An attempt was made to authenticate the locked user ""
Nov 28, 2012 9:52:36 AM org.apache.catalina.realm.LockOutRealm authenticate
WARNING: An attempt was made to authenticate the locked user ""
Nov 28, 2012 9:52:53 AM org.apache.catalina.realm.LockOutRealm authenticate
WARNING: An attempt was made to authenticate the locked user ""
Nov 28, 2012 9:56:58 AM org.apache.catalina.realm.LockOutRealm authenticate
WARNING: An attempt was made to authenticate the locked user ""
Nov 28, 2012 9:56:58 AM org.apache.catalina.realm.LockOutRealm authenticate
WARNING: An attempt was made to authenticate the locked user ""
Nov 28, 2012 9:57:27 AM org.apache.catalina.core.StandardServer await
INFO: A valid shutdown command was received via the shutdown port. Stopping the Server instance.
Nov 28, 2012 9:57:27 AM org.apache.coyote.AbstractProtocol pause
INFO: Pausing ProtocolHandler ["http-apr-8080"]
Nov 28, 2012 9:57:27 AM org.apache.coyote.AbstractProtocol pause
INFO: Pausing ProtocolHandler ["ajp-apr-8009"]
Nov 28, 2012 9:57:27 AM org.apache.catalina.core.StandardService stopInternal
INFO: Stopping service Catalina
Nov 28, 2012 9:57:27 AM org.apache.coyote.AbstractProtocol stop
INFO: Stopping ProtocolHandler ["http-apr-8080"]
Nov 28, 2012 9:57:27 AM org.apache.coyote.AbstractProtocol stop
INFO: Stopping ProtocolHandler ["ajp-apr-8009"]
Nov 28, 2012 9:57:27 AM org.apache.coyote.AbstractProtocol destroy
INFO: Destroying ProtocolHandler ["http-apr-8080"]
Nov 28, 2012 9:57:27 AM org.apache.coyote.AbstractProtocol destroy
INFO: Destroying ProtocolHandler ["ajp-apr-8009"]
Nov 28, 2012 9:59:08 AM org.apache.catalina.core.AprLifecycleListener init
INFO: Loaded APR based Apache Tomcat Native library 1.1.24 using APR version 1.4.6.
Nov 28, 2012 9:59:08 AM org.apache.catalina.core.AprLifecycleListener init
INFO: APR capabilities: IPv6 [true], sendfile [true], accept filters [false], random [true].
Nov 28, 2012 9:59:09 AM org.apache.catalina.core.AprLifecycleListener initializeSSL
INFO: OpenSSL successfully initialized (OpenSSL 1.0.1c 10 May 2012)
Nov 28, 2012 9:59:10 AM org.apache.coyote.AbstractProtocol init
INFO: Initializing ProtocolHandler ["http-apr-8080"]
Nov 28, 2012 9:59:10 AM org.apache.coyote.AbstractProtocol init
INFO: Initializing ProtocolHandler ["ajp-apr-8009"]
Nov 28, 2012 9:59:10 AM org.apache.catalina.startup.Catalina load
INFO: Initialization processed in 1547 ms
Nov 28, 2012 9:59:10 AM org.apache.catalina.users.MemoryUserDatabase createRole
WARNING: Null or zero length role name specified. The role will be ignored.
Nov 28, 2012 9:59:10 AM org.apache.tomcat.util.digester.FactoryCreateRule begin
INFO: [FactoryCreateRule] Create exception ignored: Null or zero length role name specified. The role will be ignored.
Nov 28, 2012 9:59:10 AM org.apache.catalina.core.StandardService startInternal
INFO: Starting service Catalina
Nov 28, 2012 9:59:10 AM org.apache.catalina.core.StandardEngine startInternal
INFO: Starting Servlet Engine: Apache Tomcat/7.0.33
Nov 28, 2012 9:59:10 AM org.apache.catalina.startup.HostConfig deployDirectory
INFO: Deploying web application directory F:\apache-tomcat-7.0.33\webapps\docs
Nov 28, 2012 9:59:10 AM org.apache.catalina.startup.HostConfig deployDirectory
INFO: Deploying web application directory F:\apache-tomcat-7.0.33\webapps\examples
Nov 28, 2012 9:59:10 AM org.apache.catalina.startup.HostConfig deployDirectory
INFO: Deploying web application directory F:\apache-tomcat-7.0.33\webapps\host-manager
Nov 28, 2012 9:59:10 AM org.apache.catalina.startup.HostConfig deployDirectory
INFO: Deploying web application directory F:\apache-tomcat-7.0.33\webapps\manager
Nov 28, 2012 9:59:10 AM org.apache.catalina.startup.HostConfig deployDirectory
INFO: Deploying web application directory F:\apache-tomcat-7.0.33\webapps\ROOT
Nov 28, 2012 9:59:10 AM org.apache.coyote.AbstractProtocol start
INFO: Starting ProtocolHandler ["http-apr-8080"]
Nov 28, 2012 9:59:10 AM org.apache.coyote.AbstractProtocol start
INFO: Starting ProtocolHandler ["ajp-apr-8009"]
Nov 28, 2012 9:59:10 AM org.apache.catalina.startup.Catalina start
INFO: Server startup in 562 ms
Nov 28, 2012 9:59:11 AM org.apache.catalina.startup.HostConfig deployDescriptor
INFO: Deploying configuration descriptor F:\apache-tomcat-7.0.33\conf\Catalina\localhost\jsp_2.xml
Nov 28, 2012 9:59:11 AM org.apache.catalina.util.LifecycleBase start
INFO: The start() method was called on component [StandardEngine[Catalina].StandardHost[localhost].StandardContext[/jsp_2]] after start() had already been called. The second call will be ignored.
Nov 28, 2012 10:24:21 AM org.apache.catalina.startup.HostConfig checkResources
INFO: Reloading context [/jsp_2]
Nov 28, 2012 10:24:21 AM org.apache.catalina.core.StandardContext reload
INFO: Reloading Context with name [/jsp_2] has started
Nov 28, 2012 10:24:21 AM org.apache.catalina.core.StandardContext reload
INFO: Reloading Context with name [/jsp_2] is completed
Nov 28, 2012 10:40:31 AM org.apache.catalina.startup.HostConfig checkResources
INFO: Reloading context [/jsp_2]
Nov 28, 2012 10:40:31 AM org.apache.catalina.core.StandardContext reload
INFO: Reloading Context with name [/jsp_2] has started
Nov 28, 2012 10:40:32 AM org.apache.catalina.core.StandardContext reload
INFO: Reloading Context with name [/jsp_2] is completed
Nov 28, 2012 10:51:55 AM org.apache.catalina.core.StandardServer await
INFO: A valid shutdown command was received via the shutdown port. Stopping the Server instance.
Nov 28, 2012 10:51:55 AM org.apache.coyote.AbstractProtocol pause
INFO: Pausing ProtocolHandler ["http-apr-8080"]
Nov 28, 2012 10:51:55 AM org.apache.coyote.AbstractProtocol pause
INFO: Pausing ProtocolHandler ["ajp-apr-8009"]
Nov 28, 2012 10:51:55 AM org.apache.catalina.core.StandardService stopInternal
INFO: Stopping service Catalina
Nov 28, 2012 10:51:55 AM org.apache.coyote.AbstractProtocol stop
INFO: Stopping ProtocolHandler ["http-apr-8080"]
Nov 28, 2012 10:51:55 AM org.apache.coyote.AbstractProtocol stop
INFO: Stopping ProtocolHandler ["ajp-apr-8009"]
Nov 28, 2012 10:51:55 AM org.apache.coyote.AbstractProtocol destroy
INFO: Destroying ProtocolHandler ["http-apr-8080"]
Nov 28, 2012 10:51:55 AM org.apache.coyote.AbstractProtocol destroy
INFO: Destroying ProtocolHandler ["ajp-apr-8009"]
