Feb 19, 2013 6:38:05 PM org.apache.catalina.core.AprLifecycleListener init
INFO: Loaded APR based Apache Tomcat Native library 1.1.24 using APR version 1.4.6.
Feb 19, 2013 6:38:05 PM org.apache.catalina.core.AprLifecycleListener init
INFO: APR capabilities: IPv6 [true], sendfile [true], accept filters [false], random [true].
Feb 19, 2013 6:38:07 PM org.apache.catalina.core.AprLifecycleListener initializeSSL
INFO: OpenSSL successfully initialized (OpenSSL 1.0.1c 10 May 2012)
Feb 19, 2013 6:38:07 PM org.apache.coyote.AbstractProtocol init
INFO: Initializing ProtocolHandler ["http-apr-8080"]
Feb 19, 2013 6:38:08 PM org.apache.coyote.AbstractProtocol init
INFO: Initializing ProtocolHandler ["ajp-apr-8009"]
Feb 19, 2013 6:38:08 PM org.apache.catalina.startup.Catalina load
INFO: Initialization processed in 3145 ms
Feb 19, 2013 6:38:08 PM org.apache.catalina.users.MemoryUserDatabase createRole
WARNING: Null or zero length role name specified. The role will be ignored.
Feb 19, 2013 6:38:08 PM org.apache.tomcat.util.digester.FactoryCreateRule begin
INFO: [FactoryCreateRule] Create exception ignored: Null or zero length role name specified. The role will be ignored.
Feb 19, 2013 6:38:08 PM org.apache.catalina.core.StandardService startInternal
INFO: Starting service Catalina
Feb 19, 2013 6:38:08 PM org.apache.catalina.core.StandardEngine startInternal
INFO: Starting Servlet Engine: Apache Tomcat/7.0.33
Feb 19, 2013 6:38:08 PM org.apache.catalina.startup.HostConfig deployDescriptor
INFO: Deploying configuration descriptor F:\apache-tomcat-7.0.33\conf\Catalina\localhost\jsp_2.xml
Feb 19, 2013 6:38:09 PM org.apache.catalina.startup.HostConfig deployDescriptor
INFO: Deploying configuration descriptor F:\apache-tomcat-7.0.33\conf\Catalina\localhost\jsp_3.xml
Feb 19, 2013 6:38:10 PM org.apache.catalina.startup.HostConfig deployDescriptor
INFO: Deploying configuration descriptor F:\apache-tomcat-7.0.33\conf\Catalina\localhost\jsp_4.xml
Feb 19, 2013 6:38:11 PM org.apache.catalina.startup.HostConfig deployDescriptor
INFO: Deploying configuration descriptor F:\apache-tomcat-7.0.33\conf\Catalina\localhost\jsp_7.xml
Feb 19, 2013 6:38:12 PM org.apache.catalina.startup.HostConfig deployDescriptor
INFO: Deploying configuration descriptor F:\apache-tomcat-7.0.33\conf\Catalina\localhost\TestJdbcHomeland.xml
Feb 19, 2013 6:38:12 PM org.apache.catalina.startup.HostConfig deployDirectory
INFO: Deploying web application directory F:\apache-tomcat-7.0.33\webapps\docs
Feb 19, 2013 6:38:12 PM org.apache.catalina.startup.HostConfig deployDirectory
INFO: Deploying web application directory F:\apache-tomcat-7.0.33\webapps\examples
Feb 19, 2013 6:38:13 PM org.apache.catalina.startup.HostConfig deployDirectory
INFO: Deploying web application directory F:\apache-tomcat-7.0.33\webapps\host-manager
Feb 19, 2013 6:38:13 PM org.apache.catalina.startup.HostConfig deployDirectory
INFO: Deploying web application directory F:\apache-tomcat-7.0.33\webapps\manager
Feb 19, 2013 6:38:13 PM org.apache.catalina.startup.HostConfig deployDirectory
INFO: Deploying web application directory F:\apache-tomcat-7.0.33\webapps\ROOT
Feb 19, 2013 6:38:13 PM org.apache.coyote.AbstractProtocol start
INFO: Starting ProtocolHandler ["http-apr-8080"]
Feb 19, 2013 6:38:13 PM org.apache.coyote.AbstractProtocol start
INFO: Starting ProtocolHandler ["ajp-apr-8009"]
Feb 19, 2013 6:38:13 PM org.apache.catalina.startup.Catalina start
INFO: Server startup in 5203 ms
Feb 19, 2013 6:38:15 PM org.apache.catalina.startup.HostConfig deployDescriptor
INFO: Deploying configuration descriptor F:\apache-tomcat-7.0.33\conf\Catalina\localhost\struts_5.xml
Feb 19, 2013 6:38:16 PM org.apache.struts.action.ActionServlet initChain
INFO: Loading chain catalog from jar:file:/C:/Users/tavan_000/Documents/NetBeansProjects/struts_5/build/web/WEB-INF/lib/struts-core-1.3.10.jar!/org/apache/struts/chain/chain-config.xml
Feb 19, 2013 6:38:17 PM org.apache.struts.tiles.TilesPlugin initDefinitionsFactory
INFO: Tiles definition factory loaded for module ''.
Feb 19, 2013 6:38:17 PM org.apache.struts.validator.ValidatorPlugIn initResources
INFO: Loading validation rules file from '/WEB-INF/validator-rules.xml'
Feb 19, 2013 6:38:17 PM org.apache.struts.validator.ValidatorPlugIn initResources
INFO: Loading validation rules file from '/WEB-INF/validation.xml'
Feb 19, 2013 6:38:17 PM org.apache.catalina.util.LifecycleBase start
INFO: The start() method was called on component [StandardEngine[Catalina].StandardHost[localhost].StandardContext[/struts_5]] after start() had already been called. The second call will be ignored.
Feb 19, 2013 6:38:30 PM org.apache.struts.tiles.TilesRequestProcessor initDefinitionsMapping
INFO: Tiles definition factory found for request processor ''.
Feb 19, 2013 6:38:30 PM org.apache.jasper.compiler.TldLocationsCache tldScanJar
INFO: At least one JAR was scanned for TLDs yet contained no TLDs. Enable debug logging for this logger for a complete list of JARs that were scanned but no TLDs were found in them. Skipping unneeded JARs during scanning can improve startup time and JSP compilation time.
Feb 19, 2013 6:38:31 PM org.apache.struts.util.PropertyMessageResources loadLocale
WARNING:   Resource com/myapp/struts/ApplicationResource_vi_VN.properties Not Found.
Feb 19, 2013 6:38:31 PM org.apache.struts.util.PropertyMessageResources loadLocale
WARNING:   Resource com/myapp/struts/ApplicationResource_vi.properties Not Found.
Feb 19, 2013 6:38:31 PM org.apache.struts.util.PropertyMessageResources loadLocale
WARNING:   Resource com/myapp/struts/ApplicationResource_en_US.properties Not Found.
Feb 19, 2013 6:38:41 PM org.apache.struts.util.PropertyMessageResources loadLocale
WARNING:   Resource org/apache/struts/action/ActionResources_en_US.properties Not Found.
Feb 19, 2013 6:38:41 PM org.apache.struts.util.PropertyMessageResources loadLocale
WARNING:   Resource org/apache/struts/action/ActionResources_en.properties Not Found.
Feb 19, 2013 6:38:41 PM org.apache.struts.action.RequestProcessor processException
WARNING: Unhandled Exception thrown: class java.sql.SQLException
Feb 19, 2013 6:39:16 PM org.apache.struts.action.RequestProcessor processException
WARNING: Unhandled Exception thrown: class java.sql.SQLException
Feb 19, 2013 6:39:35 PM org.apache.catalina.core.StandardContext reload
INFO: Reloading Context with name [/struts_5] has started
Feb 19, 2013 6:39:35 PM org.apache.catalina.loader.WebappClassLoader clearReferencesJdbc
SEVERE: The web application [/struts_5] registered the JDBC driver [com.microsoft.sqlserver.jdbc.SQLServerDriver] but failed to unregister it when the web application was stopped. To prevent a memory leak, the JDBC Driver has been forcibly unregistered.
Feb 19, 2013 6:39:37 PM org.apache.struts.action.ActionServlet initChain
INFO: Loading chain catalog from jar:file:/C:/Users/tavan_000/Documents/NetBeansProjects/struts_5/build/web/WEB-INF/lib/struts-core-1.3.10.jar!/org/apache/struts/chain/chain-config.xml
Feb 19, 2013 6:39:38 PM org.apache.struts.tiles.TilesPlugin initDefinitionsFactory
INFO: Tiles definition factory loaded for module ''.
Feb 19, 2013 6:39:38 PM org.apache.struts.validator.ValidatorPlugIn initResources
INFO: Loading validation rules file from '/WEB-INF/validator-rules.xml'
Feb 19, 2013 6:39:38 PM org.apache.struts.validator.ValidatorPlugIn initResources
INFO: Loading validation rules file from '/WEB-INF/validation.xml'
Feb 19, 2013 6:39:38 PM org.apache.catalina.core.StandardContext reload
INFO: Reloading Context with name [/struts_5] is completed
Feb 19, 2013 6:40:56 PM org.apache.struts.tiles.TilesRequestProcessor initDefinitionsMapping
INFO: Tiles definition factory found for request processor ''.
Feb 19, 2013 6:40:56 PM org.apache.struts.util.PropertyMessageResources loadLocale
WARNING:   Resource org/apache/struts/action/ActionResources_en_US.properties Not Found.
Feb 19, 2013 6:40:56 PM org.apache.struts.util.PropertyMessageResources loadLocale
WARNING:   Resource org/apache/struts/action/ActionResources_en.properties Not Found.
Feb 19, 2013 6:40:56 PM org.apache.struts.action.RequestProcessor processException
WARNING: Unhandled Exception thrown: class java.sql.SQLException
Feb 19, 2013 6:41:09 PM org.apache.catalina.core.StandardContext reload
INFO: Reloading Context with name [/struts_5] has started
Feb 19, 2013 6:41:09 PM org.apache.catalina.loader.WebappClassLoader clearReferencesJdbc
SEVERE: The web application [/struts_5] registered the JDBC driver [com.microsoft.sqlserver.jdbc.SQLServerDriver] but failed to unregister it when the web application was stopped. To prevent a memory leak, the JDBC Driver has been forcibly unregistered.
Feb 19, 2013 6:41:11 PM org.apache.struts.action.ActionServlet initChain
INFO: Loading chain catalog from jar:file:/C:/Users/tavan_000/Documents/NetBeansProjects/struts_5/build/web/WEB-INF/lib/struts-core-1.3.10.jar!/org/apache/struts/chain/chain-config.xml
Feb 19, 2013 6:41:12 PM org.apache.struts.tiles.TilesPlugin initDefinitionsFactory
INFO: Tiles definition factory loaded for module ''.
Feb 19, 2013 6:41:12 PM org.apache.struts.validator.ValidatorPlugIn initResources
INFO: Loading validation rules file from '/WEB-INF/validator-rules.xml'
Feb 19, 2013 6:41:12 PM org.apache.struts.validator.ValidatorPlugIn initResources
INFO: Loading validation rules file from '/WEB-INF/validation.xml'
Feb 19, 2013 6:41:12 PM org.apache.catalina.core.StandardContext reload
INFO: Reloading Context with name [/struts_5] is completed
Feb 19, 2013 6:41:14 PM org.apache.struts.tiles.TilesRequestProcessor initDefinitionsMapping
INFO: Tiles definition factory found for request processor ''.
Feb 19, 2013 6:50:32 PM org.apache.catalina.loader.WebappClassLoader clearReferencesJdbc
SEVERE: The web application [/struts_5] registered the JDBC driver [com.microsoft.sqlserver.jdbc.SQLServerDriver] but failed to unregister it when the web application was stopped. To prevent a memory leak, the JDBC Driver has been forcibly unregistered.
Feb 19, 2013 6:50:34 PM org.apache.catalina.startup.HostConfig deleteRedeployResources
INFO: Undeploying context [/struts_5]
Feb 19, 2013 6:50:34 PM org.apache.catalina.startup.HostConfig deployDescriptor
INFO: Deploying configuration descriptor F:\apache-tomcat-7.0.33\conf\Catalina\localhost\struts_5.xml
Feb 19, 2013 6:50:35 PM org.apache.struts.action.ActionServlet initChain
INFO: Loading chain catalog from jar:file:/C:/Users/tavan_000/Documents/NetBeansProjects/struts_5/build/web/WEB-INF/lib/struts-core-1.3.10.jar!/org/apache/struts/chain/chain-config.xml
Feb 19, 2013 6:50:35 PM org.apache.struts.tiles.TilesPlugin initDefinitionsFactory
INFO: Tiles definition factory loaded for module ''.
Feb 19, 2013 6:50:35 PM org.apache.struts.validator.ValidatorPlugIn initResources
INFO: Loading validation rules file from '/WEB-INF/validator-rules.xml'
Feb 19, 2013 6:50:35 PM org.apache.struts.validator.ValidatorPlugIn initResources
INFO: Loading validation rules file from '/WEB-INF/validation.xml'
Feb 19, 2013 6:50:35 PM org.apache.catalina.util.LifecycleBase start
INFO: The start() method was called on component [StandardEngine[Catalina].StandardHost[localhost].StandardContext[/struts_5]] after start() had already been called. The second call will be ignored.
Feb 19, 2013 6:50:49 PM org.apache.catalina.core.StandardServer await
INFO: A valid shutdown command was received via the shutdown port. Stopping the Server instance.
Feb 19, 2013 6:50:49 PM org.apache.coyote.AbstractProtocol pause
INFO: Pausing ProtocolHandler ["http-apr-8080"]
Feb 19, 2013 6:50:49 PM org.apache.coyote.AbstractProtocol pause
INFO: Pausing ProtocolHandler ["ajp-apr-8009"]
Feb 19, 2013 6:50:49 PM org.apache.catalina.core.StandardService stopInternal
INFO: Stopping service Catalina
Feb 19, 2013 6:50:50 PM org.apache.coyote.AbstractProtocol stop
INFO: Stopping ProtocolHandler ["http-apr-8080"]
Feb 19, 2013 6:50:50 PM org.apache.coyote.AbstractProtocol stop
INFO: Stopping ProtocolHandler ["ajp-apr-8009"]
Feb 19, 2013 6:50:50 PM org.apache.coyote.AbstractProtocol destroy
INFO: Destroying ProtocolHandler ["http-apr-8080"]
Feb 19, 2013 6:50:50 PM org.apache.coyote.AbstractProtocol destroy
INFO: Destroying ProtocolHandler ["ajp-apr-8009"]
Feb 19, 2013 6:51:03 PM org.apache.catalina.core.AprLifecycleListener init
INFO: Loaded APR based Apache Tomcat Native library 1.1.24 using APR version 1.4.6.
Feb 19, 2013 6:51:03 PM org.apache.catalina.core.AprLifecycleListener init
INFO: APR capabilities: IPv6 [true], sendfile [true], accept filters [false], random [true].
Feb 19, 2013 6:51:04 PM org.apache.catalina.core.AprLifecycleListener initializeSSL
INFO: OpenSSL successfully initialized (OpenSSL 1.0.1c 10 May 2012)
Feb 19, 2013 6:51:04 PM org.apache.coyote.AbstractProtocol init
INFO: Initializing ProtocolHandler ["http-apr-8080"]
Feb 19, 2013 6:51:04 PM org.apache.coyote.AbstractProtocol init
INFO: Initializing ProtocolHandler ["ajp-apr-8009"]
Feb 19, 2013 6:51:04 PM org.apache.catalina.startup.Catalina load
INFO: Initialization processed in 2314 ms
Feb 19, 2013 6:51:04 PM org.apache.catalina.users.MemoryUserDatabase createRole
WARNING: Null or zero length role name specified. The role will be ignored.
Feb 19, 2013 6:51:04 PM org.apache.tomcat.util.digester.FactoryCreateRule begin
INFO: [FactoryCreateRule] Create exception ignored: Null or zero length role name specified. The role will be ignored.
Feb 19, 2013 6:51:04 PM org.apache.catalina.core.StandardService startInternal
INFO: Starting service Catalina
Feb 19, 2013 6:51:04 PM org.apache.catalina.core.StandardEngine startInternal
INFO: Starting Servlet Engine: Apache Tomcat/7.0.33
Feb 19, 2013 6:51:04 PM org.apache.catalina.startup.HostConfig deployDescriptor
INFO: Deploying configuration descriptor F:\apache-tomcat-7.0.33\conf\Catalina\localhost\jsp_2.xml
Feb 19, 2013 6:51:05 PM org.apache.catalina.startup.HostConfig deployDescriptor
INFO: Deploying configuration descriptor F:\apache-tomcat-7.0.33\conf\Catalina\localhost\jsp_3.xml
Feb 19, 2013 6:51:06 PM org.apache.catalina.startup.HostConfig deployDescriptor
INFO: Deploying configuration descriptor F:\apache-tomcat-7.0.33\conf\Catalina\localhost\jsp_4.xml
Feb 19, 2013 6:51:06 PM org.apache.catalina.startup.HostConfig deployDescriptor
INFO: Deploying configuration descriptor F:\apache-tomcat-7.0.33\conf\Catalina\localhost\jsp_7.xml
Feb 19, 2013 6:51:07 PM org.apache.catalina.startup.HostConfig deployDescriptor
INFO: Deploying configuration descriptor F:\apache-tomcat-7.0.33\conf\Catalina\localhost\struts_5.xml
Feb 19, 2013 6:51:08 PM org.apache.struts.action.ActionServlet initChain
INFO: Loading chain catalog from jar:file:/C:/Users/tavan_000/Documents/NetBeansProjects/struts_5/build/web/WEB-INF/lib/struts-core-1.3.10.jar!/org/apache/struts/chain/chain-config.xml
Feb 19, 2013 6:51:08 PM org.apache.struts.tiles.TilesPlugin initDefinitionsFactory
INFO: Tiles definition factory loaded for module ''.
Feb 19, 2013 6:51:08 PM org.apache.struts.validator.ValidatorPlugIn initResources
INFO: Loading validation rules file from '/WEB-INF/validator-rules.xml'
Feb 19, 2013 6:51:08 PM org.apache.struts.validator.ValidatorPlugIn initResources
INFO: Loading validation rules file from '/WEB-INF/validation.xml'
Feb 19, 2013 6:51:09 PM org.apache.catalina.startup.HostConfig deployDescriptor
INFO: Deploying configuration descriptor F:\apache-tomcat-7.0.33\conf\Catalina\localhost\TestJdbcHomeland.xml
Feb 19, 2013 6:51:09 PM org.apache.catalina.startup.HostConfig deployDirectory
INFO: Deploying web application directory F:\apache-tomcat-7.0.33\webapps\docs
Feb 19, 2013 6:51:09 PM org.apache.catalina.startup.HostConfig deployDirectory
INFO: Deploying web application directory F:\apache-tomcat-7.0.33\webapps\examples
Feb 19, 2013 6:51:09 PM org.apache.catalina.startup.HostConfig deployDirectory
INFO: Deploying web application directory F:\apache-tomcat-7.0.33\webapps\host-manager
Feb 19, 2013 6:51:09 PM org.apache.catalina.startup.HostConfig deployDirectory
INFO: Deploying web application directory F:\apache-tomcat-7.0.33\webapps\manager
Feb 19, 2013 6:51:09 PM org.apache.catalina.startup.HostConfig deployDirectory
INFO: Deploying web application directory F:\apache-tomcat-7.0.33\webapps\ROOT
Feb 19, 2013 6:51:09 PM org.apache.coyote.AbstractProtocol start
INFO: Starting ProtocolHandler ["http-apr-8080"]
Feb 19, 2013 6:51:09 PM org.apache.coyote.AbstractProtocol start
INFO: Starting ProtocolHandler ["ajp-apr-8009"]
Feb 19, 2013 6:51:09 PM org.apache.catalina.startup.Catalina start
INFO: Server startup in 5081 ms
Feb 19, 2013 6:51:28 PM org.apache.catalina.core.StandardServer await
INFO: A valid shutdown command was received via the shutdown port. Stopping the Server instance.
Feb 19, 2013 6:51:28 PM org.apache.coyote.AbstractProtocol pause
INFO: Pausing ProtocolHandler ["http-apr-8080"]
Feb 19, 2013 6:51:28 PM org.apache.coyote.AbstractProtocol pause
INFO: Pausing ProtocolHandler ["ajp-apr-8009"]
Feb 19, 2013 6:51:28 PM org.apache.catalina.core.StandardService stopInternal
INFO: Stopping service Catalina
Feb 19, 2013 6:51:29 PM org.apache.coyote.AbstractProtocol stop
INFO: Stopping ProtocolHandler ["http-apr-8080"]
Feb 19, 2013 6:51:29 PM org.apache.coyote.AbstractProtocol stop
INFO: Stopping ProtocolHandler ["ajp-apr-8009"]
Feb 19, 2013 6:51:29 PM org.apache.coyote.AbstractProtocol destroy
INFO: Destroying ProtocolHandler ["http-apr-8080"]
Feb 19, 2013 6:51:29 PM org.apache.coyote.AbstractProtocol destroy
INFO: Destroying ProtocolHandler ["ajp-apr-8009"]
Feb 19, 2013 6:51:33 PM org.apache.catalina.core.AprLifecycleListener init
INFO: Loaded APR based Apache Tomcat Native library 1.1.24 using APR version 1.4.6.
Feb 19, 2013 6:51:33 PM org.apache.catalina.core.AprLifecycleListener init
INFO: APR capabilities: IPv6 [true], sendfile [true], accept filters [false], random [true].
Feb 19, 2013 6:51:34 PM org.apache.catalina.core.AprLifecycleListener initializeSSL
INFO: OpenSSL successfully initialized (OpenSSL 1.0.1c 10 May 2012)
Feb 19, 2013 6:51:35 PM org.apache.coyote.AbstractProtocol init
INFO: Initializing ProtocolHandler ["http-apr-8080"]
Feb 19, 2013 6:51:35 PM org.apache.coyote.AbstractProtocol init
INFO: Initializing ProtocolHandler ["ajp-apr-8009"]
Feb 19, 2013 6:51:35 PM org.apache.catalina.startup.Catalina load
INFO: Initialization processed in 2280 ms
Feb 19, 2013 6:51:35 PM org.apache.catalina.users.MemoryUserDatabase createRole
WARNING: Null or zero length role name specified. The role will be ignored.
Feb 19, 2013 6:51:35 PM org.apache.tomcat.util.digester.FactoryCreateRule begin
INFO: [FactoryCreateRule] Create exception ignored: Null or zero length role name specified. The role will be ignored.
Feb 19, 2013 6:51:35 PM org.apache.catalina.core.StandardService startInternal
INFO: Starting service Catalina
Feb 19, 2013 6:51:35 PM org.apache.catalina.core.StandardEngine startInternal
INFO: Starting Servlet Engine: Apache Tomcat/7.0.33
Feb 19, 2013 6:51:35 PM org.apache.catalina.startup.HostConfig deployDescriptor
INFO: Deploying configuration descriptor F:\apache-tomcat-7.0.33\conf\Catalina\localhost\jsp_2.xml
Feb 19, 2013 6:51:36 PM org.apache.catalina.startup.HostConfig deployDescriptor
INFO: Deploying configuration descriptor F:\apache-tomcat-7.0.33\conf\Catalina\localhost\jsp_3.xml
Feb 19, 2013 6:51:36 PM org.apache.catalina.startup.HostConfig deployDescriptor
INFO: Deploying configuration descriptor F:\apache-tomcat-7.0.33\conf\Catalina\localhost\jsp_4.xml
Feb 19, 2013 6:51:37 PM org.apache.catalina.startup.HostConfig deployDescriptor
INFO: Deploying configuration descriptor F:\apache-tomcat-7.0.33\conf\Catalina\localhost\jsp_7.xml
Feb 19, 2013 6:51:37 PM org.apache.catalina.startup.HostConfig deployDescriptor
INFO: Deploying configuration descriptor F:\apache-tomcat-7.0.33\conf\Catalina\localhost\struts_5.xml
Feb 19, 2013 6:51:38 PM org.apache.struts.action.ActionServlet initChain
INFO: Loading chain catalog from jar:file:/C:/Users/tavan_000/Documents/NetBeansProjects/struts_5/build/web/WEB-INF/lib/struts-core-1.3.10.jar!/org/apache/struts/chain/chain-config.xml
Feb 19, 2013 6:51:39 PM org.apache.struts.tiles.TilesPlugin initDefinitionsFactory
INFO: Tiles definition factory loaded for module ''.
Feb 19, 2013 6:51:39 PM org.apache.struts.validator.ValidatorPlugIn initResources
INFO: Loading validation rules file from '/WEB-INF/validator-rules.xml'
Feb 19, 2013 6:51:39 PM org.apache.struts.validator.ValidatorPlugIn initResources
INFO: Loading validation rules file from '/WEB-INF/validation.xml'
Feb 19, 2013 6:51:39 PM org.apache.catalina.startup.HostConfig deployDescriptor
INFO: Deploying configuration descriptor F:\apache-tomcat-7.0.33\conf\Catalina\localhost\TestJdbcHomeland.xml
Feb 19, 2013 6:51:39 PM org.apache.catalina.startup.HostConfig deployDirectory
INFO: Deploying web application directory F:\apache-tomcat-7.0.33\webapps\docs
Feb 19, 2013 6:51:39 PM org.apache.catalina.startup.HostConfig deployDirectory
INFO: Deploying web application directory F:\apache-tomcat-7.0.33\webapps\examples
Feb 19, 2013 6:51:40 PM org.apache.catalina.startup.HostConfig deployDirectory
INFO: Deploying web application directory F:\apache-tomcat-7.0.33\webapps\host-manager
Feb 19, 2013 6:51:40 PM org.apache.catalina.startup.HostConfig deployDirectory
INFO: Deploying web application directory F:\apache-tomcat-7.0.33\webapps\manager
Feb 19, 2013 6:51:40 PM org.apache.catalina.startup.HostConfig deployDirectory
INFO: Deploying web application directory F:\apache-tomcat-7.0.33\webapps\ROOT
Feb 19, 2013 6:51:40 PM org.apache.coyote.AbstractProtocol start
INFO: Starting ProtocolHandler ["http-apr-8080"]
Feb 19, 2013 6:51:40 PM org.apache.coyote.AbstractProtocol start
INFO: Starting ProtocolHandler ["ajp-apr-8009"]
Feb 19, 2013 6:51:40 PM org.apache.catalina.startup.Catalina start
INFO: Server startup in 5073 ms
Feb 19, 2013 6:52:03 PM org.apache.struts.tiles.TilesRequestProcessor initDefinitionsMapping
INFO: Tiles definition factory found for request processor ''.
Feb 19, 2013 6:52:03 PM org.apache.jasper.compiler.TldLocationsCache tldScanJar
INFO: At least one JAR was scanned for TLDs yet contained no TLDs. Enable debug logging for this logger for a complete list of JARs that were scanned but no TLDs were found in them. Skipping unneeded JARs during scanning can improve startup time and JSP compilation time.
Feb 19, 2013 6:52:04 PM org.apache.struts.util.PropertyMessageResources loadLocale
WARNING:   Resource com/myapp/struts/ApplicationResource_vi_VN.properties Not Found.
Feb 19, 2013 6:52:04 PM org.apache.struts.util.PropertyMessageResources loadLocale
WARNING:   Resource com/myapp/struts/ApplicationResource_vi.properties Not Found.
Feb 19, 2013 6:52:04 PM org.apache.struts.util.PropertyMessageResources loadLocale
WARNING:   Resource com/myapp/struts/ApplicationResource_en_US.properties Not Found.
Feb 19, 2013 6:53:32 PM org.apache.catalina.core.StandardServer await
INFO: A valid shutdown command was received via the shutdown port. Stopping the Server instance.
Feb 19, 2013 6:53:32 PM org.apache.coyote.AbstractProtocol pause
INFO: Pausing ProtocolHandler ["http-apr-8080"]
Feb 19, 2013 6:53:32 PM org.apache.coyote.AbstractProtocol pause
INFO: Pausing ProtocolHandler ["ajp-apr-8009"]
Feb 19, 2013 6:53:32 PM org.apache.catalina.core.StandardService stopInternal
INFO: Stopping service Catalina
Feb 19, 2013 6:53:33 PM org.apache.catalina.loader.WebappClassLoader clearReferencesJdbc
SEVERE: The web application [/struts_5] registered the JDBC driver [com.microsoft.sqlserver.jdbc.SQLServerDriver] but failed to unregister it when the web application was stopped. To prevent a memory leak, the JDBC Driver has been forcibly unregistered.
Feb 19, 2013 6:53:33 PM org.apache.coyote.AbstractProtocol stop
INFO: Stopping ProtocolHandler ["http-apr-8080"]
Feb 19, 2013 6:53:33 PM org.apache.coyote.AbstractProtocol stop
INFO: Stopping ProtocolHandler ["ajp-apr-8009"]
Feb 19, 2013 6:53:33 PM org.apache.coyote.AbstractProtocol destroy
INFO: Destroying ProtocolHandler ["http-apr-8080"]
Feb 19, 2013 6:53:33 PM org.apache.coyote.AbstractProtocol destroy
INFO: Destroying ProtocolHandler ["ajp-apr-8009"]
Feb 19, 2013 6:53:43 PM org.apache.catalina.core.AprLifecycleListener init
INFO: Loaded APR based Apache Tomcat Native library 1.1.24 using APR version 1.4.6.
Feb 19, 2013 6:53:43 PM org.apache.catalina.core.AprLifecycleListener init
INFO: APR capabilities: IPv6 [true], sendfile [true], accept filters [false], random [true].
Feb 19, 2013 6:53:44 PM org.apache.catalina.core.AprLifecycleListener initializeSSL
INFO: OpenSSL successfully initialized (OpenSSL 1.0.1c 10 May 2012)
Feb 19, 2013 6:53:44 PM org.apache.coyote.AbstractProtocol init
INFO: Initializing ProtocolHandler ["http-apr-8080"]
Feb 19, 2013 6:53:44 PM org.apache.coyote.AbstractProtocol init
INFO: Initializing ProtocolHandler ["ajp-apr-8009"]
Feb 19, 2013 6:53:44 PM org.apache.catalina.startup.Catalina load
INFO: Initialization processed in 2298 ms
Feb 19, 2013 6:53:44 PM org.apache.catalina.users.MemoryUserDatabase createRole
WARNING: Null or zero length role name specified. The role will be ignored.
Feb 19, 2013 6:53:44 PM org.apache.tomcat.util.digester.FactoryCreateRule begin
INFO: [FactoryCreateRule] Create exception ignored: Null or zero length role name specified. The role will be ignored.
Feb 19, 2013 6:53:44 PM org.apache.catalina.core.StandardService startInternal
INFO: Starting service Catalina
Feb 19, 2013 6:53:44 PM org.apache.catalina.core.StandardEngine startInternal
INFO: Starting Servlet Engine: Apache Tomcat/7.0.33
Feb 19, 2013 6:53:44 PM org.apache.catalina.startup.HostConfig deployDescriptor
INFO: Deploying configuration descriptor F:\apache-tomcat-7.0.33\conf\Catalina\localhost\jsp_2.xml
Feb 19, 2013 6:53:46 PM org.apache.catalina.startup.HostConfig deployDescriptor
INFO: Deploying configuration descriptor F:\apache-tomcat-7.0.33\conf\Catalina\localhost\jsp_3.xml
Feb 19, 2013 6:53:46 PM org.apache.catalina.startup.HostConfig deployDescriptor
INFO: Deploying configuration descriptor F:\apache-tomcat-7.0.33\conf\Catalina\localhost\jsp_4.xml
Feb 19, 2013 6:53:46 PM org.apache.catalina.startup.HostConfig deployDescriptor
INFO: Deploying configuration descriptor F:\apache-tomcat-7.0.33\conf\Catalina\localhost\jsp_7.xml
Feb 19, 2013 6:53:47 PM org.apache.catalina.startup.HostConfig deployDescriptor
INFO: Deploying configuration descriptor F:\apache-tomcat-7.0.33\conf\Catalina\localhost\struts_5.xml
Feb 19, 2013 6:53:48 PM org.apache.struts.action.ActionServlet initChain
INFO: Loading chain catalog from jar:file:/C:/Users/tavan_000/Documents/NetBeansProjects/struts_5/build/web/WEB-INF/lib/struts-core-1.3.10.jar!/org/apache/struts/chain/chain-config.xml
Feb 19, 2013 6:53:48 PM org.apache.struts.tiles.TilesPlugin initDefinitionsFactory
INFO: Tiles definition factory loaded for module ''.
Feb 19, 2013 6:53:48 PM org.apache.struts.validator.ValidatorPlugIn initResources
INFO: Loading validation rules file from '/WEB-INF/validator-rules.xml'
Feb 19, 2013 6:53:48 PM org.apache.struts.validator.ValidatorPlugIn initResources
INFO: Loading validation rules file from '/WEB-INF/validation.xml'
Feb 19, 2013 6:53:49 PM org.apache.catalina.startup.HostConfig deployDescriptor
INFO: Deploying configuration descriptor F:\apache-tomcat-7.0.33\conf\Catalina\localhost\TestJdbcHomeland.xml
Feb 19, 2013 6:53:49 PM org.apache.catalina.startup.HostConfig deployDirectory
INFO: Deploying web application directory F:\apache-tomcat-7.0.33\webapps\docs
Feb 19, 2013 6:53:49 PM org.apache.catalina.startup.HostConfig deployDirectory
INFO: Deploying web application directory F:\apache-tomcat-7.0.33\webapps\examples
Feb 19, 2013 6:53:49 PM org.apache.catalina.startup.HostConfig deployDirectory
INFO: Deploying web application directory F:\apache-tomcat-7.0.33\webapps\host-manager
Feb 19, 2013 6:53:49 PM org.apache.catalina.startup.HostConfig deployDirectory
INFO: Deploying web application directory F:\apache-tomcat-7.0.33\webapps\manager
Feb 19, 2013 6:53:49 PM org.apache.catalina.startup.HostConfig deployDirectory
INFO: Deploying web application directory F:\apache-tomcat-7.0.33\webapps\ROOT
Feb 19, 2013 6:53:49 PM org.apache.coyote.AbstractProtocol start
INFO: Starting ProtocolHandler ["http-apr-8080"]
Feb 19, 2013 6:53:49 PM org.apache.coyote.AbstractProtocol start
INFO: Starting ProtocolHandler ["ajp-apr-8009"]
Feb 19, 2013 6:53:49 PM org.apache.catalina.startup.Catalina start
INFO: Server startup in 5115 ms
Feb 19, 2013 6:54:02 PM org.apache.struts.tiles.TilesRequestProcessor initDefinitionsMapping
INFO: Tiles definition factory found for request processor ''.
Feb 19, 2013 6:54:02 PM org.apache.struts.util.PropertyMessageResources loadLocale
WARNING:   Resource com/myapp/struts/ApplicationResource_vi_VN.properties Not Found.
Feb 19, 2013 6:54:02 PM org.apache.struts.util.PropertyMessageResources loadLocale
WARNING:   Resource com/myapp/struts/ApplicationResource_vi.properties Not Found.
Feb 19, 2013 6:54:02 PM org.apache.struts.util.PropertyMessageResources loadLocale
WARNING:   Resource com/myapp/struts/ApplicationResource_en_US.properties Not Found.
Feb 19, 2013 6:54:40 PM org.apache.catalina.core.StandardContext reload
INFO: Reloading Context with name [/struts_5] has started
Feb 19, 2013 6:54:40 PM org.apache.catalina.loader.WebappClassLoader clearReferencesJdbc
SEVERE: The web application [/struts_5] registered the JDBC driver [com.microsoft.sqlserver.jdbc.SQLServerDriver] but failed to unregister it when the web application was stopped. To prevent a memory leak, the JDBC Driver has been forcibly unregistered.
Feb 19, 2013 6:54:42 PM org.apache.struts.action.ActionServlet initChain
INFO: Loading chain catalog from jar:file:/C:/Users/tavan_000/Documents/NetBeansProjects/struts_5/build/web/WEB-INF/lib/struts-core-1.3.10.jar!/org/apache/struts/chain/chain-config.xml
Feb 19, 2013 6:54:43 PM org.apache.struts.tiles.TilesPlugin initDefinitionsFactory
INFO: Tiles definition factory loaded for module ''.
Feb 19, 2013 6:54:43 PM org.apache.struts.validator.ValidatorPlugIn initResources
INFO: Loading validation rules file from '/WEB-INF/validator-rules.xml'
Feb 19, 2013 6:54:43 PM org.apache.struts.validator.ValidatorPlugIn initResources
INFO: Loading validation rules file from '/WEB-INF/validation.xml'
Feb 19, 2013 6:54:43 PM org.apache.catalina.core.StandardContext reload
INFO: Reloading Context with name [/struts_5] is completed
Feb 19, 2013 6:54:47 PM org.apache.struts.tiles.TilesRequestProcessor initDefinitionsMapping
INFO: Tiles definition factory found for request processor ''.
Feb 19, 2013 6:54:58 PM org.apache.catalina.core.StandardContext reload
INFO: Reloading Context with name [/struts_5] has started
Feb 19, 2013 6:54:58 PM org.apache.catalina.loader.WebappClassLoader clearReferencesJdbc
SEVERE: The web application [/struts_5] registered the JDBC driver [com.microsoft.sqlserver.jdbc.SQLServerDriver] but failed to unregister it when the web application was stopped. To prevent a memory leak, the JDBC Driver has been forcibly unregistered.
Feb 19, 2013 6:55:00 PM org.apache.struts.action.ActionServlet initChain
INFO: Loading chain catalog from jar:file:/C:/Users/tavan_000/Documents/NetBeansProjects/struts_5/build/web/WEB-INF/lib/struts-core-1.3.10.jar!/org/apache/struts/chain/chain-config.xml
Feb 19, 2013 6:55:01 PM org.apache.struts.tiles.TilesPlugin initDefinitionsFactory
INFO: Tiles definition factory loaded for module ''.
Feb 19, 2013 6:55:01 PM org.apache.struts.validator.ValidatorPlugIn initResources
INFO: Loading validation rules file from '/WEB-INF/validator-rules.xml'
Feb 19, 2013 6:55:01 PM org.apache.struts.validator.ValidatorPlugIn initResources
INFO: Loading validation rules file from '/WEB-INF/validation.xml'
Feb 19, 2013 6:55:01 PM org.apache.catalina.core.StandardContext reload
INFO: Reloading Context with name [/struts_5] is completed
Feb 19, 2013 6:55:03 PM org.apache.struts.tiles.TilesRequestProcessor initDefinitionsMapping
INFO: Tiles definition factory found for request processor ''.
Feb 19, 2013 6:55:03 PM org.apache.struts.util.PropertyMessageResources loadLocale
WARNING:   Resource org/apache/struts/action/ActionResources_en_US.properties Not Found.
Feb 19, 2013 6:55:03 PM org.apache.struts.util.PropertyMessageResources loadLocale
WARNING:   Resource org/apache/struts/action/ActionResources_en.properties Not Found.
Feb 19, 2013 6:55:03 PM org.apache.struts.action.RequestProcessor processException
WARNING: Unhandled Exception thrown: class java.sql.SQLException
Feb 19, 2013 6:55:43 PM org.apache.catalina.core.StandardContext reload
INFO: Reloading Context with name [/struts_5] has started
Feb 19, 2013 6:55:43 PM org.apache.catalina.loader.WebappClassLoader clearReferencesJdbc
SEVERE: The web application [/struts_5] registered the JDBC driver [com.microsoft.sqlserver.jdbc.SQLServerDriver] but failed to unregister it when the web application was stopped. To prevent a memory leak, the JDBC Driver has been forcibly unregistered.
Feb 19, 2013 6:55:45 PM org.apache.struts.action.ActionServlet initChain
INFO: Loading chain catalog from jar:file:/C:/Users/tavan_000/Documents/NetBeansProjects/struts_5/build/web/WEB-INF/lib/struts-core-1.3.10.jar!/org/apache/struts/chain/chain-config.xml
Feb 19, 2013 6:55:45 PM org.apache.struts.tiles.TilesPlugin initDefinitionsFactory
INFO: Tiles definition factory loaded for module ''.
Feb 19, 2013 6:55:45 PM org.apache.struts.validator.ValidatorPlugIn initResources
INFO: Loading validation rules file from '/WEB-INF/validator-rules.xml'
Feb 19, 2013 6:55:45 PM org.apache.struts.validator.ValidatorPlugIn initResources
INFO: Loading validation rules file from '/WEB-INF/validation.xml'
Feb 19, 2013 6:55:45 PM org.apache.catalina.core.StandardContext reload
INFO: Reloading Context with name [/struts_5] is completed
Feb 19, 2013 6:56:10 PM org.apache.catalina.core.StandardContext reload
INFO: Reloading Context with name [/struts_5] has started
Feb 19, 2013 6:56:12 PM org.apache.struts.action.ActionServlet initChain
INFO: Loading chain catalog from jar:file:/C:/Users/tavan_000/Documents/NetBeansProjects/struts_5/build/web/WEB-INF/lib/struts-core-1.3.10.jar!/org/apache/struts/chain/chain-config.xml
Feb 19, 2013 6:56:13 PM org.apache.struts.tiles.TilesPlugin initDefinitionsFactory
INFO: Tiles definition factory loaded for module ''.
Feb 19, 2013 6:56:13 PM org.apache.struts.validator.ValidatorPlugIn initResources
INFO: Loading validation rules file from '/WEB-INF/validator-rules.xml'
Feb 19, 2013 6:56:13 PM org.apache.struts.validator.ValidatorPlugIn initResources
INFO: Loading validation rules file from '/WEB-INF/validation.xml'
Feb 19, 2013 6:56:13 PM org.apache.catalina.core.StandardContext reload
INFO: Reloading Context with name [/struts_5] is completed
Feb 19, 2013 6:56:18 PM org.apache.struts.tiles.TilesRequestProcessor initDefinitionsMapping
INFO: Tiles definition factory found for request processor ''.
Feb 19, 2013 6:57:25 PM org.apache.catalina.core.StandardContext reload
INFO: Reloading Context with name [/struts_5] has started
Feb 19, 2013 6:57:25 PM org.apache.catalina.loader.WebappClassLoader clearReferencesJdbc
SEVERE: The web application [/struts_5] registered the JDBC driver [com.microsoft.sqlserver.jdbc.SQLServerDriver] but failed to unregister it when the web application was stopped. To prevent a memory leak, the JDBC Driver has been forcibly unregistered.
Feb 19, 2013 6:57:26 PM org.apache.struts.action.ActionServlet initChain
INFO: Loading chain catalog from jar:file:/C:/Users/tavan_000/Documents/NetBeansProjects/struts_5/build/web/WEB-INF/lib/struts-core-1.3.10.jar!/org/apache/struts/chain/chain-config.xml
Feb 19, 2013 6:57:27 PM org.apache.struts.tiles.TilesPlugin initDefinitionsFactory
INFO: Tiles definition factory loaded for module ''.
Feb 19, 2013 6:57:27 PM org.apache.struts.validator.ValidatorPlugIn initResources
INFO: Loading validation rules file from '/WEB-INF/validator-rules.xml'
Feb 19, 2013 6:57:27 PM org.apache.struts.validator.ValidatorPlugIn initResources
INFO: Loading validation rules file from '/WEB-INF/validation.xml'
Feb 19, 2013 6:57:27 PM org.apache.catalina.core.StandardContext reload
INFO: Reloading Context with name [/struts_5] is completed
Feb 19, 2013 6:57:34 PM org.apache.catalina.core.StandardContext reload
INFO: Reloading Context with name [/struts_5] has started
Feb 19, 2013 6:57:36 PM org.apache.struts.action.ActionServlet initChain
INFO: Loading chain catalog from jar:file:/C:/Users/tavan_000/Documents/NetBeansProjects/struts_5/build/web/WEB-INF/lib/struts-core-1.3.10.jar!/org/apache/struts/chain/chain-config.xml
Feb 19, 2013 6:57:36 PM org.apache.struts.tiles.TilesPlugin initDefinitionsFactory
INFO: Tiles definition factory loaded for module ''.
Feb 19, 2013 6:57:36 PM org.apache.struts.validator.ValidatorPlugIn initResources
INFO: Loading validation rules file from '/WEB-INF/validator-rules.xml'
Feb 19, 2013 6:57:36 PM org.apache.struts.validator.ValidatorPlugIn initResources
INFO: Loading validation rules file from '/WEB-INF/validation.xml'
Feb 19, 2013 6:57:36 PM org.apache.catalina.core.StandardContext reload
INFO: Reloading Context with name [/struts_5] is completed
Feb 19, 2013 6:59:32 PM org.apache.catalina.core.StandardContext reload
INFO: Reloading Context with name [/struts_5] has started
Feb 19, 2013 6:59:34 PM org.apache.struts.action.ActionServlet initChain
INFO: Loading chain catalog from jar:file:/C:/Users/tavan_000/Documents/NetBeansProjects/struts_5/build/web/WEB-INF/lib/struts-core-1.3.10.jar!/org/apache/struts/chain/chain-config.xml
Feb 19, 2013 6:59:34 PM org.apache.struts.tiles.TilesPlugin initDefinitionsFactory
INFO: Tiles definition factory loaded for module ''.
Feb 19, 2013 6:59:34 PM org.apache.struts.validator.ValidatorPlugIn initResources
INFO: Loading validation rules file from '/WEB-INF/validator-rules.xml'
Feb 19, 2013 6:59:34 PM org.apache.struts.validator.ValidatorPlugIn initResources
INFO: Loading validation rules file from '/WEB-INF/validation.xml'
Feb 19, 2013 6:59:35 PM org.apache.catalina.core.StandardContext reload
INFO: Reloading Context with name [/struts_5] is completed
Feb 19, 2013 7:00:54 PM org.apache.struts.tiles.TilesRequestProcessor initDefinitionsMapping
INFO: Tiles definition factory found for request processor ''.
Feb 19, 2013 7:00:54 PM org.apache.jasper.compiler.TldLocationsCache tldScanJar
INFO: At least one JAR was scanned for TLDs yet contained no TLDs. Enable debug logging for this logger for a complete list of JARs that were scanned but no TLDs were found in them. Skipping unneeded JARs during scanning can improve startup time and JSP compilation time.
Feb 19, 2013 7:00:57 PM org.apache.struts.util.PropertyMessageResources loadLocale
WARNING:   Resource com/myapp/struts/ApplicationResource_vi_VN.properties Not Found.
Feb 19, 2013 7:01:43 PM org.apache.catalina.core.StandardContext reload
INFO: Reloading Context with name [/struts_5] has started
Feb 19, 2013 7:01:43 PM org.apache.catalina.loader.WebappClassLoader clearReferencesJdbc
SEVERE: The web application [/struts_5] registered the JDBC driver [com.microsoft.sqlserver.jdbc.SQLServerDriver] but failed to unregister it when the web application was stopped. To prevent a memory leak, the JDBC Driver has been forcibly unregistered.
Feb 19, 2013 7:01:45 PM org.apache.struts.action.ActionServlet initChain
INFO: Loading chain catalog from jar:file:/C:/Users/tavan_000/Documents/NetBeansProjects/struts_5/build/web/WEB-INF/lib/struts-core-1.3.10.jar!/org/apache/struts/chain/chain-config.xml
Feb 19, 2013 7:01:46 PM org.apache.struts.tiles.TilesPlugin initDefinitionsFactory
INFO: Tiles definition factory loaded for module ''.
Feb 19, 2013 7:01:46 PM org.apache.struts.validator.ValidatorPlugIn initResources
INFO: Loading validation rules file from '/WEB-INF/validator-rules.xml'
Feb 19, 2013 7:01:46 PM org.apache.struts.validator.ValidatorPlugIn initResources
INFO: Loading validation rules file from '/WEB-INF/validation.xml'
Feb 19, 2013 7:01:47 PM org.apache.catalina.core.StandardContext reload
INFO: Reloading Context with name [/struts_5] is completed
Feb 19, 2013 7:01:48 PM org.apache.struts.tiles.TilesRequestProcessor initDefinitionsMapping
INFO: Tiles definition factory found for request processor ''.
Feb 19, 2013 7:01:49 PM org.apache.struts.util.PropertyMessageResources loadLocale
WARNING:   Resource com/myapp/struts/ApplicationResource_vi_VN.properties Not Found.
Feb 19, 2013 7:02:03 PM org.apache.catalina.loader.WebappClassLoader clearReferencesJdbc
SEVERE: The web application [/struts_5] registered the JDBC driver [com.microsoft.sqlserver.jdbc.SQLServerDriver] but failed to unregister it when the web application was stopped. To prevent a memory leak, the JDBC Driver has been forcibly unregistered.
Feb 19, 2013 7:02:05 PM org.apache.struts.action.ActionServlet initChain
INFO: Loading chain catalog from jar:file:/C:/Users/tavan_000/Documents/NetBeansProjects/struts_5/build/web/WEB-INF/lib/struts-core-1.3.10.jar!/org/apache/struts/chain/chain-config.xml
Feb 19, 2013 7:02:05 PM org.apache.struts.tiles.TilesPlugin initDefinitionsFactory
INFO: Tiles definition factory loaded for module ''.
Feb 19, 2013 7:02:05 PM org.apache.struts.validator.ValidatorPlugIn initResources
INFO: Loading validation rules file from '/WEB-INF/validator-rules.xml'
Feb 19, 2013 7:02:05 PM org.apache.struts.validator.ValidatorPlugIn initResources
INFO: Loading validation rules file from '/WEB-INF/validation.xml'
Feb 19, 2013 7:04:15 PM org.apache.catalina.core.StandardContext reload
INFO: Reloading Context with name [/struts_5] has started
Feb 19, 2013 7:04:18 PM org.apache.struts.action.ActionServlet initChain
INFO: Loading chain catalog from jar:file:/C:/Users/tavan_000/Documents/NetBeansProjects/struts_5/build/web/WEB-INF/lib/struts-core-1.3.10.jar!/org/apache/struts/chain/chain-config.xml
Feb 19, 2013 7:04:18 PM org.apache.struts.tiles.TilesPlugin initDefinitionsFactory
INFO: Tiles definition factory loaded for module ''.
Feb 19, 2013 7:04:18 PM org.apache.struts.validator.ValidatorPlugIn initResources
INFO: Loading validation rules file from '/WEB-INF/validator-rules.xml'
Feb 19, 2013 7:04:18 PM org.apache.struts.validator.ValidatorPlugIn initResources
INFO: Loading validation rules file from '/WEB-INF/validation.xml'
Feb 19, 2013 7:04:19 PM org.apache.catalina.core.StandardContext reload
INFO: Reloading Context with name [/struts_5] is completed
Feb 19, 2013 7:05:42 PM org.apache.catalina.core.StandardContext reload
INFO: Reloading Context with name [/struts_5] has started
Feb 19, 2013 7:05:43 PM org.apache.struts.action.ActionServlet initChain
INFO: Loading chain catalog from jar:file:/C:/Users/tavan_000/Documents/NetBeansProjects/struts_5/build/web/WEB-INF/lib/struts-core-1.3.10.jar!/org/apache/struts/chain/chain-config.xml
Feb 19, 2013 7:05:44 PM org.apache.struts.tiles.TilesPlugin initDefinitionsFactory
INFO: Tiles definition factory loaded for module ''.
Feb 19, 2013 7:05:44 PM org.apache.struts.validator.ValidatorPlugIn initResources
INFO: Loading validation rules file from '/WEB-INF/validator-rules.xml'
Feb 19, 2013 7:05:44 PM org.apache.struts.validator.ValidatorPlugIn initResources
INFO: Loading validation rules file from '/WEB-INF/validation.xml'
Feb 19, 2013 7:05:45 PM org.apache.catalina.core.StandardContext reload
INFO: Reloading Context with name [/struts_5] is completed
Feb 19, 2013 7:05:50 PM org.apache.struts.tiles.TilesRequestProcessor initDefinitionsMapping
INFO: Tiles definition factory found for request processor ''.
Feb 19, 2013 7:05:51 PM org.apache.struts.util.PropertyMessageResources loadLocale
WARNING:   Resource com/myapp/struts/ApplicationResource_vi_VN.properties Not Found.
Feb 19, 2013 7:06:03 PM org.apache.struts.util.PropertyMessageResources loadLocale
WARNING:   Resource com/myapp/struts/ApplicationResource_en.properties Not Found.
Feb 19, 2013 7:06:03 PM org.apache.struts.util.PropertyMessageResources loadLocale
WARNING:   Resource com/myapp/struts/ApplicationResource_en_US.properties Not Found.
Feb 19, 2013 7:11:23 PM org.apache.catalina.core.StandardContext reload
INFO: Reloading Context with name [/struts_5] has started
Feb 19, 2013 7:11:23 PM org.apache.catalina.loader.WebappClassLoader clearReferencesJdbc
SEVERE: The web application [/struts_5] registered the JDBC driver [com.microsoft.sqlserver.jdbc.SQLServerDriver] but failed to unregister it when the web application was stopped. To prevent a memory leak, the JDBC Driver has been forcibly unregistered.
Feb 19, 2013 7:11:25 PM org.apache.struts.action.ActionServlet initChain
INFO: Loading chain catalog from jar:file:/C:/Users/tavan_000/Documents/NetBeansProjects/struts_5/build/web/WEB-INF/lib/struts-core-1.3.10.jar!/org/apache/struts/chain/chain-config.xml
Feb 19, 2013 7:11:25 PM org.apache.struts.tiles.TilesPlugin initDefinitionsFactory
INFO: Tiles definition factory loaded for module ''.
Feb 19, 2013 7:11:25 PM org.apache.struts.validator.ValidatorPlugIn initResources
INFO: Loading validation rules file from '/WEB-INF/validator-rules.xml'
Feb 19, 2013 7:11:25 PM org.apache.struts.validator.ValidatorPlugIn initResources
INFO: Loading validation rules file from '/WEB-INF/validation.xml'
Feb 19, 2013 7:11:25 PM org.apache.catalina.core.StandardContext reload
INFO: Reloading Context with name [/struts_5] is completed
Feb 19, 2013 7:11:45 PM org.apache.catalina.core.StandardContext reload
INFO: Reloading Context with name [/struts_5] has started
Feb 19, 2013 7:11:47 PM org.apache.struts.action.ActionServlet initChain
INFO: Loading chain catalog from jar:file:/C:/Users/tavan_000/Documents/NetBeansProjects/struts_5/build/web/WEB-INF/lib/struts-core-1.3.10.jar!/org/apache/struts/chain/chain-config.xml
Feb 19, 2013 7:11:48 PM org.apache.struts.tiles.TilesPlugin initDefinitionsFactory
INFO: Tiles definition factory loaded for module ''.
Feb 19, 2013 7:11:48 PM org.apache.struts.validator.ValidatorPlugIn initResources
INFO: Loading validation rules file from '/WEB-INF/validator-rules.xml'
Feb 19, 2013 7:11:48 PM org.apache.struts.validator.ValidatorPlugIn initResources
INFO: Loading validation rules file from '/WEB-INF/validation.xml'
Feb 19, 2013 7:11:49 PM org.apache.catalina.core.StandardContext reload
INFO: Reloading Context with name [/struts_5] is completed
Feb 19, 2013 7:11:58 PM org.apache.struts.tiles.TilesRequestProcessor initDefinitionsMapping
INFO: Tiles definition factory found for request processor ''.
Feb 19, 2013 7:12:32 PM org.apache.struts.util.PropertyMessageResources loadLocale
WARNING:   Resource com/myapp/struts/ApplicationResource_en.properties Not Found.
Feb 19, 2013 7:12:32 PM org.apache.struts.util.PropertyMessageResources loadLocale
WARNING:   Resource com/myapp/struts/ApplicationResource_en_US.properties Not Found.
Feb 19, 2013 7:14:18 PM org.apache.catalina.core.StandardContext reload
INFO: Reloading Context with name [/struts_5] has started
Feb 19, 2013 7:14:18 PM org.apache.catalina.loader.WebappClassLoader clearReferencesJdbc
SEVERE: The web application [/struts_5] registered the JDBC driver [com.microsoft.sqlserver.jdbc.SQLServerDriver] but failed to unregister it when the web application was stopped. To prevent a memory leak, the JDBC Driver has been forcibly unregistered.
Feb 19, 2013 7:14:20 PM org.apache.struts.action.ActionServlet initChain
INFO: Loading chain catalog from jar:file:/C:/Users/tavan_000/Documents/NetBeansProjects/struts_5/build/web/WEB-INF/lib/struts-core-1.3.10.jar!/org/apache/struts/chain/chain-config.xml
Feb 19, 2013 7:14:20 PM org.apache.struts.tiles.TilesPlugin initDefinitionsFactory
INFO: Tiles definition factory loaded for module ''.
Feb 19, 2013 7:14:20 PM org.apache.struts.validator.ValidatorPlugIn initResources
INFO: Loading validation rules file from '/WEB-INF/validator-rules.xml'
Feb 19, 2013 7:14:20 PM org.apache.struts.validator.ValidatorPlugIn initResources
INFO: Loading validation rules file from '/WEB-INF/validation.xml'
Feb 19, 2013 7:14:20 PM org.apache.catalina.core.StandardContext reload
INFO: Reloading Context with name [/struts_5] is completed
Feb 19, 2013 7:14:20 PM org.apache.catalina.core.StandardContext reload
INFO: Reloading Context with name [/struts_5] has started
Feb 19, 2013 7:14:22 PM org.apache.struts.action.ActionServlet initChain
INFO: Loading chain catalog from jar:file:/C:/Users/tavan_000/Documents/NetBeansProjects/struts_5/build/web/WEB-INF/lib/struts-core-1.3.10.jar!/org/apache/struts/chain/chain-config.xml
Feb 19, 2013 7:14:23 PM org.apache.struts.tiles.TilesPlugin initDefinitionsFactory
INFO: Tiles definition factory loaded for module ''.
Feb 19, 2013 7:14:23 PM org.apache.struts.validator.ValidatorPlugIn initResources
INFO: Loading validation rules file from '/WEB-INF/validator-rules.xml'
Feb 19, 2013 7:14:23 PM org.apache.struts.validator.ValidatorPlugIn initResources
INFO: Loading validation rules file from '/WEB-INF/validation.xml'
Feb 19, 2013 7:14:23 PM org.apache.catalina.core.StandardContext reload
INFO: Reloading Context with name [/struts_5] is completed
Feb 19, 2013 7:14:48 PM org.apache.catalina.core.StandardContext reload
INFO: Reloading Context with name [/struts_5] has started
Feb 19, 2013 7:14:54 PM org.apache.struts.action.ActionServlet initChain
INFO: Loading chain catalog from jar:file:/C:/Users/tavan_000/Documents/NetBeansProjects/struts_5/build/web/WEB-INF/lib/struts-core-1.3.10.jar!/org/apache/struts/chain/chain-config.xml
Feb 19, 2013 7:14:55 PM org.apache.struts.tiles.TilesPlugin initDefinitionsFactory
INFO: Tiles definition factory loaded for module ''.
Feb 19, 2013 7:14:55 PM org.apache.struts.validator.ValidatorPlugIn initResources
INFO: Loading validation rules file from '/WEB-INF/validator-rules.xml'
Feb 19, 2013 7:14:55 PM org.apache.struts.validator.ValidatorPlugIn initResources
INFO: Loading validation rules file from '/WEB-INF/validation.xml'
Feb 19, 2013 7:14:55 PM org.apache.catalina.core.StandardContext reload
INFO: Reloading Context with name [/struts_5] is completed
Feb 19, 2013 7:16:41 PM org.apache.catalina.core.StandardContext reload
INFO: Reloading Context with name [/struts_5] has started
Feb 19, 2013 7:16:43 PM org.apache.struts.action.ActionServlet initChain
INFO: Loading chain catalog from jar:file:/C:/Users/tavan_000/Documents/NetBeansProjects/struts_5/build/web/WEB-INF/lib/struts-core-1.3.10.jar!/org/apache/struts/chain/chain-config.xml
Feb 19, 2013 7:16:43 PM org.apache.struts.tiles.TilesPlugin initDefinitionsFactory
INFO: Tiles definition factory loaded for module ''.
Feb 19, 2013 7:16:43 PM org.apache.struts.validator.ValidatorPlugIn initResources
INFO: Loading validation rules file from '/WEB-INF/validator-rules.xml'
Feb 19, 2013 7:16:43 PM org.apache.struts.validator.ValidatorPlugIn initResources
INFO: Loading validation rules file from '/WEB-INF/validation.xml'
Feb 19, 2013 7:16:44 PM org.apache.catalina.core.StandardContext reload
INFO: Reloading Context with name [/struts_5] is completed
Feb 19, 2013 7:16:49 PM org.apache.catalina.core.StandardContext reload
INFO: Reloading Context with name [/struts_5] has started
Feb 19, 2013 7:16:51 PM org.apache.struts.action.ActionServlet initChain
INFO: Loading chain catalog from jar:file:/C:/Users/tavan_000/Documents/NetBeansProjects/struts_5/build/web/WEB-INF/lib/struts-core-1.3.10.jar!/org/apache/struts/chain/chain-config.xml
Feb 19, 2013 7:16:51 PM org.apache.struts.tiles.TilesPlugin initDefinitionsFactory
INFO: Tiles definition factory loaded for module ''.
Feb 19, 2013 7:16:51 PM org.apache.struts.validator.ValidatorPlugIn initResources
INFO: Loading validation rules file from '/WEB-INF/validator-rules.xml'
Feb 19, 2013 7:16:51 PM org.apache.struts.validator.ValidatorPlugIn initResources
INFO: Loading validation rules file from '/WEB-INF/validation.xml'
Feb 19, 2013 7:16:51 PM org.apache.catalina.core.StandardContext reload
INFO: Reloading Context with name [/struts_5] is completed
Feb 19, 2013 7:20:36 PM org.apache.catalina.core.StandardContext reload
INFO: Reloading Context with name [/struts_5] has started
Feb 19, 2013 7:20:38 PM org.apache.struts.action.ActionServlet initChain
INFO: Loading chain catalog from jar:file:/C:/Users/tavan_000/Documents/NetBeansProjects/struts_5/build/web/WEB-INF/lib/struts-core-1.3.10.jar!/org/apache/struts/chain/chain-config.xml
Feb 19, 2013 7:20:38 PM org.apache.struts.tiles.TilesPlugin initDefinitionsFactory
INFO: Tiles definition factory loaded for module ''.
Feb 19, 2013 7:20:38 PM org.apache.struts.validator.ValidatorPlugIn initResources
INFO: Loading validation rules file from '/WEB-INF/validator-rules.xml'
Feb 19, 2013 7:20:38 PM org.apache.struts.validator.ValidatorPlugIn initResources
INFO: Loading validation rules file from '/WEB-INF/validation.xml'
Feb 19, 2013 7:20:38 PM org.apache.catalina.core.StandardContext reload
INFO: Reloading Context with name [/struts_5] is completed
Feb 19, 2013 7:22:51 PM org.apache.catalina.core.StandardContext reload
INFO: Reloading Context with name [/struts_5] has started
Feb 19, 2013 7:22:53 PM org.apache.struts.action.ActionServlet initChain
INFO: Loading chain catalog from jar:file:/C:/Users/tavan_000/Documents/NetBeansProjects/struts_5/build/web/WEB-INF/lib/struts-core-1.3.10.jar!/org/apache/struts/chain/chain-config.xml
Feb 19, 2013 7:22:54 PM org.apache.struts.tiles.TilesPlugin initDefinitionsFactory
INFO: Tiles definition factory loaded for module ''.
Feb 19, 2013 7:22:54 PM org.apache.struts.validator.ValidatorPlugIn initResources
INFO: Loading validation rules file from '/WEB-INF/validator-rules.xml'
Feb 19, 2013 7:22:54 PM org.apache.struts.validator.ValidatorPlugIn initResources
INFO: Loading validation rules file from '/WEB-INF/validation.xml'
Feb 19, 2013 7:22:54 PM org.apache.catalina.core.StandardContext reload
INFO: Reloading Context with name [/struts_5] is completed
Feb 19, 2013 7:23:31 PM org.apache.catalina.core.StandardContext reload
INFO: Reloading Context with name [/struts_5] has started
Feb 19, 2013 7:23:33 PM org.apache.struts.action.ActionServlet initChain
INFO: Loading chain catalog from jar:file:/C:/Users/tavan_000/Documents/NetBeansProjects/struts_5/build/web/WEB-INF/lib/struts-core-1.3.10.jar!/org/apache/struts/chain/chain-config.xml
Feb 19, 2013 7:23:33 PM org.apache.struts.tiles.TilesPlugin initDefinitionsFactory
INFO: Tiles definition factory loaded for module ''.
Feb 19, 2013 7:23:33 PM org.apache.struts.validator.ValidatorPlugIn initResources
INFO: Loading validation rules file from '/WEB-INF/validator-rules.xml'
Feb 19, 2013 7:23:33 PM org.apache.struts.validator.ValidatorPlugIn initResources
INFO: Loading validation rules file from '/WEB-INF/validation.xml'
Feb 19, 2013 7:23:34 PM org.apache.catalina.core.StandardContext reload
INFO: Reloading Context with name [/struts_5] is completed
Feb 19, 2013 7:25:18 PM org.apache.struts.tiles.TilesRequestProcessor initDefinitionsMapping
INFO: Tiles definition factory found for request processor ''.
Feb 19, 2013 7:25:18 PM org.apache.struts.util.PropertyMessageResources loadLocale
WARNING:   Resource org/apache/struts/action/ActionResources_en_US.properties Not Found.
Feb 19, 2013 7:25:18 PM org.apache.struts.util.PropertyMessageResources loadLocale
WARNING:   Resource org/apache/struts/action/ActionResources_en.properties Not Found.
Feb 19, 2013 7:25:18 PM org.apache.struts.action.RequestProcessor processException
WARNING: Unhandled Exception thrown: class com.microsoft.sqlserver.jdbc.SQLServerException
Feb 19, 2013 7:27:08 PM org.apache.catalina.core.StandardContext reload
INFO: Reloading Context with name [/struts_5] has started
Feb 19, 2013 7:27:08 PM org.apache.catalina.loader.WebappClassLoader clearReferencesJdbc
SEVERE: The web application [/struts_5] registered the JDBC driver [com.microsoft.sqlserver.jdbc.SQLServerDriver] but failed to unregister it when the web application was stopped. To prevent a memory leak, the JDBC Driver has been forcibly unregistered.
Feb 19, 2013 7:27:10 PM org.apache.struts.action.ActionServlet initChain
INFO: Loading chain catalog from jar:file:/C:/Users/tavan_000/Documents/NetBeansProjects/struts_5/build/web/WEB-INF/lib/struts-core-1.3.10.jar!/org/apache/struts/chain/chain-config.xml
Feb 19, 2013 7:27:10 PM org.apache.struts.tiles.TilesPlugin initDefinitionsFactory
INFO: Tiles definition factory loaded for module ''.
Feb 19, 2013 7:27:10 PM org.apache.struts.validator.ValidatorPlugIn initResources
INFO: Loading validation rules file from '/WEB-INF/validator-rules.xml'
Feb 19, 2013 7:27:10 PM org.apache.struts.validator.ValidatorPlugIn initResources
INFO: Loading validation rules file from '/WEB-INF/validation.xml'
Feb 19, 2013 7:27:11 PM org.apache.catalina.core.StandardContext reload
INFO: Reloading Context with name [/struts_5] is completed
Feb 19, 2013 7:27:25 PM org.apache.struts.tiles.TilesRequestProcessor initDefinitionsMapping
INFO: Tiles definition factory found for request processor ''.
Feb 19, 2013 7:27:25 PM org.apache.struts.util.PropertyMessageResources loadLocale
WARNING:   Resource org/apache/struts/action/ActionResources_en_US.properties Not Found.
Feb 19, 2013 7:27:25 PM org.apache.struts.util.PropertyMessageResources loadLocale
WARNING:   Resource org/apache/struts/action/ActionResources_en.properties Not Found.
Feb 19, 2013 7:27:25 PM org.apache.struts.action.RequestProcessor processException
WARNING: Unhandled Exception thrown: class com.microsoft.sqlserver.jdbc.SQLServerException
Feb 19, 2013 7:27:40 PM org.apache.catalina.core.StandardContext reload
INFO: Reloading Context with name [/struts_5] has started
Feb 19, 2013 7:27:40 PM org.apache.catalina.loader.WebappClassLoader clearReferencesJdbc
SEVERE: The web application [/struts_5] registered the JDBC driver [com.microsoft.sqlserver.jdbc.SQLServerDriver] but failed to unregister it when the web application was stopped. To prevent a memory leak, the JDBC Driver has been forcibly unregistered.
Feb 19, 2013 7:27:42 PM org.apache.struts.action.ActionServlet initChain
INFO: Loading chain catalog from jar:file:/C:/Users/tavan_000/Documents/NetBeansProjects/struts_5/build/web/WEB-INF/lib/struts-core-1.3.10.jar!/org/apache/struts/chain/chain-config.xml
Feb 19, 2013 7:27:42 PM org.apache.struts.tiles.TilesPlugin initDefinitionsFactory
INFO: Tiles definition factory loaded for module ''.
Feb 19, 2013 7:27:42 PM org.apache.struts.validator.ValidatorPlugIn initResources
INFO: Loading validation rules file from '/WEB-INF/validator-rules.xml'
Feb 19, 2013 7:27:42 PM org.apache.struts.validator.ValidatorPlugIn initResources
INFO: Loading validation rules file from '/WEB-INF/validation.xml'
Feb 19, 2013 7:27:43 PM org.apache.catalina.core.StandardContext reload
INFO: Reloading Context with name [/struts_5] is completed
Feb 19, 2013 7:27:45 PM org.apache.struts.tiles.TilesRequestProcessor initDefinitionsMapping
INFO: Tiles definition factory found for request processor ''.
Feb 19, 2013 7:27:45 PM org.apache.struts.util.PropertyMessageResources loadLocale
WARNING:   Resource org/apache/struts/action/ActionResources_en_US.properties Not Found.
Feb 19, 2013 7:27:45 PM org.apache.struts.util.PropertyMessageResources loadLocale
WARNING:   Resource org/apache/struts/action/ActionResources_en.properties Not Found.
Feb 19, 2013 7:27:45 PM org.apache.struts.action.RequestProcessor processException
WARNING: Unhandled Exception thrown: class com.microsoft.sqlserver.jdbc.SQLServerException
Feb 19, 2013 7:29:29 PM org.apache.catalina.core.StandardContext reload
INFO: Reloading Context with name [/struts_5] has started
Feb 19, 2013 7:29:29 PM org.apache.catalina.loader.WebappClassLoader clearReferencesJdbc
SEVERE: The web application [/struts_5] registered the JDBC driver [com.microsoft.sqlserver.jdbc.SQLServerDriver] but failed to unregister it when the web application was stopped. To prevent a memory leak, the JDBC Driver has been forcibly unregistered.
Feb 19, 2013 7:29:31 PM org.apache.struts.action.ActionServlet initChain
INFO: Loading chain catalog from jar:file:/C:/Users/tavan_000/Documents/NetBeansProjects/struts_5/build/web/WEB-INF/lib/struts-core-1.3.10.jar!/org/apache/struts/chain/chain-config.xml
Feb 19, 2013 7:29:32 PM org.apache.struts.tiles.TilesPlugin initDefinitionsFactory
INFO: Tiles definition factory loaded for module ''.
Feb 19, 2013 7:29:32 PM org.apache.struts.validator.ValidatorPlugIn initResources
INFO: Loading validation rules file from '/WEB-INF/validator-rules.xml'
Feb 19, 2013 7:29:32 PM org.apache.struts.validator.ValidatorPlugIn initResources
INFO: Loading validation rules file from '/WEB-INF/validation.xml'
Feb 19, 2013 7:29:32 PM org.apache.catalina.core.StandardContext reload
INFO: Reloading Context with name [/struts_5] is completed
Feb 19, 2013 7:29:32 PM org.apache.catalina.core.StandardContext reload
INFO: Reloading Context with name [/struts_5] has started
Feb 19, 2013 7:29:34 PM org.apache.struts.action.ActionServlet initChain
INFO: Loading chain catalog from jar:file:/C:/Users/tavan_000/Documents/NetBeansProjects/struts_5/build/web/WEB-INF/lib/struts-core-1.3.10.jar!/org/apache/struts/chain/chain-config.xml
Feb 19, 2013 7:29:35 PM org.apache.struts.tiles.TilesPlugin initDefinitionsFactory
INFO: Tiles definition factory loaded for module ''.
Feb 19, 2013 7:29:35 PM org.apache.struts.validator.ValidatorPlugIn initResources
INFO: Loading validation rules file from '/WEB-INF/validator-rules.xml'
Feb 19, 2013 7:29:35 PM org.apache.struts.validator.ValidatorPlugIn initResources
INFO: Loading validation rules file from '/WEB-INF/validation.xml'
Feb 19, 2013 7:29:35 PM org.apache.catalina.core.StandardContext reload
INFO: Reloading Context with name [/struts_5] is completed
Feb 19, 2013 7:30:06 PM org.apache.catalina.core.StandardContext reload
INFO: Reloading Context with name [/struts_5] has started
Feb 19, 2013 7:30:08 PM org.apache.struts.action.ActionServlet initChain
INFO: Loading chain catalog from jar:file:/C:/Users/tavan_000/Documents/NetBeansProjects/struts_5/build/web/WEB-INF/lib/struts-core-1.3.10.jar!/org/apache/struts/chain/chain-config.xml
Feb 19, 2013 7:30:08 PM org.apache.struts.tiles.TilesPlugin initDefinitionsFactory
INFO: Tiles definition factory loaded for module ''.
Feb 19, 2013 7:30:08 PM org.apache.struts.validator.ValidatorPlugIn initResources
INFO: Loading validation rules file from '/WEB-INF/validator-rules.xml'
Feb 19, 2013 7:30:08 PM org.apache.struts.validator.ValidatorPlugIn initResources
INFO: Loading validation rules file from '/WEB-INF/validation.xml'
Feb 19, 2013 7:30:09 PM org.apache.catalina.core.StandardContext reload
INFO: Reloading Context with name [/struts_5] is completed
Feb 19, 2013 7:30:37 PM org.apache.catalina.core.StandardContext reload
INFO: Reloading Context with name [/struts_5] has started
Feb 19, 2013 7:30:39 PM org.apache.struts.action.ActionServlet initChain
INFO: Loading chain catalog from jar:file:/C:/Users/tavan_000/Documents/NetBeansProjects/struts_5/build/web/WEB-INF/lib/struts-core-1.3.10.jar!/org/apache/struts/chain/chain-config.xml
Feb 19, 2013 7:30:39 PM org.apache.struts.tiles.TilesPlugin initDefinitionsFactory
INFO: Tiles definition factory loaded for module ''.
Feb 19, 2013 7:30:39 PM org.apache.struts.validator.ValidatorPlugIn initResources
INFO: Loading validation rules file from '/WEB-INF/validator-rules.xml'
Feb 19, 2013 7:30:39 PM org.apache.struts.validator.ValidatorPlugIn initResources
INFO: Loading validation rules file from '/WEB-INF/validation.xml'
Feb 19, 2013 7:30:39 PM org.apache.catalina.core.StandardContext reload
INFO: Reloading Context with name [/struts_5] is completed
Feb 19, 2013 7:30:53 PM org.apache.catalina.core.StandardContext reload
INFO: Reloading Context with name [/struts_5] has started
Feb 19, 2013 7:30:55 PM org.apache.struts.action.ActionServlet initChain
INFO: Loading chain catalog from jar:file:/C:/Users/tavan_000/Documents/NetBeansProjects/struts_5/build/web/WEB-INF/lib/struts-core-1.3.10.jar!/org/apache/struts/chain/chain-config.xml
Feb 19, 2013 7:30:56 PM org.apache.struts.tiles.TilesPlugin initDefinitionsFactory
INFO: Tiles definition factory loaded for module ''.
Feb 19, 2013 7:30:56 PM org.apache.struts.validator.ValidatorPlugIn initResources
INFO: Loading validation rules file from '/WEB-INF/validator-rules.xml'
Feb 19, 2013 7:30:56 PM org.apache.struts.validator.ValidatorPlugIn initResources
INFO: Loading validation rules file from '/WEB-INF/validation.xml'
Feb 19, 2013 7:30:56 PM org.apache.catalina.core.StandardContext reload
INFO: Reloading Context with name [/struts_5] is completed
Feb 19, 2013 7:31:03 PM org.apache.struts.tiles.TilesRequestProcessor initDefinitionsMapping
INFO: Tiles definition factory found for request processor ''.
Feb 19, 2013 11:16:50 PM org.apache.catalina.core.StandardServer await
INFO: A valid shutdown command was received via the shutdown port. Stopping the Server instance.
Feb 19, 2013 11:16:50 PM org.apache.coyote.AbstractProtocol pause
INFO: Pausing ProtocolHandler ["http-apr-8080"]
Feb 19, 2013 11:16:50 PM org.apache.coyote.AbstractProtocol pause
INFO: Pausing ProtocolHandler ["ajp-apr-8009"]
Feb 19, 2013 11:16:50 PM org.apache.catalina.core.StandardService stopInternal
INFO: Stopping service Catalina
Feb 19, 2013 11:16:50 PM org.apache.catalina.loader.WebappClassLoader clearReferencesJdbc
SEVERE: The web application [/struts_5] registered the JDBC driver [com.microsoft.sqlserver.jdbc.SQLServerDriver] but failed to unregister it when the web application was stopped. To prevent a memory leak, the JDBC Driver has been forcibly unregistered.
Feb 19, 2013 11:16:51 PM org.apache.coyote.AbstractProtocol stop
INFO: Stopping ProtocolHandler ["http-apr-8080"]
Feb 19, 2013 11:16:51 PM org.apache.coyote.AbstractProtocol stop
INFO: Stopping ProtocolHandler ["ajp-apr-8009"]
Feb 19, 2013 11:16:51 PM org.apache.coyote.AbstractProtocol destroy
INFO: Destroying ProtocolHandler ["http-apr-8080"]
Feb 19, 2013 11:16:51 PM org.apache.coyote.AbstractProtocol destroy
INFO: Destroying ProtocolHandler ["ajp-apr-8009"]
