Dec 18, 2012 6:18:04 PM org.apache.catalina.core.AprLifecycleListener init
INFO: Loaded APR based Apache Tomcat Native library 1.1.24 using APR version 1.4.6.
Dec 18, 2012 6:18:04 PM org.apache.catalina.core.AprLifecycleListener init
INFO: APR capabilities: IPv6 [true], sendfile [true], accept filters [false], random [true].
Dec 18, 2012 6:18:05 PM org.apache.catalina.core.AprLifecycleListener initializeSSL
INFO: OpenSSL successfully initialized (OpenSSL 1.0.1c 10 May 2012)
Dec 18, 2012 6:18:06 PM org.apache.coyote.AbstractProtocol init
INFO: Initializing ProtocolHandler ["http-apr-8080"]
Dec 18, 2012 6:18:06 PM org.apache.coyote.AbstractProtocol init
INFO: Initializing ProtocolHandler ["ajp-apr-8009"]
Dec 18, 2012 6:18:06 PM org.apache.catalina.startup.Catalina load
INFO: Initialization processed in 2751 ms
Dec 18, 2012 6:18:06 PM org.apache.catalina.users.MemoryUserDatabase createRole
WARNING: Null or zero length role name specified. The role will be ignored.
Dec 18, 2012 6:18:06 PM org.apache.tomcat.util.digester.FactoryCreateRule begin
INFO: [FactoryCreateRule] Create exception ignored: Null or zero length role name specified. The role will be ignored.
Dec 18, 2012 6:18:06 PM org.apache.catalina.core.StandardService startInternal
INFO: Starting service Catalina
Dec 18, 2012 6:18:06 PM org.apache.catalina.core.StandardEngine startInternal
INFO: Starting Servlet Engine: Apache Tomcat/7.0.33
Dec 18, 2012 6:18:06 PM org.apache.catalina.startup.HostConfig deployDescriptor
INFO: Deploying configuration descriptor F:\apache-tomcat-7.0.33\conf\Catalina\localhost\jsp_2.xml
Dec 18, 2012 6:18:07 PM org.apache.catalina.startup.HostConfig deployDescriptor
INFO: Deploying configuration descriptor F:\apache-tomcat-7.0.33\conf\Catalina\localhost\jsp_3.xml
Dec 18, 2012 6:18:08 PM org.apache.catalina.startup.HostConfig deployDescriptor
INFO: Deploying configuration descriptor F:\apache-tomcat-7.0.33\conf\Catalina\localhost\jsp_4.xml
Dec 18, 2012 6:18:09 PM org.apache.catalina.startup.HostConfig deployDirectory
INFO: Deploying web application directory F:\apache-tomcat-7.0.33\webapps\docs
Dec 18, 2012 6:18:09 PM org.apache.catalina.startup.HostConfig deployDirectory
INFO: Deploying web application directory F:\apache-tomcat-7.0.33\webapps\examples
Dec 18, 2012 6:18:09 PM org.apache.catalina.startup.HostConfig deployDirectory
INFO: Deploying web application directory F:\apache-tomcat-7.0.33\webapps\host-manager
Dec 18, 2012 6:18:09 PM org.apache.catalina.startup.HostConfig deployDirectory
INFO: Deploying web application directory F:\apache-tomcat-7.0.33\webapps\manager
Dec 18, 2012 6:18:09 PM org.apache.catalina.startup.HostConfig deployDirectory
INFO: Deploying web application directory F:\apache-tomcat-7.0.33\webapps\ROOT
Dec 18, 2012 6:18:10 PM org.apache.coyote.AbstractProtocol start
INFO: Starting ProtocolHandler ["http-apr-8080"]
Dec 18, 2012 6:18:10 PM org.apache.coyote.AbstractProtocol start
INFO: Starting ProtocolHandler ["ajp-apr-8009"]
Dec 18, 2012 6:18:10 PM org.apache.catalina.startup.Catalina start
INFO: Server startup in 3443 ms
Dec 18, 2012 6:18:10 PM org.apache.catalina.startup.HostConfig deployDescriptor
INFO: Deploying configuration descriptor F:\apache-tomcat-7.0.33\conf\Catalina\localhost\jsp_7.xml
Dec 18, 2012 6:18:10 PM org.apache.catalina.util.LifecycleBase start
INFO: The start() method was called on component [StandardEngine[Catalina].StandardHost[localhost].StandardContext[/jsp_7]] after start() had already been called. The second call will be ignored.
Dec 18, 2012 6:19:03 PM org.apache.catalina.core.StandardContext reload
INFO: Reloading Context with name [/jsp_7] has started
Dec 18, 2012 6:19:03 PM org.apache.catalina.core.StandardContext reload
INFO: Reloading Context with name [/jsp_7] is completed
Dec 18, 2012 6:19:33 PM org.apache.catalina.core.StandardContext reload
INFO: Reloading Context with name [/jsp_7] has started
Dec 18, 2012 6:19:33 PM org.apache.catalina.core.StandardContext reload
INFO: Reloading Context with name [/jsp_7] is completed
Dec 18, 2012 6:20:07 PM org.apache.catalina.core.StandardContext reload
INFO: Reloading Context with name [/jsp_7] has started
Dec 18, 2012 6:20:08 PM org.apache.catalina.core.StandardContext reload
INFO: Reloading Context with name [/jsp_7] is completed
Dec 18, 2012 6:20:08 PM org.apache.catalina.core.StandardContext reload
INFO: Reloading Context with name [/jsp_7] has started
Dec 18, 2012 6:20:09 PM org.apache.catalina.core.StandardContext reload
INFO: Reloading Context with name [/jsp_7] is completed
Dec 18, 2012 6:21:27 PM org.apache.catalina.core.StandardContext reload
INFO: Reloading Context with name [/jsp_7] has started
Dec 18, 2012 6:21:27 PM org.apache.catalina.core.StandardContext reload
INFO: Reloading Context with name [/jsp_7] is completed
Dec 18, 2012 6:23:01 PM org.apache.catalina.core.StandardContext reload
INFO: Reloading Context with name [/jsp_7] has started
Dec 18, 2012 6:23:01 PM org.apache.catalina.core.StandardContext reload
INFO: Reloading Context with name [/jsp_7] is completed
Dec 18, 2012 6:23:43 PM org.apache.catalina.core.StandardContext reload
INFO: Reloading Context with name [/jsp_7] has started
Dec 18, 2012 6:23:44 PM org.apache.catalina.core.StandardContext reload
INFO: Reloading Context with name [/jsp_7] is completed
Dec 18, 2012 6:26:58 PM org.apache.catalina.core.StandardContext reload
INFO: Reloading Context with name [/jsp_7] has started
Dec 18, 2012 6:26:59 PM org.apache.catalina.core.StandardContext reload
INFO: Reloading Context with name [/jsp_7] is completed
Dec 18, 2012 6:26:59 PM org.apache.catalina.core.StandardContext reload
INFO: Reloading Context with name [/jsp_7] has started
Dec 18, 2012 6:26:59 PM org.apache.catalina.core.StandardContext reload
INFO: Reloading Context with name [/jsp_7] is completed
Dec 18, 2012 6:28:01 PM org.apache.catalina.core.StandardContext reload
INFO: Reloading Context with name [/jsp_7] has started
Dec 18, 2012 6:28:01 PM org.apache.catalina.core.StandardContext reload
INFO: Reloading Context with name [/jsp_7] is completed
Dec 18, 2012 6:37:32 PM org.apache.catalina.core.StandardContext reload
INFO: Reloading Context with name [/jsp_7] has started
Dec 18, 2012 6:37:33 PM org.apache.catalina.core.StandardContext reload
INFO: Reloading Context with name [/jsp_7] is completed
Dec 18, 2012 6:38:57 PM org.apache.catalina.core.StandardContext reload
INFO: Reloading Context with name [/jsp_7] has started
Dec 18, 2012 6:38:58 PM org.apache.catalina.core.StandardContext reload
INFO: Reloading Context with name [/jsp_7] is completed
Dec 18, 2012 6:42:21 PM org.apache.catalina.core.StandardContext reload
INFO: Reloading Context with name [/jsp_7] has started
Dec 18, 2012 6:42:21 PM org.apache.catalina.core.StandardContext reload
INFO: Reloading Context with name [/jsp_7] is completed
Dec 18, 2012 6:43:12 PM org.apache.catalina.core.StandardContext reload
INFO: Reloading Context with name [/jsp_7] has started
Dec 18, 2012 6:43:13 PM org.apache.catalina.core.StandardContext reload
INFO: Reloading Context with name [/jsp_7] is completed
Dec 18, 2012 6:43:20 PM org.apache.catalina.startup.HostConfig checkResources
INFO: Reloading context [/jsp_7]
Dec 18, 2012 6:43:20 PM org.apache.catalina.core.StandardContext reload
INFO: Reloading Context with name [/jsp_7] has started
Dec 18, 2012 6:43:21 PM org.apache.catalina.core.StandardContext reload
INFO: Reloading Context with name [/jsp_7] is completed
Dec 18, 2012 6:45:13 PM org.apache.catalina.core.StandardContext reload
INFO: Reloading Context with name [/jsp_7] has started
Dec 18, 2012 6:45:14 PM org.apache.catalina.core.StandardContext reload
INFO: Reloading Context with name [/jsp_7] is completed
Dec 18, 2012 6:47:02 PM org.apache.jasper.compiler.TldLocationsCache tldScanJar
INFO: At least one JAR was scanned for TLDs yet contained no TLDs. Enable debug logging for this logger for a complete list of JARs that were scanned but no TLDs were found in them. Skipping unneeded JARs during scanning can improve startup time and JSP compilation time.
Dec 18, 2012 6:54:24 PM org.apache.catalina.core.StandardContext reload
INFO: Reloading Context with name [/jsp_7] has started
Dec 18, 2012 6:54:24 PM org.apache.catalina.loader.WebappClassLoader clearReferencesJdbc
SEVERE: The web application [/jsp_7] registered the JDBC driver [com.microsoft.sqlserver.jdbc.SQLServerDriver] but failed to unregister it when the web application was stopped. To prevent a memory leak, the JDBC Driver has been forcibly unregistered.
Dec 18, 2012 6:54:25 PM org.apache.catalina.core.StandardContext reload
INFO: Reloading Context with name [/jsp_7] is completed
Dec 18, 2012 6:54:26 PM org.apache.catalina.core.StandardContext reload
INFO: Reloading Context with name [/jsp_7] has started
Dec 18, 2012 6:54:26 PM org.apache.catalina.core.StandardContext reload
INFO: Reloading Context with name [/jsp_7] is completed
Dec 18, 2012 6:55:01 PM org.apache.catalina.core.StandardContext reload
INFO: Reloading Context with name [/jsp_7] has started
Dec 18, 2012 6:55:01 PM org.apache.catalina.loader.WebappClassLoader clearReferencesJdbc
SEVERE: The web application [/jsp_7] registered the JDBC driver [com.microsoft.sqlserver.jdbc.SQLServerDriver] but failed to unregister it when the web application was stopped. To prevent a memory leak, the JDBC Driver has been forcibly unregistered.
Dec 18, 2012 6:55:02 PM org.apache.catalina.core.StandardContext reload
INFO: Reloading Context with name [/jsp_7] is completed
Dec 18, 2012 6:55:04 PM org.apache.catalina.core.StandardContext reload
INFO: Reloading Context with name [/jsp_7] has started
Dec 18, 2012 6:55:05 PM org.apache.catalina.core.StandardContext reload
INFO: Reloading Context with name [/jsp_7] is completed
Dec 18, 2012 6:56:14 PM org.apache.catalina.core.StandardContext reload
INFO: Reloading Context with name [/jsp_7] has started
Dec 18, 2012 6:56:14 PM org.apache.catalina.loader.WebappClassLoader clearReferencesJdbc
SEVERE: The web application [/jsp_7] registered the JDBC driver [com.microsoft.sqlserver.jdbc.SQLServerDriver] but failed to unregister it when the web application was stopped. To prevent a memory leak, the JDBC Driver has been forcibly unregistered.
Dec 18, 2012 6:56:15 PM org.apache.catalina.core.StandardContext reload
INFO: Reloading Context with name [/jsp_7] is completed
Dec 18, 2012 6:56:26 PM org.apache.catalina.core.StandardServer await
INFO: A valid shutdown command was received via the shutdown port. Stopping the Server instance.
Dec 18, 2012 6:56:26 PM org.apache.coyote.AbstractProtocol pause
INFO: Pausing ProtocolHandler ["http-apr-8080"]
Dec 18, 2012 6:56:26 PM org.apache.coyote.AbstractProtocol pause
INFO: Pausing ProtocolHandler ["ajp-apr-8009"]
Dec 18, 2012 6:56:26 PM org.apache.catalina.core.StandardService stopInternal
INFO: Stopping service Catalina
Dec 18, 2012 6:56:26 PM org.apache.coyote.AbstractProtocol stop
INFO: Stopping ProtocolHandler ["http-apr-8080"]
Dec 18, 2012 6:56:26 PM org.apache.coyote.AbstractProtocol stop
INFO: Stopping ProtocolHandler ["ajp-apr-8009"]
Dec 18, 2012 6:56:26 PM org.apache.coyote.AbstractProtocol destroy
INFO: Destroying ProtocolHandler ["http-apr-8080"]
Dec 18, 2012 6:56:26 PM org.apache.coyote.AbstractProtocol destroy
INFO: Destroying ProtocolHandler ["ajp-apr-8009"]
Dec 18, 2012 6:56:29 PM org.apache.catalina.core.AprLifecycleListener init
INFO: Loaded APR based Apache Tomcat Native library 1.1.24 using APR version 1.4.6.
Dec 18, 2012 6:56:29 PM org.apache.catalina.core.AprLifecycleListener init
INFO: APR capabilities: IPv6 [true], sendfile [true], accept filters [false], random [true].
Dec 18, 2012 6:56:31 PM org.apache.catalina.core.AprLifecycleListener initializeSSL
INFO: OpenSSL successfully initialized (OpenSSL 1.0.1c 10 May 2012)
Dec 18, 2012 6:56:31 PM org.apache.coyote.AbstractProtocol init
INFO: Initializing ProtocolHandler ["http-apr-8080"]
Dec 18, 2012 6:56:31 PM org.apache.coyote.AbstractProtocol init
INFO: Initializing ProtocolHandler ["ajp-apr-8009"]
Dec 18, 2012 6:56:31 PM org.apache.catalina.startup.Catalina load
INFO: Initialization processed in 1540 ms
Dec 18, 2012 6:56:31 PM org.apache.catalina.users.MemoryUserDatabase createRole
WARNING: Null or zero length role name specified. The role will be ignored.
Dec 18, 2012 6:56:31 PM org.apache.tomcat.util.digester.FactoryCreateRule begin
INFO: [FactoryCreateRule] Create exception ignored: Null or zero length role name specified. The role will be ignored.
Dec 18, 2012 6:56:31 PM org.apache.catalina.core.StandardService startInternal
INFO: Starting service Catalina
Dec 18, 2012 6:56:31 PM org.apache.catalina.core.StandardEngine startInternal
INFO: Starting Servlet Engine: Apache Tomcat/7.0.33
Dec 18, 2012 6:56:31 PM org.apache.catalina.startup.HostConfig deployDescriptor
INFO: Deploying configuration descriptor F:\apache-tomcat-7.0.33\conf\Catalina\localhost\jsp_2.xml
Dec 18, 2012 6:56:31 PM org.apache.catalina.startup.HostConfig deployDescriptor
INFO: Deploying configuration descriptor F:\apache-tomcat-7.0.33\conf\Catalina\localhost\jsp_3.xml
Dec 18, 2012 6:56:31 PM org.apache.catalina.startup.HostConfig deployDescriptor
INFO: Deploying configuration descriptor F:\apache-tomcat-7.0.33\conf\Catalina\localhost\jsp_4.xml
Dec 18, 2012 6:56:32 PM org.apache.catalina.startup.HostConfig deployDescriptor
INFO: Deploying configuration descriptor F:\apache-tomcat-7.0.33\conf\Catalina\localhost\jsp_7.xml
Dec 18, 2012 6:56:32 PM org.apache.catalina.startup.HostConfig deployDirectory
INFO: Deploying web application directory F:\apache-tomcat-7.0.33\webapps\docs
Dec 18, 2012 6:56:32 PM org.apache.catalina.startup.HostConfig deployDirectory
INFO: Deploying web application directory F:\apache-tomcat-7.0.33\webapps\examples
Dec 18, 2012 6:56:32 PM org.apache.catalina.startup.HostConfig deployDirectory
INFO: Deploying web application directory F:\apache-tomcat-7.0.33\webapps\host-manager
Dec 18, 2012 6:56:32 PM org.apache.catalina.startup.HostConfig deployDirectory
INFO: Deploying web application directory F:\apache-tomcat-7.0.33\webapps\manager
Dec 18, 2012 6:56:32 PM org.apache.catalina.startup.HostConfig deployDirectory
INFO: Deploying web application directory F:\apache-tomcat-7.0.33\webapps\ROOT
Dec 18, 2012 6:56:32 PM org.apache.coyote.AbstractProtocol start
INFO: Starting ProtocolHandler ["http-apr-8080"]
Dec 18, 2012 6:56:32 PM org.apache.coyote.AbstractProtocol start
INFO: Starting ProtocolHandler ["ajp-apr-8009"]
Dec 18, 2012 6:56:32 PM org.apache.catalina.startup.Catalina start
INFO: Server startup in 1287 ms
Dec 18, 2012 6:56:35 PM org.apache.catalina.startup.HostConfig deleteRedeployResources
INFO: Undeploying context [/jsp_7]
Dec 18, 2012 6:56:35 PM org.apache.catalina.startup.HostConfig deployDescriptor
INFO: Deploying configuration descriptor F:\apache-tomcat-7.0.33\conf\Catalina\localhost\jsp_7.xml
Dec 18, 2012 6:56:35 PM org.apache.catalina.util.LifecycleBase start
INFO: The start() method was called on component [StandardEngine[Catalina].StandardHost[localhost].StandardContext[/jsp_7]] after start() had already been called. The second call will be ignored.
Dec 18, 2012 6:56:36 PM org.apache.jasper.compiler.TldLocationsCache tldScanJar
INFO: At least one JAR was scanned for TLDs yet contained no TLDs. Enable debug logging for this logger for a complete list of JARs that were scanned but no TLDs were found in them. Skipping unneeded JARs during scanning can improve startup time and JSP compilation time.
Dec 18, 2012 6:57:48 PM org.apache.catalina.core.StandardContext reload
INFO: Reloading Context with name [/jsp_7] has started
Dec 18, 2012 6:57:48 PM org.apache.catalina.loader.WebappClassLoader clearReferencesJdbc
SEVERE: The web application [/jsp_7] registered the JDBC driver [com.microsoft.sqlserver.jdbc.SQLServerDriver] but failed to unregister it when the web application was stopped. To prevent a memory leak, the JDBC Driver has been forcibly unregistered.
Dec 18, 2012 6:57:49 PM org.apache.catalina.core.StandardContext reload
INFO: Reloading Context with name [/jsp_7] is completed
Dec 18, 2012 6:57:53 PM org.apache.catalina.core.StandardContext reload
INFO: Reloading Context with name [/jsp_7] has started
Dec 18, 2012 6:57:53 PM org.apache.catalina.core.StandardContext reload
INFO: Reloading Context with name [/jsp_7] is completed
Dec 18, 2012 6:59:37 PM org.apache.catalina.core.StandardContext reload
INFO: Reloading Context with name [/jsp_7] has started
Dec 18, 2012 6:59:37 PM org.apache.catalina.loader.WebappClassLoader clearReferencesJdbc
SEVERE: The web application [/jsp_7] registered the JDBC driver [com.microsoft.sqlserver.jdbc.SQLServerDriver] but failed to unregister it when the web application was stopped. To prevent a memory leak, the JDBC Driver has been forcibly unregistered.
Dec 18, 2012 6:59:37 PM org.apache.catalina.core.StandardContext reload
INFO: Reloading Context with name [/jsp_7] is completed
Dec 18, 2012 6:59:47 PM org.apache.catalina.core.StandardContext reload
INFO: Reloading Context with name [/jsp_7] has started
Dec 18, 2012 6:59:47 PM org.apache.catalina.core.StandardContext reload
INFO: Reloading Context with name [/jsp_7] is completed
Dec 18, 2012 6:59:48 PM org.apache.catalina.core.StandardContext reload
INFO: Reloading Context with name [/jsp_7] has started
Dec 18, 2012 6:59:49 PM org.apache.catalina.core.StandardContext reload
INFO: Reloading Context with name [/jsp_7] is completed
Dec 18, 2012 7:00:42 PM org.apache.catalina.core.StandardContext reload
INFO: Reloading Context with name [/jsp_7] has started
Dec 18, 2012 7:00:42 PM org.apache.catalina.loader.WebappClassLoader clearReferencesJdbc
SEVERE: The web application [/jsp_7] registered the JDBC driver [com.microsoft.sqlserver.jdbc.SQLServerDriver] but failed to unregister it when the web application was stopped. To prevent a memory leak, the JDBC Driver has been forcibly unregistered.
Dec 18, 2012 7:00:42 PM org.apache.catalina.core.StandardContext reload
INFO: Reloading Context with name [/jsp_7] is completed
Dec 18, 2012 7:00:46 PM org.apache.catalina.core.StandardContext reload
INFO: Reloading Context with name [/jsp_7] has started
Dec 18, 2012 7:00:47 PM org.apache.catalina.core.StandardContext reload
INFO: Reloading Context with name [/jsp_7] is completed
Dec 18, 2012 7:40:08 PM org.apache.catalina.core.StandardServer await
INFO: A valid shutdown command was received via the shutdown port. Stopping the Server instance.
Dec 18, 2012 7:40:08 PM org.apache.coyote.AbstractProtocol pause
INFO: Pausing ProtocolHandler ["http-apr-8080"]
Dec 18, 2012 7:40:08 PM org.apache.coyote.AbstractProtocol pause
INFO: Pausing ProtocolHandler ["ajp-apr-8009"]
Dec 18, 2012 7:40:08 PM org.apache.catalina.core.StandardService stopInternal
INFO: Stopping service Catalina
Dec 18, 2012 7:40:08 PM org.apache.catalina.loader.WebappClassLoader clearReferencesJdbc
SEVERE: The web application [/jsp_7] registered the JDBC driver [com.microsoft.sqlserver.jdbc.SQLServerDriver] but failed to unregister it when the web application was stopped. To prevent a memory leak, the JDBC Driver has been forcibly unregistered.
Dec 18, 2012 7:40:08 PM org.apache.coyote.AbstractProtocol stop
INFO: Stopping ProtocolHandler ["http-apr-8080"]
Dec 18, 2012 7:40:08 PM org.apache.coyote.AbstractProtocol stop
INFO: Stopping ProtocolHandler ["ajp-apr-8009"]
Dec 18, 2012 7:40:08 PM org.apache.coyote.AbstractProtocol destroy
INFO: Destroying ProtocolHandler ["http-apr-8080"]
Dec 18, 2012 7:40:08 PM org.apache.coyote.AbstractProtocol destroy
INFO: Destroying ProtocolHandler ["ajp-apr-8009"]
