Nov 30, 2012 5:27:53 PM org.apache.catalina.core.AprLifecycleListener init
INFO: Loaded APR based Apache Tomcat Native library 1.1.24 using APR version 1.4.6.
Nov 30, 2012 5:27:53 PM org.apache.catalina.core.AprLifecycleListener init
INFO: Loaded APR based Apache Tomcat Native library 1.1.24 using APR version 1.4.6.
Nov 30, 2012 5:27:53 PM org.apache.catalina.core.AprLifecycleListener init
INFO: APR capabilities: IPv6 [true], sendfile [true], accept filters [false], random [true].
Nov 30, 2012 5:27:53 PM org.apache.catalina.core.AprLifecycleListener init
INFO: APR capabilities: IPv6 [true], sendfile [true], accept filters [false], random [true].
Nov 30, 2012 5:27:55 PM org.apache.catalina.core.AprLifecycleListener initializeSSL
INFO: OpenSSL successfully initialized (OpenSSL 1.0.1c 10 May 2012)
Nov 30, 2012 5:27:55 PM org.apache.catalina.core.AprLifecycleListener initializeSSL
INFO: OpenSSL successfully initialized (OpenSSL 1.0.1c 10 May 2012)
Nov 30, 2012 5:27:56 PM org.apache.coyote.AbstractProtocol init
INFO: Initializing ProtocolHandler ["http-apr-8084"]
Nov 30, 2012 5:27:56 PM org.apache.coyote.AbstractProtocol init
INFO: Initializing ProtocolHandler ["http-apr-8084"]
Nov 30, 2012 5:27:56 PM org.apache.coyote.AbstractProtocol init
INFO: Initializing ProtocolHandler ["ajp-apr-8009"]
Nov 30, 2012 5:27:56 PM org.apache.catalina.startup.Catalina load
INFO: Initialization processed in 2702 ms
Nov 30, 2012 5:27:56 PM org.apache.coyote.AbstractProtocol init
SEVERE: Failed to initialize end point associated with ProtocolHandler ["http-apr-8084"]
java.lang.Exception: Socket bind failed: [730048] Only one usage of each socket address (protocol/network address/port) is normally permitted.  
	at org.apache.tomcat.util.net.AprEndpoint.bind(AprEndpoint.java:433)
	at org.apache.tomcat.util.net.AbstractEndpoint.init(AbstractEndpoint.java:610)
	at org.apache.coyote.AbstractProtocol.init(AbstractProtocol.java:429)
	at org.apache.catalina.connector.Connector.initInternal(Connector.java:981)
	at org.apache.catalina.util.LifecycleBase.init(LifecycleBase.java:102)
	at org.apache.catalina.core.StandardService.initInternal(StandardService.java:559)
	at org.apache.catalina.util.LifecycleBase.init(LifecycleBase.java:102)
	at org.apache.catalina.core.StandardServer.initInternal(StandardServer.java:814)
	at org.apache.catalina.util.LifecycleBase.init(LifecycleBase.java:102)
	at org.apache.catalina.startup.Catalina.load(Catalina.java:633)
	at org.apache.catalina.startup.Catalina.load(Catalina.java:658)
	at sun.reflect.NativeMethodAccessorImpl.invoke0(Native Method)
	at sun.reflect.NativeMethodAccessorImpl.invoke(NativeMethodAccessorImpl.java:57)
	at sun.reflect.DelegatingMethodAccessorImpl.invoke(DelegatingMethodAccessorImpl.java:43)
	at java.lang.reflect.Method.invoke(Method.java:601)
	at org.apache.catalina.startup.Bootstrap.load(Bootstrap.java:281)
	at org.apache.catalina.startup.Bootstrap.main(Bootstrap.java:450)

Nov 30, 2012 5:27:56 PM org.apache.catalina.core.StandardService initInternal
SEVERE: Failed to initialize connector [Connector[HTTP/1.1-8084]]
org.apache.catalina.LifecycleException: Failed to initialize component [Connector[HTTP/1.1-8084]]
	at org.apache.catalina.util.LifecycleBase.init(LifecycleBase.java:106)
	at org.apache.catalina.core.StandardService.initInternal(StandardService.java:559)
	at org.apache.catalina.util.LifecycleBase.init(LifecycleBase.java:102)
	at org.apache.catalina.core.StandardServer.initInternal(StandardServer.java:814)
	at org.apache.catalina.util.LifecycleBase.init(LifecycleBase.java:102)
	at org.apache.catalina.startup.Catalina.load(Catalina.java:633)
	at org.apache.catalina.startup.Catalina.load(Catalina.java:658)
	at sun.reflect.NativeMethodAccessorImpl.invoke0(Native Method)
	at sun.reflect.NativeMethodAccessorImpl.invoke(NativeMethodAccessorImpl.java:57)
	at sun.reflect.DelegatingMethodAccessorImpl.invoke(DelegatingMethodAccessorImpl.java:43)
	at java.lang.reflect.Method.invoke(Method.java:601)
	at org.apache.catalina.startup.Bootstrap.load(Bootstrap.java:281)
	at org.apache.catalina.startup.Bootstrap.main(Bootstrap.java:450)
Caused by: org.apache.catalina.LifecycleException: Protocol handler initialization failed
	at org.apache.catalina.connector.Connector.initInternal(Connector.java:983)
	at org.apache.catalina.util.LifecycleBase.init(LifecycleBase.java:102)
	... 12 more
Caused by: java.lang.Exception: Socket bind failed: [730048] Only one usage of each socket address (protocol/network address/port) is normally permitted.  
	at org.apache.tomcat.util.net.AprEndpoint.bind(AprEndpoint.java:433)
	at org.apache.tomcat.util.net.AbstractEndpoint.init(AbstractEndpoint.java:610)
	at org.apache.coyote.AbstractProtocol.init(AbstractProtocol.java:429)
	at org.apache.catalina.connector.Connector.initInternal(Connector.java:981)
	... 13 more

Nov 30, 2012 5:27:56 PM org.apache.coyote.AbstractProtocol init
INFO: Initializing ProtocolHandler ["ajp-apr-8009"]
Nov 30, 2012 5:27:56 PM org.apache.coyote.AbstractProtocol init
SEVERE: Failed to initialize end point associated with ProtocolHandler ["ajp-apr-8009"]
java.lang.Exception: Socket bind failed: [730048] Only one usage of each socket address (protocol/network address/port) is normally permitted.  
	at org.apache.tomcat.util.net.AprEndpoint.bind(AprEndpoint.java:433)
	at org.apache.tomcat.util.net.AbstractEndpoint.init(AbstractEndpoint.java:610)
	at org.apache.coyote.AbstractProtocol.init(AbstractProtocol.java:429)
	at org.apache.catalina.connector.Connector.initInternal(Connector.java:981)
	at org.apache.catalina.util.LifecycleBase.init(LifecycleBase.java:102)
	at org.apache.catalina.core.StandardService.initInternal(StandardService.java:559)
	at org.apache.catalina.util.LifecycleBase.init(LifecycleBase.java:102)
	at org.apache.catalina.core.StandardServer.initInternal(StandardServer.java:814)
	at org.apache.catalina.util.LifecycleBase.init(LifecycleBase.java:102)
	at org.apache.catalina.startup.Catalina.load(Catalina.java:633)
	at org.apache.catalina.startup.Catalina.load(Catalina.java:658)
	at sun.reflect.NativeMethodAccessorImpl.invoke0(Native Method)
	at sun.reflect.NativeMethodAccessorImpl.invoke(NativeMethodAccessorImpl.java:57)
	at sun.reflect.DelegatingMethodAccessorImpl.invoke(DelegatingMethodAccessorImpl.java:43)
	at java.lang.reflect.Method.invoke(Method.java:601)
	at org.apache.catalina.startup.Bootstrap.load(Bootstrap.java:281)
	at org.apache.catalina.startup.Bootstrap.main(Bootstrap.java:450)

Nov 30, 2012 5:27:56 PM org.apache.catalina.core.StandardService initInternal
SEVERE: Failed to initialize connector [Connector[AJP/1.3-8009]]
org.apache.catalina.LifecycleException: Failed to initialize component [Connector[AJP/1.3-8009]]
	at org.apache.catalina.util.LifecycleBase.init(LifecycleBase.java:106)
	at org.apache.catalina.core.StandardService.initInternal(StandardService.java:559)
	at org.apache.catalina.util.LifecycleBase.init(LifecycleBase.java:102)
	at org.apache.catalina.core.StandardServer.initInternal(StandardServer.java:814)
	at org.apache.catalina.util.LifecycleBase.init(LifecycleBase.java:102)
	at org.apache.catalina.startup.Catalina.load(Catalina.java:633)
	at org.apache.catalina.startup.Catalina.load(Catalina.java:658)
	at sun.reflect.NativeMethodAccessorImpl.invoke0(Native Method)
	at sun.reflect.NativeMethodAccessorImpl.invoke(NativeMethodAccessorImpl.java:57)
	at sun.reflect.DelegatingMethodAccessorImpl.invoke(DelegatingMethodAccessorImpl.java:43)
	at java.lang.reflect.Method.invoke(Method.java:601)
	at org.apache.catalina.startup.Bootstrap.load(Bootstrap.java:281)
	at org.apache.catalina.startup.Bootstrap.main(Bootstrap.java:450)
Caused by: org.apache.catalina.LifecycleException: Protocol handler initialization failed
	at org.apache.catalina.connector.Connector.initInternal(Connector.java:983)
	at org.apache.catalina.util.LifecycleBase.init(LifecycleBase.java:102)
	... 12 more
Caused by: java.lang.Exception: Socket bind failed: [730048] Only one usage of each socket address (protocol/network address/port) is normally permitted.  
	at org.apache.tomcat.util.net.AprEndpoint.bind(AprEndpoint.java:433)
	at org.apache.tomcat.util.net.AbstractEndpoint.init(AbstractEndpoint.java:610)
	at org.apache.coyote.AbstractProtocol.init(AbstractProtocol.java:429)
	at org.apache.catalina.connector.Connector.initInternal(Connector.java:981)
	... 13 more

Nov 30, 2012 5:27:56 PM org.apache.catalina.startup.Catalina load
INFO: Initialization processed in 2744 ms
Nov 30, 2012 5:27:56 PM org.apache.catalina.users.MemoryUserDatabase createRole
WARNING: Null or zero length role name specified. The role will be ignored.
Nov 30, 2012 5:27:56 PM org.apache.catalina.users.MemoryUserDatabase createRole
WARNING: Null or zero length role name specified. The role will be ignored.
Nov 30, 2012 5:27:56 PM org.apache.tomcat.util.digester.FactoryCreateRule begin
INFO: [FactoryCreateRule] Create exception ignored: Null or zero length role name specified. The role will be ignored.
Nov 30, 2012 5:27:56 PM org.apache.tomcat.util.digester.FactoryCreateRule begin
INFO: [FactoryCreateRule] Create exception ignored: Null or zero length role name specified. The role will be ignored.
Nov 30, 2012 5:27:56 PM org.apache.catalina.core.StandardService startInternal
INFO: Starting service Catalina
Nov 30, 2012 5:27:56 PM org.apache.catalina.core.StandardService startInternal
INFO: Starting service Catalina
Nov 30, 2012 5:27:56 PM org.apache.catalina.core.StandardEngine startInternal
INFO: Starting Servlet Engine: Apache Tomcat/7.0.33
Nov 30, 2012 5:27:56 PM org.apache.catalina.core.StandardEngine startInternal
INFO: Starting Servlet Engine: Apache Tomcat/7.0.33
Nov 30, 2012 5:27:56 PM org.apache.catalina.startup.HostConfig deployDescriptor
INFO: Deploying configuration descriptor F:\apache-tomcat-7.0.33\conf\Catalina\localhost\jsp_2.xml
Nov 30, 2012 5:27:56 PM org.apache.catalina.startup.HostConfig deployDescriptor
INFO: Deploying configuration descriptor F:\apache-tomcat-7.0.33\conf\Catalina\localhost\jsp_2.xml
Nov 30, 2012 5:27:56 PM org.apache.catalina.startup.HostConfig deployDirectory
INFO: Deploying web application directory F:\apache-tomcat-7.0.33\webapps\docs
Nov 30, 2012 5:27:56 PM org.apache.catalina.startup.HostConfig deployDirectory
INFO: Deploying web application directory F:\apache-tomcat-7.0.33\webapps\docs
Nov 30, 2012 5:27:57 PM org.apache.catalina.startup.HostConfig deployDirectory
INFO: Deploying web application directory F:\apache-tomcat-7.0.33\webapps\examples
Nov 30, 2012 5:27:57 PM org.apache.catalina.startup.HostConfig deployDirectory
INFO: Deploying web application directory F:\apache-tomcat-7.0.33\webapps\examples
Nov 30, 2012 5:27:57 PM org.apache.catalina.startup.HostConfig deployDirectory
INFO: Deploying web application directory F:\apache-tomcat-7.0.33\webapps\host-manager
Nov 30, 2012 5:27:57 PM org.apache.catalina.startup.HostConfig deployDirectory
INFO: Deploying web application directory F:\apache-tomcat-7.0.33\webapps\host-manager
Nov 30, 2012 5:27:57 PM org.apache.catalina.startup.HostConfig deployDirectory
INFO: Deploying web application directory F:\apache-tomcat-7.0.33\webapps\manager
Nov 30, 2012 5:27:57 PM org.apache.catalina.startup.HostConfig deployDirectory
INFO: Deploying web application directory F:\apache-tomcat-7.0.33\webapps\manager
Nov 30, 2012 5:27:57 PM org.apache.catalina.startup.HostConfig deployDirectory
INFO: Deploying web application directory F:\apache-tomcat-7.0.33\webapps\ROOT
Nov 30, 2012 5:27:57 PM org.apache.catalina.startup.HostConfig deployDirectory
INFO: Deploying web application directory F:\apache-tomcat-7.0.33\webapps\ROOT
Nov 30, 2012 5:27:57 PM org.apache.coyote.AbstractProtocol start
INFO: Starting ProtocolHandler ["http-apr-8084"]
Nov 30, 2012 5:27:57 PM org.apache.catalina.startup.Catalina start
INFO: Server startup in 1337 ms
Nov 30, 2012 5:27:57 PM org.apache.coyote.AbstractProtocol start
INFO: Starting ProtocolHandler ["ajp-apr-8009"]
Nov 30, 2012 5:27:57 PM org.apache.catalina.startup.Catalina start
INFO: Server startup in 1393 ms
Nov 30, 2012 5:27:57 PM org.apache.catalina.core.StandardServer await
SEVERE: StandardServer.await: create[localhost:8006]: 
java.net.BindException: Address already in use: JVM_Bind
	at java.net.DualStackPlainSocketImpl.bind0(Native Method)
	at java.net.DualStackPlainSocketImpl.socketBind(DualStackPlainSocketImpl.java:96)
	at java.net.AbstractPlainSocketImpl.bind(AbstractPlainSocketImpl.java:376)
	at java.net.PlainSocketImpl.bind(PlainSocketImpl.java:175)
	at java.net.ServerSocket.bind(ServerSocket.java:376)
	at java.net.ServerSocket.<init>(ServerSocket.java:237)
	at org.apache.catalina.core.StandardServer.await(StandardServer.java:427)
	at org.apache.catalina.startup.Catalina.await(Catalina.java:766)
	at org.apache.catalina.startup.Catalina.start(Catalina.java:712)
	at sun.reflect.NativeMethodAccessorImpl.invoke0(Native Method)
	at sun.reflect.NativeMethodAccessorImpl.invoke(NativeMethodAccessorImpl.java:57)
	at sun.reflect.DelegatingMethodAccessorImpl.invoke(DelegatingMethodAccessorImpl.java:43)
	at java.lang.reflect.Method.invoke(Method.java:601)
	at org.apache.catalina.startup.Bootstrap.start(Bootstrap.java:322)
	at org.apache.catalina.startup.Bootstrap.main(Bootstrap.java:451)

Nov 30, 2012 5:27:57 PM org.apache.coyote.AbstractProtocol pause
INFO: Pausing ProtocolHandler ["http-apr-8084"]
Nov 30, 2012 5:27:57 PM org.apache.coyote.AbstractProtocol pause
INFO: Pausing ProtocolHandler ["ajp-apr-8009"]
Nov 30, 2012 5:27:57 PM org.apache.catalina.core.StandardService stopInternal
INFO: Stopping service Catalina
Nov 30, 2012 5:27:57 PM org.apache.coyote.AbstractProtocol stop
INFO: Stopping ProtocolHandler ["http-apr-8084"]
Nov 30, 2012 5:27:57 PM org.apache.coyote.AbstractProtocol stop
INFO: Stopping ProtocolHandler ["ajp-apr-8009"]
Nov 30, 2012 5:27:57 PM org.apache.coyote.AbstractProtocol destroy
INFO: Destroying ProtocolHandler ["http-apr-8084"]
Nov 30, 2012 5:27:57 PM org.apache.coyote.AbstractProtocol destroy
INFO: Destroying ProtocolHandler ["ajp-apr-8009"]
Nov 30, 2012 5:29:00 PM org.apache.catalina.core.AprLifecycleListener init
INFO: Loaded APR based Apache Tomcat Native library 1.1.24 using APR version 1.4.6.
Nov 30, 2012 5:29:00 PM org.apache.catalina.core.AprLifecycleListener init
INFO: APR capabilities: IPv6 [true], sendfile [true], accept filters [false], random [true].
Nov 30, 2012 5:29:01 PM org.apache.catalina.core.AprLifecycleListener initializeSSL
INFO: OpenSSL successfully initialized (OpenSSL 1.0.1c 10 May 2012)
Nov 30, 2012 5:29:01 PM org.apache.coyote.AbstractProtocol init
INFO: Initializing ProtocolHandler ["http-apr-8084"]
Nov 30, 2012 5:29:01 PM org.apache.coyote.AbstractProtocol init
INFO: Initializing ProtocolHandler ["ajp-apr-8009"]
Nov 30, 2012 5:29:01 PM org.apache.catalina.startup.Catalina load
INFO: Initialization processed in 1515 ms
Nov 30, 2012 5:29:01 PM org.apache.catalina.users.MemoryUserDatabase createRole
WARNING: Null or zero length role name specified. The role will be ignored.
Nov 30, 2012 5:29:01 PM org.apache.tomcat.util.digester.FactoryCreateRule begin
INFO: [FactoryCreateRule] Create exception ignored: Null or zero length role name specified. The role will be ignored.
Nov 30, 2012 5:29:01 PM org.apache.catalina.core.StandardService startInternal
INFO: Starting service Catalina
Nov 30, 2012 5:29:01 PM org.apache.catalina.core.StandardEngine startInternal
INFO: Starting Servlet Engine: Apache Tomcat/7.0.33
Nov 30, 2012 5:29:01 PM org.apache.catalina.startup.HostConfig deployDescriptor
INFO: Deploying configuration descriptor F:\apache-tomcat-7.0.33\conf\Catalina\localhost\jsp_2.xml
Nov 30, 2012 5:29:01 PM org.apache.catalina.startup.HostConfig deployDirectory
INFO: Deploying web application directory F:\apache-tomcat-7.0.33\webapps\docs
Nov 30, 2012 5:29:01 PM org.apache.catalina.startup.HostConfig deployDirectory
INFO: Deploying web application directory F:\apache-tomcat-7.0.33\webapps\examples
Nov 30, 2012 5:29:01 PM org.apache.catalina.startup.HostConfig deployDirectory
INFO: Deploying web application directory F:\apache-tomcat-7.0.33\webapps\host-manager
Nov 30, 2012 5:29:01 PM org.apache.catalina.startup.HostConfig deployDirectory
INFO: Deploying web application directory F:\apache-tomcat-7.0.33\webapps\manager
Nov 30, 2012 5:29:01 PM org.apache.catalina.startup.HostConfig deployDirectory
INFO: Deploying web application directory F:\apache-tomcat-7.0.33\webapps\ROOT
Nov 30, 2012 5:29:01 PM org.apache.coyote.AbstractProtocol start
INFO: Starting ProtocolHandler ["http-apr-8084"]
Nov 30, 2012 5:29:01 PM org.apache.coyote.AbstractProtocol start
INFO: Starting ProtocolHandler ["ajp-apr-8009"]
Nov 30, 2012 5:29:01 PM org.apache.catalina.startup.Catalina start
INFO: Server startup in 587 ms
Nov 30, 2012 5:29:01 PM org.apache.catalina.core.StandardServer await
SEVERE: StandardServer.await: create[localhost:8006]: 
java.net.BindException: Address already in use: JVM_Bind
	at java.net.DualStackPlainSocketImpl.bind0(Native Method)
	at java.net.DualStackPlainSocketImpl.socketBind(DualStackPlainSocketImpl.java:96)
	at java.net.AbstractPlainSocketImpl.bind(AbstractPlainSocketImpl.java:376)
	at java.net.PlainSocketImpl.bind(PlainSocketImpl.java:175)
	at java.net.ServerSocket.bind(ServerSocket.java:376)
	at java.net.ServerSocket.<init>(ServerSocket.java:237)
	at org.apache.catalina.core.StandardServer.await(StandardServer.java:427)
	at org.apache.catalina.startup.Catalina.await(Catalina.java:766)
	at org.apache.catalina.startup.Catalina.start(Catalina.java:712)
	at sun.reflect.NativeMethodAccessorImpl.invoke0(Native Method)
	at sun.reflect.NativeMethodAccessorImpl.invoke(NativeMethodAccessorImpl.java:57)
	at sun.reflect.DelegatingMethodAccessorImpl.invoke(DelegatingMethodAccessorImpl.java:43)
	at java.lang.reflect.Method.invoke(Method.java:601)
	at org.apache.catalina.startup.Bootstrap.start(Bootstrap.java:322)
	at org.apache.catalina.startup.Bootstrap.main(Bootstrap.java:451)

Nov 30, 2012 5:29:01 PM org.apache.coyote.AbstractProtocol pause
INFO: Pausing ProtocolHandler ["http-apr-8084"]
Nov 30, 2012 5:29:02 PM org.apache.coyote.AbstractProtocol pause
INFO: Pausing ProtocolHandler ["ajp-apr-8009"]
Nov 30, 2012 5:29:02 PM org.apache.catalina.core.StandardService stopInternal
INFO: Stopping service Catalina
Nov 30, 2012 5:29:02 PM org.apache.coyote.AbstractProtocol stop
INFO: Stopping ProtocolHandler ["http-apr-8084"]
Nov 30, 2012 5:29:02 PM org.apache.coyote.AbstractProtocol stop
INFO: Stopping ProtocolHandler ["ajp-apr-8009"]
Nov 30, 2012 5:29:02 PM org.apache.coyote.AbstractProtocol destroy
INFO: Destroying ProtocolHandler ["http-apr-8084"]
Nov 30, 2012 5:29:02 PM org.apache.coyote.AbstractProtocol destroy
INFO: Destroying ProtocolHandler ["ajp-apr-8009"]
Nov 30, 2012 5:29:47 PM org.apache.catalina.core.AprLifecycleListener init
INFO: Loaded APR based Apache Tomcat Native library 1.1.24 using APR version 1.4.6.
Nov 30, 2012 5:29:47 PM org.apache.catalina.core.AprLifecycleListener init
INFO: APR capabilities: IPv6 [true], sendfile [true], accept filters [false], random [true].
Nov 30, 2012 5:29:48 PM org.apache.catalina.core.AprLifecycleListener initializeSSL
INFO: OpenSSL successfully initialized (OpenSSL 1.0.1c 10 May 2012)
Nov 30, 2012 5:29:48 PM org.apache.coyote.AbstractProtocol init
INFO: Initializing ProtocolHandler ["http-apr-8084"]
Nov 30, 2012 5:29:48 PM org.apache.coyote.AbstractProtocol init
INFO: Initializing ProtocolHandler ["ajp-apr-8009"]
Nov 30, 2012 5:29:48 PM org.apache.catalina.startup.Catalina load
INFO: Initialization processed in 1556 ms
Nov 30, 2012 5:29:48 PM org.apache.catalina.users.MemoryUserDatabase createRole
WARNING: Null or zero length role name specified. The role will be ignored.
Nov 30, 2012 5:29:48 PM org.apache.tomcat.util.digester.FactoryCreateRule begin
INFO: [FactoryCreateRule] Create exception ignored: Null or zero length role name specified. The role will be ignored.
Nov 30, 2012 5:29:48 PM org.apache.catalina.core.StandardService startInternal
INFO: Starting service Catalina
Nov 30, 2012 5:29:48 PM org.apache.catalina.core.StandardEngine startInternal
INFO: Starting Servlet Engine: Apache Tomcat/7.0.33
Nov 30, 2012 5:29:48 PM org.apache.catalina.startup.HostConfig deployDescriptor
INFO: Deploying configuration descriptor F:\apache-tomcat-7.0.33\conf\Catalina\localhost\jsp_2.xml
Nov 30, 2012 5:29:48 PM org.apache.catalina.startup.HostConfig deployDirectory
INFO: Deploying web application directory F:\apache-tomcat-7.0.33\webapps\docs
Nov 30, 2012 5:29:48 PM org.apache.catalina.startup.HostConfig deployDirectory
INFO: Deploying web application directory F:\apache-tomcat-7.0.33\webapps\examples
Nov 30, 2012 5:29:49 PM org.apache.catalina.startup.HostConfig deployDirectory
INFO: Deploying web application directory F:\apache-tomcat-7.0.33\webapps\host-manager
Nov 30, 2012 5:29:49 PM org.apache.catalina.startup.HostConfig deployDirectory
INFO: Deploying web application directory F:\apache-tomcat-7.0.33\webapps\manager
Nov 30, 2012 5:29:49 PM org.apache.catalina.startup.HostConfig deployDirectory
INFO: Deploying web application directory F:\apache-tomcat-7.0.33\webapps\ROOT
Nov 30, 2012 5:29:49 PM org.apache.coyote.AbstractProtocol start
INFO: Starting ProtocolHandler ["http-apr-8084"]
Nov 30, 2012 5:29:49 PM org.apache.coyote.AbstractProtocol start
INFO: Starting ProtocolHandler ["ajp-apr-8009"]
Nov 30, 2012 5:29:49 PM org.apache.catalina.startup.Catalina start
INFO: Server startup in 582 ms
Nov 30, 2012 5:29:49 PM org.apache.catalina.core.StandardServer await
SEVERE: StandardServer.await: create[localhost:8006]: 
java.net.BindException: Address already in use: JVM_Bind
	at java.net.DualStackPlainSocketImpl.bind0(Native Method)
	at java.net.DualStackPlainSocketImpl.socketBind(DualStackPlainSocketImpl.java:96)
	at java.net.AbstractPlainSocketImpl.bind(AbstractPlainSocketImpl.java:376)
	at java.net.PlainSocketImpl.bind(PlainSocketImpl.java:175)
	at java.net.ServerSocket.bind(ServerSocket.java:376)
	at java.net.ServerSocket.<init>(ServerSocket.java:237)
	at org.apache.catalina.core.StandardServer.await(StandardServer.java:427)
	at org.apache.catalina.startup.Catalina.await(Catalina.java:766)
	at org.apache.catalina.startup.Catalina.start(Catalina.java:712)
	at sun.reflect.NativeMethodAccessorImpl.invoke0(Native Method)
	at sun.reflect.NativeMethodAccessorImpl.invoke(NativeMethodAccessorImpl.java:57)
	at sun.reflect.DelegatingMethodAccessorImpl.invoke(DelegatingMethodAccessorImpl.java:43)
	at java.lang.reflect.Method.invoke(Method.java:601)
	at org.apache.catalina.startup.Bootstrap.start(Bootstrap.java:322)
	at org.apache.catalina.startup.Bootstrap.main(Bootstrap.java:451)

Nov 30, 2012 5:29:49 PM org.apache.coyote.AbstractProtocol pause
INFO: Pausing ProtocolHandler ["http-apr-8084"]
Nov 30, 2012 5:29:49 PM org.apache.coyote.AbstractProtocol pause
INFO: Pausing ProtocolHandler ["ajp-apr-8009"]
Nov 30, 2012 5:29:49 PM org.apache.catalina.core.StandardService stopInternal
INFO: Stopping service Catalina
Nov 30, 2012 5:29:49 PM org.apache.coyote.AbstractProtocol stop
INFO: Stopping ProtocolHandler ["http-apr-8084"]
Nov 30, 2012 5:29:49 PM org.apache.coyote.AbstractProtocol stop
INFO: Stopping ProtocolHandler ["ajp-apr-8009"]
Nov 30, 2012 5:29:49 PM org.apache.coyote.AbstractProtocol destroy
INFO: Destroying ProtocolHandler ["http-apr-8084"]
Nov 30, 2012 5:29:49 PM org.apache.coyote.AbstractProtocol destroy
INFO: Destroying ProtocolHandler ["ajp-apr-8009"]
Nov 30, 2012 5:30:22 PM org.apache.catalina.core.AprLifecycleListener init
INFO: Loaded APR based Apache Tomcat Native library 1.1.24 using APR version 1.4.6.
Nov 30, 2012 5:30:22 PM org.apache.catalina.core.AprLifecycleListener init
INFO: APR capabilities: IPv6 [true], sendfile [true], accept filters [false], random [true].
Nov 30, 2012 5:30:23 PM org.apache.catalina.core.AprLifecycleListener initializeSSL
INFO: OpenSSL successfully initialized (OpenSSL 1.0.1c 10 May 2012)
Nov 30, 2012 5:30:23 PM org.apache.coyote.AbstractProtocol init
INFO: Initializing ProtocolHandler ["http-apr-8080"]
Nov 30, 2012 5:30:24 PM org.apache.coyote.AbstractProtocol init
INFO: Initializing ProtocolHandler ["ajp-apr-8009"]
Nov 30, 2012 5:30:24 PM org.apache.catalina.startup.Catalina load
INFO: Initialization processed in 1502 ms
Nov 30, 2012 5:30:24 PM org.apache.catalina.users.MemoryUserDatabase createRole
WARNING: Null or zero length role name specified. The role will be ignored.
Nov 30, 2012 5:30:24 PM org.apache.tomcat.util.digester.FactoryCreateRule begin
INFO: [FactoryCreateRule] Create exception ignored: Null or zero length role name specified. The role will be ignored.
Nov 30, 2012 5:30:24 PM org.apache.catalina.core.StandardService startInternal
INFO: Starting service Catalina
Nov 30, 2012 5:30:24 PM org.apache.catalina.core.StandardEngine startInternal
INFO: Starting Servlet Engine: Apache Tomcat/7.0.33
Nov 30, 2012 5:30:24 PM org.apache.catalina.startup.HostConfig deployDescriptor
INFO: Deploying configuration descriptor F:\apache-tomcat-7.0.33\conf\Catalina\localhost\jsp_2.xml
Nov 30, 2012 5:30:24 PM org.apache.catalina.startup.HostConfig deployDirectory
INFO: Deploying web application directory F:\apache-tomcat-7.0.33\webapps\docs
Nov 30, 2012 5:30:24 PM org.apache.catalina.startup.HostConfig deployDirectory
INFO: Deploying web application directory F:\apache-tomcat-7.0.33\webapps\examples
Nov 30, 2012 5:30:24 PM org.apache.catalina.startup.HostConfig deployDirectory
INFO: Deploying web application directory F:\apache-tomcat-7.0.33\webapps\host-manager
Nov 30, 2012 5:30:24 PM org.apache.catalina.startup.HostConfig deployDirectory
INFO: Deploying web application directory F:\apache-tomcat-7.0.33\webapps\manager
Nov 30, 2012 5:30:24 PM org.apache.catalina.startup.HostConfig deployDirectory
INFO: Deploying web application directory F:\apache-tomcat-7.0.33\webapps\ROOT
Nov 30, 2012 5:30:24 PM org.apache.coyote.AbstractProtocol start
INFO: Starting ProtocolHandler ["http-apr-8080"]
Nov 30, 2012 5:30:24 PM org.apache.coyote.AbstractProtocol start
INFO: Starting ProtocolHandler ["ajp-apr-8009"]
Nov 30, 2012 5:30:24 PM org.apache.catalina.startup.Catalina start
INFO: Server startup in 577 ms
Nov 30, 2012 5:30:39 PM org.apache.catalina.core.StandardContext reload
INFO: Reloading Context with name [/jsp_2] has started
Nov 30, 2012 5:30:39 PM org.apache.catalina.core.StandardContext reload
INFO: Reloading Context with name [/jsp_2] is completed
Nov 30, 2012 6:03:44 PM org.apache.catalina.core.StandardContext reload
INFO: Reloading Context with name [/jsp_2] has started
Nov 30, 2012 6:03:44 PM org.apache.catalina.core.StandardContext reload
INFO: Reloading Context with name [/jsp_2] is completed
Nov 30, 2012 6:03:45 PM org.apache.catalina.startup.HostConfig checkResources
INFO: Reloading context [/jsp_2]
Nov 30, 2012 6:03:45 PM org.apache.catalina.core.StandardContext reload
INFO: Reloading Context with name [/jsp_2] has started
Nov 30, 2012 6:03:45 PM org.apache.catalina.core.StandardContext reload
INFO: Reloading Context with name [/jsp_2] is completed
Nov 30, 2012 6:03:48 PM org.apache.catalina.startup.HostConfig checkResources
INFO: Reloading context [/jsp_2]
Nov 30, 2012 6:03:48 PM org.apache.catalina.core.StandardContext reload
INFO: Reloading Context with name [/jsp_2] has started
Nov 30, 2012 6:03:48 PM org.apache.catalina.core.StandardContext reload
INFO: Reloading Context with name [/jsp_2] is completed
Nov 30, 2012 6:04:31 PM org.apache.catalina.core.StandardContext reload
INFO: Reloading Context with name [/jsp_2] has started
Nov 30, 2012 6:04:31 PM org.apache.catalina.core.StandardContext reload
INFO: Reloading Context with name [/jsp_2] is completed
Nov 30, 2012 6:04:32 PM org.apache.catalina.core.StandardContext reload
INFO: Reloading Context with name [/jsp_2] has started
Nov 30, 2012 6:04:32 PM org.apache.catalina.core.StandardContext reload
INFO: Reloading Context with name [/jsp_2] is completed
Nov 30, 2012 6:23:58 PM org.apache.catalina.core.StandardContext reload
INFO: Reloading Context with name [/jsp_2] has started
Nov 30, 2012 6:23:59 PM org.apache.catalina.core.StandardContext reload
INFO: Reloading Context with name [/jsp_2] is completed
Nov 30, 2012 6:24:15 PM com.myservlet.LoginServlet processRequest
SEVERE: null
com.microsoft.sqlserver.jdbc.SQLServerException: The connection string contains a badly formed name or value.
	at com.microsoft.sqlserver.jdbc.SQLServerException.makeFromDriverError(SQLServerException.java:171)
	at com.microsoft.sqlserver.jdbc.Util.parseUrl(Util.java:266)
	at com.microsoft.sqlserver.jdbc.SQLServerDriver.parseAndMergeProperties(SQLServerDriver.java:856)
	at com.microsoft.sqlserver.jdbc.SQLServerDriver.connect(SQLServerDriver.java:838)
	at java.sql.DriverManager.getConnection(DriverManager.java:579)
	at java.sql.DriverManager.getConnection(DriverManager.java:243)
	at com.myservlet.LoginServlet.processRequest(LoginServlet.java:55)
	at com.myservlet.LoginServlet.doPost(LoginServlet.java:107)
	at javax.servlet.http.HttpServlet.service(HttpServlet.java:647)
	at javax.servlet.http.HttpServlet.service(HttpServlet.java:728)
	at org.apache.catalina.core.ApplicationFilterChain.internalDoFilter(ApplicationFilterChain.java:305)
	at org.apache.catalina.core.ApplicationFilterChain.doFilter(ApplicationFilterChain.java:210)
	at org.apache.catalina.core.StandardWrapperValve.invoke(StandardWrapperValve.java:222)
	at org.apache.catalina.core.StandardContextValve.invoke(StandardContextValve.java:123)
	at org.apache.catalina.authenticator.AuthenticatorBase.invoke(AuthenticatorBase.java:472)
	at org.apache.catalina.core.StandardHostValve.invoke(StandardHostValve.java:171)
	at org.apache.catalina.valves.ErrorReportValve.invoke(ErrorReportValve.java:99)
	at org.apache.catalina.valves.AccessLogValve.invoke(AccessLogValve.java:931)
	at org.apache.catalina.core.StandardEngineValve.invoke(StandardEngineValve.java:118)
	at org.apache.catalina.connector.CoyoteAdapter.service(CoyoteAdapter.java:407)
	at org.apache.coyote.http11.AbstractHttp11Processor.process(AbstractHttp11Processor.java:1004)
	at org.apache.coyote.AbstractProtocol$AbstractConnectionHandler.process(AbstractProtocol.java:589)
	at org.apache.tomcat.util.net.AprEndpoint$SocketProcessor.run(AprEndpoint.java:1822)
	at java.util.concurrent.ThreadPoolExecutor.runWorker(ThreadPoolExecutor.java:1110)
	at java.util.concurrent.ThreadPoolExecutor$Worker.run(ThreadPoolExecutor.java:603)
	at java.lang.Thread.run(Thread.java:722)

Nov 30, 2012 6:25:19 PM org.apache.catalina.core.StandardContext reload
INFO: Reloading Context with name [/jsp_2] has started
Nov 30, 2012 6:25:19 PM org.apache.catalina.loader.WebappClassLoader clearReferencesJdbc
SEVERE: The web application [/jsp_2] registered the JDBC driver [com.microsoft.sqlserver.jdbc.SQLServerDriver] but failed to unregister it when the web application was stopped. To prevent a memory leak, the JDBC Driver has been forcibly unregistered.
Nov 30, 2012 6:25:20 PM org.apache.catalina.core.StandardContext reload
INFO: Reloading Context with name [/jsp_2] is completed
Nov 30, 2012 6:25:28 PM com.myservlet.LoginServlet processRequest
SEVERE: null
com.microsoft.sqlserver.jdbc.SQLServerException: The connection string contains a badly formed name or value.
	at com.microsoft.sqlserver.jdbc.SQLServerException.makeFromDriverError(SQLServerException.java:171)
	at com.microsoft.sqlserver.jdbc.Util.parseUrl(Util.java:266)
	at com.microsoft.sqlserver.jdbc.SQLServerDriver.parseAndMergeProperties(SQLServerDriver.java:856)
	at com.microsoft.sqlserver.jdbc.SQLServerDriver.connect(SQLServerDriver.java:838)
	at java.sql.DriverManager.getConnection(DriverManager.java:579)
	at java.sql.DriverManager.getConnection(DriverManager.java:243)
	at com.myservlet.LoginServlet.processRequest(LoginServlet.java:61)
	at com.myservlet.LoginServlet.doGet(LoginServlet.java:99)
	at javax.servlet.http.HttpServlet.service(HttpServlet.java:621)
	at javax.servlet.http.HttpServlet.service(HttpServlet.java:728)
	at org.apache.catalina.core.ApplicationFilterChain.internalDoFilter(ApplicationFilterChain.java:305)
	at org.apache.catalina.core.ApplicationFilterChain.doFilter(ApplicationFilterChain.java:210)
	at org.apache.catalina.core.StandardWrapperValve.invoke(StandardWrapperValve.java:222)
	at org.apache.catalina.core.StandardContextValve.invoke(StandardContextValve.java:123)
	at org.apache.catalina.authenticator.AuthenticatorBase.invoke(AuthenticatorBase.java:472)
	at org.apache.catalina.core.StandardHostValve.invoke(StandardHostValve.java:171)
	at org.apache.catalina.valves.ErrorReportValve.invoke(ErrorReportValve.java:99)
	at org.apache.catalina.valves.AccessLogValve.invoke(AccessLogValve.java:931)
	at org.apache.catalina.core.StandardEngineValve.invoke(StandardEngineValve.java:118)
	at org.apache.catalina.connector.CoyoteAdapter.service(CoyoteAdapter.java:407)
	at org.apache.coyote.http11.AbstractHttp11Processor.process(AbstractHttp11Processor.java:1004)
	at org.apache.coyote.AbstractProtocol$AbstractConnectionHandler.process(AbstractProtocol.java:589)
	at org.apache.tomcat.util.net.AprEndpoint$SocketProcessor.run(AprEndpoint.java:1822)
	at java.util.concurrent.ThreadPoolExecutor.runWorker(ThreadPoolExecutor.java:1110)
	at java.util.concurrent.ThreadPoolExecutor$Worker.run(ThreadPoolExecutor.java:603)
	at java.lang.Thread.run(Thread.java:722)

Nov 30, 2012 6:25:35 PM com.myservlet.LoginServlet processRequest
SEVERE: null
com.microsoft.sqlserver.jdbc.SQLServerException: The connection string contains a badly formed name or value.
	at com.microsoft.sqlserver.jdbc.SQLServerException.makeFromDriverError(SQLServerException.java:171)
	at com.microsoft.sqlserver.jdbc.Util.parseUrl(Util.java:266)
	at com.microsoft.sqlserver.jdbc.SQLServerDriver.parseAndMergeProperties(SQLServerDriver.java:856)
	at com.microsoft.sqlserver.jdbc.SQLServerDriver.connect(SQLServerDriver.java:838)
	at java.sql.DriverManager.getConnection(DriverManager.java:579)
	at java.sql.DriverManager.getConnection(DriverManager.java:243)
	at com.myservlet.LoginServlet.processRequest(LoginServlet.java:61)
	at com.myservlet.LoginServlet.doPost(LoginServlet.java:114)
	at javax.servlet.http.HttpServlet.service(HttpServlet.java:647)
	at javax.servlet.http.HttpServlet.service(HttpServlet.java:728)
	at org.apache.catalina.core.ApplicationFilterChain.internalDoFilter(ApplicationFilterChain.java:305)
	at org.apache.catalina.core.ApplicationFilterChain.doFilter(ApplicationFilterChain.java:210)
	at org.apache.catalina.core.StandardWrapperValve.invoke(StandardWrapperValve.java:222)
	at org.apache.catalina.core.StandardContextValve.invoke(StandardContextValve.java:123)
	at org.apache.catalina.authenticator.AuthenticatorBase.invoke(AuthenticatorBase.java:472)
	at org.apache.catalina.core.StandardHostValve.invoke(StandardHostValve.java:171)
	at org.apache.catalina.valves.ErrorReportValve.invoke(ErrorReportValve.java:99)
	at org.apache.catalina.valves.AccessLogValve.invoke(AccessLogValve.java:931)
	at org.apache.catalina.core.StandardEngineValve.invoke(StandardEngineValve.java:118)
	at org.apache.catalina.connector.CoyoteAdapter.service(CoyoteAdapter.java:407)
	at org.apache.coyote.http11.AbstractHttp11Processor.process(AbstractHttp11Processor.java:1004)
	at org.apache.coyote.AbstractProtocol$AbstractConnectionHandler.process(AbstractProtocol.java:589)
	at org.apache.tomcat.util.net.AprEndpoint$SocketProcessor.run(AprEndpoint.java:1822)
	at java.util.concurrent.ThreadPoolExecutor.runWorker(ThreadPoolExecutor.java:1110)
	at java.util.concurrent.ThreadPoolExecutor$Worker.run(ThreadPoolExecutor.java:603)
	at java.lang.Thread.run(Thread.java:722)

Nov 30, 2012 6:25:52 PM org.apache.catalina.core.StandardServer await
INFO: A valid shutdown command was received via the shutdown port. Stopping the Server instance.
Nov 30, 2012 6:25:52 PM org.apache.coyote.AbstractProtocol pause
INFO: Pausing ProtocolHandler ["http-apr-8080"]
Nov 30, 2012 6:25:52 PM org.apache.coyote.AbstractProtocol pause
INFO: Pausing ProtocolHandler ["ajp-apr-8009"]
Nov 30, 2012 6:25:52 PM org.apache.catalina.core.StandardService stopInternal
INFO: Stopping service Catalina
Nov 30, 2012 6:25:52 PM org.apache.catalina.loader.WebappClassLoader clearReferencesJdbc
SEVERE: The web application [/jsp_2] registered the JDBC driver [com.microsoft.sqlserver.jdbc.SQLServerDriver] but failed to unregister it when the web application was stopped. To prevent a memory leak, the JDBC Driver has been forcibly unregistered.
Nov 30, 2012 6:25:52 PM org.apache.coyote.AbstractProtocol stop
INFO: Stopping ProtocolHandler ["http-apr-8080"]
Nov 30, 2012 6:25:52 PM org.apache.coyote.AbstractProtocol stop
INFO: Stopping ProtocolHandler ["ajp-apr-8009"]
Nov 30, 2012 6:25:52 PM org.apache.coyote.AbstractProtocol destroy
INFO: Destroying ProtocolHandler ["http-apr-8080"]
Nov 30, 2012 6:25:52 PM org.apache.coyote.AbstractProtocol destroy
INFO: Destroying ProtocolHandler ["ajp-apr-8009"]
Nov 30, 2012 6:25:56 PM org.apache.catalina.core.AprLifecycleListener init
INFO: Loaded APR based Apache Tomcat Native library 1.1.24 using APR version 1.4.6.
Nov 30, 2012 6:25:56 PM org.apache.catalina.core.AprLifecycleListener init
INFO: APR capabilities: IPv6 [true], sendfile [true], accept filters [false], random [true].
Nov 30, 2012 6:25:57 PM org.apache.catalina.core.AprLifecycleListener initializeSSL
INFO: OpenSSL successfully initialized (OpenSSL 1.0.1c 10 May 2012)
Nov 30, 2012 6:25:57 PM org.apache.coyote.AbstractProtocol init
INFO: Initializing ProtocolHandler ["http-apr-8080"]
Nov 30, 2012 6:25:57 PM org.apache.coyote.AbstractProtocol init
INFO: Initializing ProtocolHandler ["ajp-apr-8009"]
Nov 30, 2012 6:25:57 PM org.apache.catalina.startup.Catalina load
INFO: Initialization processed in 1565 ms
Nov 30, 2012 6:25:57 PM org.apache.catalina.users.MemoryUserDatabase createRole
WARNING: Null or zero length role name specified. The role will be ignored.
Nov 30, 2012 6:25:57 PM org.apache.tomcat.util.digester.FactoryCreateRule begin
INFO: [FactoryCreateRule] Create exception ignored: Null or zero length role name specified. The role will be ignored.
Nov 30, 2012 6:25:57 PM org.apache.catalina.core.StandardService startInternal
INFO: Starting service Catalina
Nov 30, 2012 6:25:57 PM org.apache.catalina.core.StandardEngine startInternal
INFO: Starting Servlet Engine: Apache Tomcat/7.0.33
Nov 30, 2012 6:25:57 PM org.apache.catalina.startup.HostConfig deployDescriptor
INFO: Deploying configuration descriptor F:\apache-tomcat-7.0.33\conf\Catalina\localhost\jsp_2.xml
Nov 30, 2012 6:25:57 PM org.apache.catalina.startup.HostConfig deployDirectory
INFO: Deploying web application directory F:\apache-tomcat-7.0.33\webapps\docs
Nov 30, 2012 6:25:57 PM org.apache.catalina.startup.HostConfig deployDirectory
INFO: Deploying web application directory F:\apache-tomcat-7.0.33\webapps\examples
Nov 30, 2012 6:25:58 PM org.apache.catalina.startup.HostConfig deployDirectory
INFO: Deploying web application directory F:\apache-tomcat-7.0.33\webapps\host-manager
Nov 30, 2012 6:25:58 PM org.apache.catalina.startup.HostConfig deployDirectory
INFO: Deploying web application directory F:\apache-tomcat-7.0.33\webapps\manager
Nov 30, 2012 6:25:58 PM org.apache.catalina.startup.HostConfig deployDirectory
INFO: Deploying web application directory F:\apache-tomcat-7.0.33\webapps\ROOT
Nov 30, 2012 6:25:58 PM org.apache.coyote.AbstractProtocol start
INFO: Starting ProtocolHandler ["http-apr-8080"]
Nov 30, 2012 6:25:58 PM org.apache.coyote.AbstractProtocol start
INFO: Starting ProtocolHandler ["ajp-apr-8009"]
Nov 30, 2012 6:25:58 PM org.apache.catalina.startup.Catalina start
INFO: Server startup in 781 ms
Nov 30, 2012 6:26:01 PM org.apache.catalina.startup.HostConfig deleteRedeployResources
INFO: Undeploying context [/jsp_2]
Nov 30, 2012 6:26:01 PM org.apache.catalina.startup.HostConfig deployDescriptor
INFO: Deploying configuration descriptor F:\apache-tomcat-7.0.33\conf\Catalina\localhost\jsp_2.xml
Nov 30, 2012 6:26:01 PM org.apache.catalina.util.LifecycleBase start
INFO: The start() method was called on component [StandardEngine[Catalina].StandardHost[localhost].StandardContext[/jsp_2]] after start() had already been called. The second call will be ignored.
Nov 30, 2012 6:26:08 PM org.apache.catalina.startup.HostConfig deleteRedeployResources
INFO: Undeploying context [/jsp_2]
Nov 30, 2012 6:26:08 PM org.apache.catalina.startup.HostConfig deployDescriptor
INFO: Deploying configuration descriptor F:\apache-tomcat-7.0.33\conf\Catalina\localhost\jsp_2.xml
Nov 30, 2012 6:26:37 PM com.myservlet.LoginServlet processRequest
SEVERE: null
com.microsoft.sqlserver.jdbc.SQLServerException: The connection string contains a badly formed name or value.
	at com.microsoft.sqlserver.jdbc.SQLServerException.makeFromDriverError(SQLServerException.java:171)
	at com.microsoft.sqlserver.jdbc.Util.parseUrl(Util.java:266)
	at com.microsoft.sqlserver.jdbc.SQLServerDriver.parseAndMergeProperties(SQLServerDriver.java:856)
	at com.microsoft.sqlserver.jdbc.SQLServerDriver.connect(SQLServerDriver.java:838)
	at java.sql.DriverManager.getConnection(DriverManager.java:579)
	at java.sql.DriverManager.getConnection(DriverManager.java:243)
	at com.myservlet.LoginServlet.processRequest(LoginServlet.java:61)
	at com.myservlet.LoginServlet.doGet(LoginServlet.java:99)
	at javax.servlet.http.HttpServlet.service(HttpServlet.java:621)
	at javax.servlet.http.HttpServlet.service(HttpServlet.java:728)
	at org.apache.catalina.core.ApplicationFilterChain.internalDoFilter(ApplicationFilterChain.java:305)
	at org.apache.catalina.core.ApplicationFilterChain.doFilter(ApplicationFilterChain.java:210)
	at org.apache.catalina.core.StandardWrapperValve.invoke(StandardWrapperValve.java:222)
	at org.apache.catalina.core.StandardContextValve.invoke(StandardContextValve.java:123)
	at org.apache.catalina.authenticator.AuthenticatorBase.invoke(AuthenticatorBase.java:472)
	at org.apache.catalina.core.StandardHostValve.invoke(StandardHostValve.java:171)
	at org.apache.catalina.valves.ErrorReportValve.invoke(ErrorReportValve.java:99)
	at org.apache.catalina.valves.AccessLogValve.invoke(AccessLogValve.java:931)
	at org.apache.catalina.core.StandardEngineValve.invoke(StandardEngineValve.java:118)
	at org.apache.catalina.connector.CoyoteAdapter.service(CoyoteAdapter.java:407)
	at org.apache.coyote.http11.AbstractHttp11Processor.process(AbstractHttp11Processor.java:1004)
	at org.apache.coyote.AbstractProtocol$AbstractConnectionHandler.process(AbstractProtocol.java:589)
	at org.apache.tomcat.util.net.AprEndpoint$SocketProcessor.run(AprEndpoint.java:1822)
	at java.util.concurrent.ThreadPoolExecutor.runWorker(ThreadPoolExecutor.java:1110)
	at java.util.concurrent.ThreadPoolExecutor$Worker.run(ThreadPoolExecutor.java:603)
	at java.lang.Thread.run(Thread.java:722)

Nov 30, 2012 6:33:39 PM com.myservlet.LoginServlet processRequest
SEVERE: null
com.microsoft.sqlserver.jdbc.SQLServerException: The connection string contains a badly formed name or value.
	at com.microsoft.sqlserver.jdbc.SQLServerException.makeFromDriverError(SQLServerException.java:171)
	at com.microsoft.sqlserver.jdbc.Util.parseUrl(Util.java:266)
	at com.microsoft.sqlserver.jdbc.SQLServerDriver.parseAndMergeProperties(SQLServerDriver.java:856)
	at com.microsoft.sqlserver.jdbc.SQLServerDriver.connect(SQLServerDriver.java:838)
	at java.sql.DriverManager.getConnection(DriverManager.java:579)
	at java.sql.DriverManager.getConnection(DriverManager.java:243)
	at com.myservlet.LoginServlet.processRequest(LoginServlet.java:61)
	at com.myservlet.LoginServlet.doPost(LoginServlet.java:114)
	at javax.servlet.http.HttpServlet.service(HttpServlet.java:647)
	at javax.servlet.http.HttpServlet.service(HttpServlet.java:728)
	at org.apache.catalina.core.ApplicationFilterChain.internalDoFilter(ApplicationFilterChain.java:305)
	at org.apache.catalina.core.ApplicationFilterChain.doFilter(ApplicationFilterChain.java:210)
	at org.apache.catalina.core.StandardWrapperValve.invoke(StandardWrapperValve.java:222)
	at org.apache.catalina.core.StandardContextValve.invoke(StandardContextValve.java:123)
	at org.apache.catalina.authenticator.AuthenticatorBase.invoke(AuthenticatorBase.java:472)
	at org.apache.catalina.core.StandardHostValve.invoke(StandardHostValve.java:171)
	at org.apache.catalina.valves.ErrorReportValve.invoke(ErrorReportValve.java:99)
	at org.apache.catalina.valves.AccessLogValve.invoke(AccessLogValve.java:931)
	at org.apache.catalina.core.StandardEngineValve.invoke(StandardEngineValve.java:118)
	at org.apache.catalina.connector.CoyoteAdapter.service(CoyoteAdapter.java:407)
	at org.apache.coyote.http11.AbstractHttp11Processor.process(AbstractHttp11Processor.java:1004)
	at org.apache.coyote.AbstractProtocol$AbstractConnectionHandler.process(AbstractProtocol.java:589)
	at org.apache.tomcat.util.net.AprEndpoint$SocketProcessor.run(AprEndpoint.java:1822)
	at java.util.concurrent.ThreadPoolExecutor.runWorker(ThreadPoolExecutor.java:1110)
	at java.util.concurrent.ThreadPoolExecutor$Worker.run(ThreadPoolExecutor.java:603)
	at java.lang.Thread.run(Thread.java:722)

Nov 30, 2012 6:39:43 PM com.myservlet.LoginServlet processRequest
SEVERE: null
com.microsoft.sqlserver.jdbc.SQLServerException: The connection string contains a badly formed name or value.
	at com.microsoft.sqlserver.jdbc.SQLServerException.makeFromDriverError(SQLServerException.java:171)
	at com.microsoft.sqlserver.jdbc.Util.parseUrl(Util.java:266)
	at com.microsoft.sqlserver.jdbc.SQLServerDriver.parseAndMergeProperties(SQLServerDriver.java:856)
	at com.microsoft.sqlserver.jdbc.SQLServerDriver.connect(SQLServerDriver.java:838)
	at java.sql.DriverManager.getConnection(DriverManager.java:579)
	at java.sql.DriverManager.getConnection(DriverManager.java:243)
	at com.myservlet.LoginServlet.processRequest(LoginServlet.java:61)
	at com.myservlet.LoginServlet.doPost(LoginServlet.java:114)
	at javax.servlet.http.HttpServlet.service(HttpServlet.java:647)
	at javax.servlet.http.HttpServlet.service(HttpServlet.java:728)
	at org.apache.catalina.core.ApplicationFilterChain.internalDoFilter(ApplicationFilterChain.java:305)
	at org.apache.catalina.core.ApplicationFilterChain.doFilter(ApplicationFilterChain.java:210)
	at org.apache.catalina.core.StandardWrapperValve.invoke(StandardWrapperValve.java:222)
	at org.apache.catalina.core.StandardContextValve.invoke(StandardContextValve.java:123)
	at org.apache.catalina.authenticator.AuthenticatorBase.invoke(AuthenticatorBase.java:472)
	at org.apache.catalina.core.StandardHostValve.invoke(StandardHostValve.java:171)
	at org.apache.catalina.valves.ErrorReportValve.invoke(ErrorReportValve.java:99)
	at org.apache.catalina.valves.AccessLogValve.invoke(AccessLogValve.java:931)
	at org.apache.catalina.core.StandardEngineValve.invoke(StandardEngineValve.java:118)
	at org.apache.catalina.connector.CoyoteAdapter.service(CoyoteAdapter.java:407)
	at org.apache.coyote.http11.AbstractHttp11Processor.process(AbstractHttp11Processor.java:1004)
	at org.apache.coyote.AbstractProtocol$AbstractConnectionHandler.process(AbstractProtocol.java:589)
	at org.apache.tomcat.util.net.AprEndpoint$SocketProcessor.run(AprEndpoint.java:1822)
	at java.util.concurrent.ThreadPoolExecutor.runWorker(ThreadPoolExecutor.java:1110)
	at java.util.concurrent.ThreadPoolExecutor$Worker.run(ThreadPoolExecutor.java:603)
	at java.lang.Thread.run(Thread.java:722)

Nov 30, 2012 6:39:45 PM org.apache.catalina.core.StandardContext reload
INFO: Reloading Context with name [/jsp_2] has started
Nov 30, 2012 6:39:45 PM org.apache.catalina.loader.WebappClassLoader clearReferencesJdbc
SEVERE: The web application [/jsp_2] registered the JDBC driver [com.microsoft.sqlserver.jdbc.SQLServerDriver] but failed to unregister it when the web application was stopped. To prevent a memory leak, the JDBC Driver has been forcibly unregistered.
Nov 30, 2012 6:39:46 PM org.apache.catalina.core.StandardContext reload
INFO: Reloading Context with name [/jsp_2] is completed
Nov 30, 2012 6:39:53 PM com.myservlet.LoginServlet processRequest
SEVERE: null
com.microsoft.sqlserver.jdbc.SQLServerException: Invalid column name 'tatuyen'.
	at com.microsoft.sqlserver.jdbc.SQLServerException.makeFromDatabaseError(SQLServerException.java:197)
	at com.microsoft.sqlserver.jdbc.SQLServerStatement.getNextResult(SQLServerStatement.java:1493)
	at com.microsoft.sqlserver.jdbc.SQLServerPreparedStatement.doExecutePreparedStatement(SQLServerPreparedStatement.java:390)
	at com.microsoft.sqlserver.jdbc.SQLServerPreparedStatement$PrepStmtExecCmd.doExecute(SQLServerPreparedStatement.java:340)
	at com.microsoft.sqlserver.jdbc.TDSCommand.execute(IOBuffer.java:4575)
	at com.microsoft.sqlserver.jdbc.SQLServerConnection.executeCommand(SQLServerConnection.java:1400)
	at com.microsoft.sqlserver.jdbc.SQLServerStatement.executeCommand(SQLServerStatement.java:179)
	at com.microsoft.sqlserver.jdbc.SQLServerStatement.executeStatement(SQLServerStatement.java:154)
	at com.microsoft.sqlserver.jdbc.SQLServerPreparedStatement.executeQuery(SQLServerPreparedStatement.java:283)
	at com.myservlet.LoginServlet.processRequest(LoginServlet.java:64)
	at com.myservlet.LoginServlet.doPost(LoginServlet.java:114)
	at javax.servlet.http.HttpServlet.service(HttpServlet.java:647)
	at javax.servlet.http.HttpServlet.service(HttpServlet.java:728)
	at org.apache.catalina.core.ApplicationFilterChain.internalDoFilter(ApplicationFilterChain.java:305)
	at org.apache.catalina.core.ApplicationFilterChain.doFilter(ApplicationFilterChain.java:210)
	at org.apache.catalina.core.StandardWrapperValve.invoke(StandardWrapperValve.java:222)
	at org.apache.catalina.core.StandardContextValve.invoke(StandardContextValve.java:123)
	at org.apache.catalina.authenticator.AuthenticatorBase.invoke(AuthenticatorBase.java:472)
	at org.apache.catalina.core.StandardHostValve.invoke(StandardHostValve.java:171)
	at org.apache.catalina.valves.ErrorReportValve.invoke(ErrorReportValve.java:99)
	at org.apache.catalina.valves.AccessLogValve.invoke(AccessLogValve.java:931)
	at org.apache.catalina.core.StandardEngineValve.invoke(StandardEngineValve.java:118)
	at org.apache.catalina.connector.CoyoteAdapter.service(CoyoteAdapter.java:407)
	at org.apache.coyote.http11.AbstractHttp11Processor.process(AbstractHttp11Processor.java:1004)
	at org.apache.coyote.AbstractProtocol$AbstractConnectionHandler.process(AbstractProtocol.java:589)
	at org.apache.tomcat.util.net.AprEndpoint$SocketProcessor.run(AprEndpoint.java:1822)
	at java.util.concurrent.ThreadPoolExecutor.runWorker(ThreadPoolExecutor.java:1110)
	at java.util.concurrent.ThreadPoolExecutor$Worker.run(ThreadPoolExecutor.java:603)
	at java.lang.Thread.run(Thread.java:722)

Nov 30, 2012 6:42:10 PM org.apache.catalina.core.StandardServer await
INFO: A valid shutdown command was received via the shutdown port. Stopping the Server instance.
Nov 30, 2012 6:42:10 PM org.apache.coyote.AbstractProtocol pause
INFO: Pausing ProtocolHandler ["http-apr-8080"]
Nov 30, 2012 6:42:10 PM org.apache.coyote.AbstractProtocol pause
INFO: Pausing ProtocolHandler ["ajp-apr-8009"]
Nov 30, 2012 6:42:10 PM org.apache.catalina.core.StandardService stopInternal
INFO: Stopping service Catalina
Nov 30, 2012 6:42:10 PM org.apache.catalina.loader.WebappClassLoader clearReferencesJdbc
SEVERE: The web application [/jsp_2] registered the JDBC driver [com.microsoft.sqlserver.jdbc.SQLServerDriver] but failed to unregister it when the web application was stopped. To prevent a memory leak, the JDBC Driver has been forcibly unregistered.
Nov 30, 2012 6:42:10 PM org.apache.coyote.AbstractProtocol stop
INFO: Stopping ProtocolHandler ["http-apr-8080"]
Nov 30, 2012 6:42:10 PM org.apache.coyote.AbstractProtocol stop
INFO: Stopping ProtocolHandler ["ajp-apr-8009"]
Nov 30, 2012 6:42:10 PM org.apache.coyote.AbstractProtocol destroy
INFO: Destroying ProtocolHandler ["http-apr-8080"]
Nov 30, 2012 6:42:10 PM org.apache.coyote.AbstractProtocol destroy
INFO: Destroying ProtocolHandler ["ajp-apr-8009"]
Nov 30, 2012 6:42:13 PM org.apache.catalina.core.AprLifecycleListener init
INFO: Loaded APR based Apache Tomcat Native library 1.1.24 using APR version 1.4.6.
Nov 30, 2012 6:42:13 PM org.apache.catalina.core.AprLifecycleListener init
INFO: APR capabilities: IPv6 [true], sendfile [true], accept filters [false], random [true].
Nov 30, 2012 6:42:14 PM org.apache.catalina.core.AprLifecycleListener initializeSSL
INFO: OpenSSL successfully initialized (OpenSSL 1.0.1c 10 May 2012)
Nov 30, 2012 6:42:15 PM org.apache.coyote.AbstractProtocol init
INFO: Initializing ProtocolHandler ["http-apr-8080"]
Nov 30, 2012 6:42:15 PM org.apache.coyote.AbstractProtocol init
INFO: Initializing ProtocolHandler ["ajp-apr-8009"]
Nov 30, 2012 6:42:15 PM org.apache.catalina.startup.Catalina load
INFO: Initialization processed in 1586 ms
Nov 30, 2012 6:42:15 PM org.apache.catalina.users.MemoryUserDatabase createRole
WARNING: Null or zero length role name specified. The role will be ignored.
Nov 30, 2012 6:42:15 PM org.apache.tomcat.util.digester.FactoryCreateRule begin
INFO: [FactoryCreateRule] Create exception ignored: Null or zero length role name specified. The role will be ignored.
Nov 30, 2012 6:42:15 PM org.apache.catalina.core.StandardService startInternal
INFO: Starting service Catalina
Nov 30, 2012 6:42:15 PM org.apache.catalina.core.StandardEngine startInternal
INFO: Starting Servlet Engine: Apache Tomcat/7.0.33
Nov 30, 2012 6:42:15 PM org.apache.catalina.startup.HostConfig deployDescriptor
INFO: Deploying configuration descriptor F:\apache-tomcat-7.0.33\conf\Catalina\localhost\jsp_2.xml
Nov 30, 2012 6:42:15 PM org.apache.catalina.startup.HostConfig deployDirectory
INFO: Deploying web application directory F:\apache-tomcat-7.0.33\webapps\docs
Nov 30, 2012 6:42:15 PM org.apache.catalina.startup.HostConfig deployDirectory
INFO: Deploying web application directory F:\apache-tomcat-7.0.33\webapps\examples
Nov 30, 2012 6:42:15 PM org.apache.catalina.startup.HostConfig deployDirectory
INFO: Deploying web application directory F:\apache-tomcat-7.0.33\webapps\host-manager
Nov 30, 2012 6:42:15 PM org.apache.catalina.startup.HostConfig deployDirectory
INFO: Deploying web application directory F:\apache-tomcat-7.0.33\webapps\manager
Nov 30, 2012 6:42:15 PM org.apache.catalina.startup.HostConfig deployDirectory
INFO: Deploying web application directory F:\apache-tomcat-7.0.33\webapps\ROOT
Nov 30, 2012 6:42:15 PM org.apache.coyote.AbstractProtocol start
INFO: Starting ProtocolHandler ["http-apr-8080"]
Nov 30, 2012 6:42:15 PM org.apache.coyote.AbstractProtocol start
INFO: Starting ProtocolHandler ["ajp-apr-8009"]
Nov 30, 2012 6:42:15 PM org.apache.catalina.startup.Catalina start
INFO: Server startup in 777 ms
Nov 30, 2012 6:42:39 PM com.myservlet.LoginServlet processRequest
SEVERE: null
com.microsoft.sqlserver.jdbc.SQLServerException: Invalid column name 'tatuyen'.
	at com.microsoft.sqlserver.jdbc.SQLServerException.makeFromDatabaseError(SQLServerException.java:197)
	at com.microsoft.sqlserver.jdbc.SQLServerStatement.getNextResult(SQLServerStatement.java:1493)
	at com.microsoft.sqlserver.jdbc.SQLServerPreparedStatement.doExecutePreparedStatement(SQLServerPreparedStatement.java:390)
	at com.microsoft.sqlserver.jdbc.SQLServerPreparedStatement$PrepStmtExecCmd.doExecute(SQLServerPreparedStatement.java:340)
	at com.microsoft.sqlserver.jdbc.TDSCommand.execute(IOBuffer.java:4575)
	at com.microsoft.sqlserver.jdbc.SQLServerConnection.executeCommand(SQLServerConnection.java:1400)
	at com.microsoft.sqlserver.jdbc.SQLServerStatement.executeCommand(SQLServerStatement.java:179)
	at com.microsoft.sqlserver.jdbc.SQLServerStatement.executeStatement(SQLServerStatement.java:154)
	at com.microsoft.sqlserver.jdbc.SQLServerPreparedStatement.executeQuery(SQLServerPreparedStatement.java:283)
	at com.myservlet.LoginServlet.processRequest(LoginServlet.java:64)
	at com.myservlet.LoginServlet.doPost(LoginServlet.java:114)
	at javax.servlet.http.HttpServlet.service(HttpServlet.java:647)
	at javax.servlet.http.HttpServlet.service(HttpServlet.java:728)
	at org.apache.catalina.core.ApplicationFilterChain.internalDoFilter(ApplicationFilterChain.java:305)
	at org.apache.catalina.core.ApplicationFilterChain.doFilter(ApplicationFilterChain.java:210)
	at org.apache.catalina.core.StandardWrapperValve.invoke(StandardWrapperValve.java:222)
	at org.apache.catalina.core.StandardContextValve.invoke(StandardContextValve.java:123)
	at org.apache.catalina.authenticator.AuthenticatorBase.invoke(AuthenticatorBase.java:472)
	at org.apache.catalina.core.StandardHostValve.invoke(StandardHostValve.java:171)
	at org.apache.catalina.valves.ErrorReportValve.invoke(ErrorReportValve.java:99)
	at org.apache.catalina.valves.AccessLogValve.invoke(AccessLogValve.java:931)
	at org.apache.catalina.core.StandardEngineValve.invoke(StandardEngineValve.java:118)
	at org.apache.catalina.connector.CoyoteAdapter.service(CoyoteAdapter.java:407)
	at org.apache.coyote.http11.AbstractHttp11Processor.process(AbstractHttp11Processor.java:1004)
	at org.apache.coyote.AbstractProtocol$AbstractConnectionHandler.process(AbstractProtocol.java:589)
	at org.apache.tomcat.util.net.AprEndpoint$SocketProcessor.run(AprEndpoint.java:1822)
	at java.util.concurrent.ThreadPoolExecutor.runWorker(ThreadPoolExecutor.java:1110)
	at java.util.concurrent.ThreadPoolExecutor$Worker.run(ThreadPoolExecutor.java:603)
	at java.lang.Thread.run(Thread.java:722)

Nov 30, 2012 6:43:32 PM org.apache.catalina.loader.WebappClassLoader clearReferencesJdbc
SEVERE: The web application [/jsp_2] registered the JDBC driver [com.microsoft.sqlserver.jdbc.SQLServerDriver] but failed to unregister it when the web application was stopped. To prevent a memory leak, the JDBC Driver has been forcibly unregistered.
Nov 30, 2012 6:43:32 PM org.apache.catalina.startup.HostConfig deleteRedeployResources
INFO: Undeploying context [/jsp_2]
Nov 30, 2012 6:43:32 PM org.apache.catalina.startup.HostConfig deployDescriptor
INFO: Deploying configuration descriptor F:\apache-tomcat-7.0.33\conf\Catalina\localhost\jsp_2.xml
Nov 30, 2012 6:43:33 PM org.apache.catalina.util.LifecycleBase start
INFO: The start() method was called on component [StandardEngine[Catalina].StandardHost[localhost].StandardContext[/jsp_2]] after start() had already been called. The second call will be ignored.
Nov 30, 2012 6:43:38 PM org.apache.catalina.startup.HostConfig deleteRedeployResources
INFO: Undeploying context [/jsp_2]
Nov 30, 2012 6:43:38 PM org.apache.catalina.startup.HostConfig deployDescriptor
INFO: Deploying configuration descriptor F:\apache-tomcat-7.0.33\conf\Catalina\localhost\jsp_2.xml
Nov 30, 2012 6:43:40 PM org.apache.catalina.core.StandardServer await
INFO: A valid shutdown command was received via the shutdown port. Stopping the Server instance.
Nov 30, 2012 6:43:40 PM org.apache.coyote.AbstractProtocol pause
INFO: Pausing ProtocolHandler ["http-apr-8080"]
Nov 30, 2012 6:43:40 PM org.apache.coyote.AbstractProtocol pause
INFO: Pausing ProtocolHandler ["ajp-apr-8009"]
Nov 30, 2012 6:43:40 PM org.apache.catalina.core.StandardService stopInternal
INFO: Stopping service Catalina
Nov 30, 2012 6:43:40 PM org.apache.coyote.AbstractProtocol stop
INFO: Stopping ProtocolHandler ["http-apr-8080"]
Nov 30, 2012 6:43:40 PM org.apache.coyote.AbstractProtocol stop
INFO: Stopping ProtocolHandler ["ajp-apr-8009"]
Nov 30, 2012 6:43:40 PM org.apache.coyote.AbstractProtocol destroy
INFO: Destroying ProtocolHandler ["http-apr-8080"]
Nov 30, 2012 6:43:40 PM org.apache.coyote.AbstractProtocol destroy
INFO: Destroying ProtocolHandler ["ajp-apr-8009"]
Nov 30, 2012 6:43:43 PM org.apache.catalina.core.AprLifecycleListener init
INFO: Loaded APR based Apache Tomcat Native library 1.1.24 using APR version 1.4.6.
Nov 30, 2012 6:43:43 PM org.apache.catalina.core.AprLifecycleListener init
INFO: APR capabilities: IPv6 [true], sendfile [true], accept filters [false], random [true].
Nov 30, 2012 6:43:44 PM org.apache.catalina.core.AprLifecycleListener initializeSSL
INFO: OpenSSL successfully initialized (OpenSSL 1.0.1c 10 May 2012)
Nov 30, 2012 6:43:45 PM org.apache.coyote.AbstractProtocol init
INFO: Initializing ProtocolHandler ["http-apr-8080"]
Nov 30, 2012 6:43:45 PM org.apache.coyote.AbstractProtocol init
INFO: Initializing ProtocolHandler ["ajp-apr-8009"]
Nov 30, 2012 6:43:45 PM org.apache.catalina.startup.Catalina load
INFO: Initialization processed in 1561 ms
Nov 30, 2012 6:43:45 PM org.apache.catalina.users.MemoryUserDatabase createRole
WARNING: Null or zero length role name specified. The role will be ignored.
Nov 30, 2012 6:43:45 PM org.apache.tomcat.util.digester.FactoryCreateRule begin
INFO: [FactoryCreateRule] Create exception ignored: Null or zero length role name specified. The role will be ignored.
Nov 30, 2012 6:43:45 PM org.apache.catalina.core.StandardService startInternal
INFO: Starting service Catalina
Nov 30, 2012 6:43:45 PM org.apache.catalina.core.StandardEngine startInternal
INFO: Starting Servlet Engine: Apache Tomcat/7.0.33
Nov 30, 2012 6:43:45 PM org.apache.catalina.startup.HostConfig deployDescriptor
INFO: Deploying configuration descriptor F:\apache-tomcat-7.0.33\conf\Catalina\localhost\jsp_2.xml
Nov 30, 2012 6:43:45 PM org.apache.catalina.startup.HostConfig deployDirectory
INFO: Deploying web application directory F:\apache-tomcat-7.0.33\webapps\docs
Nov 30, 2012 6:43:45 PM org.apache.catalina.startup.HostConfig deployDirectory
INFO: Deploying web application directory F:\apache-tomcat-7.0.33\webapps\examples
Nov 30, 2012 6:43:45 PM org.apache.catalina.startup.HostConfig deployDirectory
INFO: Deploying web application directory F:\apache-tomcat-7.0.33\webapps\host-manager
Nov 30, 2012 6:43:45 PM org.apache.catalina.startup.HostConfig deployDirectory
INFO: Deploying web application directory F:\apache-tomcat-7.0.33\webapps\manager
Nov 30, 2012 6:43:45 PM org.apache.catalina.startup.HostConfig deployDirectory
INFO: Deploying web application directory F:\apache-tomcat-7.0.33\webapps\ROOT
Nov 30, 2012 6:43:45 PM org.apache.coyote.AbstractProtocol start
INFO: Starting ProtocolHandler ["http-apr-8080"]
Nov 30, 2012 6:43:45 PM org.apache.coyote.AbstractProtocol start
INFO: Starting ProtocolHandler ["ajp-apr-8009"]
Nov 30, 2012 6:43:45 PM org.apache.catalina.startup.Catalina start
INFO: Server startup in 778 ms
Nov 30, 2012 6:43:50 PM org.apache.catalina.core.StandardContext reload
INFO: Reloading Context with name [/jsp_2] has started
Nov 30, 2012 6:43:50 PM org.apache.catalina.core.StandardContext reload
INFO: Reloading Context with name [/jsp_2] is completed
Nov 30, 2012 6:44:01 PM com.myservlet.LoginServlet processRequest
SEVERE: null
com.microsoft.sqlserver.jdbc.SQLServerException: Invalid column name 'tatuyen'.
	at com.microsoft.sqlserver.jdbc.SQLServerException.makeFromDatabaseError(SQLServerException.java:197)
	at com.microsoft.sqlserver.jdbc.SQLServerStatement.getNextResult(SQLServerStatement.java:1493)
	at com.microsoft.sqlserver.jdbc.SQLServerPreparedStatement.doExecutePreparedStatement(SQLServerPreparedStatement.java:390)
	at com.microsoft.sqlserver.jdbc.SQLServerPreparedStatement$PrepStmtExecCmd.doExecute(SQLServerPreparedStatement.java:340)
	at com.microsoft.sqlserver.jdbc.TDSCommand.execute(IOBuffer.java:4575)
	at com.microsoft.sqlserver.jdbc.SQLServerConnection.executeCommand(SQLServerConnection.java:1400)
	at com.microsoft.sqlserver.jdbc.SQLServerStatement.executeCommand(SQLServerStatement.java:179)
	at com.microsoft.sqlserver.jdbc.SQLServerStatement.executeStatement(SQLServerStatement.java:154)
	at com.microsoft.sqlserver.jdbc.SQLServerPreparedStatement.executeQuery(SQLServerPreparedStatement.java:283)
	at com.myservlet.LoginServlet.processRequest(LoginServlet.java:64)
	at com.myservlet.LoginServlet.doPost(LoginServlet.java:114)
	at javax.servlet.http.HttpServlet.service(HttpServlet.java:647)
	at javax.servlet.http.HttpServlet.service(HttpServlet.java:728)
	at org.apache.catalina.core.ApplicationFilterChain.internalDoFilter(ApplicationFilterChain.java:305)
	at org.apache.catalina.core.ApplicationFilterChain.doFilter(ApplicationFilterChain.java:210)
	at org.apache.catalina.core.StandardWrapperValve.invoke(StandardWrapperValve.java:222)
	at org.apache.catalina.core.StandardContextValve.invoke(StandardContextValve.java:123)
	at org.apache.catalina.authenticator.AuthenticatorBase.invoke(AuthenticatorBase.java:472)
	at org.apache.catalina.core.StandardHostValve.invoke(StandardHostValve.java:171)
	at org.apache.catalina.valves.ErrorReportValve.invoke(ErrorReportValve.java:99)
	at org.apache.catalina.valves.AccessLogValve.invoke(AccessLogValve.java:931)
	at org.apache.catalina.core.StandardEngineValve.invoke(StandardEngineValve.java:118)
	at org.apache.catalina.connector.CoyoteAdapter.service(CoyoteAdapter.java:407)
	at org.apache.coyote.http11.AbstractHttp11Processor.process(AbstractHttp11Processor.java:1004)
	at org.apache.coyote.AbstractProtocol$AbstractConnectionHandler.process(AbstractProtocol.java:589)
	at org.apache.tomcat.util.net.AprEndpoint$SocketProcessor.run(AprEndpoint.java:1822)
	at java.util.concurrent.ThreadPoolExecutor.runWorker(ThreadPoolExecutor.java:1110)
	at java.util.concurrent.ThreadPoolExecutor$Worker.run(ThreadPoolExecutor.java:603)
	at java.lang.Thread.run(Thread.java:722)

Nov 30, 2012 6:45:13 PM org.apache.catalina.core.StandardServer await
INFO: A valid shutdown command was received via the shutdown port. Stopping the Server instance.
Nov 30, 2012 6:45:13 PM org.apache.coyote.AbstractProtocol pause
INFO: Pausing ProtocolHandler ["http-apr-8080"]
Nov 30, 2012 6:45:13 PM org.apache.coyote.AbstractProtocol pause
INFO: Pausing ProtocolHandler ["ajp-apr-8009"]
Nov 30, 2012 6:45:13 PM org.apache.catalina.core.StandardService stopInternal
INFO: Stopping service Catalina
Nov 30, 2012 6:45:13 PM org.apache.catalina.loader.WebappClassLoader clearReferencesJdbc
SEVERE: The web application [/jsp_2] registered the JDBC driver [com.microsoft.sqlserver.jdbc.SQLServerDriver] but failed to unregister it when the web application was stopped. To prevent a memory leak, the JDBC Driver has been forcibly unregistered.
Nov 30, 2012 6:45:13 PM org.apache.coyote.AbstractProtocol stop
INFO: Stopping ProtocolHandler ["http-apr-8080"]
Nov 30, 2012 6:45:13 PM org.apache.coyote.AbstractProtocol stop
INFO: Stopping ProtocolHandler ["ajp-apr-8009"]
Nov 30, 2012 6:45:13 PM org.apache.coyote.AbstractProtocol destroy
INFO: Destroying ProtocolHandler ["http-apr-8080"]
Nov 30, 2012 6:45:13 PM org.apache.coyote.AbstractProtocol destroy
INFO: Destroying ProtocolHandler ["ajp-apr-8009"]
Nov 30, 2012 6:45:16 PM org.apache.catalina.core.AprLifecycleListener init
INFO: Loaded APR based Apache Tomcat Native library 1.1.24 using APR version 1.4.6.
Nov 30, 2012 6:45:16 PM org.apache.catalina.core.AprLifecycleListener init
INFO: APR capabilities: IPv6 [true], sendfile [true], accept filters [false], random [true].
Nov 30, 2012 6:45:17 PM org.apache.catalina.core.AprLifecycleListener initializeSSL
INFO: OpenSSL successfully initialized (OpenSSL 1.0.1c 10 May 2012)
Nov 30, 2012 6:45:17 PM org.apache.coyote.AbstractProtocol init
INFO: Initializing ProtocolHandler ["http-apr-8080"]
Nov 30, 2012 6:45:17 PM org.apache.coyote.AbstractProtocol init
INFO: Initializing ProtocolHandler ["ajp-apr-8009"]
Nov 30, 2012 6:45:17 PM org.apache.catalina.startup.Catalina load
INFO: Initialization processed in 1539 ms
Nov 30, 2012 6:45:17 PM org.apache.catalina.users.MemoryUserDatabase createRole
WARNING: Null or zero length role name specified. The role will be ignored.
Nov 30, 2012 6:45:17 PM org.apache.tomcat.util.digester.FactoryCreateRule begin
INFO: [FactoryCreateRule] Create exception ignored: Null or zero length role name specified. The role will be ignored.
Nov 30, 2012 6:45:17 PM org.apache.catalina.core.StandardService startInternal
INFO: Starting service Catalina
Nov 30, 2012 6:45:17 PM org.apache.catalina.core.StandardEngine startInternal
INFO: Starting Servlet Engine: Apache Tomcat/7.0.33
Nov 30, 2012 6:45:17 PM org.apache.catalina.startup.HostConfig deployDescriptor
INFO: Deploying configuration descriptor F:\apache-tomcat-7.0.33\conf\Catalina\localhost\jsp_2.xml
Nov 30, 2012 6:45:18 PM org.apache.catalina.startup.HostConfig deployDirectory
INFO: Deploying web application directory F:\apache-tomcat-7.0.33\webapps\docs
Nov 30, 2012 6:45:18 PM org.apache.catalina.startup.HostConfig deployDirectory
INFO: Deploying web application directory F:\apache-tomcat-7.0.33\webapps\examples
Nov 30, 2012 6:45:18 PM org.apache.catalina.startup.HostConfig deployDirectory
INFO: Deploying web application directory F:\apache-tomcat-7.0.33\webapps\host-manager
Nov 30, 2012 6:45:18 PM org.apache.catalina.startup.HostConfig deployDirectory
INFO: Deploying web application directory F:\apache-tomcat-7.0.33\webapps\manager
Nov 30, 2012 6:45:18 PM org.apache.catalina.startup.HostConfig deployDirectory
INFO: Deploying web application directory F:\apache-tomcat-7.0.33\webapps\ROOT
Nov 30, 2012 6:45:18 PM org.apache.coyote.AbstractProtocol start
INFO: Starting ProtocolHandler ["http-apr-8080"]
Nov 30, 2012 6:45:18 PM org.apache.coyote.AbstractProtocol start
INFO: Starting ProtocolHandler ["ajp-apr-8009"]
Nov 30, 2012 6:45:18 PM org.apache.catalina.startup.Catalina start
INFO: Server startup in 776 ms
Nov 30, 2012 6:45:48 PM com.myservlet.LoginServlet processRequest
SEVERE: null
com.microsoft.sqlserver.jdbc.SQLServerException: Invalid column name 'tatuyen'.
	at com.microsoft.sqlserver.jdbc.SQLServerException.makeFromDatabaseError(SQLServerException.java:197)
	at com.microsoft.sqlserver.jdbc.SQLServerStatement.getNextResult(SQLServerStatement.java:1493)
	at com.microsoft.sqlserver.jdbc.SQLServerPreparedStatement.doExecutePreparedStatement(SQLServerPreparedStatement.java:390)
	at com.microsoft.sqlserver.jdbc.SQLServerPreparedStatement$PrepStmtExecCmd.doExecute(SQLServerPreparedStatement.java:340)
	at com.microsoft.sqlserver.jdbc.TDSCommand.execute(IOBuffer.java:4575)
	at com.microsoft.sqlserver.jdbc.SQLServerConnection.executeCommand(SQLServerConnection.java:1400)
	at com.microsoft.sqlserver.jdbc.SQLServerStatement.executeCommand(SQLServerStatement.java:179)
	at com.microsoft.sqlserver.jdbc.SQLServerStatement.executeStatement(SQLServerStatement.java:154)
	at com.microsoft.sqlserver.jdbc.SQLServerPreparedStatement.executeQuery(SQLServerPreparedStatement.java:283)
	at com.myservlet.LoginServlet.processRequest(LoginServlet.java:64)
	at com.myservlet.LoginServlet.doPost(LoginServlet.java:114)
	at javax.servlet.http.HttpServlet.service(HttpServlet.java:647)
	at javax.servlet.http.HttpServlet.service(HttpServlet.java:728)
	at org.apache.catalina.core.ApplicationFilterChain.internalDoFilter(ApplicationFilterChain.java:305)
	at org.apache.catalina.core.ApplicationFilterChain.doFilter(ApplicationFilterChain.java:210)
	at org.apache.catalina.core.StandardWrapperValve.invoke(StandardWrapperValve.java:222)
	at org.apache.catalina.core.StandardContextValve.invoke(StandardContextValve.java:123)
	at org.apache.catalina.authenticator.AuthenticatorBase.invoke(AuthenticatorBase.java:472)
	at org.apache.catalina.core.StandardHostValve.invoke(StandardHostValve.java:171)
	at org.apache.catalina.valves.ErrorReportValve.invoke(ErrorReportValve.java:99)
	at org.apache.catalina.valves.AccessLogValve.invoke(AccessLogValve.java:931)
	at org.apache.catalina.core.StandardEngineValve.invoke(StandardEngineValve.java:118)
	at org.apache.catalina.connector.CoyoteAdapter.service(CoyoteAdapter.java:407)
	at org.apache.coyote.http11.AbstractHttp11Processor.process(AbstractHttp11Processor.java:1004)
	at org.apache.coyote.AbstractProtocol$AbstractConnectionHandler.process(AbstractProtocol.java:589)
	at org.apache.tomcat.util.net.AprEndpoint$SocketProcessor.run(AprEndpoint.java:1822)
	at java.util.concurrent.ThreadPoolExecutor.runWorker(ThreadPoolExecutor.java:1110)
	at java.util.concurrent.ThreadPoolExecutor$Worker.run(ThreadPoolExecutor.java:603)
	at java.lang.Thread.run(Thread.java:722)

Nov 30, 2012 6:46:16 PM org.apache.catalina.core.StandardContext reload
INFO: Reloading Context with name [/jsp_2] has started
Nov 30, 2012 6:46:16 PM org.apache.catalina.loader.WebappClassLoader clearReferencesJdbc
SEVERE: The web application [/jsp_2] registered the JDBC driver [com.microsoft.sqlserver.jdbc.SQLServerDriver] but failed to unregister it when the web application was stopped. To prevent a memory leak, the JDBC Driver has been forcibly unregistered.
Nov 30, 2012 6:46:16 PM org.apache.catalina.core.StandardContext reload
INFO: Reloading Context with name [/jsp_2] is completed
Nov 30, 2012 6:46:28 PM org.apache.catalina.core.StandardContext reload
INFO: Reloading Context with name [/jsp_2] has started
Nov 30, 2012 6:46:28 PM org.apache.catalina.core.StandardContext reload
INFO: Reloading Context with name [/jsp_2] is completed
Nov 30, 2012 6:46:56 PM com.myservlet.LoginServlet processRequest
SEVERE: null
com.microsoft.sqlserver.jdbc.SQLServerException: The TCP/IP connection to the host localhost, port 1129 has failed. Error: "Connection refused: connect. Verify the connection properties, check that an instance of SQL Server is running on the host and accepting TCP/IP connections at the port, and that no firewall is blocking TCP connections to the port.".
	at com.microsoft.sqlserver.jdbc.SQLServerException.makeFromDriverError(SQLServerException.java:171)
	at com.microsoft.sqlserver.jdbc.SQLServerConnection.connectHelper(SQLServerConnection.java:1033)
	at com.microsoft.sqlserver.jdbc.SQLServerConnection.login(SQLServerConnection.java:817)
	at com.microsoft.sqlserver.jdbc.SQLServerConnection.connect(SQLServerConnection.java:700)
	at com.microsoft.sqlserver.jdbc.SQLServerDriver.connect(SQLServerDriver.java:842)
	at java.sql.DriverManager.getConnection(DriverManager.java:579)
	at java.sql.DriverManager.getConnection(DriverManager.java:221)
	at com.myservlet.LoginServlet.processRequest(LoginServlet.java:61)
	at com.myservlet.LoginServlet.doPost(LoginServlet.java:114)
	at javax.servlet.http.HttpServlet.service(HttpServlet.java:647)
	at javax.servlet.http.HttpServlet.service(HttpServlet.java:728)
	at org.apache.catalina.core.ApplicationFilterChain.internalDoFilter(ApplicationFilterChain.java:305)
	at org.apache.catalina.core.ApplicationFilterChain.doFilter(ApplicationFilterChain.java:210)
	at org.apache.catalina.core.StandardWrapperValve.invoke(StandardWrapperValve.java:222)
	at org.apache.catalina.core.StandardContextValve.invoke(StandardContextValve.java:123)
	at org.apache.catalina.authenticator.AuthenticatorBase.invoke(AuthenticatorBase.java:472)
	at org.apache.catalina.core.StandardHostValve.invoke(StandardHostValve.java:171)
	at org.apache.catalina.valves.ErrorReportValve.invoke(ErrorReportValve.java:99)
	at org.apache.catalina.valves.AccessLogValve.invoke(AccessLogValve.java:931)
	at org.apache.catalina.core.StandardEngineValve.invoke(StandardEngineValve.java:118)
	at org.apache.catalina.connector.CoyoteAdapter.service(CoyoteAdapter.java:407)
	at org.apache.coyote.http11.AbstractHttp11Processor.process(AbstractHttp11Processor.java:1004)
	at org.apache.coyote.AbstractProtocol$AbstractConnectionHandler.process(AbstractProtocol.java:589)
	at org.apache.tomcat.util.net.AprEndpoint$SocketProcessor.run(AprEndpoint.java:1822)
	at java.util.concurrent.ThreadPoolExecutor.runWorker(ThreadPoolExecutor.java:1110)
	at java.util.concurrent.ThreadPoolExecutor$Worker.run(ThreadPoolExecutor.java:603)
	at java.lang.Thread.run(Thread.java:722)

Nov 30, 2012 6:47:23 PM org.apache.catalina.core.StandardContext reload
INFO: Reloading Context with name [/jsp_2] has started
Nov 30, 2012 6:47:23 PM org.apache.catalina.loader.WebappClassLoader clearReferencesJdbc
SEVERE: The web application [/jsp_2] registered the JDBC driver [com.microsoft.sqlserver.jdbc.SQLServerDriver] but failed to unregister it when the web application was stopped. To prevent a memory leak, the JDBC Driver has been forcibly unregistered.
Nov 30, 2012 6:47:23 PM org.apache.catalina.core.StandardContext reload
INFO: Reloading Context with name [/jsp_2] is completed
Nov 30, 2012 6:47:36 PM org.apache.catalina.core.StandardContext reload
INFO: Reloading Context with name [/jsp_2] has started
Nov 30, 2012 6:47:36 PM org.apache.catalina.core.StandardContext reload
INFO: Reloading Context with name [/jsp_2] is completed
Nov 30, 2012 6:47:54 PM com.myservlet.LoginServlet processRequest
SEVERE: null
com.microsoft.sqlserver.jdbc.SQLServerException: Invalid column name 'tatuyen'.
	at com.microsoft.sqlserver.jdbc.SQLServerException.makeFromDatabaseError(SQLServerException.java:197)
	at com.microsoft.sqlserver.jdbc.SQLServerStatement.getNextResult(SQLServerStatement.java:1493)
	at com.microsoft.sqlserver.jdbc.SQLServerPreparedStatement.doExecutePreparedStatement(SQLServerPreparedStatement.java:390)
	at com.microsoft.sqlserver.jdbc.SQLServerPreparedStatement$PrepStmtExecCmd.doExecute(SQLServerPreparedStatement.java:340)
	at com.microsoft.sqlserver.jdbc.TDSCommand.execute(IOBuffer.java:4575)
	at com.microsoft.sqlserver.jdbc.SQLServerConnection.executeCommand(SQLServerConnection.java:1400)
	at com.microsoft.sqlserver.jdbc.SQLServerStatement.executeCommand(SQLServerStatement.java:179)
	at com.microsoft.sqlserver.jdbc.SQLServerStatement.executeStatement(SQLServerStatement.java:154)
	at com.microsoft.sqlserver.jdbc.SQLServerPreparedStatement.executeQuery(SQLServerPreparedStatement.java:283)
	at com.myservlet.LoginServlet.processRequest(LoginServlet.java:64)
	at com.myservlet.LoginServlet.doPost(LoginServlet.java:114)
	at javax.servlet.http.HttpServlet.service(HttpServlet.java:647)
	at javax.servlet.http.HttpServlet.service(HttpServlet.java:728)
	at org.apache.catalina.core.ApplicationFilterChain.internalDoFilter(ApplicationFilterChain.java:305)
	at org.apache.catalina.core.ApplicationFilterChain.doFilter(ApplicationFilterChain.java:210)
	at org.apache.catalina.core.StandardWrapperValve.invoke(StandardWrapperValve.java:222)
	at org.apache.catalina.core.StandardContextValve.invoke(StandardContextValve.java:123)
	at org.apache.catalina.authenticator.AuthenticatorBase.invoke(AuthenticatorBase.java:472)
	at org.apache.catalina.core.StandardHostValve.invoke(StandardHostValve.java:171)
	at org.apache.catalina.valves.ErrorReportValve.invoke(ErrorReportValve.java:99)
	at org.apache.catalina.valves.AccessLogValve.invoke(AccessLogValve.java:931)
	at org.apache.catalina.core.StandardEngineValve.invoke(StandardEngineValve.java:118)
	at org.apache.catalina.connector.CoyoteAdapter.service(CoyoteAdapter.java:407)
	at org.apache.coyote.http11.AbstractHttp11Processor.process(AbstractHttp11Processor.java:1004)
	at org.apache.coyote.AbstractProtocol$AbstractConnectionHandler.process(AbstractProtocol.java:589)
	at org.apache.tomcat.util.net.AprEndpoint$SocketProcessor.run(AprEndpoint.java:1822)
	at java.util.concurrent.ThreadPoolExecutor.runWorker(ThreadPoolExecutor.java:1110)
	at java.util.concurrent.ThreadPoolExecutor$Worker.run(ThreadPoolExecutor.java:603)
	at java.lang.Thread.run(Thread.java:722)

Nov 30, 2012 6:48:42 PM org.apache.catalina.core.StandardContext reload
INFO: Reloading Context with name [/jsp_2] has started
Nov 30, 2012 6:48:42 PM org.apache.catalina.loader.WebappClassLoader clearReferencesJdbc
SEVERE: The web application [/jsp_2] registered the JDBC driver [com.microsoft.sqlserver.jdbc.SQLServerDriver] but failed to unregister it when the web application was stopped. To prevent a memory leak, the JDBC Driver has been forcibly unregistered.
Nov 30, 2012 6:48:42 PM org.apache.catalina.core.StandardContext reload
INFO: Reloading Context with name [/jsp_2] is completed
Nov 30, 2012 6:49:13 PM org.apache.catalina.startup.HostConfig deleteRedeployResources
INFO: Undeploying context [/jsp_2]
Nov 30, 2012 6:49:13 PM org.apache.catalina.startup.HostConfig deployDescriptor
INFO: Deploying configuration descriptor F:\apache-tomcat-7.0.33\conf\Catalina\localhost\jsp_2.xml
Nov 30, 2012 6:49:13 PM org.apache.catalina.util.LifecycleBase start
INFO: The start() method was called on component [StandardEngine[Catalina].StandardHost[localhost].StandardContext[/jsp_2]] after start() had already been called. The second call will be ignored.
Nov 30, 2012 6:49:19 PM org.apache.catalina.startup.HostConfig deleteRedeployResources
INFO: Undeploying context [/jsp_2]
Nov 30, 2012 6:49:19 PM org.apache.catalina.startup.HostConfig deployDescriptor
INFO: Deploying configuration descriptor F:\apache-tomcat-7.0.33\conf\Catalina\localhost\jsp_2.xml
Nov 30, 2012 6:49:27 PM org.apache.catalina.startup.HostConfig deleteRedeployResources
INFO: Undeploying context [/jsp_2]
Nov 30, 2012 6:49:27 PM org.apache.catalina.startup.HostConfig deployDescriptor
INFO: Deploying configuration descriptor F:\apache-tomcat-7.0.33\conf\Catalina\localhost\jsp_2.xml
Nov 30, 2012 6:49:27 PM org.apache.catalina.util.LifecycleBase start
INFO: The start() method was called on component [StandardEngine[Catalina].StandardHost[localhost].StandardContext[/jsp_2]] after start() had already been called. The second call will be ignored.
Nov 30, 2012 6:49:29 PM org.apache.catalina.startup.HostConfig deleteRedeployResources
INFO: Undeploying context [/jsp_2]
Nov 30, 2012 6:49:29 PM org.apache.catalina.startup.HostConfig deployDescriptor
INFO: Deploying configuration descriptor F:\apache-tomcat-7.0.33\conf\Catalina\localhost\jsp_2.xml
Nov 30, 2012 6:50:18 PM com.myservlet.LoginServlet processRequest
SEVERE: null
com.microsoft.sqlserver.jdbc.SQLServerException: Invalid column name 'tatuyen'.
	at com.microsoft.sqlserver.jdbc.SQLServerException.makeFromDatabaseError(SQLServerException.java:197)
	at com.microsoft.sqlserver.jdbc.SQLServerStatement.getNextResult(SQLServerStatement.java:1493)
	at com.microsoft.sqlserver.jdbc.SQLServerPreparedStatement.doExecutePreparedStatement(SQLServerPreparedStatement.java:390)
	at com.microsoft.sqlserver.jdbc.SQLServerPreparedStatement$PrepStmtExecCmd.doExecute(SQLServerPreparedStatement.java:340)
	at com.microsoft.sqlserver.jdbc.TDSCommand.execute(IOBuffer.java:4575)
	at com.microsoft.sqlserver.jdbc.SQLServerConnection.executeCommand(SQLServerConnection.java:1400)
	at com.microsoft.sqlserver.jdbc.SQLServerStatement.executeCommand(SQLServerStatement.java:179)
	at com.microsoft.sqlserver.jdbc.SQLServerStatement.executeStatement(SQLServerStatement.java:154)
	at com.microsoft.sqlserver.jdbc.SQLServerPreparedStatement.executeQuery(SQLServerPreparedStatement.java:283)
	at com.myservlet.LoginServlet.processRequest(LoginServlet.java:64)
	at com.myservlet.LoginServlet.doPost(LoginServlet.java:114)
	at javax.servlet.http.HttpServlet.service(HttpServlet.java:647)
	at javax.servlet.http.HttpServlet.service(HttpServlet.java:728)
	at org.apache.catalina.core.ApplicationFilterChain.internalDoFilter(ApplicationFilterChain.java:305)
	at org.apache.catalina.core.ApplicationFilterChain.doFilter(ApplicationFilterChain.java:210)
	at org.apache.catalina.core.StandardWrapperValve.invoke(StandardWrapperValve.java:222)
	at org.apache.catalina.core.StandardContextValve.invoke(StandardContextValve.java:123)
	at org.apache.catalina.authenticator.AuthenticatorBase.invoke(AuthenticatorBase.java:472)
	at org.apache.catalina.core.StandardHostValve.invoke(StandardHostValve.java:171)
	at org.apache.catalina.valves.ErrorReportValve.invoke(ErrorReportValve.java:99)
	at org.apache.catalina.valves.AccessLogValve.invoke(AccessLogValve.java:931)
	at org.apache.catalina.core.StandardEngineValve.invoke(StandardEngineValve.java:118)
	at org.apache.catalina.connector.CoyoteAdapter.service(CoyoteAdapter.java:407)
	at org.apache.coyote.http11.AbstractHttp11Processor.process(AbstractHttp11Processor.java:1004)
	at org.apache.coyote.AbstractProtocol$AbstractConnectionHandler.process(AbstractProtocol.java:589)
	at org.apache.tomcat.util.net.AprEndpoint$SocketProcessor.run(AprEndpoint.java:1822)
	at java.util.concurrent.ThreadPoolExecutor.runWorker(ThreadPoolExecutor.java:1110)
	at java.util.concurrent.ThreadPoolExecutor$Worker.run(ThreadPoolExecutor.java:603)
	at java.lang.Thread.run(Thread.java:722)

Nov 30, 2012 6:50:42 PM org.apache.catalina.loader.WebappClassLoader clearReferencesJdbc
SEVERE: The web application [/jsp_2] registered the JDBC driver [com.microsoft.sqlserver.jdbc.SQLServerDriver] but failed to unregister it when the web application was stopped. To prevent a memory leak, the JDBC Driver has been forcibly unregistered.
Nov 30, 2012 6:50:43 PM org.apache.catalina.startup.HostConfig deleteRedeployResources
INFO: Undeploying context [/jsp_2]
Nov 30, 2012 6:50:43 PM org.apache.catalina.startup.HostConfig deployDescriptor
INFO: Deploying configuration descriptor F:\apache-tomcat-7.0.33\conf\Catalina\localhost\jsp_2.xml
Nov 30, 2012 6:50:43 PM org.apache.catalina.util.LifecycleBase start
INFO: The start() method was called on component [StandardEngine[Catalina].StandardHost[localhost].StandardContext[/jsp_2]] after start() had already been called. The second call will be ignored.
Nov 30, 2012 6:50:49 PM org.apache.catalina.startup.HostConfig deleteRedeployResources
INFO: Undeploying context [/jsp_2]
Nov 30, 2012 6:50:49 PM org.apache.catalina.startup.HostConfig deployDescriptor
INFO: Deploying configuration descriptor F:\apache-tomcat-7.0.33\conf\Catalina\localhost\jsp_2.xml
Nov 30, 2012 6:53:41 PM org.apache.catalina.core.StandardContext reload
INFO: Reloading Context with name [/jsp_2] has started
Nov 30, 2012 6:53:41 PM org.apache.catalina.loader.WebappClassLoader clearReferencesJdbc
SEVERE: The web application [/jsp_2] registered the JDBC driver [com.microsoft.sqlserver.jdbc.SQLServerDriver] but failed to unregister it when the web application was stopped. To prevent a memory leak, the JDBC Driver has been forcibly unregistered.
Nov 30, 2012 6:53:42 PM org.apache.catalina.core.StandardContext reload
INFO: Reloading Context with name [/jsp_2] is completed
Nov 30, 2012 6:53:48 PM org.apache.catalina.core.StandardContext reload
INFO: Reloading Context with name [/jsp_2] has started
Nov 30, 2012 6:53:48 PM org.apache.catalina.core.StandardContext reload
INFO: Reloading Context with name [/jsp_2] is completed
Nov 30, 2012 6:54:56 PM org.apache.catalina.core.StandardContext reload
INFO: Reloading Context with name [/jsp_2] has started
Nov 30, 2012 6:54:56 PM org.apache.catalina.loader.WebappClassLoader clearReferencesJdbc
SEVERE: The web application [/jsp_2] registered the JDBC driver [com.microsoft.sqlserver.jdbc.SQLServerDriver] but failed to unregister it when the web application was stopped. To prevent a memory leak, the JDBC Driver has been forcibly unregistered.
Nov 30, 2012 6:54:57 PM org.apache.catalina.core.StandardContext reload
INFO: Reloading Context with name [/jsp_2] is completed
Nov 30, 2012 6:55:54 PM org.apache.catalina.core.StandardContext reload
INFO: Reloading Context with name [/jsp_2] has started
Nov 30, 2012 6:55:54 PM org.apache.catalina.core.StandardContext reload
INFO: Reloading Context with name [/jsp_2] is completed
Nov 30, 2012 6:55:57 PM org.apache.catalina.core.StandardContext reload
INFO: Reloading Context with name [/jsp_2] has started
Nov 30, 2012 6:55:58 PM org.apache.catalina.core.StandardContext reload
INFO: Reloading Context with name [/jsp_2] is completed
Nov 30, 2012 6:57:08 PM org.apache.catalina.core.StandardContext reload
INFO: Reloading Context with name [/jsp_2] has started
Nov 30, 2012 6:57:08 PM org.apache.catalina.loader.WebappClassLoader clearReferencesJdbc
SEVERE: The web application [/jsp_2] registered the JDBC driver [com.microsoft.sqlserver.jdbc.SQLServerDriver] but failed to unregister it when the web application was stopped. To prevent a memory leak, the JDBC Driver has been forcibly unregistered.
Nov 30, 2012 6:57:09 PM org.apache.catalina.core.StandardContext reload
INFO: Reloading Context with name [/jsp_2] is completed
Nov 30, 2012 6:58:06 PM org.apache.catalina.core.StandardContext reload
INFO: Reloading Context with name [/jsp_2] has started
Nov 30, 2012 6:58:06 PM org.apache.catalina.core.StandardContext reload
INFO: Reloading Context with name [/jsp_2] is completed
Nov 30, 2012 7:01:12 PM org.apache.catalina.loader.WebappClassLoader clearReferencesJdbc
SEVERE: The web application [/jsp_2] registered the JDBC driver [com.microsoft.sqlserver.jdbc.SQLServerDriver] but failed to unregister it when the web application was stopped. To prevent a memory leak, the JDBC Driver has been forcibly unregistered.
Nov 30, 2012 7:01:13 PM org.apache.catalina.startup.HostConfig deleteRedeployResources
INFO: Undeploying context [/jsp_2]
Nov 30, 2012 7:01:13 PM org.apache.catalina.startup.HostConfig deployDescriptor
INFO: Deploying configuration descriptor F:\apache-tomcat-7.0.33\conf\Catalina\localhost\jsp_2.xml
Nov 30, 2012 7:01:13 PM org.apache.catalina.util.LifecycleBase start
INFO: The start() method was called on component [StandardEngine[Catalina].StandardHost[localhost].StandardContext[/jsp_2]] after start() had already been called. The second call will be ignored.
Nov 30, 2012 7:01:19 PM org.apache.catalina.startup.HostConfig deleteRedeployResources
INFO: Undeploying context [/jsp_2]
Nov 30, 2012 7:01:19 PM org.apache.catalina.startup.HostConfig deployDescriptor
INFO: Deploying configuration descriptor F:\apache-tomcat-7.0.33\conf\Catalina\localhost\jsp_2.xml
Nov 30, 2012 7:02:03 PM org.apache.catalina.loader.WebappClassLoader clearReferencesJdbc
SEVERE: The web application [/jsp_2] registered the JDBC driver [com.microsoft.sqlserver.jdbc.SQLServerDriver] but failed to unregister it when the web application was stopped. To prevent a memory leak, the JDBC Driver has been forcibly unregistered.
Nov 30, 2012 7:02:04 PM org.apache.catalina.startup.HostConfig deleteRedeployResources
INFO: Undeploying context [/jsp_2]
Nov 30, 2012 7:02:04 PM org.apache.catalina.startup.HostConfig deployDescriptor
INFO: Deploying configuration descriptor F:\apache-tomcat-7.0.33\conf\Catalina\localhost\jsp_2.xml
Nov 30, 2012 7:02:04 PM org.apache.catalina.util.LifecycleBase start
INFO: The start() method was called on component [StandardEngine[Catalina].StandardHost[localhost].StandardContext[/jsp_2]] after start() had already been called. The second call will be ignored.
Nov 30, 2012 7:02:09 PM org.apache.catalina.startup.HostConfig deleteRedeployResources
INFO: Undeploying context [/jsp_2]
Nov 30, 2012 7:02:09 PM org.apache.catalina.startup.HostConfig deployDescriptor
INFO: Deploying configuration descriptor F:\apache-tomcat-7.0.33\conf\Catalina\localhost\jsp_2.xml
Nov 30, 2012 7:03:08 PM org.apache.catalina.core.StandardContext reload
INFO: Reloading Context with name [/jsp_2] has started
Nov 30, 2012 7:03:08 PM org.apache.catalina.loader.WebappClassLoader clearReferencesJdbc
SEVERE: The web application [/jsp_2] registered the JDBC driver [com.microsoft.sqlserver.jdbc.SQLServerDriver] but failed to unregister it when the web application was stopped. To prevent a memory leak, the JDBC Driver has been forcibly unregistered.
Nov 30, 2012 7:03:09 PM org.apache.catalina.core.StandardContext reload
INFO: Reloading Context with name [/jsp_2] is completed
Nov 30, 2012 7:03:11 PM org.apache.catalina.startup.HostConfig deleteRedeployResources
INFO: Undeploying context [/jsp_2]
Nov 30, 2012 7:03:11 PM org.apache.catalina.startup.HostConfig deployDescriptor
INFO: Deploying configuration descriptor F:\apache-tomcat-7.0.33\conf\Catalina\localhost\jsp_2.xml
Nov 30, 2012 7:03:11 PM org.apache.catalina.util.LifecycleBase start
INFO: The start() method was called on component [StandardEngine[Catalina].StandardHost[localhost].StandardContext[/jsp_2]] after start() had already been called. The second call will be ignored.
Nov 30, 2012 7:03:19 PM org.apache.catalina.startup.HostConfig deleteRedeployResources
INFO: Undeploying context [/jsp_2]
Nov 30, 2012 7:03:19 PM org.apache.catalina.startup.HostConfig deployDescriptor
INFO: Deploying configuration descriptor F:\apache-tomcat-7.0.33\conf\Catalina\localhost\jsp_2.xml
Nov 30, 2012 7:36:15 PM org.apache.catalina.core.StandardServer await
INFO: A valid shutdown command was received via the shutdown port. Stopping the Server instance.
Nov 30, 2012 7:36:15 PM org.apache.coyote.AbstractProtocol pause
INFO: Pausing ProtocolHandler ["http-apr-8080"]
Nov 30, 2012 7:36:15 PM org.apache.coyote.AbstractProtocol pause
INFO: Pausing ProtocolHandler ["ajp-apr-8009"]
Nov 30, 2012 7:36:15 PM org.apache.catalina.core.StandardService stopInternal
INFO: Stopping service Catalina
Nov 30, 2012 7:36:15 PM org.apache.catalina.loader.WebappClassLoader clearReferencesJdbc
SEVERE: The web application [/jsp_2] registered the JDBC driver [com.microsoft.sqlserver.jdbc.SQLServerDriver] but failed to unregister it when the web application was stopped. To prevent a memory leak, the JDBC Driver has been forcibly unregistered.
Nov 30, 2012 7:36:15 PM org.apache.coyote.AbstractProtocol stop
INFO: Stopping ProtocolHandler ["http-apr-8080"]
Nov 30, 2012 7:36:15 PM org.apache.coyote.AbstractProtocol stop
INFO: Stopping ProtocolHandler ["ajp-apr-8009"]
Nov 30, 2012 7:36:15 PM org.apache.coyote.AbstractProtocol destroy
INFO: Destroying ProtocolHandler ["http-apr-8080"]
Nov 30, 2012 7:36:15 PM org.apache.coyote.AbstractProtocol destroy
INFO: Destroying ProtocolHandler ["ajp-apr-8009"]
Nov 30, 2012 11:07:48 PM org.apache.catalina.core.AprLifecycleListener init
INFO: Loaded APR based Apache Tomcat Native library 1.1.24 using APR version 1.4.6.
Nov 30, 2012 11:07:48 PM org.apache.catalina.core.AprLifecycleListener init
INFO: APR capabilities: IPv6 [true], sendfile [true], accept filters [false], random [true].
Nov 30, 2012 11:07:50 PM org.apache.catalina.core.AprLifecycleListener initializeSSL
INFO: OpenSSL successfully initialized (OpenSSL 1.0.1c 10 May 2012)
Nov 30, 2012 11:07:50 PM org.apache.coyote.AbstractProtocol init
INFO: Initializing ProtocolHandler ["http-apr-8080"]
Nov 30, 2012 11:07:50 PM org.apache.coyote.AbstractProtocol init
INFO: Initializing ProtocolHandler ["ajp-apr-8009"]
Nov 30, 2012 11:07:50 PM org.apache.catalina.startup.Catalina load
INFO: Initialization processed in 2082 ms
Nov 30, 2012 11:07:50 PM org.apache.catalina.users.MemoryUserDatabase createRole
WARNING: Null or zero length role name specified. The role will be ignored.
Nov 30, 2012 11:07:50 PM org.apache.tomcat.util.digester.FactoryCreateRule begin
INFO: [FactoryCreateRule] Create exception ignored: Null or zero length role name specified. The role will be ignored.
Nov 30, 2012 11:07:50 PM org.apache.catalina.core.StandardService startInternal
INFO: Starting service Catalina
Nov 30, 2012 11:07:50 PM org.apache.catalina.core.StandardEngine startInternal
INFO: Starting Servlet Engine: Apache Tomcat/7.0.33
Nov 30, 2012 11:07:50 PM org.apache.catalina.startup.HostConfig deployDescriptor
INFO: Deploying configuration descriptor F:\apache-tomcat-7.0.33\conf\Catalina\localhost\jsp_2.xml
Nov 30, 2012 11:07:50 PM org.apache.catalina.startup.HostConfig deployDirectory
INFO: Deploying web application directory F:\apache-tomcat-7.0.33\webapps\docs
Nov 30, 2012 11:07:50 PM org.apache.catalina.startup.HostConfig deployDirectory
INFO: Deploying web application directory F:\apache-tomcat-7.0.33\webapps\examples
Nov 30, 2012 11:07:51 PM org.apache.catalina.startup.HostConfig deployDirectory
INFO: Deploying web application directory F:\apache-tomcat-7.0.33\webapps\host-manager
Nov 30, 2012 11:07:51 PM org.apache.catalina.startup.HostConfig deployDirectory
INFO: Deploying web application directory F:\apache-tomcat-7.0.33\webapps\manager
Nov 30, 2012 11:07:51 PM org.apache.catalina.startup.HostConfig deployDirectory
INFO: Deploying web application directory F:\apache-tomcat-7.0.33\webapps\ROOT
Nov 30, 2012 11:07:51 PM org.apache.coyote.AbstractProtocol start
INFO: Starting ProtocolHandler ["http-apr-8080"]
Nov 30, 2012 11:07:51 PM org.apache.coyote.AbstractProtocol start
INFO: Starting ProtocolHandler ["ajp-apr-8009"]
Nov 30, 2012 11:07:51 PM org.apache.catalina.startup.Catalina start
INFO: Server startup in 946 ms
Nov 30, 2012 11:54:04 PM org.apache.catalina.core.StandardServer await
INFO: A valid shutdown command was received via the shutdown port. Stopping the Server instance.
Nov 30, 2012 11:54:04 PM org.apache.coyote.AbstractProtocol pause
INFO: Pausing ProtocolHandler ["http-apr-8080"]
Nov 30, 2012 11:54:05 PM org.apache.coyote.AbstractProtocol pause
INFO: Pausing ProtocolHandler ["ajp-apr-8009"]
Nov 30, 2012 11:54:05 PM org.apache.catalina.core.StandardService stopInternal
INFO: Stopping service Catalina
Nov 30, 2012 11:54:05 PM org.apache.coyote.AbstractProtocol stop
INFO: Stopping ProtocolHandler ["http-apr-8080"]
Nov 30, 2012 11:54:05 PM org.apache.coyote.AbstractProtocol stop
INFO: Stopping ProtocolHandler ["ajp-apr-8009"]
Nov 30, 2012 11:54:05 PM org.apache.coyote.AbstractProtocol destroy
INFO: Destroying ProtocolHandler ["http-apr-8080"]
Nov 30, 2012 11:54:05 PM org.apache.coyote.AbstractProtocol destroy
INFO: Destroying ProtocolHandler ["ajp-apr-8009"]
