Dec 11, 2012 6:24:45 PM org.apache.catalina.core.ApplicationContext log
INFO: Manager: init: Associated with Deployer 'Catalina:type=Deployer,host=localhost'
Dec 11, 2012 6:24:45 PM org.apache.catalina.core.ApplicationContext log
INFO: Manager: init: Global resources are available
Dec 11, 2012 6:24:45 PM org.apache.catalina.core.ApplicationContext log
INFO: Manager: list: Listing contexts for virtual host 'localhost'
Dec 11, 2012 6:24:45 PM org.apache.catalina.core.ApplicationContext log
INFO: Manager: list: Listing contexts for virtual host 'localhost'
Dec 11, 2012 6:24:45 PM org.apache.catalina.core.ApplicationContext log
INFO: Manager: stop: Stopping web application '/jsp_4'
Dec 11, 2012 6:24:46 PM org.apache.catalina.core.ApplicationContext log
INFO: Manager: start: Starting web application '/jsp_4'
Dec 11, 2012 6:25:25 PM org.apache.catalina.core.ApplicationContext log
INFO: Manager: list: Listing contexts for virtual host 'localhost'
Dec 11, 2012 6:25:25 PM org.apache.catalina.core.ApplicationContext log
INFO: Manager: list: Listing contexts for virtual host 'localhost'
Dec 11, 2012 6:27:34 PM org.apache.catalina.core.ApplicationContext log
INFO: Manager: list: Listing contexts for virtual host 'localhost'
Dec 11, 2012 6:27:48 PM org.apache.catalina.core.ApplicationContext log
INFO: Manager: list: Listing contexts for virtual host 'localhost'
Dec 11, 2012 6:27:48 PM org.apache.catalina.core.ApplicationContext log
INFO: Manager: list: Listing contexts for virtual host 'localhost'
Dec 11, 2012 6:36:24 PM org.apache.catalina.core.ApplicationContext log
INFO: Manager: list: Listing contexts for virtual host 'localhost'
Dec 11, 2012 6:36:24 PM org.apache.catalina.core.ApplicationContext log
INFO: Manager: stop: Stopping web application '/jsp_4'
Dec 11, 2012 6:36:25 PM org.apache.catalina.core.ApplicationContext log
INFO: Manager: start: Starting web application '/jsp_4'
Dec 11, 2012 6:36:25 PM org.apache.catalina.core.ApplicationContext log
INFO: Manager: list: Listing contexts for virtual host 'localhost'
Dec 11, 2012 6:36:25 PM org.apache.catalina.core.ApplicationContext log
INFO: Manager: restart: Reloading web application '/jsp_4'
Dec 11, 2012 6:38:49 PM org.apache.catalina.core.ApplicationContext log
INFO: Manager: list: Listing contexts for virtual host 'localhost'
Dec 11, 2012 6:38:49 PM org.apache.catalina.core.ApplicationContext log
INFO: Manager: list: Listing contexts for virtual host 'localhost'
Dec 11, 2012 6:38:49 PM org.apache.catalina.core.ApplicationContext log
INFO: Manager: stop: Stopping web application '/jsp_4'
Dec 11, 2012 6:38:50 PM org.apache.catalina.core.ApplicationContext log
INFO: Manager: start: Starting web application '/jsp_4'
Dec 11, 2012 6:40:27 PM org.apache.catalina.core.ApplicationContext log
INFO: Manager: list: Listing contexts for virtual host 'localhost'
Dec 11, 2012 6:40:27 PM org.apache.catalina.core.ApplicationContext log
INFO: Manager: restart: Reloading web application '/jsp_4'
Dec 11, 2012 6:40:28 PM org.apache.catalina.core.ApplicationContext log
INFO: Manager: list: Listing contexts for virtual host 'localhost'
Dec 11, 2012 6:40:28 PM org.apache.catalina.core.ApplicationContext log
INFO: Manager: restart: Reloading web application '/jsp_4'
Dec 11, 2012 6:40:56 PM org.apache.catalina.core.ApplicationContext log
INFO: Manager: list: Listing contexts for virtual host 'localhost'
Dec 11, 2012 6:40:56 PM org.apache.catalina.core.ApplicationContext log
INFO: Manager: restart: Reloading web application '/jsp_4'
Dec 11, 2012 6:41:00 PM org.apache.catalina.core.ApplicationContext log
INFO: Manager: list: Listing contexts for virtual host 'localhost'
Dec 11, 2012 6:41:00 PM org.apache.catalina.core.ApplicationContext log
INFO: Manager: list: Listing contexts for virtual host 'localhost'
Dec 11, 2012 6:41:00 PM org.apache.catalina.core.ApplicationContext log
INFO: Manager: restart: Reloading web application '/jsp_4'
Dec 11, 2012 6:41:39 PM org.apache.catalina.core.ApplicationContext log
INFO: Manager: list: Listing contexts for virtual host 'localhost'
Dec 11, 2012 6:41:39 PM org.apache.catalina.core.ApplicationContext log
INFO: Manager: list: Listing contexts for virtual host 'localhost'
Dec 11, 2012 6:51:09 PM org.apache.catalina.core.ApplicationContext log
INFO: Manager: list: Listing contexts for virtual host 'localhost'
Dec 11, 2012 6:51:09 PM org.apache.catalina.core.ApplicationContext log
INFO: Manager: restart: Reloading web application '/jsp_4'
Dec 11, 2012 6:51:09 PM org.apache.catalina.core.ApplicationContext log
INFO: Manager: list: Listing contexts for virtual host 'localhost'
Dec 11, 2012 6:51:09 PM org.apache.catalina.core.ApplicationContext log
INFO: Manager: restart: Reloading web application '/jsp_4'
Dec 11, 2012 6:57:07 PM org.apache.catalina.core.ApplicationContext log
INFO: Manager: list: Listing contexts for virtual host 'localhost'
Dec 11, 2012 6:57:07 PM org.apache.catalina.core.ApplicationContext log
INFO: Manager: restart: Reloading web application '/jsp_4'
Dec 11, 2012 7:00:39 PM org.apache.catalina.core.ApplicationContext log
INFO: Manager: list: Listing contexts for virtual host 'localhost'
Dec 11, 2012 7:00:39 PM org.apache.catalina.core.ApplicationContext log
INFO: Manager: restart: Reloading web application '/jsp_4'
Dec 11, 2012 7:01:00 PM org.apache.catalina.core.ApplicationContext log
INFO: Manager: list: Listing contexts for virtual host 'localhost'
Dec 11, 2012 7:05:40 PM org.apache.catalina.core.ApplicationContext log
INFO: Manager: list: Listing contexts for virtual host 'localhost'
Dec 11, 2012 7:05:40 PM org.apache.catalina.core.ApplicationContext log
INFO: Manager: list: Listing contexts for virtual host 'localhost'
Dec 11, 2012 7:05:40 PM org.apache.catalina.core.ApplicationContext log
INFO: Manager: restart: Reloading web application '/jsp_4'
Dec 11, 2012 7:06:57 PM org.apache.catalina.core.ApplicationContext log
INFO: Manager: list: Listing contexts for virtual host 'localhost'
Dec 11, 2012 7:06:57 PM org.apache.catalina.core.ApplicationContext log
INFO: Manager: restart: Reloading web application '/jsp_4'
Dec 11, 2012 7:07:04 PM org.apache.catalina.core.ApplicationContext log
INFO: Manager: list: Listing contexts for virtual host 'localhost'
Dec 11, 2012 7:07:04 PM org.apache.catalina.core.ApplicationContext log
INFO: Manager: list: Listing contexts for virtual host 'localhost'
Dec 11, 2012 7:07:04 PM org.apache.catalina.core.ApplicationContext log
INFO: Manager: restart: Reloading web application '/jsp_4'
Dec 11, 2012 7:08:31 PM org.apache.catalina.core.ApplicationContext log
INFO: Manager: list: Listing contexts for virtual host 'localhost'
Dec 11, 2012 7:08:57 PM org.apache.catalina.core.ApplicationContext log
INFO: Manager: list: Listing contexts for virtual host 'localhost'
Dec 11, 2012 7:08:57 PM org.apache.catalina.core.ApplicationContext log
INFO: Manager: stop: Stopping web application '/jsp_4'
Dec 11, 2012 7:08:57 PM org.apache.catalina.core.ApplicationContext log
INFO: Manager: start: Starting web application '/jsp_4'
Dec 11, 2012 7:08:58 PM org.apache.catalina.core.ApplicationContext log
INFO: Manager: list: Listing contexts for virtual host 'localhost'
Dec 11, 2012 7:08:58 PM org.apache.catalina.core.ApplicationContext log
INFO: Manager: restart: Reloading web application '/jsp_4'
Dec 11, 2012 7:09:51 PM org.apache.catalina.core.ApplicationContext log
INFO: Manager: list: Listing contexts for virtual host 'localhost'
Dec 11, 2012 7:09:51 PM org.apache.catalina.core.ApplicationContext log
INFO: Manager: restart: Reloading web application '/jsp_4'
Dec 11, 2012 7:09:55 PM org.apache.catalina.core.ApplicationContext log
INFO: Manager: list: Listing contexts for virtual host 'localhost'
Dec 11, 2012 7:09:55 PM org.apache.catalina.core.ApplicationContext log
INFO: Manager: list: Listing contexts for virtual host 'localhost'
Dec 11, 2012 7:09:55 PM org.apache.catalina.core.ApplicationContext log
INFO: Manager: stop: Stopping web application '/jsp_4'
Dec 11, 2012 7:09:55 PM org.apache.catalina.core.ApplicationContext log
INFO: Manager: start: Starting web application '/jsp_4'
Dec 11, 2012 7:10:49 PM org.apache.catalina.core.ApplicationContext log
INFO: Manager: list: Listing contexts for virtual host 'localhost'
Dec 11, 2012 7:10:49 PM org.apache.catalina.core.ApplicationContext log
INFO: Manager: restart: Reloading web application '/jsp_4'
Dec 11, 2012 7:11:01 PM org.apache.catalina.core.ApplicationContext log
INFO: Manager: list: Listing contexts for virtual host 'localhost'
Dec 11, 2012 7:11:01 PM org.apache.catalina.core.ApplicationContext log
INFO: Manager: restart: Reloading web application '/jsp_4'
Dec 11, 2012 7:11:09 PM org.apache.catalina.core.ApplicationContext log
INFO: Manager: list: Listing contexts for virtual host 'localhost'
Dec 11, 2012 7:11:09 PM org.apache.catalina.core.ApplicationContext log
INFO: Manager: list: Listing contexts for virtual host 'localhost'
Dec 11, 2012 7:11:09 PM org.apache.catalina.core.ApplicationContext log
INFO: Manager: restart: Reloading web application '/jsp_4'
Dec 11, 2012 7:12:11 PM org.apache.catalina.core.ApplicationContext log
INFO: Manager: list: Listing contexts for virtual host 'localhost'
Dec 11, 2012 7:12:17 PM org.apache.catalina.core.ApplicationContext log
INFO: Manager: list: Listing contexts for virtual host 'localhost'
Dec 11, 2012 7:12:17 PM org.apache.catalina.core.ApplicationContext log
INFO: Manager: list: Listing contexts for virtual host 'localhost'
Dec 11, 2012 7:13:44 PM org.apache.catalina.core.ApplicationContext log
INFO: Manager: list: Listing contexts for virtual host 'localhost'
Dec 11, 2012 7:14:47 PM org.apache.catalina.core.ApplicationContext log
INFO: Manager: list: Listing contexts for virtual host 'localhost'
Dec 11, 2012 7:14:50 PM org.apache.catalina.core.ApplicationContext log
INFO: Manager: list: Listing contexts for virtual host 'localhost'
Dec 11, 2012 7:14:50 PM org.apache.catalina.core.ApplicationContext log
INFO: Manager: list: Listing contexts for virtual host 'localhost'
Dec 11, 2012 7:17:03 PM org.apache.catalina.core.ApplicationContext log
INFO: Manager: list: Listing contexts for virtual host 'localhost'
Dec 11, 2012 7:17:03 PM org.apache.catalina.core.ApplicationContext log
INFO: Manager: list: Listing contexts for virtual host 'localhost'
Dec 11, 2012 7:17:03 PM org.apache.catalina.core.ApplicationContext log
INFO: Manager: restart: Reloading web application '/jsp_4'
Dec 11, 2012 7:18:54 PM org.apache.catalina.core.ApplicationContext log
INFO: Manager: init: Associated with Deployer 'Catalina:type=Deployer,host=localhost'
Dec 11, 2012 7:18:54 PM org.apache.catalina.core.ApplicationContext log
INFO: Manager: init: Global resources are available
Dec 11, 2012 7:18:54 PM org.apache.catalina.core.ApplicationContext log
INFO: Manager: list: Listing contexts for virtual host 'localhost'
Dec 11, 2012 7:18:54 PM org.apache.catalina.core.ApplicationContext log
INFO: Manager: list: Listing contexts for virtual host 'localhost'
Dec 11, 2012 7:18:54 PM org.apache.catalina.core.ApplicationContext log
INFO: Manager: undeploy: Undeploying web application at '/jsp_4'
Dec 11, 2012 7:18:55 PM org.apache.catalina.core.ApplicationContext log
INFO: Manager: install: Installing context configuration at 'file:/C:/Users/TAVAN_~1/AppData/Local/Temp/context4174761914415648274.xml'
Dec 11, 2012 7:18:55 PM org.apache.catalina.core.ApplicationContext log
INFO: Manager: start: Starting web application '/jsp_4'
Dec 11, 2012 7:19:34 PM org.apache.catalina.core.ApplicationContext log
INFO: Manager: list: Listing contexts for virtual host 'localhost'
Dec 11, 2012 7:19:34 PM org.apache.catalina.core.ApplicationContext log
INFO: Manager: list: Listing contexts for virtual host 'localhost'
Dec 11, 2012 7:26:10 PM org.apache.catalina.core.ApplicationContext log
INFO: Manager: list: Listing contexts for virtual host 'localhost'
Dec 11, 2012 7:26:10 PM org.apache.catalina.core.ApplicationContext log
INFO: Manager: restart: Reloading web application '/jsp_4'
Dec 11, 2012 7:26:11 PM org.apache.catalina.core.ApplicationContext log
INFO: Manager: list: Listing contexts for virtual host 'localhost'
Dec 11, 2012 7:26:11 PM org.apache.catalina.core.ApplicationContext log
INFO: Manager: restart: Reloading web application '/jsp_4'
Dec 11, 2012 7:26:24 PM org.apache.catalina.core.ApplicationContext log
INFO: Manager: list: Listing contexts for virtual host 'localhost'
Dec 11, 2012 7:26:24 PM org.apache.catalina.core.ApplicationContext log
INFO: Manager: restart: Reloading web application '/jsp_4'
Dec 11, 2012 7:26:31 PM org.apache.catalina.core.ApplicationContext log
INFO: Manager: list: Listing contexts for virtual host 'localhost'
Dec 11, 2012 7:26:31 PM org.apache.catalina.core.ApplicationContext log
INFO: Manager: list: Listing contexts for virtual host 'localhost'
Dec 11, 2012 7:26:31 PM org.apache.catalina.core.ApplicationContext log
INFO: Manager: undeploy: Undeploying web application at '/jsp_4'
Dec 11, 2012 7:26:32 PM org.apache.catalina.core.ApplicationContext log
INFO: Manager: install: Installing context configuration at 'file:/C:/Users/TAVAN_~1/AppData/Local/Temp/context777981125078299551.xml'
Dec 11, 2012 7:26:33 PM org.apache.catalina.core.ApplicationContext log
INFO: Manager: start: Starting web application '/jsp_4'
Dec 11, 2012 7:28:39 PM org.apache.catalina.core.ApplicationContext log
INFO: Manager: list: Listing contexts for virtual host 'localhost'
Dec 11, 2012 7:28:39 PM org.apache.catalina.core.ApplicationContext log
INFO: Manager: list: Listing contexts for virtual host 'localhost'
Dec 11, 2012 7:29:28 PM org.apache.catalina.core.ApplicationContext log
INFO: Manager: list: Listing contexts for virtual host 'localhost'
Dec 11, 2012 7:29:28 PM org.apache.catalina.core.ApplicationContext log
INFO: Manager: restart: Reloading web application '/jsp_4'
Dec 11, 2012 7:29:42 PM org.apache.catalina.core.ApplicationContext log
INFO: Manager: list: Listing contexts for virtual host 'localhost'
Dec 11, 2012 7:29:42 PM org.apache.catalina.core.ApplicationContext log
INFO: Manager: restart: Reloading web application '/jsp_4'
Dec 11, 2012 7:29:43 PM org.apache.catalina.core.ApplicationContext log
INFO: Manager: list: Listing contexts for virtual host 'localhost'
Dec 11, 2012 7:29:43 PM org.apache.catalina.core.ApplicationContext log
INFO: Manager: restart: Reloading web application '/jsp_4'
Dec 11, 2012 7:29:48 PM org.apache.catalina.core.ApplicationContext log
INFO: Manager: list: Listing contexts for virtual host 'localhost'
Dec 11, 2012 7:29:48 PM org.apache.catalina.core.ApplicationContext log
INFO: Manager: list: Listing contexts for virtual host 'localhost'
Dec 11, 2012 7:29:49 PM org.apache.catalina.core.ApplicationContext log
INFO: Manager: undeploy: Undeploying web application at '/jsp_4'
Dec 11, 2012 7:29:49 PM org.apache.catalina.core.ApplicationContext log
INFO: Manager: install: Installing context configuration at 'file:/C:/Users/TAVAN_~1/AppData/Local/Temp/context8799104422514813962.xml'
Dec 11, 2012 7:29:50 PM org.apache.catalina.core.ApplicationContext log
INFO: Manager: start: Starting web application '/jsp_4'
Dec 11, 2012 7:33:54 PM org.apache.catalina.core.ApplicationContext log
INFO: Manager: list: Listing contexts for virtual host 'localhost'
Dec 11, 2012 7:33:54 PM org.apache.catalina.core.ApplicationContext log
INFO: Manager: restart: Reloading web application '/jsp_4'
Dec 11, 2012 7:33:55 PM org.apache.catalina.core.ApplicationContext log
INFO: Manager: list: Listing contexts for virtual host 'localhost'
Dec 11, 2012 7:33:55 PM org.apache.catalina.core.ApplicationContext log
INFO: Manager: restart: Reloading web application '/jsp_4'
Dec 11, 2012 7:34:01 PM org.apache.catalina.core.ApplicationContext log
INFO: Manager: list: Listing contexts for virtual host 'localhost'
Dec 11, 2012 7:34:01 PM org.apache.catalina.core.ApplicationContext log
INFO: Manager: list: Listing contexts for virtual host 'localhost'
Dec 11, 2012 7:34:01 PM org.apache.catalina.core.ApplicationContext log
INFO: Manager: restart: Reloading web application '/jsp_4'
Dec 11, 2012 7:35:38 PM org.apache.catalina.core.ApplicationContext log
INFO: Manager: list: Listing contexts for virtual host 'localhost'
Dec 11, 2012 7:35:38 PM org.apache.catalina.core.ApplicationContext log
INFO: Manager: restart: Reloading web application '/jsp_4'
Dec 11, 2012 7:35:39 PM org.apache.catalina.core.ApplicationContext log
INFO: Manager: list: Listing contexts for virtual host 'localhost'
Dec 11, 2012 7:35:39 PM org.apache.catalina.core.ApplicationContext log
INFO: Manager: restart: Reloading web application '/jsp_4'
Dec 11, 2012 7:35:42 PM org.apache.catalina.core.ApplicationContext log
INFO: Manager: list: Listing contexts for virtual host 'localhost'
Dec 11, 2012 7:35:42 PM org.apache.catalina.core.ApplicationContext log
INFO: Manager: list: Listing contexts for virtual host 'localhost'
Dec 11, 2012 7:35:42 PM org.apache.catalina.core.ApplicationContext log
INFO: Manager: restart: Reloading web application '/jsp_4'
