Feb 19, 2013 6:38:15 PM org.apache.catalina.core.ApplicationContext log
INFO: Manager: init: Associated with Deployer 'Catalina:type=Deployer,host=localhost'
Feb 19, 2013 6:38:15 PM org.apache.catalina.core.ApplicationContext log
INFO: Manager: init: Global resources are available
Feb 19, 2013 6:38:15 PM org.apache.catalina.core.ApplicationContext log
INFO: Manager: list: Listing contexts for virtual host 'localhost'
Feb 19, 2013 6:38:15 PM org.apache.catalina.core.ApplicationContext log
INFO: Manager: list: Listing contexts for virtual host 'localhost'
Feb 19, 2013 6:38:15 PM org.apache.catalina.core.ApplicationContext log
INFO: Manager: install: Installing context configuration at 'file:/C:/Users/TAVAN_~1/AppData/Local/Temp/context7412231869972750389.xml'
Feb 19, 2013 6:38:17 PM org.apache.catalina.core.ApplicationContext log
INFO: Manager: start: Starting web application '/struts_5'
Feb 19, 2013 6:38:24 PM org.apache.catalina.core.ApplicationContext log
INFO: Manager: list: Listing contexts for virtual host 'localhost'
Feb 19, 2013 6:38:24 PM org.apache.catalina.core.ApplicationContext log
INFO: Manager: list: Listing contexts for virtual host 'localhost'
Feb 19, 2013 6:39:35 PM org.apache.catalina.core.ApplicationContext log
INFO: Manager: list: Listing contexts for virtual host 'localhost'
Feb 19, 2013 6:39:35 PM org.apache.catalina.core.ApplicationContext log
INFO: Manager: restart: Reloading web application '/struts_5'
Feb 19, 2013 6:41:09 PM org.apache.catalina.core.ApplicationContext log
INFO: Manager: list: Listing contexts for virtual host 'localhost'
Feb 19, 2013 6:41:09 PM org.apache.catalina.core.ApplicationContext log
INFO: Manager: restart: Reloading web application '/struts_5'
Feb 19, 2013 6:43:17 PM org.apache.catalina.core.ApplicationContext log
INFO: Manager: list: Listing contexts for virtual host 'localhost'
Feb 19, 2013 6:44:04 PM org.apache.catalina.core.ApplicationContext log
INFO: Manager: list: Listing contexts for virtual host 'localhost'
Feb 19, 2013 6:47:11 PM org.apache.catalina.core.ApplicationContext log
INFO: Manager: list: Listing contexts for virtual host 'localhost'
Feb 19, 2013 6:48:20 PM org.apache.catalina.core.ApplicationContext log
INFO: Manager: list: Listing contexts for virtual host 'localhost'
Feb 19, 2013 6:50:32 PM org.apache.catalina.core.ApplicationContext log
INFO: Manager: list: Listing contexts for virtual host 'localhost'
Feb 19, 2013 6:50:32 PM org.apache.catalina.core.ApplicationContext log
INFO: Manager: list: Listing contexts for virtual host 'localhost'
Feb 19, 2013 6:50:32 PM org.apache.catalina.core.ApplicationContext log
INFO: Manager: undeploy: Undeploying web application at '/struts_5'
Feb 19, 2013 6:50:34 PM org.apache.catalina.core.ApplicationContext log
INFO: Manager: install: Installing context configuration at 'file:/C:/Users/TAVAN_~1/AppData/Local/Temp/context5664660006503547023.xml'
Feb 19, 2013 6:50:35 PM org.apache.catalina.core.ApplicationContext log
INFO: Manager: start: Starting web application '/struts_5'
Feb 19, 2013 6:51:59 PM org.apache.catalina.core.ApplicationContext log
INFO: Manager: init: Associated with Deployer 'Catalina:type=Deployer,host=localhost'
Feb 19, 2013 6:51:59 PM org.apache.catalina.core.ApplicationContext log
INFO: Manager: init: Global resources are available
Feb 19, 2013 6:51:59 PM org.apache.catalina.core.ApplicationContext log
INFO: Manager: list: Listing contexts for virtual host 'localhost'
Feb 19, 2013 6:51:59 PM org.apache.catalina.core.ApplicationContext log
INFO: Manager: list: Listing contexts for virtual host 'localhost'
Feb 19, 2013 6:54:00 PM org.apache.catalina.core.ApplicationContext log
INFO: Manager: init: Associated with Deployer 'Catalina:type=Deployer,host=localhost'
Feb 19, 2013 6:54:00 PM org.apache.catalina.core.ApplicationContext log
INFO: Manager: init: Global resources are available
Feb 19, 2013 6:54:00 PM org.apache.catalina.core.ApplicationContext log
INFO: Manager: list: Listing contexts for virtual host 'localhost'
Feb 19, 2013 6:54:00 PM org.apache.catalina.core.ApplicationContext log
INFO: Manager: list: Listing contexts for virtual host 'localhost'
Feb 19, 2013 6:54:40 PM org.apache.catalina.core.ApplicationContext log
INFO: Manager: list: Listing contexts for virtual host 'localhost'
Feb 19, 2013 6:54:40 PM org.apache.catalina.core.ApplicationContext log
INFO: Manager: restart: Reloading web application '/struts_5'
Feb 19, 2013 6:54:58 PM org.apache.catalina.core.ApplicationContext log
INFO: Manager: list: Listing contexts for virtual host 'localhost'
Feb 19, 2013 6:54:58 PM org.apache.catalina.core.ApplicationContext log
INFO: Manager: restart: Reloading web application '/struts_5'
Feb 19, 2013 6:55:43 PM org.apache.catalina.core.ApplicationContext log
INFO: Manager: list: Listing contexts for virtual host 'localhost'
Feb 19, 2013 6:55:43 PM org.apache.catalina.core.ApplicationContext log
INFO: Manager: restart: Reloading web application '/struts_5'
Feb 19, 2013 6:56:10 PM org.apache.catalina.core.ApplicationContext log
INFO: Manager: list: Listing contexts for virtual host 'localhost'
Feb 19, 2013 6:56:10 PM org.apache.catalina.core.ApplicationContext log
INFO: Manager: restart: Reloading web application '/struts_5'
Feb 19, 2013 6:57:25 PM org.apache.catalina.core.ApplicationContext log
INFO: Manager: list: Listing contexts for virtual host 'localhost'
Feb 19, 2013 6:57:25 PM org.apache.catalina.core.ApplicationContext log
INFO: Manager: restart: Reloading web application '/struts_5'
Feb 19, 2013 6:57:33 PM org.apache.catalina.core.ApplicationContext log
INFO: Manager: list: Listing contexts for virtual host 'localhost'
Feb 19, 2013 6:57:34 PM org.apache.catalina.core.ApplicationContext log
INFO: Manager: list: Listing contexts for virtual host 'localhost'
Feb 19, 2013 6:57:34 PM org.apache.catalina.core.ApplicationContext log
INFO: Manager: restart: Reloading web application '/struts_5'
Feb 19, 2013 6:59:32 PM org.apache.catalina.core.ApplicationContext log
INFO: Manager: list: Listing contexts for virtual host 'localhost'
Feb 19, 2013 6:59:32 PM org.apache.catalina.core.ApplicationContext log
INFO: Manager: restart: Reloading web application '/struts_5'
Feb 19, 2013 7:00:49 PM org.apache.catalina.core.ApplicationContext log
INFO: Manager: list: Listing contexts for virtual host 'localhost'
Feb 19, 2013 7:01:17 PM org.apache.catalina.core.ApplicationContext log
INFO: Manager: list: Listing contexts for virtual host 'localhost'
Feb 19, 2013 7:01:43 PM org.apache.catalina.core.ApplicationContext log
INFO: Manager: list: Listing contexts for virtual host 'localhost'
Feb 19, 2013 7:01:43 PM org.apache.catalina.core.ApplicationContext log
INFO: Manager: restart: Reloading web application '/struts_5'
Feb 19, 2013 7:02:03 PM org.apache.catalina.core.ApplicationContext log
INFO: Manager: list: Listing contexts for virtual host 'localhost'
Feb 19, 2013 7:02:03 PM org.apache.catalina.core.ApplicationContext log
INFO: Manager: stop: Stopping web application '/struts_5'
Feb 19, 2013 7:02:04 PM org.apache.catalina.core.ApplicationContext log
INFO: Manager: start: Starting web application '/struts_5'
Feb 19, 2013 7:04:15 PM org.apache.catalina.core.ApplicationContext log
INFO: Manager: list: Listing contexts for virtual host 'localhost'
Feb 19, 2013 7:04:15 PM org.apache.catalina.core.ApplicationContext log
INFO: Manager: restart: Reloading web application '/struts_5'
Feb 19, 2013 7:05:42 PM org.apache.catalina.core.ApplicationContext log
INFO: Manager: list: Listing contexts for virtual host 'localhost'
Feb 19, 2013 7:05:42 PM org.apache.catalina.core.ApplicationContext log
INFO: Manager: restart: Reloading web application '/struts_5'
Feb 19, 2013 7:09:16 PM org.apache.catalina.core.ApplicationContext log
INFO: Manager: list: Listing contexts for virtual host 'localhost'
Feb 19, 2013 7:10:28 PM org.apache.catalina.core.ApplicationContext log
INFO: Manager: list: Listing contexts for virtual host 'localhost'
Feb 19, 2013 7:10:37 PM org.apache.catalina.core.ApplicationContext log
INFO: Manager: list: Listing contexts for virtual host 'localhost'
Feb 19, 2013 7:10:44 PM org.apache.catalina.core.ApplicationContext log
INFO: Manager: list: Listing contexts for virtual host 'localhost'
Feb 19, 2013 7:11:23 PM org.apache.catalina.core.ApplicationContext log
INFO: Manager: list: Listing contexts for virtual host 'localhost'
Feb 19, 2013 7:11:23 PM org.apache.catalina.core.ApplicationContext log
INFO: Manager: restart: Reloading web application '/struts_5'
Feb 19, 2013 7:11:37 PM org.apache.catalina.core.ApplicationContext log
INFO: Manager: list: Listing contexts for virtual host 'localhost'
Feb 19, 2013 7:11:45 PM org.apache.catalina.core.ApplicationContext log
INFO: Manager: list: Listing contexts for virtual host 'localhost'
Feb 19, 2013 7:11:45 PM org.apache.catalina.core.ApplicationContext log
INFO: Manager: restart: Reloading web application '/struts_5'
Feb 19, 2013 7:12:23 PM org.apache.catalina.core.ApplicationContext log
INFO: Manager: list: Listing contexts for virtual host 'localhost'
Feb 19, 2013 7:14:18 PM org.apache.catalina.core.ApplicationContext log
INFO: Manager: list: Listing contexts for virtual host 'localhost'
Feb 19, 2013 7:14:18 PM org.apache.catalina.core.ApplicationContext log
INFO: Manager: restart: Reloading web application '/struts_5'
Feb 19, 2013 7:14:20 PM org.apache.catalina.core.ApplicationContext log
INFO: Manager: list: Listing contexts for virtual host 'localhost'
Feb 19, 2013 7:14:20 PM org.apache.catalina.core.ApplicationContext log
INFO: Manager: restart: Reloading web application '/struts_5'
Feb 19, 2013 7:14:48 PM org.apache.catalina.core.ApplicationContext log
INFO: Manager: list: Listing contexts for virtual host 'localhost'
Feb 19, 2013 7:14:48 PM org.apache.catalina.core.ApplicationContext log
INFO: Manager: restart: Reloading web application '/struts_5'
Feb 19, 2013 7:16:41 PM org.apache.catalina.core.ApplicationContext log
INFO: Manager: list: Listing contexts for virtual host 'localhost'
Feb 19, 2013 7:16:41 PM org.apache.catalina.core.ApplicationContext log
INFO: Manager: restart: Reloading web application '/struts_5'
Feb 19, 2013 7:16:49 PM org.apache.catalina.core.ApplicationContext log
INFO: Manager: list: Listing contexts for virtual host 'localhost'
Feb 19, 2013 7:16:49 PM org.apache.catalina.core.ApplicationContext log
INFO: Manager: restart: Reloading web application '/struts_5'
Feb 19, 2013 7:20:36 PM org.apache.catalina.core.ApplicationContext log
INFO: Manager: list: Listing contexts for virtual host 'localhost'
Feb 19, 2013 7:20:36 PM org.apache.catalina.core.ApplicationContext log
INFO: Manager: restart: Reloading web application '/struts_5'
Feb 19, 2013 7:22:51 PM org.apache.catalina.core.ApplicationContext log
INFO: Manager: list: Listing contexts for virtual host 'localhost'
Feb 19, 2013 7:22:51 PM org.apache.catalina.core.ApplicationContext log
INFO: Manager: restart: Reloading web application '/struts_5'
Feb 19, 2013 7:23:31 PM org.apache.catalina.core.ApplicationContext log
INFO: Manager: list: Listing contexts for virtual host 'localhost'
Feb 19, 2013 7:23:31 PM org.apache.catalina.core.ApplicationContext log
INFO: Manager: restart: Reloading web application '/struts_5'
Feb 19, 2013 7:25:03 PM org.apache.catalina.core.ApplicationContext log
INFO: Manager: list: Listing contexts for virtual host 'localhost'
Feb 19, 2013 7:27:08 PM org.apache.catalina.core.ApplicationContext log
INFO: Manager: list: Listing contexts for virtual host 'localhost'
Feb 19, 2013 7:27:08 PM org.apache.catalina.core.ApplicationContext log
INFO: Manager: restart: Reloading web application '/struts_5'
Feb 19, 2013 7:27:40 PM org.apache.catalina.core.ApplicationContext log
INFO: Manager: list: Listing contexts for virtual host 'localhost'
Feb 19, 2013 7:27:40 PM org.apache.catalina.core.ApplicationContext log
INFO: Manager: restart: Reloading web application '/struts_5'
Feb 19, 2013 7:28:44 PM org.apache.catalina.core.ApplicationContext log
INFO: Manager: list: Listing contexts for virtual host 'localhost'
Feb 19, 2013 7:29:29 PM org.apache.catalina.core.ApplicationContext log
INFO: Manager: list: Listing contexts for virtual host 'localhost'
Feb 19, 2013 7:29:29 PM org.apache.catalina.core.ApplicationContext log
INFO: Manager: restart: Reloading web application '/struts_5'
Feb 19, 2013 7:29:32 PM org.apache.catalina.core.ApplicationContext log
INFO: Manager: list: Listing contexts for virtual host 'localhost'
Feb 19, 2013 7:29:32 PM org.apache.catalina.core.ApplicationContext log
INFO: Manager: restart: Reloading web application '/struts_5'
Feb 19, 2013 7:30:06 PM org.apache.catalina.core.ApplicationContext log
INFO: Manager: list: Listing contexts for virtual host 'localhost'
Feb 19, 2013 7:30:06 PM org.apache.catalina.core.ApplicationContext log
INFO: Manager: restart: Reloading web application '/struts_5'
Feb 19, 2013 7:30:37 PM org.apache.catalina.core.ApplicationContext log
INFO: Manager: list: Listing contexts for virtual host 'localhost'
Feb 19, 2013 7:30:37 PM org.apache.catalina.core.ApplicationContext log
INFO: Manager: restart: Reloading web application '/struts_5'
Feb 19, 2013 7:30:53 PM org.apache.catalina.core.ApplicationContext log
INFO: Manager: list: Listing contexts for virtual host 'localhost'
Feb 19, 2013 7:30:53 PM org.apache.catalina.core.ApplicationContext log
INFO: Manager: restart: Reloading web application '/struts_5'
