Nov 30, 2012 5:30:39 PM org.apache.catalina.core.ApplicationContext log
INFO: Manager: init: Associated with Deployer 'Catalina:type=Deployer,host=localhost'
Nov 30, 2012 5:30:39 PM org.apache.catalina.core.ApplicationContext log
INFO: Manager: init: Global resources are available
Nov 30, 2012 5:30:39 PM org.apache.catalina.core.ApplicationContext log
INFO: Manager: list: Listing contexts for virtual host 'localhost'
Nov 30, 2012 5:30:39 PM org.apache.catalina.core.ApplicationContext log
INFO: Manager: list: Listing contexts for virtual host 'localhost'
Nov 30, 2012 5:30:39 PM org.apache.catalina.core.ApplicationContext log
INFO: Manager: restart: Reloading web application '/jsp_2'
Nov 30, 2012 5:52:57 PM org.apache.catalina.core.ApplicationContext log
INFO: Manager: list: Listing contexts for virtual host 'localhost'
Nov 30, 2012 5:55:49 PM org.apache.catalina.core.ApplicationContext log
INFO: Manager: list: Listing contexts for virtual host 'localhost'
Nov 30, 2012 5:58:17 PM org.apache.catalina.core.ApplicationContext log
INFO: Manager: list: Listing contexts for virtual host 'localhost'
Nov 30, 2012 5:58:34 PM org.apache.catalina.core.ApplicationContext log
INFO: Manager: list: Listing contexts for virtual host 'localhost'
Nov 30, 2012 5:58:53 PM org.apache.catalina.core.ApplicationContext log
INFO: Manager: list: Listing contexts for virtual host 'localhost'
Nov 30, 2012 6:03:44 PM org.apache.catalina.core.ApplicationContext log
INFO: Manager: list: Listing contexts for virtual host 'localhost'
Nov 30, 2012 6:03:44 PM org.apache.catalina.core.ApplicationContext log
INFO: Manager: stop: Stopping web application '/jsp_2'
Nov 30, 2012 6:03:44 PM org.apache.catalina.core.ApplicationContext log
INFO: Manager: start: Starting web application '/jsp_2'
Nov 30, 2012 6:03:44 PM org.apache.catalina.core.ApplicationContext log
INFO: Manager: list: Listing contexts for virtual host 'localhost'
Nov 30, 2012 6:03:44 PM org.apache.catalina.core.ApplicationContext log
INFO: Manager: restart: Reloading web application '/jsp_2'
Nov 30, 2012 6:04:31 PM org.apache.catalina.core.ApplicationContext log
INFO: Manager: list: Listing contexts for virtual host 'localhost'
Nov 30, 2012 6:04:31 PM org.apache.catalina.core.ApplicationContext log
INFO: Manager: restart: Reloading web application '/jsp_2'
Nov 30, 2012 6:04:32 PM org.apache.catalina.core.ApplicationContext log
INFO: Manager: list: Listing contexts for virtual host 'localhost'
Nov 30, 2012 6:04:32 PM org.apache.catalina.core.ApplicationContext log
INFO: Manager: restart: Reloading web application '/jsp_2'
Nov 30, 2012 6:23:58 PM org.apache.catalina.core.ApplicationContext log
INFO: Manager: list: Listing contexts for virtual host 'localhost'
Nov 30, 2012 6:23:58 PM org.apache.catalina.core.ApplicationContext log
INFO: Manager: restart: Reloading web application '/jsp_2'
Nov 30, 2012 6:25:19 PM org.apache.catalina.core.ApplicationContext log
INFO: Manager: list: Listing contexts for virtual host 'localhost'
Nov 30, 2012 6:25:19 PM org.apache.catalina.core.ApplicationContext log
INFO: Manager: restart: Reloading web application '/jsp_2'
Nov 30, 2012 6:26:00 PM org.apache.catalina.core.ApplicationContext log
INFO: Manager: init: Associated with Deployer 'Catalina:type=Deployer,host=localhost'
Nov 30, 2012 6:26:00 PM org.apache.catalina.core.ApplicationContext log
INFO: Manager: init: Global resources are available
Nov 30, 2012 6:26:00 PM org.apache.catalina.core.ApplicationContext log
INFO: Manager: list: Listing contexts for virtual host 'localhost'
Nov 30, 2012 6:26:00 PM org.apache.catalina.core.ApplicationContext log
INFO: Manager: list: Listing contexts for virtual host 'localhost'
Nov 30, 2012 6:26:00 PM org.apache.catalina.core.ApplicationContext log
INFO: Manager: undeploy: Undeploying web application at '/jsp_2'
Nov 30, 2012 6:26:01 PM org.apache.catalina.core.ApplicationContext log
INFO: Manager: install: Installing context configuration at 'file:/C:/Users/TAVAN_~1/AppData/Local/Temp/context7202899320788331849.xml'
Nov 30, 2012 6:26:01 PM org.apache.catalina.core.ApplicationContext log
INFO: Manager: start: Starting web application '/jsp_2'
Nov 30, 2012 6:39:45 PM org.apache.catalina.core.ApplicationContext log
INFO: Manager: list: Listing contexts for virtual host 'localhost'
Nov 30, 2012 6:39:45 PM org.apache.catalina.core.ApplicationContext log
INFO: Manager: list: Listing contexts for virtual host 'localhost'
Nov 30, 2012 6:39:45 PM org.apache.catalina.core.ApplicationContext log
INFO: Manager: restart: Reloading web application '/jsp_2'
Nov 30, 2012 6:41:14 PM org.apache.catalina.core.ApplicationContext log
INFO: Manager: list: Listing contexts for virtual host 'localhost'
Nov 30, 2012 6:41:14 PM org.apache.catalina.core.ApplicationContext log
INFO: Manager: list: Listing contexts for virtual host 'localhost'
Nov 30, 2012 6:42:25 PM org.apache.catalina.core.ApplicationContext log
INFO: Manager: init: Associated with Deployer 'Catalina:type=Deployer,host=localhost'
Nov 30, 2012 6:42:25 PM org.apache.catalina.core.ApplicationContext log
INFO: Manager: init: Global resources are available
Nov 30, 2012 6:42:25 PM org.apache.catalina.core.ApplicationContext log
INFO: Manager: list: Listing contexts for virtual host 'localhost'
Nov 30, 2012 6:42:25 PM org.apache.catalina.core.ApplicationContext log
INFO: Manager: list: Listing contexts for virtual host 'localhost'
Nov 30, 2012 6:43:31 PM org.apache.catalina.core.ApplicationContext log
INFO: Manager: list: Listing contexts for virtual host 'localhost'
Nov 30, 2012 6:43:31 PM org.apache.catalina.core.ApplicationContext log
INFO: Manager: list: Listing contexts for virtual host 'localhost'
Nov 30, 2012 6:43:31 PM org.apache.catalina.core.ApplicationContext log
INFO: Manager: undeploy: Undeploying web application at '/jsp_2'
Nov 30, 2012 6:43:32 PM org.apache.catalina.core.ApplicationContext log
INFO: Manager: install: Installing context configuration at 'file:/C:/Users/TAVAN_~1/AppData/Local/Temp/context8719871184105481390.xml'
Nov 30, 2012 6:43:33 PM org.apache.catalina.core.ApplicationContext log
INFO: Manager: start: Starting web application '/jsp_2'
Nov 30, 2012 6:43:50 PM org.apache.catalina.core.ApplicationContext log
INFO: Manager: init: Associated with Deployer 'Catalina:type=Deployer,host=localhost'
Nov 30, 2012 6:43:50 PM org.apache.catalina.core.ApplicationContext log
INFO: Manager: init: Global resources are available
Nov 30, 2012 6:43:50 PM org.apache.catalina.core.ApplicationContext log
INFO: Manager: list: Listing contexts for virtual host 'localhost'
Nov 30, 2012 6:43:50 PM org.apache.catalina.core.ApplicationContext log
INFO: Manager: list: Listing contexts for virtual host 'localhost'
Nov 30, 2012 6:43:50 PM org.apache.catalina.core.ApplicationContext log
INFO: Manager: restart: Reloading web application '/jsp_2'
Nov 30, 2012 6:45:40 PM org.apache.catalina.core.ApplicationContext log
INFO: Manager: init: Associated with Deployer 'Catalina:type=Deployer,host=localhost'
Nov 30, 2012 6:45:40 PM org.apache.catalina.core.ApplicationContext log
INFO: Manager: init: Global resources are available
Nov 30, 2012 6:45:40 PM org.apache.catalina.core.ApplicationContext log
INFO: Manager: list: Listing contexts for virtual host 'localhost'
Nov 30, 2012 6:45:40 PM org.apache.catalina.core.ApplicationContext log
INFO: Manager: list: Listing contexts for virtual host 'localhost'
Nov 30, 2012 6:46:16 PM org.apache.catalina.core.ApplicationContext log
INFO: Manager: list: Listing contexts for virtual host 'localhost'
Nov 30, 2012 6:46:16 PM org.apache.catalina.core.ApplicationContext log
INFO: Manager: restart: Reloading web application '/jsp_2'
Nov 30, 2012 6:46:28 PM org.apache.catalina.core.ApplicationContext log
INFO: Manager: list: Listing contexts for virtual host 'localhost'
Nov 30, 2012 6:46:28 PM org.apache.catalina.core.ApplicationContext log
INFO: Manager: list: Listing contexts for virtual host 'localhost'
Nov 30, 2012 6:46:28 PM org.apache.catalina.core.ApplicationContext log
INFO: Manager: restart: Reloading web application '/jsp_2'
Nov 30, 2012 6:47:23 PM org.apache.catalina.core.ApplicationContext log
INFO: Manager: list: Listing contexts for virtual host 'localhost'
Nov 30, 2012 6:47:23 PM org.apache.catalina.core.ApplicationContext log
INFO: Manager: restart: Reloading web application '/jsp_2'
Nov 30, 2012 6:47:36 PM org.apache.catalina.core.ApplicationContext log
INFO: Manager: list: Listing contexts for virtual host 'localhost'
Nov 30, 2012 6:47:36 PM org.apache.catalina.core.ApplicationContext log
INFO: Manager: list: Listing contexts for virtual host 'localhost'
Nov 30, 2012 6:47:36 PM org.apache.catalina.core.ApplicationContext log
INFO: Manager: restart: Reloading web application '/jsp_2'
Nov 30, 2012 6:48:42 PM org.apache.catalina.core.ApplicationContext log
INFO: Manager: list: Listing contexts for virtual host 'localhost'
Nov 30, 2012 6:48:42 PM org.apache.catalina.core.ApplicationContext log
INFO: Manager: restart: Reloading web application '/jsp_2'
Nov 30, 2012 6:49:12 PM org.apache.catalina.core.ApplicationContext log
INFO: Manager: list: Listing contexts for virtual host 'localhost'
Nov 30, 2012 6:49:12 PM org.apache.catalina.core.ApplicationContext log
INFO: Manager: list: Listing contexts for virtual host 'localhost'
Nov 30, 2012 6:49:12 PM org.apache.catalina.core.ApplicationContext log
INFO: Manager: undeploy: Undeploying web application at '/jsp_2'
Nov 30, 2012 6:49:13 PM org.apache.catalina.core.ApplicationContext log
INFO: Manager: install: Installing context configuration at 'file:/C:/Users/TAVAN_~1/AppData/Local/Temp/context23486354059674374.xml'
Nov 30, 2012 6:49:13 PM org.apache.catalina.core.ApplicationContext log
INFO: Manager: start: Starting web application '/jsp_2'
Nov 30, 2012 6:49:26 PM org.apache.catalina.core.ApplicationContext log
INFO: Manager: list: Listing contexts for virtual host 'localhost'
Nov 30, 2012 6:49:26 PM org.apache.catalina.core.ApplicationContext log
INFO: Manager: list: Listing contexts for virtual host 'localhost'
Nov 30, 2012 6:49:26 PM org.apache.catalina.core.ApplicationContext log
INFO: Manager: undeploy: Undeploying web application at '/jsp_2'
Nov 30, 2012 6:49:27 PM org.apache.catalina.core.ApplicationContext log
INFO: Manager: install: Installing context configuration at 'file:/C:/Users/TAVAN_~1/AppData/Local/Temp/context6547527214184918942.xml'
Nov 30, 2012 6:49:27 PM org.apache.catalina.core.ApplicationContext log
INFO: Manager: start: Starting web application '/jsp_2'
Nov 30, 2012 6:50:42 PM org.apache.catalina.core.ApplicationContext log
INFO: Manager: list: Listing contexts for virtual host 'localhost'
Nov 30, 2012 6:50:42 PM org.apache.catalina.core.ApplicationContext log
INFO: Manager: list: Listing contexts for virtual host 'localhost'
Nov 30, 2012 6:50:42 PM org.apache.catalina.core.ApplicationContext log
INFO: Manager: undeploy: Undeploying web application at '/jsp_2'
Nov 30, 2012 6:50:43 PM org.apache.catalina.core.ApplicationContext log
INFO: Manager: install: Installing context configuration at 'file:/C:/Users/TAVAN_~1/AppData/Local/Temp/context9153192660188478718.xml'
Nov 30, 2012 6:50:43 PM org.apache.catalina.core.ApplicationContext log
INFO: Manager: start: Starting web application '/jsp_2'
Nov 30, 2012 6:53:41 PM org.apache.catalina.core.ApplicationContext log
INFO: Manager: list: Listing contexts for virtual host 'localhost'
Nov 30, 2012 6:53:41 PM org.apache.catalina.core.ApplicationContext log
INFO: Manager: restart: Reloading web application '/jsp_2'
Nov 30, 2012 6:53:48 PM org.apache.catalina.core.ApplicationContext log
INFO: Manager: list: Listing contexts for virtual host 'localhost'
Nov 30, 2012 6:53:48 PM org.apache.catalina.core.ApplicationContext log
INFO: Manager: list: Listing contexts for virtual host 'localhost'
Nov 30, 2012 6:53:48 PM org.apache.catalina.core.ApplicationContext log
INFO: Manager: restart: Reloading web application '/jsp_2'
Nov 30, 2012 6:54:56 PM org.apache.catalina.core.ApplicationContext log
INFO: Manager: list: Listing contexts for virtual host 'localhost'
Nov 30, 2012 6:54:56 PM org.apache.catalina.core.ApplicationContext log
INFO: Manager: restart: Reloading web application '/jsp_2'
Nov 30, 2012 6:55:54 PM org.apache.catalina.core.ApplicationContext log
INFO: Manager: list: Listing contexts for virtual host 'localhost'
Nov 30, 2012 6:55:54 PM org.apache.catalina.core.ApplicationContext log
INFO: Manager: restart: Reloading web application '/jsp_2'
Nov 30, 2012 6:55:57 PM org.apache.catalina.core.ApplicationContext log
INFO: Manager: list: Listing contexts for virtual host 'localhost'
Nov 30, 2012 6:55:57 PM org.apache.catalina.core.ApplicationContext log
INFO: Manager: list: Listing contexts for virtual host 'localhost'
Nov 30, 2012 6:55:57 PM org.apache.catalina.core.ApplicationContext log
INFO: Manager: restart: Reloading web application '/jsp_2'
Nov 30, 2012 6:57:08 PM org.apache.catalina.core.ApplicationContext log
INFO: Manager: list: Listing contexts for virtual host 'localhost'
Nov 30, 2012 6:57:08 PM org.apache.catalina.core.ApplicationContext log
INFO: Manager: list: Listing contexts for virtual host 'localhost'
Nov 30, 2012 6:57:08 PM org.apache.catalina.core.ApplicationContext log
INFO: Manager: restart: Reloading web application '/jsp_2'
Nov 30, 2012 6:58:06 PM org.apache.catalina.core.ApplicationContext log
INFO: Manager: list: Listing contexts for virtual host 'localhost'
Nov 30, 2012 6:58:06 PM org.apache.catalina.core.ApplicationContext log
INFO: Manager: restart: Reloading web application '/jsp_2'
Nov 30, 2012 7:01:12 PM org.apache.catalina.core.ApplicationContext log
INFO: Manager: list: Listing contexts for virtual host 'localhost'
Nov 30, 2012 7:01:12 PM org.apache.catalina.core.ApplicationContext log
INFO: Manager: list: Listing contexts for virtual host 'localhost'
Nov 30, 2012 7:01:12 PM org.apache.catalina.core.ApplicationContext log
INFO: Manager: undeploy: Undeploying web application at '/jsp_2'
Nov 30, 2012 7:01:13 PM org.apache.catalina.core.ApplicationContext log
INFO: Manager: install: Installing context configuration at 'file:/C:/Users/TAVAN_~1/AppData/Local/Temp/context7016382093458515739.xml'
Nov 30, 2012 7:01:13 PM org.apache.catalina.core.ApplicationContext log
INFO: Manager: start: Starting web application '/jsp_2'
Nov 30, 2012 7:02:03 PM org.apache.catalina.core.ApplicationContext log
INFO: Manager: list: Listing contexts for virtual host 'localhost'
Nov 30, 2012 7:02:03 PM org.apache.catalina.core.ApplicationContext log
INFO: Manager: list: Listing contexts for virtual host 'localhost'
Nov 30, 2012 7:02:03 PM org.apache.catalina.core.ApplicationContext log
INFO: Manager: undeploy: Undeploying web application at '/jsp_2'
Nov 30, 2012 7:02:04 PM org.apache.catalina.core.ApplicationContext log
INFO: Manager: install: Installing context configuration at 'file:/C:/Users/TAVAN_~1/AppData/Local/Temp/context4820549741695076443.xml'
Nov 30, 2012 7:02:04 PM org.apache.catalina.core.ApplicationContext log
INFO: Manager: start: Starting web application '/jsp_2'
Nov 30, 2012 7:03:08 PM org.apache.catalina.core.ApplicationContext log
INFO: Manager: list: Listing contexts for virtual host 'localhost'
Nov 30, 2012 7:03:08 PM org.apache.catalina.core.ApplicationContext log
INFO: Manager: restart: Reloading web application '/jsp_2'
Nov 30, 2012 7:03:10 PM org.apache.catalina.core.ApplicationContext log
INFO: Manager: list: Listing contexts for virtual host 'localhost'
Nov 30, 2012 7:03:10 PM org.apache.catalina.core.ApplicationContext log
INFO: Manager: list: Listing contexts for virtual host 'localhost'
Nov 30, 2012 7:03:10 PM org.apache.catalina.core.ApplicationContext log
INFO: Manager: undeploy: Undeploying web application at '/jsp_2'
Nov 30, 2012 7:03:11 PM org.apache.catalina.core.ApplicationContext log
INFO: Manager: install: Installing context configuration at 'file:/C:/Users/TAVAN_~1/AppData/Local/Temp/context3972927136135637078.xml'
Nov 30, 2012 7:03:11 PM org.apache.catalina.core.ApplicationContext log
INFO: Manager: start: Starting web application '/jsp_2'
Nov 30, 2012 11:07:51 PM org.apache.catalina.core.ApplicationContext log
INFO: Manager: init: Associated with Deployer 'Catalina:type=Deployer,host=localhost'
Nov 30, 2012 11:07:51 PM org.apache.catalina.core.ApplicationContext log
INFO: Manager: init: Global resources are available
Nov 30, 2012 11:07:51 PM org.apache.catalina.core.ApplicationContext log
INFO: Manager: list: Listing contexts for virtual host 'localhost'
Nov 30, 2012 11:07:51 PM org.apache.catalina.core.ApplicationContext log
INFO: Manager: list: Listing contexts for virtual host 'localhost'
